[COT 2021-06-25 23:05:16] 76561198079984427: Set rain to 0 0 0
[COT 2021-06-25 23:05:16] 76561198079984427: Set storm to 0 0.8 4000
[COT 2021-06-25 23:05:16] 76561198079984427: Set fog to 0 0 0
[COT 2021-06-25 23:05:16] 76561198079984427: Set overcast to 0 0 0
[COT 2021-06-25 23:05:16] 76561198079984427: Set the date to 2021/10/12 20:27
[COT 2021-06-25 23:05:16] 76561198079984427: Set wind to 0.01 0.01 1
[COT 2021-06-25 23:05:23] 76561198079984427: Set rain to 0 0 0
[COT 2021-06-25 23:05:23] 76561198079984427: Set storm to 0 0.8 4000
[COT 2021-06-25 23:05:23] 76561198079984427: Set fog to 0 0 0
[COT 2021-06-25 23:05:23] 76561198079984427: Set overcast to 0 0 0
[COT 2021-06-25 23:05:23] 76561198079984427: Set the date to 2021/10/12 5:30
[COT 2021-06-25 23:05:23] 76561198079984427: Set wind to 0.01 0.01 1
[COT 2021-06-25 23:05:36] 76561198079984427: Item set Gate Metal spawned on <12060.031250, 140.000015, 12600.735352>
[COT 2021-06-25 23:09:56] 76561198079984427: ESP: ESP updating
[COT 2021-06-25 23:11:23] 76561198079984427: Set rain to 0 0 0
[COT 2021-06-25 23:11:23] 76561198079984427: Set storm to 0 0.8 4000
[COT 2021-06-25 23:11:23] 76561198079984427: Set fog to 0.0242432 0 0
[COT 2021-06-25 23:11:23] 76561198079984427: Set overcast to 0.0895474 0 0
[COT 2021-06-25 23:11:23] 76561198079984427: Set the date to 2021/10/12 7:11
[COT 2021-06-25 23:11:23] 76561198079984427: Set wind to 0.05 0.05 1
[COT 2021-06-25 23:11:28] 76561198079984427: Set rain to 0 0 0
[COT 2021-06-25 23:11:28] 76561198079984427: Set storm to 0 0.8 4000
[COT 2021-06-25 23:11:28] 76561198079984427: Set fog to 0.0242432 0 0
[COT 2021-06-25 23:11:28] 76561198079984427: Set overcast to 0.01 0 0
[COT 2021-06-25 23:11:28] 76561198079984427: Set the date to 2021/10/12 7:11
[COT 2021-06-25 23:11:28] 76561198079984427: Set wind to 0.05 0.05 1
[COT 2021-06-25 23:11:33] 76561198079984427: Set rain to 0 0 0
[COT 2021-06-25 23:11:33] 76561198079984427: Set storm to 0 0.8 4000
[COT 2021-06-25 23:11:33] 76561198079984427: Set fog to 0.0242432 0 0
[COT 2021-06-25 23:11:33] 76561198079984427: Set overcast to 0.01 0 0
[COT 2021-06-25 23:11:33] 76561198079984427: Set the date to 2021/10/12 7:11
[COT 2021-06-25 23:11:33] 76561198079984427: Set wind to 0.05 0.05 1
[COT 2021-06-25 23:11:33] 76561198079984427: Set rain to 0 0 0
[COT 2021-06-25 23:11:33] 76561198079984427: Set storm to 0 0.8 4000
[COT 2021-06-25 23:11:33] 76561198079984427: Set fog to 0.0242432 0 0
[COT 2021-06-25 23:11:33] 76561198079984427: Set overcast to 0.01 0 0
[COT 2021-06-25 23:11:33] 76561198079984427: Set the date to 2021/10/12 7:11
[COT 2021-06-25 23:11:33] 76561198079984427: Set wind to 0.05 0.05 1
[COT 2021-06-25 23:11:41] 76561198079984427: Spawned vehicle Ada 4x4 (OffroadHatchback) at <12053.261719, 140.000046, 12601.667969>
[COT 2021-06-25 23:14:15] 76561198079984427: Set GodMode To true [guid=o5HWVdrZGjRLVWCRLeFPjlS7Bd5U2Iln-bmmqP_I_-I=]
[COT 2021-06-25 23:25:22] 76561198079984427: Teleported to <12318.858398, 140.012497, 12658.899414> [guid=o5HWVdrZGjRLVWCRLeFPjlS7Bd5U2Iln-bmmqP_I_-I=]
[COT 2021-06-25 23:25:26] 76561198079984427: Teleported [guid=o5HWVdrZGjRLVWCRLeFPjlS7Bd5U2Iln-bmmqP_I_-I=] to <12318.900391, 140.011993, 12658.900391>
