[COT 2021-06-26 22:51:32] 76561198079984427: Deleted Entity Msp_Static_Barrel_Donation_Ammo:045441 at <11878.254883, 140.085999, 12437.717773>
[COT 2021-06-26 22:51:37] 76561198079984427: Deleted Entity Msp_Static_Barrel_Donation_Medical:046483 at <11878.254883, 140.085999, 12437.717773>
[COT 2021-06-26 22:52:07] 76561198079984427: Deleted Entity Msp_Static_Barrel_Donation_Ammo:047251 at <11881.001953, 140.085999, 12437.871094>
[COT 2021-06-26 22:52:14] 76561198079984427: Deleted Entity Msp_Static_Barrel_Donation_Ammo:044332 at <11880.403320, 140.085999, 12436.550781>
[COT 2021-06-26 22:59:51] 76561198079984427: Spawned Entity Large Tent (Trash) (ZT_LargeTent_Trash<e65bf660>, -1, 2000) at <11889.579102, 139.999969, 12463.234375>
[COT 2021-06-26 22:59:56] 76561198079984427: Spawned Entity Large Tent (Ammunition) (ZT_LargeTent_Ammunition<e65c0600>, -1, 2000) at <11889.063477, 140.345169, 12462.718750>
[COT 2021-06-26 22:59:57] 76561198079984427: Spawned Entity Large Tent (Sell) (ZT_LargeTent_Sell<e65bfe30>, -1, 2000) at <11888.957031, 140.413727, 12462.616211>
[COT 2021-06-26 23:00:10] 76561198079984427: Spawned Entity Large Tent (Tools) (ZT_LargeTent_Tools<e65c1d70>, -1, 2000) at <11888.658203, 140.614349, 12462.319336>
[COT 2021-06-26 23:00:13] 76561198079984427: Spawned Entity Large Tent (Weapons) (ZT_LargeTent_Weapons<e65c15a0>, -1, 2000) at <11888.464844, 140.734848, 12462.146484>
[COT 2021-06-26 23:00:17] 76561198079984427: Spawned Entity Large Tent (Medical Supplies) (ZT_LargeTent_MedicalSupplies<e65a96d0>, -1, 2000) at <11888.196289, 140.920822, 12461.866211>
[COT 2021-06-26 23:00:48] 76561198079984427: Spawned Entity Car Tent (Attachments) (ZT_CarTent_Attachments<12d6f350>, -1, 1700) at <11888.464844, 140.747940, 12462.146484>
[COT 2021-06-26 23:06:51] 76561198079984427: Spawned Entity Red Moskva Fridge Kit (Msp_Kit<eedbf870>, -1, 100) at <11912.143555, 140.000061, 12477.385742>
[COT 2021-06-26 23:06:58] 76561198079984427: Deleted Entity Msp_MoskvaFridge_Red:045417 at <11912.809570, 140.000000, 12479.835938>
[COT 2021-06-27 00:14:32] 76561198079984427: Spawned Entity Vending Machine (Clothing) (Building<f0324010>, -1, 0) at <11901.842773, 140.000015, 12463.727539>
[COT 2021-06-27 00:14:49] 76561198079984427: Deleted Entity ZT_Vending_Clothing:035978 at <11901.842773, 140.000015, 12463.727539>
[COT 2021-06-27 00:22:02] 76561198079984427: Spawned Entity Large Tent (DPM) (ZT_LargeTent_Camo_DPM<12273630>, -1, 2000) at <11895.817383, 140.000000, 12477.451172>
[COT 2021-06-27 00:23:20] 76561198079984427: Spawned Entity Construction Light (FBF_Spotlight<d0de0030>, -1, 0) at <11899.598633, 140.020462, 12452.382813>
[COT 2021-06-27 00:23:39] 76561198079984427: Set rain to 0 0 0
[COT 2021-06-27 00:23:39] 76561198079984427: Set storm to 0 0.8 4000
[COT 2021-06-27 00:23:39] 76561198079984427: Set fog to 0.0473782 0 0
[COT 2021-06-27 00:23:39] 76561198079984427: Set overcast to 0.0823246 0 0
[COT 2021-06-27 00:23:39] 76561198079984427: Set the date to 2021/9/23 19:39
[COT 2021-06-27 00:23:39] 76561198079984427: Set wind to 12.4455 12.4455 1
[COT 2021-06-27 00:26:10] 76561198079984427: Spawned Entity Wooden Tower Part (ItemBase<e1d02200>, -1, 100) at <11887.984375, 140.000000, 12487.850586>
[COT 2021-06-27 00:26:31] 76561198079984427: Spawned Entity Full Wooden Watchtower Kit (WoodenTower_Kit<d61355f0>, -1, 400) at <11888.932617, 140.000015, 12485.758789>
[COT 2021-06-27 00:27:54] 76561198079984427: Spawned Entity Construction Light (FBF_Spotlight<d0dddce0>, -1, 0) at <11883.625977, 143.231537, 12492.040039>
[COT 2021-06-27 00:28:53] 76561198079984427: Spawned Entity Construction Light (FBF_Spotlight<d0de31a0>, -1, 0) at <11883.584961, 143.232529, 12491.438477>
