[COT 2021-07-02 23:44:27] 76561198079984427: Set rain to 0 0 0
[COT 2021-07-02 23:44:27] 76561198079984427: Set storm to 0 0.8 4000
[COT 2021-07-02 23:44:27] 76561198079984427: Set fog to 0 0 0
[COT 2021-07-02 23:44:27] 76561198079984427: Set overcast to 0.03 0 0
[COT 2021-07-02 23:44:27] 76561198079984427: Set the date to 2021/10/18 23:21
[COT 2021-07-02 23:44:27] 76561198079984427: Set wind to 0.02 0.02 1
[COT 2021-07-02 23:44:33] 76561198079984427: Set rain to 0 0 0
[COT 2021-07-02 23:44:33] 76561198079984427: Set storm to 0 0.8 4000
[COT 2021-07-02 23:44:33] 76561198079984427: Set fog to 0 0 0
[COT 2021-07-02 23:44:33] 76561198079984427: Set overcast to 0.03 0 0
[COT 2021-07-02 23:44:33] 76561198079984427: Set the date to 2021/10/18 4:33
[COT 2021-07-02 23:44:33] 76561198079984427: Set wind to 0.02 0.02 1
[COT 2021-07-02 23:44:39] 76561198079984427: Set rain to 0 0 0
[COT 2021-07-02 23:44:39] 76561198079984427: Set storm to 0 0.8 4000
[COT 2021-07-02 23:44:39] 76561198079984427: Set fog to 0 0 0
[COT 2021-07-02 23:44:39] 76561198079984427: Set overcast to 0.03 0 0
[COT 2021-07-02 23:44:39] 76561198079984427: Set the date to 2021/10/18 11:59
[COT 2021-07-02 23:44:39] 76561198079984427: Set wind to 0.02 0.02 1
[COT 2021-07-02 23:44:43] 76561198079984427: Set rain to 0 0 0
[COT 2021-07-02 23:44:43] 76561198079984427: Set storm to 0 0.8 4000
[COT 2021-07-02 23:44:43] 76561198079984427: Set fog to 0 0 0
[COT 2021-07-02 23:44:43] 76561198079984427: Set overcast to 0.03 0 0
[COT 2021-07-02 23:44:43] 76561198079984427: Set the date to 2021/10/18 3:35
[COT 2021-07-02 23:44:43] 76561198079984427: Set wind to 0.02 0.02 1
[COT 2021-07-02 23:44:46] 76561198079984427: Set rain to 0 0 0
[COT 2021-07-02 23:44:46] 76561198079984427: Set storm to 0 0.8 4000
[COT 2021-07-02 23:44:46] 76561198079984427: Set fog to 0 0 0
[COT 2021-07-02 23:44:46] 76561198079984427: Set overcast to 0.03 0 0
[COT 2021-07-02 23:44:46] 76561198079984427: Set the date to 2021/10/18 5:30
[COT 2021-07-02 23:44:46] 76561198079984427: Set wind to 0.02 0.02 1
[COT 2021-07-02 23:44:52] 76561198079984427: Set rain to 0 0 0
[COT 2021-07-02 23:44:52] 76561198079984427: Set storm to 0 0.8 4000
[COT 2021-07-02 23:44:52] 76561198079984427: Set fog to 0.32 0 0
[COT 2021-07-02 23:44:52] 76561198079984427: Set overcast to 0.03 0 0
[COT 2021-07-02 23:44:52] 76561198079984427: Set the date to 2021/10/18 5:30
[COT 2021-07-02 23:44:52] 76561198079984427: Set wind to 0.02 0.02 1
[COT 2021-07-02 23:45:00] 76561198079984427: Set rain to 0.98 0 0
[COT 2021-07-02 23:45:00] 76561198079984427: Set storm to 0.9604 0.8 4000
[COT 2021-07-02 23:45:00] 76561198079984427: Set fog to 0.98 0 0
[COT 2021-07-02 23:45:00] 76561198079984427: Set overcast to 0.98 0 0
[COT 2021-07-02 23:45:00] 76561198079984427: Set the date to 2021/10/18 5:30
[COT 2021-07-02 23:45:00] 76561198079984427: Set wind to 0.98 0.98 1
[COT 2021-07-02 23:45:06] 76561198079984427: Set rain to 0.07 0 0
[COT 2021-07-02 23:45:06] 76561198079984427: Set storm to 0.0049 0.8 4000
[COT 2021-07-02 23:45:06] 76561198079984427: Set fog to 0.07 0 0
[COT 2021-07-02 23:45:06] 76561198079984427: Set overcast to 0.07 0 0
[COT 2021-07-02 23:45:06] 76561198079984427: Set the date to 2021/10/18 5:30
[COT 2021-07-02 23:45:06] 76561198079984427: Set wind to 0.06 0.06 1
[COT 2021-07-02 23:45:11] 76561198079984427: Set rain to 0.01 0 0
[COT 2021-07-02 23:45:11] 76561198079984427: Set storm to 0.0001 0.8 4000
[COT 2021-07-02 23:45:11] 76561198079984427: Set fog to 0.01 0 0
[COT 2021-07-02 23:45:11] 76561198079984427: Set overcast to 0.02 0 0
[COT 2021-07-02 23:45:11] 76561198079984427: Set the date to 2021/10/18 5:30
[COT 2021-07-02 23:45:11] 76561198079984427: Set wind to 0.01 0.01 1
[COT 2021-07-02 23:45:15] 76561198079984427: Set rain to 0.01 0 0
[COT 2021-07-02 23:45:15] 76561198079984427: Set storm to 0.0001 0.8 4000
[COT 2021-07-02 23:45:15] 76561198079984427: Set fog to 0.01 0 0
[COT 2021-07-02 23:45:15] 76561198079984427: Set overcast to 0.01 0 0
[COT 2021-07-02 23:45:15] 76561198079984427: Set the date to 2021/10/18 5:30
[COT 2021-07-02 23:45:15] 76561198079984427: Set wind to 0.01 0.01 1
[COT 2021-07-02 23:45:18] 76561198079984427: Set rain to 0.01 0 0
[COT 2021-07-02 23:45:18] 76561198079984427: Set storm to 0.0001 0.8 4000
[COT 2021-07-02 23:45:18] 76561198079984427: Set fog to 0.01 0 0
[COT 2021-07-02 23:45:18] 76561198079984427: Set overcast to 0.01 0 0
[COT 2021-07-02 23:45:18] 76561198079984427: Set the date to 2021/10/18 7:11
[COT 2021-07-02 23:45:18] 76561198079984427: Set wind to 0.01 0.01 1
