[COT 2021-07-01 17:21:37] 76561198079984427: ESP: Viewing ESP
[COT 2021-07-01 17:21:40] 76561198079984427: ESP: Clearing ESP
[COT 2021-07-01 17:21:42] 76561198079984427: ESP: Viewing ESP
[COT 2021-07-01 17:22:17] 76561198079984427: ESP: Clearing ESP
[COT 2021-07-01 17:22:17] 76561198079984427: ESP: Viewing ESP
[COT 2021-07-01 17:22:29] 76561198079984427: ESP: Clearing ESP
[COT 2021-07-01 17:22:29] 76561198079984427: ESP: Viewing ESP
[COT 2021-07-01 17:22:31] 76561198079984427: ESP: Clearing ESP
[COT 2021-07-01 17:22:31] 76561198079984427: ESP: Viewing ESP
[COT 2021-07-01 17:34:37] 76561198079984427: ESP: Clearing ESP
[COT 2021-07-01 17:34:38] 76561198079984427: ESP: Viewing ESP
[COT 2021-07-01 17:38:01] 76561198079984427: ESP: Clearing ESP
[COT 2021-07-01 17:49:49] 76561198079984427: Spawned Entity Beret (MilitaryBeret_NZ<67f43a0>, -1, 35) at <5753.116699, 475.243500, 15154.280273>
[COT 2021-07-01 17:50:23] 76561198079984427: Spawned Entity Tactical Helmet (Tiger) (Mich2001Helmet<6803c40>, -1, 80) at <5752.672852, 475.203400, 15153.249023>
[COT 2021-07-01 17:51:10] 76561198079984427: Spawned Entity Tactical Belt (MilitaryBelt<68060d0>, -1, 100) at <5752.685059, 475.377747, 15153.338867>
[COT 2021-07-01 17:51:13] 76561198079984427: Spawned Entity Alice Bag (Tiger) (AliceBag_ColorBase<6806820>, -1, 130) at <5752.687988, 475.419769, 15153.359375>
[COT 2021-07-01 17:51:37] 76561198079984427: Spawned Entity Plate Carrier (Tiger) (PlateCarrierVest<68076c0>, -1, 300) at <5752.722168, 475.905426, 15153.609375>
[COT 2021-07-01 17:51:39] 76561198079984427: Spawned Entity Plate Carrier Holster (Tiger) (PlateCarrierHolster<680a9f0>, -1, 100) at <5752.731445, 476.042603, 15153.678711>
[COT 2021-07-01 17:52:16] 76561198079984427: Set rain to 0.01 0 0
[COT 2021-07-01 17:52:16] 76561198079984427: Set storm to 0.0001 0.8 4000
[COT 2021-07-01 17:52:16] 76561198079984427: Set fog to 0.01 0 0
[COT 2021-07-01 17:52:16] 76561198079984427: Set overcast to 0 0 0
[COT 2021-07-01 17:52:16] 76561198079984427: Set the date to 2021/9/28 16:18
[COT 2021-07-01 17:52:16] 76561198079984427: Set wind to 0.01 0.01 1
[COT 2021-07-01 17:54:44] 76561198079984427: Set GodMode To true [guid=o5HWVdrZGjRLVWCRLeFPjlS7Bd5U2Iln-bmmqP_I_-I=]
[COT 2021-07-01 17:54:44] 76561198079984427: Set UnlimitedAmmo To true [guid=o5HWVdrZGjRLVWCRLeFPjlS7Bd5U2Iln-bmmqP_I_-I=]
[COT 2021-07-01 17:55:27] 76561198079984427: Updated permissions [guid=o5HWVdrZGjRLVWCRLeFPjlS7Bd5U2Iln-bmmqP_I_-I=]
[COT 2021-07-01 23:45:25] 76561198079984427: Spawned Entity Double Armband (Armband_ColorBase<2c13cfc0>, -1, 100) at <11873.058594, 140.094803, 12436.548828>
[COT 2021-07-01 23:47:39] 76561198079984427: Spawned Entity Improvised Barrel Back-Rig (Clothing<6b0424e0>, -1, 100) at <11873.039063, 140.158066, 12436.526367>
[COT 2021-07-01 23:47:53] 76561198079984427: Spawned Entity Ushanka (Ushanka_ColorBase<6b0450c0>, -1, 50) at <11873.039063, 140.158066, 12436.526367>
[COT 2021-07-01 23:48:30] 76561198079984427: Spawned Entity Battle Belt (Clothing<6b0483f0>, -1, 100) at <11873.030273, 140.187408, 12436.515625>
[COT 2021-07-01 23:48:35] 76561198079984427: Spawned Entity Battle Belt (Clothing<6b04a130>, -1, 100) at <11872.998047, 140.287872, 12436.475586>
