[COT 2021-07-02 15:20:51] 76561198079984427: Set GodMode To true [guid=o5HWVdrZGjRLVWCRLeFPjlS7Bd5U2Iln-bmmqP_I_-I=]
[COT 2021-07-02 15:21:00] 76561198079984427: Healed [guid=o5HWVdrZGjRLVWCRLeFPjlS7Bd5U2Iln-bmmqP_I_-I=]
[COT 2021-07-02 15:21:01] 76561198079984427: Bleeding stopped [guid=o5HWVdrZGjRLVWCRLeFPjlS7Bd5U2Iln-bmmqP_I_-I=]
[COT 2021-07-02 15:21:04] 76561198079984427: Healed [guid=o5HWVdrZGjRLVWCRLeFPjlS7Bd5U2Iln-bmmqP_I_-I=]
[COT 2021-07-02 15:21:05] 76561198079984427: Bleeding stopped [guid=o5HWVdrZGjRLVWCRLeFPjlS7Bd5U2Iln-bmmqP_I_-I=]
[COT 2021-07-02 15:32:44] 76561198079984427: Set UnlimitedAmmo To true [guid=o5HWVdrZGjRLVWCRLeFPjlS7Bd5U2Iln-bmmqP_I_-I=]
[COT 2021-07-02 15:33:19] 76561198079984427: Set rain to 0.19 0 0
[COT 2021-07-02 15:33:19] 76561198079984427: Set storm to 0.0361 0.8 4000
[COT 2021-07-02 15:33:19] 76561198079984427: Set fog to 0.107001 0 0
[COT 2021-07-02 15:33:19] 76561198079984427: Set overcast to 0.21 0 0
[COT 2021-07-02 15:33:19] 76561198079984427: Set the date to 2021/10/13 9:51
[COT 2021-07-02 15:33:19] 76561198079984427: Set wind to 8.91511 8.91511 1
[COT 2021-07-02 15:33:25] 76561198079984427: Set rain to 0.06 0 0
[COT 2021-07-02 15:33:25] 76561198079984427: Set storm to 0.0036 0.8 4000
[COT 2021-07-02 15:33:25] 76561198079984427: Set fog to 0.107001 0 0
[COT 2021-07-02 15:33:25] 76561198079984427: Set overcast to 0.21 0 0
[COT 2021-07-02 15:33:25] 76561198079984427: Set the date to 2021/10/13 9:51
[COT 2021-07-02 15:33:25] 76561198079984427: Set wind to 0.01 0.01 1
[COT 2021-07-02 15:33:29] 76561198079984427: Set rain to 0.06 0 0
[COT 2021-07-02 15:33:29] 76561198079984427: Set storm to 0.0036 0.8 4000
[COT 2021-07-02 15:33:29] 76561198079984427: Set fog to 0.02 0 0
[COT 2021-07-02 15:33:29] 76561198079984427: Set overcast to 0.21 0 0
[COT 2021-07-02 15:33:29] 76561198079984427: Set the date to 2021/10/13 9:51
[COT 2021-07-02 15:33:29] 76561198079984427: Set wind to 0.01 0.01 1
[COT 2021-07-02 15:34:38] 76561198079984427: ESP: Viewing ESP
[COT 2021-07-02 15:40:23] 76561198079984427: ESP: Clearing ESP
[COT 2021-07-02 15:40:23] 76561198079984427: ESP: Viewing ESP
