08.06.2021 18:21:33 [Dayz-Dog] 'DayzDog.json' does not exist, creating default config
08.06.2021 18:28:53 [Dayz-Dog] 'DayzDog.json' found, loading existing config
08.06.2021 21:27:47 [Dayz-Dog] 'DayzDog.json' found, loading existing config
08.06.2021 22:24:32 [Dayz-Dog] Player Capwell spawn dog using dog house
08.06.2021 22:29:45 [Dayz-Dog] Player A_Hostile_Noob spawn dog using dog house
08.06.2021 22:32:31 [Dayz-Dog] Player A_Hostile_Noob have dog true getid 2996932 dog index 4
08.06.2021 22:32:50 [Dayz-Dog] Player Capwell have dog true getid 2997276 dog index 6
08.06.2021 22:33:12 [Dayz-Dog] Player Survivor spawn dog using dog house
08.06.2021 22:58:18 [Dayz-Dog] 'DayzDog.json' found, loading existing config
08.06.2021 22:59:40 [Dayz-Dog] Player Ragnar Odinsson have dog true getid 2994249 dog index 8
08.06.2021 23:23:38 [Dayz-Dog] Player Ragnar Odinsson have dog true getid 2994807 dog index 8
09.06.2021 09:56:45 [Dayz-Dog] 'DayzDog.json' found, loading existing config
09.06.2021 14:59:08 [Dayz-Dog] Player Ragnar Odinsson have dog true getid 2999257 dog index 8
09.06.2021 20:55:12 [Dayz-Dog] 'DayzDog.json' found, loading existing config
09.06.2021 23:08:45 [Dayz-Dog] Player Ragnar Odinsson have dog true getid 2997548 dog index 8
09.06.2021 23:25:54 [Dayz-Dog] Player Capwell have dog true getid 2998095 dog index 6
09.06.2021 23:44:18 [Dayz-Dog] 'DayzDog.json' found, loading existing config
09.06.2021 23:45:39 [Dayz-Dog] Player Capwell have dog true getid 2994681 dog index 6
09.06.2021 23:45:49 [Dayz-Dog] Player Ragnar Odinsson have dog true getid 2995283 dog index 8
09.06.2021 23:47:17 [Dayz-Dog] 'DayzDog.json' found, loading existing config
09.06.2021 23:48:43 [Dayz-Dog] Player Ragnar Odinsson have dog true getid 2994827 dog index 8
09.06.2021 23:50:06 [Dayz-Dog] Player Capwell have dog true getid 2995210 dog index 6
10.06.2021 00:11:26 [Dayz-Dog] 'DayzDog.json' found, loading existing config
10.06.2021 00:12:38 [Dayz-Dog] Player Capwell have dog true getid 2994622 dog index 6
10.06.2021 00:12:51 [Dayz-Dog] Player Ragnar Odinsson have dog true getid 2995313 dog index 8
10.06.2021 00:15:51 [Dayz-Dog] Player Capwell have dog true getid 2995915 dog index 6
10.06.2021 02:45:35 [Dayz-Dog] Player Ragnar Odinsson have dog true getid 3000776 dog index 8
10.06.2021 11:09:52 [Dayz-Dog] 'DayzDog.json' found, loading existing config
10.06.2021 15:48:47 [Dayz-Dog] Player Ragnar Odinsson have dog true getid 2997146 dog index 8
10.06.2021 15:50:27 [Dayz-Dog] Player Ragnar Odinsson have dog true getid 2997389 dog index 8
10.06.2021 16:08:57 [Dayz-Dog] Player Ragnar Odinsson have dog true getid 2998051 dog index 8
10.06.2021 22:08:21 [Dayz-Dog] 'DayzDog.json' found, loading existing config
10.06.2021 23:32:19 [Dayz-Dog] Player Ragnar Odinsson have dog true getid 2996197 dog index 8
11.06.2021 01:55:28 [Dayz-Dog] Player Capwell have dog true getid 3000820 dog index 6
11.06.2021 02:05:09 [Dayz-Dog] Player Capwell have dog true getid 3001075 dog index 6
11.06.2021 09:06:51 [Dayz-Dog] 'DayzDog.json' found, loading existing config
11.06.2021 12:17:19 [Dayz-Dog] 'DayzDog.json' found, loading existing config
11.06.2021 15:38:54 [Dayz-Dog] 'DayzDog.json' found, loading existing config
11.06.2021 15:41:27 [Dayz-Dog] Player Ragnar Odinsson have dog true getid 2995513 dog index 8
11.06.2021 15:42:22 [Dayz-Dog] Player Ragnar Odinsson have dog true getid 2995909 dog index 8
11.06.2021 23:30:27 [Dayz-Dog] Player Ragnar Odinsson have dog true getid 3000363 dog index 8
12.06.2021 00:30:04 [Dayz-Dog] Player Capwell have dog true getid 3002532 dog index 6
12.06.2021 02:32:12 [Dayz-Dog] 'DayzDog.json' found, loading existing config
12.06.2021 02:33:27 [Dayz-Dog] Player Ragnar Odinsson have dog true getid 2995519 dog index 8
12.06.2021 13:25:42 [Dayz-Dog] 'DayzDog.json' found, loading existing config
12.06.2021 13:32:26 [Dayz-Dog] 'DayzDog.json' found, loading existing config
12.06.2021 15:17:55 [Dayz-Dog] Player Ragnar Odinsson have dog true getid 2999318 dog index 8
12.06.2021 15:30:12 [Dayz-Dog] Player Ragnar Odinsson have dog true getid 2999990 dog index 8
12.06.2021 15:32:01 [Dayz-Dog] Player Ragnar Odinsson have dog true getid 3000295 dog index 8
12.06.2021 18:36:01 [Dayz-Dog] 'DayzDog.json' found, loading existing config
12.06.2021 18:42:05 [Dayz-Dog] 'DayzDog.json' found, loading existing config
12.06.2021 18:42:33 [Dayz-Dog] 'DayzDog.json' found, loading existing config
12.06.2021 20:40:14 [Dayz-Dog] 'DayzDog.json' found, loading existing config
12.06.2021 20:45:00 [Dayz-Dog] 'DayzDog.json' found, loading existing config
12.06.2021 20:46:19 [Dayz-Dog] Player Capwell have dog true getid 2995505 dog index 6
13.06.2021 02:31:17 [Dayz-Dog] Player Capwell have dog true getid 3002370 dog index 6
13.06.2021 14:51:57 [Dayz-Dog] 'DayzDog.json' found, loading existing config
13.06.2021 14:52:40 [Dayz-Dog] 'DayzDog.json' found, loading existing config
13.06.2021 14:53:44 [Dayz-Dog] 'DayzDog.json' found, loading existing config
13.06.2021 15:20:25 [Dayz-Dog] Player Capwell have dog true getid 2995926 dog index 6
13.06.2021 15:23:19 [Dayz-Dog] 'DayzDog.json' found, loading existing config
13.06.2021 15:33:22 [Dayz-Dog] Player Capwell have dog true getid 2996261 dog index 6
13.06.2021 15:44:25 [Dayz-Dog] 'DayzDog.json' found, loading existing config
13.06.2021 15:57:29 [Dayz-Dog] Player Capwell have dog true getid 3005441 dog index 6
13.06.2021 16:11:14 [Dayz-Dog] Player Capwell have dog true getid 3005978 dog index 6
13.06.2021 19:43:39 [Dayz-Dog] Player Capwell have dog true getid 3013868 dog index 6
14.06.2021 02:37:39 [Dayz-Dog] 'DayzDog.json' found, loading existing config
14.06.2021 13:30:48 [Dayz-Dog] 'DayzDog.json' found, loading existing config
14.06.2021 17:24:54 [Dayz-Dog] 'DayzDog.json' found, loading existing config
15.06.2021 04:18:07 [Dayz-Dog] 'DayzDog.json' found, loading existing config
15.06.2021 15:11:33 [Dayz-Dog] 'DayzDog.json' found, loading existing config
15.06.2021 22:42:12 [Dayz-Dog] 'DayzDog.json' found, loading existing config
15.06.2021 22:51:07 [Dayz-Dog] 'DayzDog.json' found, loading existing config
15.06.2021 22:53:38 [Dayz-Dog] 'DayzDog.json' found, loading existing config
16.06.2021 09:46:52 [Dayz-Dog] 'DayzDog.json' found, loading existing config
16.06.2021 18:13:25 [Dayz-Dog] 'DayzDog.json' found, loading existing config
16.06.2021 20:40:19 [Dayz-Dog] 'DayzDog.json' found, loading existing config
17.06.2021 05:06:55 [Dayz-Dog] 'DayzDog.json' found, loading existing config
17.06.2021 07:34:04 [Dayz-Dog] 'DayzDog.json' found, loading existing config
17.06.2021 16:00:24 [Dayz-Dog] 'DayzDog.json' found, loading existing config
17.06.2021 17:17:32 [Dayz-Dog] Player A_Hostile_Noob have dog true getid 3012924 dog index 4
17.06.2021 17:21:56 [Dayz-Dog] Player A_Hostile_Noob have dog true getid 3013225 dog index 4
17.06.2021 18:01:13 [Dayz-Dog] Player A_Hostile_Noob have dog true getid 3015128 dog index 4
17.06.2021 18:10:28 [Dayz-Dog] Player A_Hostile_Noob have dog true getid 3015691 dog index 4
17.06.2021 18:12:11 [Dayz-Dog] Player A_Hostile_Noob have dog true getid 3015892 dog index 4
17.06.2021 18:13:40 [Dayz-Dog] Player A_Hostile_Noob have dog true getid 3016100 dog index 4
17.06.2021 18:16:13 [Dayz-Dog] Player A_Hostile_Noob have dog true getid 3016314 dog index 4
17.06.2021 18:27:54 [Dayz-Dog] 'DayzDog.json' found, loading existing config
18.06.2021 05:22:19 [Dayz-Dog] 'DayzDog.json' found, loading existing config
18.06.2021 10:49:28 [Dayz-Dog] 'DayzDog.json' found, loading existing config
18.06.2021 13:55:12 [Dayz-Dog] 'DayzDog.json' found, loading existing config
18.06.2021 16:16:04 [Dayz-Dog] 'DayzDog.json' found, loading existing config
19.06.2021 00:45:49 [Dayz-Dog] 'DayzDog.json' found, loading existing config
19.06.2021 11:39:07 [Dayz-Dog] 'DayzDog.json' found, loading existing config
19.06.2021 14:58:02 [Dayz-Dog] 'DayzDog.json' found, loading existing config
19.06.2021 15:23:12 [Dayz-Dog] Player A_Hostile_Noob have dog true getid 3007353 dog index 4
19.06.2021 15:25:45 [Dayz-Dog] Player A_Hostile_Noob have dog true getid 3007609 dog index 4
19.06.2021 15:34:05 [Dayz-Dog] Player A_Hostile_Noob have dog true getid 3007982 dog index 4
20.06.2021 01:51:22 [Dayz-Dog] 'DayzDog.json' found, loading existing config
20.06.2021 12:44:41 [Dayz-Dog] 'DayzDog.json' found, loading existing config
20.06.2021 20:03:50 [Dayz-Dog] Player A_Hostile_Noob have dog true getid 3010859 dog index 4
20.06.2021 23:38:03 [Dayz-Dog] 'DayzDog.json' found, loading existing config
21.06.2021 02:11:32 [Dayz-Dog] Player Sgt.Mad spawn dog using dog house
21.06.2021 14:40:28 [Dayz-Dog] 'DayzDog.json' found, loading existing config
21.06.2021 14:44:35 [Dayz-Dog] Player Sgt.Mad have dog true getid 3007302 dog index 3
21.06.2021 16:43:48 [Dayz-Dog] Player Sgt.Mad have dog true getid 3012354 dog index 3
22.06.2021 01:33:51 [Dayz-Dog] 'DayzDog.json' found, loading existing config
22.06.2021 01:35:54 [Dayz-Dog] Player Sgt.Mad have dog true getid 3007405 dog index 3
22.06.2021 07:38:35 [Dayz-Dog] 'DayzDog.json' found, loading existing config
22.06.2021 18:31:49 [Dayz-Dog] 'DayzDog.json' found, loading existing config
22.06.2021 18:33:13 [Dayz-Dog] Player Sgt.Mad have dog true getid 3007537 dog index 3
22.06.2021 19:17:15 [Dayz-Dog] Player Sgt.Mad have dog true getid 3009515 dog index 3
22.06.2021 20:57:54 [Dayz-Dog] Player Sgt.Mad have dog true getid 3013103 dog index 3
22.06.2021 22:40:03 [Dayz-Dog] Player Sgt.Mad have dog true getid 3017057 dog index 3
22.06.2021 23:16:50 [Dayz-Dog] Player Sgt.Mad have dog true getid 3018808 dog index 3
23.06.2021 00:42:52 [Dayz-Dog] Player Sgt.Mad have dog true getid 3022850 dog index 3
23.06.2021 01:22:57 [Dayz-Dog] Player Sgt.Mad have dog true getid 3024450 dog index 3
23.06.2021 02:52:30 [Dayz-Dog] Player Sgt.Mad have dog true getid 3028253 dog index 3
23.06.2021 02:55:43 [Dayz-Dog] Player Sgt.Mad have dog true getid 3028740 dog index 3
23.06.2021 05:25:02 [Dayz-Dog] 'DayzDog.json' found, loading existing config
23.06.2021 13:17:04 [Dayz-Dog] Player Sgt.Mad have dog true getid 3009470 dog index 3
23.06.2021 14:15:02 [Dayz-Dog] 'DayzDog.json' found, loading existing config
23.06.2021 14:20:09 [Dayz-Dog] Player Sgt.Mad have dog true getid 3008943 dog index 3
23.06.2021 15:04:49 [Dayz-Dog] 'DayzDog.json' found, loading existing config
23.06.2021 15:06:18 [Dayz-Dog] Player Sgt.Mad have dog true getid 3008333 dog index 3
24.06.2021 00:49:36 [Dayz-Dog] Player Sgt.Mad have dog true getid 3018311 dog index 3
24.06.2021 01:58:05 [Dayz-Dog] 'DayzDog.json' found, loading existing config
24.06.2021 01:59:29 [Dayz-Dog] Player Sgt.Mad have dog true getid 3008810 dog index 3
24.06.2021 12:51:19 [Dayz-Dog] 'DayzDog.json' found, loading existing config
24.06.2021 13:46:43 [Dayz-Dog] Player Sgt.Mad have dog true getid 3009175 dog index 3
24.06.2021 18:20:57 [Dayz-Dog] Player Sgt.Mad have dog true getid 3019314 dog index 3
24.06.2021 22:50:29 [Dayz-Dog] 'DayzDog.json' found, loading existing config
25.06.2021 09:43:55 [Dayz-Dog] 'DayzDog.json' found, loading existing config
25.06.2021 15:37:30 [Dayz-Dog] 'DayzDog.json' found, loading existing config
25.06.2021 16:19:44 [Dayz-Dog] Player Sgt.Mad have dog true getid 3010626 dog index 3
25.06.2021 18:40:59 [Dayz-Dog] 'DayzDog.json' found, loading existing config
25.06.2021 18:42:47 [Dayz-Dog] Player Sgt.Mad have dog true getid 3008820 dog index 3
25.06.2021 21:00:34 [Dayz-Dog] 'DayzDog.json' found, loading existing config
25.06.2021 21:02:23 [Dayz-Dog] Player Sgt.Mad have dog true getid 3009005 dog index 3
25.06.2021 23:57:59 [Dayz-Dog] 'DayzDog.json' found, loading existing config
25.06.2021 23:59:47 [Dayz-Dog] Player Sgt.Mad have dog true getid 3009686 dog index 3
26.06.2021 00:03:01 [Dayz-Dog] 'DayzDog.json' found, loading existing config
26.06.2021 00:05:57 [Dayz-Dog] Player Sgt.Mad have dog true getid 3009711 dog index 3
26.06.2021 11:17:21 [Dayz-Dog] 'DayzDog.json' found, loading existing config
26.06.2021 18:21:20 [Dayz-Dog] Player Sgt.Mad have dog true getid 3010025 dog index 3
26.06.2021 18:38:33 [Dayz-Dog] Player Sgt.Mad have dog true getid 3011750 dog index 3
26.06.2021 21:12:49 [Dayz-Dog] 'DayzDog.json' found, loading existing config
27.06.2021 02:11:02 [Dayz-Dog] Player Sgt.Mad have dog true getid 3018798 dog index 3
27.06.2021 03:46:56 [Dayz-Dog] Player Sgt.Mad have dog true getid 3024745 dog index 3
27.06.2021 08:11:49 [Dayz-Dog] 'DayzDog.json' found, loading existing config
27.06.2021 11:57:29 [Dayz-Dog] Player Sgt.Mad have dog true getid 3012039 dog index 3
27.06.2021 19:10:49 [Dayz-Dog] 'DayzDog.json' found, loading existing config
27.06.2021 20:32:29 [Dayz-Dog] Player Sgt.Mad have dog true getid 3011886 dog index 3
28.06.2021 06:10:06 [Dayz-Dog] 'DayzDog.json' found, loading existing config
28.06.2021 13:40:32 [Dayz-Dog] Player Sgt.Mad have dog true getid 3012625 dog index 3
28.06.2021 17:09:07 [Dayz-Dog] 'DayzDog.json' found, loading existing config
28.06.2021 17:10:55 [Dayz-Dog] Player Sgt.Mad have dog true getid 3011752 dog index 3
28.06.2021 20:21:07 [Dayz-Dog] Player Sgt.Mad have dog true getid 3020806 dog index 3
28.06.2021 20:52:53 [Dayz-Dog] Player Sgt.Mad have dog true getid 3022901 dog index 3
28.06.2021 23:01:31 [Dayz-Dog] Player Sgt.Mad have dog true getid 3030756 dog index 3
29.06.2021 04:08:06 [Dayz-Dog] 'DayzDog.json' found, loading existing config
29.06.2021 14:49:57 [Dayz-Dog] Player Sgt.Mad have dog true getid 3017171 dog index 3
29.06.2021 15:16:13 [Dayz-Dog] 'DayzDog.json' found, loading existing config
29.06.2021 15:20:05 [Dayz-Dog] Player Sgt.Mad have dog true getid 3012199 dog index 3
29.06.2021 15:21:46 [Dayz-Dog] Player Sgt.Mad have dog true getid 3012905 dog index 3
29.06.2021 16:33:46 [Dayz-Dog] Player Sgt.Mad have dog true getid 3017312 dog index 3
29.06.2021 21:41:08 [Dayz-Dog] 'DayzDog.json' found, loading existing config
29.06.2021 22:15:26 [Dayz-Dog] Player Sgt.Mad have dog true getid 3013828 dog index 3
30.06.2021 08:47:36 [Dayz-Dog] 'DayzDog.json' found, loading existing config
30.06.2021 14:37:16 [Dayz-Dog] Player Sgt.Mad have dog true getid 3013523 dog index 3
30.06.2021 19:46:40 [Dayz-Dog] 'DayzDog.json' found, loading existing config
01.07.2021 06:45:41 [Dayz-Dog] 'DayzDog.json' found, loading existing config
01.07.2021 17:44:43 [Dayz-Dog] 'DayzDog.json' found, loading existing config
01.07.2021 18:05:25 [Dayz-Dog] Player Sgt.Mad have dog true getid 3012776 dog index 3
01.07.2021 18:17:28 [Dayz-Dog] Player A_Hostile_Noob have dog true getid 3014000 dog index 4
01.07.2021 18:38:21 [Dayz-Dog] Player A_Hostile_Noob have dog true getid 3016328 dog index 4
01.07.2021 20:09:03 [Dayz-Dog] Player A_Hostile_Noob have dog true getid 3022915 dog index 4
02.07.2021 00:09:49 [Dayz-Dog] Player A_Hostile_Noob have dog true getid 3030399 dog index 4
02.07.2021 04:44:01 [Dayz-Dog] 'DayzDog.json' found, loading existing config
02.07.2021 12:24:59 [Dayz-Dog] Player A_Hostile_Noob have dog true getid 3014244 dog index 4
02.07.2021 15:43:10 [Dayz-Dog] 'DayzDog.json' found, loading existing config
02.07.2021 15:55:19 [Dayz-Dog] Player A_Hostile_Noob have dog true getid 3014427 dog index 4
02.07.2021 16:47:46 [Dayz-Dog] Player A_Hostile_Noob have dog true getid 3019680 dog index 4
03.07.2021 00:19:16 [Dayz-Dog] 'DayzDog.json' found, loading existing config
03.07.2021 11:33:41 [Dayz-Dog] 'DayzDog.json' found, loading existing config
03.07.2021 12:09:03 [Dayz-Dog] Player A_Hostile_Noob have dog true getid 3013088 dog index 4
03.07.2021 17:53:06 [Dayz-Dog] Player Sgt.Mad have dog true getid 3033602 dog index 3
03.07.2021 17:57:34 [Dayz-Dog] Player Sgt.Mad have dog true getid 3034184 dog index 3
03.07.2021 22:47:04 [Dayz-Dog] 'DayzDog.json' found, loading existing config
04.07.2021 01:35:53 [Dayz-Dog] 'DayzDog.json' found, loading existing config
04.07.2021 11:38:47 [Dayz-Dog] 'DayzDog.json' found, loading existing config
04.07.2021 12:50:12 [Dayz-Dog] Player Sgt.Mad have dog true getid 3018598 dog index 3
