[06-24-2021][01.58.05] New Synch Log File Created!
[03:31:00] Player (Ragnar Odinsson, 76561198120496196)(<11891.621094, 140.000000, 12490.179688>) requested data for lock!
[03:34:11] Player (Sgt.Mad, 76561198003552490)(<3697.813232, 305.022583, 8241.600586>) requested data for lock!
[03:36:13] Player (Sgt.Mad, 76561198003552490)(<3697.813232, 305.022583, 8241.600586>) requested data for lock!
[03:38:19] Player (Sgt.Mad, 76561198003552490)(<3713.406982, 305.016174, 8274.994141>) requested data for lock!
[06-24-2021][12.51.18] Log file reloaded ( Server Restart )
[13:47:41] Player (Sgt.Mad, 76561198003552490)(<3713.406982, 305.016174, 8274.994141>) requested data for lock!
[13:56:25] Player (Sgt.Mad, 76561198003552490)(<3713.406982, 305.016174, 8274.994141>) requested data for lock!
[13:57:21] Player (Sgt.Mad, 76561198003552490)(<3713.406982, 305.016174, 8274.994141>) requested data for lock!
[14:52:10] Player (Sgt.Mad, 76561198003552490)(<3713.406982, 305.016174, 8274.994141>) requested data for lock!
[14:52:17] Player (Sgt.Mad, 76561198003552490)(<3710.877686, 305.017548, 8267.669922>) requested data for lock!
[14:52:22] Player (Sgt.Mad, 76561198003552490)(<3713.406982, 305.016174, 8274.994141>) requested data for lock!
[14:52:32] Player (Sgt.Mad, 76561198003552490)(<3713.406982, 305.016174, 8274.994141>) requested data for lock!
[14:58:15] Player (Ragnar Odinsson, 76561198120496196)(<11891.621094, 140.000000, 12490.179688>) requested data for lock!
[15:00:38] Player (Ragnar Odinsson, 76561198120496196)(<11891.621094, 140.000000, 12490.179688>) requested data for lock!
[15:07:02] Player (Ragnar Odinsson, 76561198120496196)(<11907.678711, 139.999939, 12466.875000>) requested data for lock!
[15:08:32] Player (Ragnar Odinsson, 76561198120496196)(<6467.832520, 287.828979, 7408.062012>) requested data for lock!
[15:08:37] Player (Ragnar Odinsson, 76561198120496196)(<6462.303223, 288.009430, 7408.134277>) requested data for lock!
[15:13:39] Player (Ragnar Odinsson, 76561198120496196)(<3697.813232, 305.022583, 8241.600586>) requested data for lock!
[15:13:46] Player (Ragnar Odinsson, 76561198120496196)(<3697.813232, 305.022583, 8241.600586>) requested data for lock!
[15:14:07] Player (Sgt.Mad, 76561198003552490)(<3713.406982, 305.016174, 8274.994141>) requested data for lock!
[15:14:53] Player (Sgt.Mad, 76561198003552490)(<3713.406982, 305.016174, 8274.994141>) requested data for lock!
[15:15:52] Player (Ragnar Odinsson, 76561198120496196)(<3710.877686, 305.017548, 8267.669922>) requested data for lock!
[15:16:15] Player (Sgt.Mad, 76561198003552490)(<3713.406982, 305.016174, 8274.994141>) requested data for lock!
[15:16:24] Player (Sgt.Mad, 76561198003552490)(<3713.406982, 305.016174, 8274.994141>) requested data for lock!
[15:16:46] Player (Sgt.Mad, 76561198003552490)(<3713.406982, 305.016174, 8274.994141>) requested data for lock!
[15:16:56] Player (Sgt.Mad, 76561198003552490)(<3713.406982, 305.016174, 8274.994141>) requested data for lock!
[15:17:01] Player (Sgt.Mad, 76561198003552490)(<3713.406982, 305.016174, 8274.994141>) requested data for lock!
[15:17:06] Player (Sgt.Mad, 76561198003552490)(<3713.406982, 305.016174, 8274.994141>) requested data for lock!
[15:19:30] Player (Ragnar Odinsson, 76561198120496196)(<6462.303223, 288.009430, 7408.134277>) requested data for lock!
[15:24:22] Player (Ragnar Odinsson, 76561198120496196)(<11907.678711, 139.999939, 12466.875000>) requested data for lock!
[15:29:58] Player (Ragnar Odinsson, 76561198120496196)(<3697.813232, 305.022583, 8241.600586>) requested data for lock!
[15:35:14] Player (Ragnar Odinsson, 76561198120496196)(<11848.901367, 140.081055, 12423.490234>) requested data for lock!
[15:35:21] Player (Ragnar Odinsson, 76561198120496196)(<11848.901367, 140.081055, 12423.490234>) requested data for lock!
[15:38:08] Player (Ragnar Odinsson, 76561198120496196)(<11848.901367, 140.081055, 12423.490234>) requested data for lock!
[15:38:13] Player (Ragnar Odinsson, 76561198120496196)(<11848.901367, 140.081055, 12423.490234>) requested data for lock!
[15:57:21] Player (Ragnar Odinsson, 76561198120496196)(<11848.901367, 140.081055, 12423.490234>) requested data for lock!
[15:57:26] Player (Ragnar Odinsson, 76561198120496196)(<11848.901367, 140.081055, 12423.490234>) requested data for lock!
[15:59:27] Player (Sgt.Mad, 76561198003552490)(<3710.877686, 305.017548, 8267.669922>) requested data for lock!
[15:59:34] Player (Sgt.Mad, 76561198003552490)(<3713.406982, 305.016174, 8274.994141>) requested data for lock!
[16:48:51] Player (Ragnar Odinsson, 76561198120496196)(<11848.901367, 140.081055, 12423.490234>) requested data for lock!
[16:49:05] Player (Ragnar Odinsson, 76561198120496196)(<11874.084961, 140.044266, 12447.125977>) requested data for lock!
[16:50:01] Player (Ragnar Odinsson, 76561198120496196)(<11874.084961, 140.044266, 12447.125977>) requested data for lock!
[16:56:25] Player (Ragnar Odinsson, 76561198120496196)(<11907.678711, 139.999939, 12466.875000>) requested data for lock!
[17:00:27] Player (Ragnar Odinsson, 76561198120496196)(<11848.901367, 140.081055, 12423.490234>) requested data for lock!
[17:12:07] Player (Ragnar Odinsson, 76561198120496196)(<11891.621094, 140.000000, 12490.179688>) requested data for lock!
[17:12:21] Player (Ragnar Odinsson, 76561198120496196)(<11891.621094, 140.000000, 12490.179688>) requested data for lock!
[17:39:49] Player (Sgt.Mad, 76561198003552490)(<3713.406982, 305.016174, 8274.994141>) requested data for lock!
[17:41:22] Player (Sgt.Mad, 76561198003552490)(<3713.406982, 305.016174, 8274.994141>) requested data for lock!
[18:14:26] Player (Sgt.Mad, 76561198003552490)(<3713.406982, 305.016174, 8274.994141>) requested data for lock!
[18:28:11] Player (Sgt.Mad, 76561198003552490)(<3697.813232, 305.022583, 8241.600586>) requested data for lock!
[18:28:40] Player (Sgt.Mad, 76561198003552490)(<3713.406982, 305.016174, 8274.994141>) requested data for lock!
[06-24-2021][22.50.29] Log file reloaded ( Server Restart )
[23:02:20] Player (Ragnar Odinsson, 76561198120496196)(<11891.621094, 140.000000, 12490.179688>) requested data for lock!
[00:03:13] Player (Capwell, 76561198079984427)(<11891.621094, 140.000000, 12490.179688>) requested data for lock!
[00:03:22] Player (Capwell, 76561198079984427)(<11891.621094, 140.000000, 12490.179688>) requested data for lock!
[00:03:27] Player (Capwell, 76561198079984427)(<11891.621094, 140.000000, 12490.179688>) requested data for lock!
[00:05:26] Player (Capwell, 76561198079984427)(<11907.678711, 139.999939, 12466.875000>) requested data for lock!
[00:05:31] Player (Capwell, 76561198079984427)(<11907.678711, 139.999939, 12466.875000>) requested data for lock!
[00:05:59] Player (Capwell, 76561198079984427)(<11907.678711, 139.999939, 12466.875000>) requested data for lock!
[00:06:32] Player (Capwell, 76561198079984427)(<11874.084961, 140.044266, 12447.125977>) requested data for lock!
[02:02:14] Player (Ragnar Odinsson, 76561198120496196)(<11891.621094, 140.000000, 12490.179688>) requested data for lock!
[02:04:53] Player (Ragnar Odinsson, 76561198120496196)(<11907.678711, 139.999939, 12466.875000>) requested data for lock!
[02:11:55] Player (Ragnar Odinsson, 76561198120496196)(<6462.303223, 288.009430, 7408.134277>) requested data for lock!
[02:12:21] Player (Ragnar Odinsson, 76561198120496196)(<6462.303223, 288.009430, 7408.134277>) requested data for lock!
[02:23:02] Player (Ragnar Odinsson, 76561198120496196)(<6462.303223, 288.009430, 7408.134277>) requested data for lock!
[02:23:07] Player (Ragnar Odinsson, 76561198120496196)(<6462.303223, 288.009430, 7408.134277>) requested data for lock!
[02:23:12] Player (Ragnar Odinsson, 76561198120496196)(<6462.303223, 288.009430, 7408.134277>) requested data for lock!
[02:23:25] Player (Ragnar Odinsson, 76561198120496196)(<11907.678711, 139.999939, 12466.875000>) requested data for lock!
[02:23:30] Player (Ragnar Odinsson, 76561198120496196)(<11907.678711, 139.999939, 12466.875000>) requested data for lock!
