[06-15-2021][04.18.07] New Synch Log File Created!
[14:03:54] Player (Ragnar Odinsson, 76561198120496196)(<6484.237305, 292.937195, 7394.447266>) requested data for lock!
[14:04:00] Player (Ragnar Odinsson, 76561198120496196)(<6494.417480, 292.869812, 7391.889160>) requested data for lock!
[14:09:19] Player (Ragnar Odinsson, 76561198120496196)(<6494.417480, 292.869812, 7391.889160>) requested data for lock!
[14:09:25] Player (Ragnar Odinsson, 76561198120496196)(<6486.703125, 295.878174, 7388.309082>) requested data for lock!
[14:17:21] Player (Ragnar Odinsson, 76561198120496196)(<6486.703125, 295.878174, 7388.309082>) requested data for lock!
[14:17:45] Player (Ragnar Odinsson, 76561198120496196)(<6486.703125, 295.878174, 7388.309082>) requested data for lock!
[14:19:56] Player (Ragnar Odinsson, 76561198120496196)(<6486.703125, 295.878174, 7388.309082>) requested data for lock!
[14:21:43] Player (Ragnar Odinsson, 76561198120496196)(<6486.703125, 295.878174, 7388.309082>) requested data for lock!
[14:40:29] Player (Ragnar Odinsson, 76561198120496196)(<6494.417480, 292.869812, 7391.889160>) requested data for lock!
[14:44:38] Player (Ragnar Odinsson, 76561198120496196)(<6467.832520, 287.828979, 7408.062012>) requested data for lock!
[14:44:43] Player (Ragnar Odinsson, 76561198120496196)(<6467.832520, 287.828979, 7408.062012>) requested data for lock!
[14:44:49] Player (Ragnar Odinsson, 76561198120496196)(<6467.832520, 287.828979, 7408.062012>) requested data for lock!
[14:54:27] Player (Ragnar Odinsson, 76561198120496196)(<6462.303223, 288.009430, 7408.134277>) requested data for lock!
[14:54:44] Player (Ragnar Odinsson, 76561198120496196)(<6484.237305, 292.937195, 7394.447266>) requested data for lock!
[14:54:50] Player (Ragnar Odinsson, 76561198120496196)(<6484.237305, 292.937195, 7394.447266>) requested data for lock!
[14:56:55] Player (Ragnar Odinsson, 76561198120496196)(<6484.237305, 292.937195, 7394.447266>) requested data for lock!
[14:57:07] Player (Ragnar Odinsson, 76561198120496196)(<6486.703125, 295.878174, 7388.309082>) requested data for lock!
[15:03:10] Player (Ragnar Odinsson, 76561198120496196)(<6486.703125, 295.878174, 7388.309082>) requested data for lock!
[15:03:16] Player (Ragnar Odinsson, 76561198120496196)(<6494.417480, 292.869812, 7391.889160>) requested data for lock!
[15:03:21] Player (Ragnar Odinsson, 76561198120496196)(<6494.417480, 292.869812, 7391.889160>) requested data for lock!
[15:05:38] Player (Ragnar Odinsson, 76561198120496196)(<6494.417480, 292.869812, 7391.889160>) requested data for lock!
[15:05:44] Player (Ragnar Odinsson, 76561198120496196)(<6486.703125, 295.878174, 7388.309082>) requested data for lock!
[15:09:02] Player (Ragnar Odinsson, 76561198120496196)(<6486.703125, 295.878174, 7388.309082>) requested data for lock!
[06-15-2021][15.11.33] Log file reloaded ( Server Restart )
[15:14:07] Player (Ragnar Odinsson, 76561198120496196)(<6486.703125, 295.878174, 7388.309082>) requested data for lock!
[15:14:36] Player (Ragnar Odinsson, 76561198120496196)(<6494.417480, 292.869812, 7391.889160>) requested data for lock!
[15:14:41] Player (Ragnar Odinsson, 76561198120496196)(<6494.417480, 292.869812, 7391.889160>) requested data for lock!
[15:15:49] Player (Ragnar Odinsson, 76561198120496196)(<6494.417480, 292.869812, 7391.889160>) requested data for lock!
[15:16:02] Player (Ragnar Odinsson, 76561198120496196)(<6484.237305, 292.937195, 7394.447266>) requested data for lock!
[15:16:07] Player (Ragnar Odinsson, 76561198120496196)(<6484.237305, 292.937195, 7394.447266>) requested data for lock!
[15:16:19] Player (Capwell, 76561198079984427)(<6486.703125, 295.878174, 7388.309082>) requested data for lock!
[15:18:47] Player (Capwell, 76561198079984427)(<6482.183594, 292.937836, 7388.810547>) requested data for lock!
[15:18:47] Player (Ragnar Odinsson, 76561198120496196)(<6484.237305, 292.937195, 7394.447266>) requested data for lock!
[15:18:52] Player (Capwell, 76561198079984427)(<6482.183594, 292.937836, 7388.810547>) requested data for lock!
[15:18:57] Player (Capwell, 76561198079984427)(<6482.183594, 292.937836, 7388.810547>) requested data for lock!
[15:19:01] Player (Ragnar Odinsson, 76561198120496196)(<6482.183594, 292.937836, 7388.810547>) requested data for lock!
[15:19:02] Player (Capwell, 76561198079984427)(<6482.183594, 292.937836, 7388.810547>) requested data for lock!
[15:19:06] Player (Ragnar Odinsson, 76561198120496196)(<6482.183594, 292.937836, 7388.810547>) requested data for lock!
[15:19:07] Player (Capwell, 76561198079984427)(<6482.183594, 292.937836, 7388.810547>) requested data for lock!
[15:19:11] Player (Ragnar Odinsson, 76561198120496196)(<6486.703125, 295.878174, 7388.309082>) requested data for lock!
[15:19:12] Player (Capwell, 76561198079984427)(<6494.417480, 292.869812, 7391.889160>) requested data for lock!
[15:20:18] Player (Capwell, 76561198079984427)(<6494.417480, 292.869812, 7391.889160>) requested data for lock!
[15:20:23] Player (Capwell, 76561198079984427)(<6494.417480, 292.869812, 7391.889160>) requested data for lock!
[15:20:28] Player (Capwell, 76561198079984427)(<6494.417480, 292.869812, 7391.889160>) requested data for lock!
[15:20:33] Player (Capwell, 76561198079984427)(<6494.417480, 292.869812, 7391.889160>) requested data for lock!
[15:21:36] Player (Capwell, 76561198079984427)(<6484.237305, 292.937195, 7394.447266>) requested data for lock!
[15:24:49] Player (Capwell, 76561198079984427)(<6494.417480, 292.869812, 7391.889160>) requested data for lock!
[15:25:19] Player (Ragnar Odinsson, 76561198120496196)(<6486.703125, 295.878174, 7388.309082>) requested data for lock!
[15:27:07] Player (Ragnar Odinsson, 76561198120496196)(<6486.703125, 295.878174, 7388.309082>) requested data for lock!
[15:27:12] Player (Ragnar Odinsson, 76561198120496196)(<6486.703125, 295.878174, 7388.309082>) requested data for lock!
[15:27:18] Player (Ragnar Odinsson, 76561198120496196)(<6484.237305, 292.937195, 7394.447266>) requested data for lock!
[15:28:05] Player (Ragnar Odinsson, 76561198120496196)(<6484.237305, 292.937195, 7394.447266>) requested data for lock!
[15:28:22] Player (Capwell, 76561198079984427)(<6486.703125, 295.878174, 7388.309082>) requested data for lock!
[15:28:33] Player (Ragnar Odinsson, 76561198120496196)(<6486.703125, 295.878174, 7388.309082>) requested data for lock!
[15:28:59] Player (Ragnar Odinsson, 76561198120496196)(<6486.703125, 295.878174, 7388.309082>) requested data for lock!
[15:29:13] Player (Ragnar Odinsson, 76561198120496196)(<6494.417480, 292.869812, 7391.889160>) requested data for lock!
[15:29:34] Player (Ragnar Odinsson, 76561198120496196)(<6486.703125, 295.878174, 7388.309082>) requested data for lock!
[15:30:26] Player (Ragnar Odinsson, 76561198120496196)(<6494.417480, 292.869812, 7391.889160>) requested data for lock!
[15:31:22] Player (Ragnar Odinsson, 76561198120496196)(<6494.417480, 292.869812, 7391.889160>) requested data for lock!
[15:31:38] Player (Ragnar Odinsson, 76561198120496196)(<6494.417480, 292.869812, 7391.889160>) requested data for lock!
[15:31:43] Player (Ragnar Odinsson, 76561198120496196)(<6484.237305, 292.937195, 7394.447266>) requested data for lock!
[15:31:59] Player (Ragnar Odinsson, 76561198120496196)(<6494.417480, 292.869812, 7391.889160>) requested data for lock!
[15:32:05] Player (Ragnar Odinsson, 76561198120496196)(<6494.417480, 292.869812, 7391.889160>) requested data for lock!
[15:33:21] Player (Capwell, 76561198079984427)(<6494.417480, 292.869812, 7391.889160>) requested data for lock!
[15:35:33] Player (Ragnar Odinsson, 76561198120496196)(<6486.703125, 295.878174, 7388.309082>) requested data for lock!
[15:46:39] Player (Ragnar Odinsson, 76561198120496196)(<6484.237305, 292.937195, 7394.447266>) requested data for lock!
[15:49:20] Player (Ragnar Odinsson, 76561198120496196)(<6494.417480, 292.869812, 7391.889160>) requested data for lock!
[15:49:42] Player (Ragnar Odinsson, 76561198120496196)(<6494.417480, 292.869812, 7391.889160>) requested data for lock!
[15:49:51] Player (Ragnar Odinsson, 76561198120496196)(<6494.417480, 292.869812, 7391.889160>) requested data for lock!
[15:49:56] Player (Ragnar Odinsson, 76561198120496196)(<6494.417480, 292.869812, 7391.889160>) requested data for lock!
[15:50:13] Player (Capwell, 76561198079984427)(<6494.417480, 292.869812, 7391.889160>) requested data for lock!
[15:50:33] Player (Capwell, 76561198079984427)(<6494.417480, 292.869812, 7391.889160>) requested data for lock!
[15:50:41] Player (Capwell, 76561198079984427)(<6494.417480, 292.869812, 7391.889160>) requested data for lock!
[15:50:46] Player (Ragnar Odinsson, 76561198120496196)(<6494.417480, 292.869812, 7391.889160>) requested data for lock!
[15:51:02] Player (Ragnar Odinsson, 76561198120496196)(<6494.417480, 292.869812, 7391.889160>) requested data for lock!
[15:51:07] Player (Ragnar Odinsson, 76561198120496196)(<6494.417480, 292.869812, 7391.889160>) requested data for lock!
[15:52:28] Player (Ragnar Odinsson, 76561198120496196)(<6494.417480, 292.869812, 7391.889160>) requested data for lock!
[15:52:46] Player (Capwell, 76561198079984427)(<6494.417480, 292.869812, 7391.889160>) requested data for lock!
[15:52:54] Player (Capwell, 76561198079984427)(<6494.417480, 292.869812, 7391.889160>) requested data for lock!
[15:52:59] Player (Capwell, 76561198079984427)(<6494.417480, 292.869812, 7391.889160>) requested data for lock!
[15:53:02] Player (Ragnar Odinsson, 76561198120496196)(<6482.183594, 292.937836, 7388.810547>) requested data for lock!
[15:53:20] Player (Capwell, 76561198079984427)(<6482.183594, 292.937836, 7388.810547>) requested data for lock!
[15:53:22] Player (Ragnar Odinsson, 76561198120496196)(<6494.417480, 292.869812, 7391.889160>) requested data for lock!
[15:53:28] Player (Ragnar Odinsson, 76561198120496196)(<6494.417480, 292.869812, 7391.889160>) requested data for lock!
[15:53:51] Player (Ragnar Odinsson, 76561198120496196)(<6494.417480, 292.869812, 7391.889160>) requested data for lock!
[15:54:07] Player (Capwell, 76561198079984427)(<6494.417480, 292.869812, 7391.889160>) requested data for lock!
[15:54:16] Player (Capwell, 76561198079984427)(<6494.417480, 292.869812, 7391.889160>) requested data for lock!
[15:54:16] Player (Ragnar Odinsson, 76561198120496196)(<6494.417480, 292.869812, 7391.889160>) requested data for lock!
[15:54:23] Player (Capwell, 76561198079984427)(<6494.417480, 292.869812, 7391.889160>) requested data for lock!
[15:54:26] Player (Ragnar Odinsson, 76561198120496196)(<6484.237305, 292.937195, 7394.447266>) requested data for lock!
[15:54:49] Player (Capwell, 76561198079984427)(<6484.237305, 292.937195, 7394.447266>) requested data for lock!
[15:54:56] Player (Ragnar Odinsson, 76561198120496196)(<6484.237305, 292.937195, 7394.447266>) requested data for lock!
[15:54:56] Player (Capwell, 76561198079984427)(<6484.237305, 292.937195, 7394.447266>) requested data for lock!
[15:55:01] Player (Capwell, 76561198079984427)(<6484.237305, 292.937195, 7394.447266>) requested data for lock!
[15:55:03] Player (Ragnar Odinsson, 76561198120496196)(<6484.237305, 292.937195, 7394.447266>) requested data for lock!
[15:55:19] Player (Ragnar Odinsson, 76561198120496196)(<6484.237305, 292.937195, 7394.447266>) requested data for lock!
[15:56:08] Player (Ragnar Odinsson, 76561198120496196)(<6484.237305, 292.937195, 7394.447266>) requested data for lock!
[15:57:24] Player (Ragnar Odinsson, 76561198120496196)(<6484.237305, 292.937195, 7394.447266>) requested data for lock!
[15:57:39] Player (Capwell, 76561198079984427)(<6484.237305, 292.937195, 7394.447266>) requested data for lock!
[15:57:40] Player (Ragnar Odinsson, 76561198120496196)(<6484.237305, 292.937195, 7394.447266>) requested data for lock!
[16:19:38] Player (Ragnar Odinsson, 76561198120496196)(<6484.237305, 292.937195, 7394.447266>) requested data for lock!
[16:19:50] Player (Ragnar Odinsson, 76561198120496196)(<6484.237305, 292.937195, 7394.447266>) requested data for lock!
[16:20:05] Player (Ragnar Odinsson, 76561198120496196)(<6484.237305, 292.937195, 7394.447266>) requested data for lock!
[16:21:45] Player (Ragnar Odinsson, 76561198120496196)(<6484.237305, 292.937195, 7394.447266>) requested data for lock!
[16:22:13] Player (Ragnar Odinsson, 76561198120496196)(<6484.237305, 292.937195, 7394.447266>) requested data for lock!
[16:24:26] Player (Ragnar Odinsson, 76561198120496196)(<6484.237305, 292.937195, 7394.447266>) requested data for lock!
[16:24:40] Player (Ragnar Odinsson, 76561198120496196)(<6484.237305, 292.937195, 7394.447266>) requested data for lock!
[16:24:47] Player (Capwell, 76561198079984427)(<6482.183594, 292.937836, 7388.810547>) requested data for lock!
[16:25:19] Player (Ragnar Odinsson, 76561198120496196)(<6484.237305, 292.937195, 7394.447266>) requested data for lock!
[16:26:01] Player (Ragnar Odinsson, 76561198120496196)(<6484.237305, 292.937195, 7394.447266>) requested data for lock!
[16:28:07] Player (Ragnar Odinsson, 76561198120496196)(<6484.237305, 292.937195, 7394.447266>) requested data for lock!
[16:28:12] Player (Ragnar Odinsson, 76561198120496196)(<6484.237305, 292.937195, 7394.447266>) requested data for lock!
[16:28:36] Player (Ragnar Odinsson, 76561198120496196)(<6494.417480, 292.869812, 7391.889160>) requested data for lock!
[16:28:45] Player (Capwell, 76561198079984427)(<6494.417480, 292.869812, 7391.889160>) requested data for lock!
[16:28:57] Player (Capwell, 76561198079984427)(<6494.417480, 292.869812, 7391.889160>) requested data for lock!
[16:30:31] Player (Capwell, 76561198079984427)(<6484.237305, 292.937195, 7394.447266>) requested data for lock!
[16:30:36] Player (Capwell, 76561198079984427)(<6484.237305, 292.937195, 7394.447266>) requested data for lock!
[16:31:26] Player (Capwell, 76561198079984427)(<6482.183594, 292.937836, 7388.810547>) requested data for lock!
[16:33:45] Player (Ragnar Odinsson, 76561198120496196)(<6494.417480, 292.869812, 7391.889160>) requested data for lock!
[16:34:08] Player (Ragnar Odinsson, 76561198120496196)(<6494.417480, 292.869812, 7391.889160>) requested data for lock!
[16:35:25] Player (Ragnar Odinsson, 76561198120496196)(<6486.703125, 295.878174, 7388.309082>) requested data for lock!
[16:36:44] Player (Ragnar Odinsson, 76561198120496196)(<6494.417480, 292.869812, 7391.889160>) requested data for lock!
[16:37:04] Player (Ragnar Odinsson, 76561198120496196)(<6494.417480, 292.869812, 7391.889160>) requested data for lock!
[16:38:09] Player (Ragnar Odinsson, 76561198120496196)(<6494.417480, 292.869812, 7391.889160>) requested data for lock!
[16:38:42] Player (Capwell, 76561198079984427)(<6484.237305, 292.937195, 7394.447266>) requested data for lock!
[16:38:47] Player (Capwell, 76561198079984427)(<6482.183594, 292.937836, 7388.810547>) requested data for lock!
[16:38:52] Player (Capwell, 76561198079984427)(<6482.183594, 292.937836, 7388.810547>) requested data for lock!
[16:38:57] Player (Capwell, 76561198079984427)(<6482.183594, 292.937836, 7388.810547>) requested data for lock!
[16:39:02] Player (Capwell, 76561198079984427)(<6482.183594, 292.937836, 7388.810547>) requested data for lock!
[16:39:05] Player (Ragnar Odinsson, 76561198120496196)(<6462.303223, 288.009430, 7408.134277>) requested data for lock!
[16:39:07] Player (Capwell, 76561198079984427)(<6482.183594, 292.937836, 7388.810547>) requested data for lock!
[16:39:12] Player (Capwell, 76561198079984427)(<6482.183594, 292.937836, 7388.810547>) requested data for lock!
[16:39:17] Player (Capwell, 76561198079984427)(<6482.183594, 292.937836, 7388.810547>) requested data for lock!
[16:39:22] Player (Capwell, 76561198079984427)(<6482.183594, 292.937836, 7388.810547>) requested data for lock!
[16:39:27] Player (Capwell, 76561198079984427)(<6482.183594, 292.937836, 7388.810547>) requested data for lock!
[16:39:32] Player (Capwell, 76561198079984427)(<6482.183594, 292.937836, 7388.810547>) requested data for lock!
[16:39:37] Player (Capwell, 76561198079984427)(<6482.183594, 292.937836, 7388.810547>) requested data for lock!
[16:39:42] Player (Capwell, 76561198079984427)(<6482.183594, 292.937836, 7388.810547>) requested data for lock!
[16:39:47] Player (Capwell, 76561198079984427)(<6482.183594, 292.937836, 7388.810547>) requested data for lock!
[16:39:52] Player (Capwell, 76561198079984427)(<6482.183594, 292.937836, 7388.810547>) requested data for lock!
[16:39:57] Player (Capwell, 76561198079984427)(<6482.183594, 292.937836, 7388.810547>) requested data for lock!
[16:40:11] Player (Capwell, 76561198079984427)(<6482.183594, 292.937836, 7388.810547>) requested data for lock!
[16:40:47] Player (Capwell, 76561198079984427)(<6482.183594, 292.937836, 7388.810547>) requested data for lock!
[16:44:50] Player (Ragnar Odinsson, 76561198120496196)(<6484.237305, 292.937195, 7394.447266>) requested data for lock!
[16:55:31] Player (Ragnar Odinsson, 76561198120496196)(<6484.237305, 292.937195, 7394.447266>) requested data for lock!
[16:58:58] Player (Ragnar Odinsson, 76561198120496196)(<6494.417480, 292.869812, 7391.889160>) requested data for lock!
[17:02:04] Player (Ragnar Odinsson, 76561198120496196)(<6484.237305, 292.937195, 7394.447266>) requested data for lock!
[17:03:16] Player (Ragnar Odinsson, 76561198120496196)(<6494.417480, 292.869812, 7391.889160>) requested data for lock!
[17:03:47] Player (Capwell, 76561198079984427)(<6494.417480, 292.869812, 7391.889160>) requested data for lock!
[17:04:43] Player (Sgt.Mad, 76561198003552490)(<5746.302246, 474.358978, 15190.466797>) requested data for lock!
[17:05:34] Player (Sgt.Mad, 76561198003552490)(<5746.630859, 474.770782, 15166.892578>) requested data for lock!
[17:06:56] Player (Sgt.Mad, 76561198003552490)(<5746.630859, 474.770782, 15166.892578>) requested data for lock!
[17:11:18] Player (Ragnar Odinsson, 76561198120496196)(<6484.237305, 292.937195, 7394.447266>) requested data for lock!
[17:12:19] Player (Ragnar Odinsson, 76561198120496196)(<6484.237305, 292.937195, 7394.447266>) requested data for lock!
[17:13:23] Player (Ragnar Odinsson, 76561198120496196)(<6484.237305, 292.937195, 7394.447266>) requested data for lock!
[17:13:29] Player (Ragnar Odinsson, 76561198120496196)(<6484.237305, 292.937195, 7394.447266>) requested data for lock!
[17:15:49] Player (Ragnar Odinsson, 76561198120496196)(<6484.237305, 292.937195, 7394.447266>) requested data for lock!
[17:35:25] Player (Ragnar Odinsson, 76561198120496196)(<6494.417480, 292.869812, 7391.889160>) requested data for lock!
[17:35:33] Player (Ragnar Odinsson, 76561198120496196)(<6494.417480, 292.869812, 7391.889160>) requested data for lock!
[17:39:54] Player (Ragnar Odinsson, 76561198120496196)(<6494.417480, 292.869812, 7391.889160>) requested data for lock!
[18:17:32] Player (Ragnar Odinsson, 76561198120496196)(<6494.417480, 292.869812, 7391.889160>) requested data for lock!
[18:17:34] Player (Sgt.Mad, 76561198003552490)(<6494.417480, 292.869812, 7391.889160>) requested data for lock!
[18:17:41] Player (Ragnar Odinsson, 76561198120496196)(<6486.703125, 295.878174, 7388.309082>) requested data for lock!
[18:17:42] Player (Sgt.Mad, 76561198003552490)(<6494.417480, 292.869812, 7391.889160>) requested data for lock!
[18:17:46] Player (Ragnar Odinsson, 76561198120496196)(<6484.237305, 292.937195, 7394.447266>) requested data for lock!
[18:17:47] Player (Sgt.Mad, 76561198003552490)(<6494.417480, 292.869812, 7391.889160>) requested data for lock!
[18:17:54] Player (Sgt.Mad, 76561198003552490)(<6494.417480, 292.869812, 7391.889160>) requested data for lock!
[18:17:59] Player (Sgt.Mad, 76561198003552490)(<6494.417480, 292.869812, 7391.889160>) requested data for lock!
[18:18:07] Player (Sgt.Mad, 76561198003552490)(<6484.237305, 292.937195, 7394.447266>) requested data for lock!
[18:18:26] Player (Ragnar Odinsson, 76561198120496196)(<6484.237305, 292.937195, 7394.447266>) requested data for lock!
[18:18:36] Player (Ragnar Odinsson, 76561198120496196)(<6484.237305, 292.937195, 7394.447266>) requested data for lock!
[18:18:43] Player (Ragnar Odinsson, 76561198120496196)(<6484.237305, 292.937195, 7394.447266>) requested data for lock!
[18:25:27] Player (Ragnar Odinsson, 76561198120496196)(<6486.703125, 295.878174, 7388.309082>) requested data for lock!
[18:25:53] Player (Sgt.Mad, 76561198003552490)(<6484.237305, 292.937195, 7394.447266>) requested data for lock!
[19:34:36] Player (M. FireStorm, 76561198153058532)(<5732.001465, 482.252106, 15209.359375>) requested data for lock!
[19:34:41] Player (M. FireStorm, 76561198153058532)(<5743.325195, 480.564178, 15209.271484>) requested data for lock!
[19:34:47] Player (M. FireStorm, 76561198153058532)(<5739.960449, 477.623993, 15215.760742>) requested data for lock!
[19:34:52] Player (M. FireStorm, 76561198153058532)(<5737.401855, 477.624664, 15227.500977>) requested data for lock!
[19:34:57] Player (M. FireStorm, 76561198153058532)(<5735.728027, 480.547211, 15225.750977>) requested data for lock!
[19:35:02] Player (M. FireStorm, 76561198153058532)(<5733.660156, 480.615234, 15229.815430>) requested data for lock!
[19:35:45] Player (M. FireStorm, 76561198153058532)(<5733.660156, 480.615234, 15229.815430>) requested data for lock!
[19:35:50] Player (M. FireStorm, 76561198153058532)(<5735.729004, 477.538849, 15225.748047>) requested data for lock!
[19:35:58] Player (M. FireStorm, 76561198153058532)(<5737.805176, 474.633850, 15212.271484>) requested data for lock!
[19:36:07] Player (M. FireStorm, 76561198153058532)(<5746.302246, 474.358978, 15190.466797>) requested data for lock!
[19:36:44] Player (M. FireStorm, 76561198153058532)(<5794.265625, 473.792511, 15225.167969>) requested data for lock!
[19:37:27] Player (M. FireStorm, 76561198153058532)(<5746.302246, 474.358978, 15190.466797>) requested data for lock!
[19:37:32] Player (M. FireStorm, 76561198153058532)(<5736.681641, 474.201874, 15197.967773>) requested data for lock!
[19:38:06] Player (M. FireStorm, 76561198153058532)(<5737.805176, 474.633850, 15212.271484>) requested data for lock!
[19:38:12] Player (M. FireStorm, 76561198153058532)(<5730.156738, 474.598480, 15231.959961>) requested data for lock!
[19:40:04] Player (M. FireStorm, 76561198153058532)(<5737.805176, 474.633850, 15212.271484>) requested data for lock!
[19:40:13] Player (M. FireStorm, 76561198153058532)(<5709.220215, 474.097504, 15211.759766>) requested data for lock!
[19:40:43] Player (M. FireStorm, 76561198153058532)(<5709.220215, 474.097504, 15211.759766>) requested data for lock!
[19:40:54] Player (M. FireStorm, 76561198153058532)(<5737.805176, 474.633850, 15212.271484>) requested data for lock!
[19:41:16] Player (M. FireStorm, 76561198153058532)(<5709.220215, 474.097504, 15211.759766>) requested data for lock!
[19:51:04] Player (M. FireStorm, 76561198153058532)(<5709.220215, 474.097504, 15211.759766>) requested data for lock!
[19:56:48] Player (M. FireStorm, 76561198153058532)(<5709.220215, 474.097504, 15211.759766>) requested data for lock!
[20:24:40] Player (M. FireStorm, 76561198153058532)(<5709.220215, 474.097504, 15211.759766>) requested data for lock!
[20:24:57] Player (M. FireStorm, 76561198153058532)(<5736.681641, 474.201874, 15197.967773>) requested data for lock!
[20:25:59] Player (M. FireStorm, 76561198153058532)(<5735.729004, 477.538849, 15225.748047>) requested data for lock!
[20:26:04] Player (M. FireStorm, 76561198153058532)(<5733.660156, 480.615234, 15229.815430>) requested data for lock!
[20:27:27] Player (M. FireStorm, 76561198153058532)(<5733.660156, 480.615234, 15229.815430>) requested data for lock!
[20:27:32] Player (M. FireStorm, 76561198153058532)(<5733.660156, 480.615234, 15229.815430>) requested data for lock!
[20:27:39] Player (M. FireStorm, 76561198153058532)(<5737.401855, 477.624664, 15227.500977>) requested data for lock!
[20:27:46] Player (M. FireStorm, 76561198153058532)(<5743.325195, 480.564178, 15209.271484>) requested data for lock!
[20:28:12] Player (M. FireStorm, 76561198153058532)(<5732.001465, 482.252106, 15209.359375>) requested data for lock!
[20:47:39] Player (Ragnar Odinsson, 76561198120496196)(<6486.703125, 295.878174, 7388.309082>) requested data for lock!
[20:48:27] Player (Ragnar Odinsson, 76561198120496196)(<6486.703125, 295.878174, 7388.309082>) requested data for lock!
[20:48:39] Player (Ragnar Odinsson, 76561198120496196)(<6486.703125, 295.878174, 7388.309082>) requested data for lock!
[20:48:51] Player (Ragnar Odinsson, 76561198120496196)(<6484.237305, 292.937195, 7394.447266>) requested data for lock!
[20:49:02] Player (Ragnar Odinsson, 76561198120496196)(<6484.237305, 292.937195, 7394.447266>) requested data for lock!
[20:49:04] Player (Sgt.Mad, 76561198003552490)(<6494.417480, 292.869812, 7391.889160>) requested data for lock!
[20:49:10] Player (Sgt.Mad, 76561198003552490)(<6486.703125, 295.878174, 7388.309082>) requested data for lock!
[20:49:29] Player (Ragnar Odinsson, 76561198120496196)(<6484.237305, 292.937195, 7394.447266>) requested data for lock!
[20:49:34] Player (Ragnar Odinsson, 76561198120496196)(<6494.417480, 292.869812, 7391.889160>) requested data for lock!
[20:57:17] Player (Sgt.Mad, 76561198003552490)(<6462.303223, 288.009430, 7408.134277>) requested data for lock!
[21:16:21] Player (Ragnar Odinsson, 76561198120496196)(<6494.417480, 292.869812, 7391.889160>) requested data for lock!
[21:16:26] Player (Ragnar Odinsson, 76561198120496196)(<6486.703125, 295.878174, 7388.309082>) requested data for lock!
[21:25:57] Player (Ragnar Odinsson, 76561198120496196)(<6494.417480, 292.869812, 7391.889160>) requested data for lock!
[21:26:25] Player (Ragnar Odinsson, 76561198120496196)(<6484.237305, 292.937195, 7394.447266>) requested data for lock!
[21:27:06] Player (Ragnar Odinsson, 76561198120496196)(<6484.237305, 292.937195, 7394.447266>) requested data for lock!
[21:27:28] Player (Ragnar Odinsson, 76561198120496196)(<6482.183594, 292.937836, 7388.810547>) requested data for lock!
[21:27:55] Player (Ragnar Odinsson, 76561198120496196)(<6482.183594, 292.937836, 7388.810547>) requested data for lock!
[21:28:15] Player (Ragnar Odinsson, 76561198120496196)(<6482.183594, 292.937836, 7388.810547>) requested data for lock!
[21:28:41] Player (Ragnar Odinsson, 76561198120496196)(<6482.183594, 292.937836, 7388.810547>) requested data for lock!
[21:28:52] Player (Ragnar Odinsson, 76561198120496196)(<6494.417480, 292.869812, 7391.889160>) requested data for lock!
[21:33:05] Player (Ragnar Odinsson, 76561198120496196)(<6494.417480, 292.869812, 7391.889160>) requested data for lock!
[22:15:21] Player (Sgt.Mad, 76561198003552490)(<3707.171143, 305.019745, 8255.572266>) requested data for lock!
[22:15:25] Player (Sgt.Mad, 76561198003552490)(<3707.171143, 305.019745, 8255.572266>) requested data for lock!
[22:15:30] Player (Sgt.Mad, 76561198003552490)(<3707.171143, 305.019745, 8255.572266>) requested data for lock!
[22:15:35] Player (Sgt.Mad, 76561198003552490)(<3707.171143, 305.019745, 8255.572266>) requested data for lock!
[22:15:40] Player (Sgt.Mad, 76561198003552490)(<3707.171143, 305.019745, 8255.572266>) requested data for lock!
[22:15:45] Player (Sgt.Mad, 76561198003552490)(<3707.171143, 305.019745, 8255.572266>) requested data for lock!
[22:15:50] Player (Sgt.Mad, 76561198003552490)(<3707.171143, 305.019745, 8255.572266>) requested data for lock!
[22:15:55] Player (Sgt.Mad, 76561198003552490)(<3707.171143, 305.019745, 8255.572266>) requested data for lock!
[22:15:59] Player (Sgt.Mad, 76561198003552490)(<3707.171143, 305.019745, 8255.572266>) requested data for lock!
[22:16:04] Player (Sgt.Mad, 76561198003552490)(<3707.171143, 305.019745, 8255.572266>) requested data for lock!
[22:16:09] Player (Sgt.Mad, 76561198003552490)(<3707.171143, 305.019745, 8255.572266>) requested data for lock!
[22:16:14] Player (Sgt.Mad, 76561198003552490)(<3707.171143, 305.019745, 8255.572266>) requested data for lock!
[22:16:19] Player (Sgt.Mad, 76561198003552490)(<3707.171143, 305.019745, 8255.572266>) requested data for lock!
[22:16:24] Player (Sgt.Mad, 76561198003552490)(<3707.171143, 305.019745, 8255.572266>) requested data for lock!
[22:16:28] Player (Sgt.Mad, 76561198003552490)(<3707.171143, 305.019745, 8255.572266>) requested data for lock!
[22:16:33] Player (Sgt.Mad, 76561198003552490)(<3707.171143, 305.019745, 8255.572266>) requested data for lock!
[22:16:38] Player (Sgt.Mad, 76561198003552490)(<3707.171143, 305.019745, 8255.572266>) requested data for lock!
[22:16:43] Player (Sgt.Mad, 76561198003552490)(<3707.171143, 305.019745, 8255.572266>) requested data for lock!
[22:16:48] Player (Sgt.Mad, 76561198003552490)(<3707.171143, 305.019745, 8255.572266>) requested data for lock!
[22:16:52] Player (Sgt.Mad, 76561198003552490)(<3707.171143, 305.019745, 8255.572266>) requested data for lock!
[22:16:57] Player (Sgt.Mad, 76561198003552490)(<3707.171143, 305.019745, 8255.572266>) requested data for lock!
[22:17:03] Player (Sgt.Mad, 76561198003552490)(<3707.171143, 305.019745, 8255.572266>) requested data for lock!
[22:17:07] Player (Sgt.Mad, 76561198003552490)(<3707.171143, 305.019745, 8255.572266>) requested data for lock!
[22:28:56] Player (Sgt.Mad, 76561198003552490)(<3707.171143, 305.019745, 8255.572266>) requested data for lock!
[22:33:01] Player (Sgt.Mad, 76561198003552490)(<3707.171143, 305.019745, 8255.572266>) requested data for lock!
[22:33:38] Player (Sgt.Mad, 76561198003552490)(<3707.171143, 305.019745, 8255.572266>) requested data for lock!
[22:34:07] Player (Sgt.Mad, 76561198003552490)(<3707.171143, 305.019745, 8255.572266>) requested data for lock!
[06-15-2021][22.42.12] Log file reloaded ( Server Restart )
[22:46:09] Player (Capwell, 76561198079984427)(<6494.417480, 292.869812, 7391.889160>) requested data for lock!
[06-15-2021][22.51.07] Log file reloaded ( Server Restart )
[06-15-2021][22.53.38] Log file reloaded ( Server Restart )
