[06-30-2021][08.47.36] New Synch Log File Created!
[14:38:52] Player (Sgt.Mad, 76561198003552490)(<3709.645264, 305.018188, 8264.167969>) requested data for lock!
[15:17:02] Player (Sgt.Mad, 76561198003552490)(<3713.406982, 305.016174, 8274.994141>) requested data for lock!
[16:15:33] Player (Sgt.Mad, 76561198003552490)(<3697.813232, 305.022583, 8241.600586>) requested data for lock!
[16:20:42] Player (Sgt.Mad, 76561198003552490)(<3709.645264, 305.018188, 8264.167969>) requested data for lock!
[16:23:00] Player (Sgt.Mad, 76561198003552490)(<3713.406982, 305.016174, 8274.994141>) requested data for lock!
[16:49:21] Player (Ragnar Odinsson, 76561198120496196)(<11891.621094, 140.000000, 12490.179688>) requested data for lock!
[17:05:31] Player (Ragnar Odinsson, 76561198120496196)(<11871.750977, 140.000000, 12461.352539>) requested data for lock!
[17:14:43] Player (Ragnar Odinsson, 76561198120496196)(<11871.750977, 140.000000, 12461.352539>) requested data for lock!
[17:15:37] Player (Ragnar Odinsson, 76561198120496196)(<11848.901367, 140.081055, 12423.490234>) requested data for lock!
[17:16:19] Player (Ragnar Odinsson, 76561198120496196)(<11848.901367, 140.081055, 12423.490234>) requested data for lock!
[17:19:03] Player (Ragnar Odinsson, 76561198120496196)(<11864.590820, 140.094803, 12450.238281>) requested data for lock!
[17:19:11] Player (Ragnar Odinsson, 76561198120496196)(<11848.901367, 140.081055, 12423.490234>) requested data for lock!
[17:27:13] Player (Sgt.Mad, 76561198003552490)(<3713.406982, 305.016174, 8274.994141>) requested data for lock!
[17:27:26] Player (Sgt.Mad, 76561198003552490)(<3711.443604, 305.017242, 8269.167969>) requested data for lock!
[17:27:48] Player (Sgt.Mad, 76561198003552490)(<3713.406982, 305.016174, 8274.994141>) requested data for lock!
[17:40:10] Player (Sgt.Mad, 76561198003552490)(<3711.443604, 305.017242, 8269.167969>) requested data for lock!
[17:43:44] Player (Sgt.Mad, 76561198003552490)(<3697.813232, 305.022583, 8241.600586>) requested data for lock!
[17:43:57] Player (Sgt.Mad, 76561198003552490)(<3697.813232, 305.022583, 8241.600586>) requested data for lock!
[17:44:02] Player (Sgt.Mad, 76561198003552490)(<3697.813232, 305.022583, 8241.600586>) requested data for lock!
[17:44:07] Player (Sgt.Mad, 76561198003552490)(<3697.813232, 305.022583, 8241.600586>) requested data for lock!
[17:44:53] Player (Sgt.Mad, 76561198003552490)(<3697.813232, 305.022583, 8241.600586>) requested data for lock!
[17:44:58] Player (Sgt.Mad, 76561198003552490)(<3697.813232, 305.022583, 8241.600586>) requested data for lock!
[17:45:03] Player (Sgt.Mad, 76561198003552490)(<3697.813232, 305.022583, 8241.600586>) requested data for lock!
[17:45:09] Player (Sgt.Mad, 76561198003552490)(<3697.813232, 305.022583, 8241.600586>) requested data for lock!
[17:48:46] Player (Sgt.Mad, 76561198003552490)(<3697.813232, 305.022583, 8241.600586>) requested data for lock!
[17:50:43] Player (Sgt.Mad, 76561198003552490)(<3697.813232, 305.022583, 8241.600586>) requested data for lock!
[17:59:36] Player (Sgt.Mad, 76561198003552490)(<3697.813232, 305.022583, 8241.600586>) requested data for lock!
[17:59:42] Player (Sgt.Mad, 76561198003552490)(<3697.813232, 305.022583, 8241.600586>) requested data for lock!
[18:01:26] Player (Sgt.Mad, 76561198003552490)(<3697.813232, 305.022583, 8241.600586>) requested data for lock!
[18:01:59] Player (Sgt.Mad, 76561198003552490)(<3697.813232, 305.022583, 8241.600586>) requested data for lock!
[18:06:28] Player (Sgt.Mad, 76561198003552490)(<3713.406982, 305.016174, 8274.994141>) requested data for lock!
[18:08:48] Player (Sgt.Mad, 76561198003552490)(<3709.645264, 305.018188, 8264.167969>) requested data for lock!
[18:22:16] Player (Sgt.Mad, 76561198003552490)(<3709.645264, 305.018188, 8264.167969>) requested data for lock!
[18:22:21] Player (Sgt.Mad, 76561198003552490)(<3713.406982, 305.016174, 8274.994141>) requested data for lock!
[06-30-2021][19.46.40] Log file reloaded ( Server Restart )
[23:57:07] Player (Ragnar Odinsson, 76561198120496196)(<11871.750977, 140.000000, 12461.352539>) requested data for lock!
[00:37:11] Player (Ragnar Odinsson, 76561198120496196)(<11871.750977, 140.000000, 12461.352539>) requested data for lock!
[01:23:16] Player (Ragnar Odinsson, 76561198120496196)(<6462.303223, 288.009430, 7408.134277>) requested data for lock!
[01:32:41] Player (Ragnar Odinsson, 76561198120496196)(<11871.750977, 140.000000, 12461.352539>) requested data for lock!
[01:35:55] Player (Ragnar Odinsson, 76561198120496196)(<11886.837891, 140.094803, 12438.333984>) requested data for lock!
[01:36:00] Player (Ragnar Odinsson, 76561198120496196)(<11886.837891, 140.094803, 12438.333984>) requested data for lock!
[01:40:19] Player (Capwell, 76561198079984427)(<11891.621094, 140.000000, 12490.179688>) requested data for lock!
[01:40:59] Player (Ragnar Odinsson, 76561198120496196)(<11891.621094, 140.000000, 12490.179688>) requested data for lock!
[01:42:10] Player (Capwell, 76561198079984427)(<11874.084961, 140.044266, 12447.125977>) requested data for lock!
[01:43:35] Player (Ragnar Odinsson, 76561198120496196)(<11874.084961, 140.044266, 12447.125977>) requested data for lock!
[01:43:43] Player (Ragnar Odinsson, 76561198120496196)(<11886.837891, 140.094803, 12438.333984>) requested data for lock!
[01:43:47] Player (Capwell, 76561198079984427)(<11891.621094, 140.000000, 12490.179688>) requested data for lock!
[01:44:10] Player (Capwell, 76561198079984427)(<11874.084961, 140.044266, 12447.125977>) requested data for lock!
[01:44:23] Player (Capwell, 76561198079984427)(<11874.084961, 140.044266, 12447.125977>) requested data for lock!
[01:44:35] Player (Ragnar Odinsson, 76561198120496196)(<11891.621094, 140.000000, 12490.179688>) requested data for lock!
[01:46:42] Player (Capwell, 76561198079984427)(<11848.901367, 140.081055, 12423.490234>) requested data for lock!
[01:46:42] Player (Ragnar Odinsson, 76561198120496196)(<11848.901367, 140.081055, 12423.490234>) requested data for lock!
[01:47:25] Player (Capwell, 76561198079984427)(<11848.901367, 140.081055, 12423.490234>) requested data for lock!
[01:47:38] Player (Ragnar Odinsson, 76561198120496196)(<11848.901367, 140.081055, 12423.490234>) requested data for lock!
[01:49:00] Player (Ragnar Odinsson, 76561198120496196)(<11886.837891, 140.094803, 12438.333984>) requested data for lock!
[03:01:02] Player (Ragnar Odinsson, 76561198120496196)(<11871.750977, 140.000000, 12461.352539>) requested data for lock!
[03:01:36] Player (Ragnar Odinsson, 76561198120496196)(<11871.750977, 140.000000, 12461.352539>) requested data for lock!
[03:07:07] Player (Ragnar Odinsson, 76561198120496196)(<6494.417480, 292.869812, 7391.889160>) requested data for lock!
[03:07:11] Player (HamdogCDXX, 76561198117011314)(<6494.417480, 292.869812, 7391.889160>) requested data for lock!
