[06-22-2021][01.33.51] New Synch Log File Created!
[01:35:59] Player (Sgt.Mad, 76561198003552490)(<3707.171143, 305.019745, 8255.572266>) requested data for lock!
[01:36:08] Player (Sgt.Mad, 76561198003552490)(<3707.171143, 305.019745, 8255.572266>) requested data for lock!
[01:36:14] Player (Sgt.Mad, 76561198003552490)(<3707.171143, 305.019745, 8255.572266>) requested data for lock!
[01:37:08] Player (Sgt.Mad, 76561198003552490)(<3707.171143, 305.019745, 8255.572266>) requested data for lock!
[01:40:27] Player (Sgt.Mad, 76561198003552490)(<3707.171143, 305.019745, 8255.572266>) requested data for lock!
[01:47:05] Player (Sgt.Mad, 76561198003552490)(<3707.171143, 305.019745, 8255.572266>) requested data for lock!
[01:48:24] Player (Sgt.Mad, 76561198003552490)(<3710.877686, 305.017548, 8267.669922>) requested data for lock!
[01:49:32] Player (Sgt.Mad, 76561198003552490)(<3697.813232, 305.022583, 8241.600586>) requested data for lock!
[06-22-2021][07.38.34] Log file reloaded ( Server Restart )
[16:50:18] Player (Ragnar Odinsson, 76561198120496196)(<11874.084961, 140.044266, 12447.125977>) requested data for lock!
[16:50:23] Player (Ragnar Odinsson, 76561198120496196)(<11874.084961, 140.044266, 12447.125977>) requested data for lock!
[16:50:28] Player (Ragnar Odinsson, 76561198120496196)(<11874.084961, 140.044266, 12447.125977>) requested data for lock!
[16:50:28] Player (Capwell, 76561198079984427)(<11874.084961, 140.044266, 12447.125977>) requested data for lock!
[16:50:33] Player (Ragnar Odinsson, 76561198120496196)(<11874.084961, 140.044266, 12447.125977>) requested data for lock!
[16:50:33] Player (Capwell, 76561198079984427)(<11874.084961, 140.044266, 12447.125977>) requested data for lock!
[16:51:14] Player (Capwell, 76561198079984427)(<11874.084961, 140.044266, 12447.125977>) requested data for lock!
[16:51:15] Player (Ragnar Odinsson, 76561198120496196)(<11874.084961, 140.044266, 12447.125977>) requested data for lock!
[16:51:19] Player (Capwell, 76561198079984427)(<11874.084961, 140.044266, 12447.125977>) requested data for lock!
[16:51:20] Player (Ragnar Odinsson, 76561198120496196)(<11874.084961, 140.044266, 12447.125977>) requested data for lock!
[16:51:31] Player (Capwell, 76561198079984427)(<11874.084961, 140.044266, 12447.125977>) requested data for lock!
[16:51:34] Player (Ragnar Odinsson, 76561198120496196)(<11874.084961, 140.044266, 12447.125977>) requested data for lock!
[16:51:36] Player (Capwell, 76561198079984427)(<11874.084961, 140.044266, 12447.125977>) requested data for lock!
[16:51:39] Player (Ragnar Odinsson, 76561198120496196)(<11874.084961, 140.044266, 12447.125977>) requested data for lock!
[16:51:58] Player (Capwell, 76561198079984427)(<11874.084961, 140.044266, 12447.125977>) requested data for lock!
[16:52:03] Player (Capwell, 76561198079984427)(<11874.084961, 140.044266, 12447.125977>) requested data for lock!
[16:52:08] Player (Capwell, 76561198079984427)(<11874.084961, 140.044266, 12447.125977>) requested data for lock!
[16:52:13] Player (Capwell, 76561198079984427)(<11874.084961, 140.044266, 12447.125977>) requested data for lock!
[16:52:18] Player (Capwell, 76561198079984427)(<11874.084961, 140.044266, 12447.125977>) requested data for lock!
[16:52:23] Player (Capwell, 76561198079984427)(<11874.084961, 140.044266, 12447.125977>) requested data for lock!
[16:57:16] Player (Ragnar Odinsson, 76561198120496196)(<11874.084961, 140.044266, 12447.125977>) requested data for lock!
[16:58:56] Player (Ragnar Odinsson, 76561198120496196)(<11874.084961, 140.044266, 12447.125977>) requested data for lock!
[17:01:51] Player (Capwell, 76561198079984427)(<11874.084961, 140.044266, 12447.125977>) requested data for lock!
[06-22-2021][18.31.49] Log file reloaded ( Server Restart )
[18:36:01] Player (Sgt.Mad, 76561198003552490)(<11874.084961, 140.044266, 12447.125977>) requested data for lock!
[18:36:07] Player (Ragnar Odinsson, 76561198120496196)(<11874.084961, 140.044266, 12447.125977>) requested data for lock!
[18:36:08] Player (Sgt.Mad, 76561198003552490)(<11874.084961, 140.044266, 12447.125977>) requested data for lock!
[18:36:13] Player (Sgt.Mad, 76561198003552490)(<11874.084961, 140.044266, 12447.125977>) requested data for lock!
[18:36:18] Player (Sgt.Mad, 76561198003552490)(<11874.084961, 140.044266, 12447.125977>) requested data for lock!
[18:36:21] Player (Ragnar Odinsson, 76561198120496196)(<11874.084961, 140.044266, 12447.125977>) requested data for lock!
[18:36:23] Player (Sgt.Mad, 76561198003552490)(<11874.084961, 140.044266, 12447.125977>) requested data for lock!
[20:55:04] Player (Capwell, 76561198079984427)(<11874.084961, 140.044266, 12447.125977>) requested data for lock!
[20:55:10] Player (Sgt.Mad, 76561198003552490)(<11874.084961, 140.044266, 12447.125977>) requested data for lock!
[21:17:56] Player (Sgt.Mad, 76561198003552490)(<11874.084961, 140.044266, 12447.125977>) requested data for lock!
[21:23:05] Player (Sgt.Mad, 76561198003552490)(<11874.084961, 140.044266, 12447.125977>) requested data for lock!
[21:24:59] Player (Sgt.Mad, 76561198003552490)(<11874.084961, 140.044266, 12447.125977>) requested data for lock!
[21:58:11] Player (Ragnar Odinsson, 76561198120496196)(<11874.084961, 140.044266, 12447.125977>) requested data for lock!
[21:58:19] Player (Ragnar Odinsson, 76561198120496196)(<11874.084961, 140.044266, 12447.125977>) requested data for lock!
[22:07:27] Player (Ragnar Odinsson, 76561198120496196)(<11848.901367, 140.081055, 12423.490234>) requested data for lock!
[22:07:32] Player (Ragnar Odinsson, 76561198120496196)(<11848.901367, 140.081055, 12423.490234>) requested data for lock!
[22:14:05] Player (Ragnar Odinsson, 76561198120496196)(<11890.299805, 140.024658, 12443.185547>) requested data for lock!
[22:14:11] Player (Ragnar Odinsson, 76561198120496196)(<11890.299805, 140.024658, 12443.185547>) requested data for lock!
[22:14:18] Player (Ragnar Odinsson, 76561198120496196)(<11890.299805, 140.024658, 12443.185547>) requested data for lock!
[22:15:21] Player (Ragnar Odinsson, 76561198120496196)(<11890.299805, 140.024658, 12443.185547>) requested data for lock!
[22:18:43] Player (Ragnar Odinsson, 76561198120496196)(<11848.901367, 140.081055, 12423.490234>) requested data for lock!
[22:22:55] Player (Ragnar Odinsson, 76561198120496196)(<11874.084961, 140.044266, 12447.125977>) requested data for lock!
[22:32:52] Player (Ragnar Odinsson, 76561198120496196)(<11875.234375, 142.940567, 12475.112305>) requested data for lock!
[22:33:01] Player (Ragnar Odinsson, 76561198120496196)(<11891.621094, 140.000000, 12490.179688>) requested data for lock!
[22:33:06] Player (Ragnar Odinsson, 76561198120496196)(<11891.621094, 140.000000, 12490.179688>) requested data for lock!
[22:33:15] Player (Ragnar Odinsson, 76561198120496196)(<11891.621094, 140.000000, 12490.179688>) requested data for lock!
