[06-14-2021][02.37.39] New Synch Log File Created!
[07:23:15] Player (M. FireStorm, 76561198153058532)(<5737.805176, 474.633850, 15212.271484>) requested data for lock!
[07:23:41] Player (M. FireStorm, 76561198153058532)(<5735.729004, 477.538849, 15225.748047>) requested data for lock!
[07:23:46] Player (M. FireStorm, 76561198153058532)(<5735.728027, 480.547211, 15225.750977>) requested data for lock!
[07:23:52] Player (M. FireStorm, 76561198153058532)(<5733.660156, 480.615234, 15229.815430>) requested data for lock!
[07:24:16] Player (M. FireStorm, 76561198153058532)(<5735.729004, 477.538849, 15225.748047>) requested data for lock!
[07:24:41] Player (M. FireStorm, 76561198153058532)(<5737.805176, 474.633850, 15212.271484>) requested data for lock!
[07:27:53] Player (M. FireStorm, 76561198153058532)(<5746.302246, 474.358978, 15190.466797>) requested data for lock!
[08:11:10] Player (M. FireStorm, 76561198153058532)(<5746.302246, 474.358978, 15190.466797>) requested data for lock!
[08:11:33] Player (M. FireStorm, 76561198153058532)(<5736.681641, 474.201874, 15197.967773>) requested data for lock!
[08:11:50] Player (M. FireStorm, 76561198153058532)(<5737.805176, 474.633850, 15212.271484>) requested data for lock!
[08:11:58] Player (M. FireStorm, 76561198153058532)(<5735.729004, 477.538849, 15225.748047>) requested data for lock!
[08:12:04] Player (M. FireStorm, 76561198153058532)(<5745.802246, 477.624207, 15217.144531>) requested data for lock!
[08:12:09] Player (M. FireStorm, 76561198153058532)(<5745.802246, 477.624207, 15217.144531>) requested data for lock!
[08:12:14] Player (M. FireStorm, 76561198153058532)(<5745.802246, 477.624207, 15217.144531>) requested data for lock!
[08:12:19] Player (M. FireStorm, 76561198153058532)(<5745.802246, 477.624207, 15217.144531>) requested data for lock!
[08:12:25] Player (M. FireStorm, 76561198153058532)(<5739.960449, 477.623993, 15215.760742>) requested data for lock!
[08:12:30] Player (M. FireStorm, 76561198153058532)(<5739.960449, 477.623993, 15215.760742>) requested data for lock!
[08:12:36] Player (M. FireStorm, 76561198153058532)(<5739.960449, 477.623993, 15215.760742>) requested data for lock!
[08:12:53] Player (M. FireStorm, 76561198153058532)(<5735.728027, 480.547211, 15225.750977>) requested data for lock!
[08:13:01] Player (M. FireStorm, 76561198153058532)(<5737.805176, 474.633850, 15212.271484>) requested data for lock!
[08:13:14] Player (M. FireStorm, 76561198153058532)(<5709.220215, 474.097504, 15211.759766>) requested data for lock!
[08:13:19] Player (M. FireStorm, 76561198153058532)(<5709.220215, 474.097504, 15211.759766>) requested data for lock!
[08:13:24] Player (M. FireStorm, 76561198153058532)(<5709.220215, 474.097504, 15211.759766>) requested data for lock!
[08:16:13] Player (M. FireStorm, 76561198153058532)(<5737.805176, 474.633850, 15212.271484>) requested data for lock!
[08:16:20] Player (M. FireStorm, 76561198153058532)(<5730.156738, 474.598480, 15231.959961>) requested data for lock!
[08:16:31] Player (M. FireStorm, 76561198153058532)(<5735.728027, 480.547211, 15225.750977>) requested data for lock!
[08:16:37] Player (M. FireStorm, 76561198153058532)(<5739.960449, 477.623993, 15215.760742>) requested data for lock!
[08:18:12] Player (M. FireStorm, 76561198153058532)(<5739.960449, 477.623993, 15215.760742>) requested data for lock!
[08:21:53] Player (M. FireStorm, 76561198153058532)(<5746.302246, 474.358978, 15190.466797>) requested data for lock!
[11:49:33] Player (M. FireStorm, 76561198153058532)(<5746.302246, 474.358978, 15190.466797>) requested data for lock!
[11:50:51] Player (M. FireStorm, 76561198153058532)(<5736.681641, 474.201874, 15197.967773>) requested data for lock!
[11:52:32] Player (M. FireStorm, 76561198153058532)(<5737.805176, 474.633850, 15212.271484>) requested data for lock!
[11:56:33] Player (M. FireStorm, 76561198153058532)(<5736.681641, 474.201874, 15197.967773>) requested data for lock!
[12:15:43] Player (M. FireStorm, 76561198153058532)(<5737.401855, 477.624664, 15227.500977>) requested data for lock!
[12:15:48] Player (M. FireStorm, 76561198153058532)(<5739.960449, 477.623993, 15215.760742>) requested data for lock!
[12:17:30] Player (M. FireStorm, 76561198153058532)(<5735.728027, 480.547211, 15225.750977>) requested data for lock!
[12:20:29] Player (M. FireStorm, 76561198153058532)(<5732.001465, 482.252106, 15209.359375>) requested data for lock!
[12:21:37] Player (M. FireStorm, 76561198153058532)(<5746.302246, 474.358978, 15190.466797>) requested data for lock!
[12:21:42] Player (M. FireStorm, 76561198153058532)(<5746.302246, 474.358978, 15190.466797>) requested data for lock!
[12:23:29] Player (M. FireStorm, 76561198153058532)(<5746.302246, 474.358978, 15190.466797>) requested data for lock!
[12:25:13] Player (M. FireStorm, 76561198153058532)(<5746.302246, 474.358978, 15190.466797>) requested data for lock!
[12:27:05] Player (M. FireStorm, 76561198153058532)(<5736.681641, 474.201874, 15197.967773>) requested data for lock!
[12:27:39] Player (M. FireStorm, 76561198153058532)(<5709.220215, 474.097504, 15211.759766>) requested data for lock!
[12:29:53] Player (M. FireStorm, 76561198153058532)(<5746.302246, 474.358978, 15190.466797>) requested data for lock!
[12:34:53] Player (M. FireStorm, 76561198153058532)(<5746.302246, 474.358978, 15190.466797>) requested data for lock!
[12:36:33] Player (M. FireStorm, 76561198153058532)(<5735.728027, 480.547211, 15225.750977>) requested data for lock!
[12:36:38] Player (M. FireStorm, 76561198153058532)(<5733.660156, 480.615234, 15229.815430>) requested data for lock!
[12:38:27] Player (M. FireStorm, 76561198153058532)(<5746.302246, 474.358978, 15190.466797>) requested data for lock!
[12:38:37] Player (M. FireStorm, 76561198153058532)(<5746.302246, 474.358978, 15190.466797>) requested data for lock!
[12:39:18] Player (M. FireStorm, 76561198153058532)(<5746.302246, 474.358978, 15190.466797>) requested data for lock!
[12:39:55] Player (M. FireStorm, 76561198153058532)(<5746.302246, 474.358978, 15190.466797>) requested data for lock!
[12:40:38] Player (M. FireStorm, 76561198153058532)(<5746.302246, 474.358978, 15190.466797>) requested data for lock!
[12:41:23] Player (M. FireStorm, 76561198153058532)(<5746.302246, 474.358978, 15190.466797>) requested data for lock!
[12:41:38] Player (M. FireStorm, 76561198153058532)(<5746.302246, 474.358978, 15190.466797>) requested data for lock!
[12:41:47] Player (M. FireStorm, 76561198153058532)(<5746.302246, 474.358978, 15190.466797>) requested data for lock!
[12:41:54] Player (M. FireStorm, 76561198153058532)(<5746.302246, 474.358978, 15190.466797>) requested data for lock!
[12:43:31] Player (M. FireStorm, 76561198153058532)(<5746.302246, 474.358978, 15190.466797>) requested data for lock!
[12:44:28] Player (M. FireStorm, 76561198153058532)(<5746.302246, 474.358978, 15190.466797>) requested data for lock!
[12:45:18] Player (M. FireStorm, 76561198153058532)(<5746.302246, 474.358978, 15190.466797>) requested data for lock!
[12:45:38] Player (M. FireStorm, 76561198153058532)(<5746.302246, 474.358978, 15190.466797>) requested data for lock!
[13:00:53] Player (M. FireStorm, 76561198153058532)(<5732.001465, 482.252106, 15209.359375>) requested data for lock!
[13:03:26] Player (M. FireStorm, 76561198153058532)(<5732.001465, 482.252106, 15209.359375>) requested data for lock!
[13:08:28] Player (M. FireStorm, 76561198153058532)(<5733.660156, 480.615234, 15229.815430>) requested data for lock!
[06-14-2021][13.30.48] Log file reloaded ( Server Restart )
[13:34:49] Player (M. FireStorm, 76561198153058532)(<5732.001465, 482.252106, 15209.359375>) requested data for lock!
[13:35:19] Player (M. FireStorm, 76561198153058532)(<5730.156738, 474.598480, 15231.959961>) requested data for lock!
[13:40:49] Player (M. FireStorm, 76561198153058532)(<5732.001465, 482.252106, 15209.359375>) requested data for lock!
[13:40:58] Player (M. FireStorm, 76561198153058532)(<5736.403809, 480.615234, 15218.120117>) requested data for lock!
[13:41:03] Player (M. FireStorm, 76561198153058532)(<5736.403809, 480.615234, 15218.120117>) requested data for lock!
[13:41:10] Player (M. FireStorm, 76561198153058532)(<5743.325195, 480.564178, 15209.271484>) requested data for lock!
[13:41:15] Player (M. FireStorm, 76561198153058532)(<5743.325195, 480.564178, 15209.271484>) requested data for lock!
[13:41:53] Player (M. FireStorm, 76561198153058532)(<5733.660156, 480.615234, 15229.815430>) requested data for lock!
[13:43:06] Player (M. FireStorm, 76561198153058532)(<5743.325195, 480.564178, 15209.271484>) requested data for lock!
[13:47:32] Player (M. FireStorm, 76561198153058532)(<5732.001465, 482.252106, 15209.359375>) requested data for lock!
[13:47:39] Player (M. FireStorm, 76561198153058532)(<5743.325195, 480.564178, 15209.271484>) requested data for lock!
[13:47:47] Player (M. FireStorm, 76561198153058532)(<5733.660156, 480.615234, 15229.815430>) requested data for lock!
[14:04:14] Player (M. FireStorm, 76561198153058532)(<5745.802246, 477.624207, 15217.144531>) requested data for lock!
[14:04:37] Player (M. FireStorm, 76561198153058532)(<5746.302246, 474.358978, 15190.466797>) requested data for lock!
[14:06:08] Player (M. FireStorm, 76561198153058532)(<5732.001465, 482.252106, 15209.359375>) requested data for lock!
[14:10:42] Player (M. FireStorm, 76561198153058532)(<5746.302246, 474.358978, 15190.466797>) requested data for lock!
[14:13:13] Player (M. FireStorm, 76561198153058532)(<5744.417480, 474.616058, 15222.993164>) requested data for lock!
[14:15:05] Player (M. FireStorm, 76561198153058532)(<5746.302246, 474.358978, 15190.466797>) requested data for lock!
[14:17:11] Player (M. FireStorm, 76561198153058532)(<5709.220215, 474.097504, 15211.759766>) requested data for lock!
[14:17:50] Player (M. FireStorm, 76561198153058532)(<5736.681641, 474.201874, 15197.967773>) requested data for lock!
[14:20:33] Player (M. FireStorm, 76561198153058532)(<5746.302246, 474.358978, 15190.466797>) requested data for lock!
[14:20:50] Player (M. FireStorm, 76561198153058532)(<5736.681641, 474.201874, 15197.967773>) requested data for lock!
[14:28:52] Player (M. FireStorm, 76561198153058532)(<5733.660156, 480.615234, 15229.815430>) requested data for lock!
[14:31:02] Player (M. FireStorm, 76561198153058532)(<5736.403809, 480.615234, 15218.120117>) requested data for lock!
[14:37:09] Player (M. FireStorm, 76561198153058532)(<5746.302246, 474.358978, 15190.466797>) requested data for lock!
[14:40:18] Player (M. FireStorm, 76561198153058532)(<5709.220215, 474.097504, 15211.759766>) requested data for lock!
[14:40:29] Player (M. FireStorm, 76561198153058532)(<5736.681641, 474.201874, 15197.967773>) requested data for lock!
[14:40:35] Player (M. FireStorm, 76561198153058532)(<5730.156738, 474.598480, 15231.959961>) requested data for lock!
[14:42:29] Player (M. FireStorm, 76561198153058532)(<5745.802246, 477.624207, 15217.144531>) requested data for lock!
[14:42:37] Player (M. FireStorm, 76561198153058532)(<5746.302246, 474.358978, 15190.466797>) requested data for lock!
[14:42:48] Player (M. FireStorm, 76561198153058532)(<5746.302246, 474.358978, 15190.466797>) requested data for lock!
[14:45:56] Player (M. FireStorm, 76561198153058532)(<5736.681641, 474.201874, 15197.967773>) requested data for lock!
[14:48:30] Player (M. FireStorm, 76561198153058532)(<5736.681641, 474.201874, 15197.967773>) requested data for lock!
[14:49:41] Player (Sgt.Mad, 76561198003552490)(<5709.220215, 474.097504, 15211.759766>) requested data for lock!
[14:51:27] Player (M. FireStorm, 76561198153058532)(<5737.805176, 474.633850, 15212.271484>) requested data for lock!
[14:51:51] Player (M. FireStorm, 76561198153058532)(<5730.156738, 474.598480, 15231.959961>) requested data for lock!
[14:53:38] Player (M. FireStorm, 76561198153058532)(<5743.325195, 480.564178, 15209.271484>) requested data for lock!
[15:01:43] Player (Sgt.Mad, 76561198003552490)(<5746.302246, 474.358978, 15190.466797>) requested data for lock!
[15:08:29] Player (Sgt.Mad, 76561198003552490)(<5746.302246, 474.358978, 15190.466797>) requested data for lock!
[15:08:34] Player (Sgt.Mad, 76561198003552490)(<5746.302246, 474.358978, 15190.466797>) requested data for lock!
[15:08:39] Player (Sgt.Mad, 76561198003552490)(<5746.302246, 474.358978, 15190.466797>) requested data for lock!
[15:08:44] Player (Sgt.Mad, 76561198003552490)(<5746.302246, 474.358978, 15190.466797>) requested data for lock!
[15:08:49] Player (Sgt.Mad, 76561198003552490)(<5746.302246, 474.358978, 15190.466797>) requested data for lock!
[15:09:15] Player (Sgt.Mad, 76561198003552490)(<5746.302246, 474.358978, 15190.466797>) requested data for lock!
[15:19:47] Player (M. FireStorm, 76561198153058532)(<5735.728027, 480.547211, 15225.750977>) requested data for lock!
[15:22:00] Player (M. FireStorm, 76561198153058532)(<5735.728027, 480.547211, 15225.750977>) requested data for lock!
[15:22:08] Player (M. FireStorm, 76561198153058532)(<5735.728027, 480.547211, 15225.750977>) requested data for lock!
[15:22:12] Player (M. FireStorm, 76561198153058532)(<5735.729004, 477.538849, 15225.748047>) requested data for lock!
[15:22:23] Player (M. FireStorm, 76561198153058532)(<5739.960449, 477.623993, 15215.760742>) requested data for lock!
[15:22:28] Player (M. FireStorm, 76561198153058532)(<5735.729004, 477.538849, 15225.748047>) requested data for lock!
[15:22:49] Player (M. FireStorm, 76561198153058532)(<5736.681641, 474.201874, 15197.967773>) requested data for lock!
[15:23:54] Player (M. FireStorm, 76561198153058532)(<5736.681641, 474.201874, 15197.967773>) requested data for lock!
[15:24:47] Player (M. FireStorm, 76561198153058532)(<5736.681641, 474.201874, 15197.967773>) requested data for lock!
[15:25:02] Player (M. FireStorm, 76561198153058532)(<5746.302246, 474.358978, 15190.466797>) requested data for lock!
[15:26:35] Player (M. FireStorm, 76561198153058532)(<5746.302246, 474.358978, 15190.466797>) requested data for lock!
[15:27:13] Player (M. FireStorm, 76561198153058532)(<5746.302246, 474.358978, 15190.466797>) requested data for lock!
[15:49:21] Player (M. FireStorm, 76561198153058532)(<5746.302246, 474.358978, 15190.466797>) requested data for lock!
[15:49:48] Player (M. FireStorm, 76561198153058532)(<5737.805176, 474.633850, 15212.271484>) requested data for lock!
[15:51:31] Player (M. FireStorm, 76561198153058532)(<5737.805176, 474.633850, 15212.271484>) requested data for lock!
[15:51:59] Player (M. FireStorm, 76561198153058532)(<5735.729004, 477.538849, 15225.748047>) requested data for lock!
[15:52:04] Player (M. FireStorm, 76561198153058532)(<5735.728027, 480.547211, 15225.750977>) requested data for lock!
[15:52:09] Player (M. FireStorm, 76561198153058532)(<5737.401855, 477.624664, 15227.500977>) requested data for lock!
[15:52:14] Player (M. FireStorm, 76561198153058532)(<5739.960449, 477.623993, 15215.760742>) requested data for lock!
[06-14-2021][17.24.54] Log file reloaded ( Server Restart )
[17:39:32] Player (M. FireStorm, 76561198153058532)(<5732.001465, 482.252106, 15209.359375>) requested data for lock!
[17:39:40] Player (M. FireStorm, 76561198153058532)(<5743.325195, 480.564178, 15209.271484>) requested data for lock!
[17:39:47] Player (M. FireStorm, 76561198153058532)(<5743.325195, 480.564178, 15209.271484>) requested data for lock!
[17:39:52] Player (M. FireStorm, 76561198153058532)(<5739.960449, 477.623993, 15215.760742>) requested data for lock!
[17:39:57] Player (M. FireStorm, 76561198153058532)(<5737.401855, 477.624664, 15227.500977>) requested data for lock!
[17:40:02] Player (M. FireStorm, 76561198153058532)(<5735.728027, 480.547211, 15225.750977>) requested data for lock!
[17:40:14] Player (M. FireStorm, 76561198153058532)(<5735.728027, 480.547211, 15225.750977>) requested data for lock!
[17:40:19] Player (M. FireStorm, 76561198153058532)(<5733.660156, 480.615234, 15229.815430>) requested data for lock!
[17:41:47] Player (Ragnar Odinsson, 76561198120496196)(<6467.832520, 287.828979, 7408.062012>) requested data for lock!
[17:41:52] Player (Ragnar Odinsson, 76561198120496196)(<6467.832520, 287.828979, 7408.062012>) requested data for lock!
[17:41:57] Player (Ragnar Odinsson, 76561198120496196)(<6467.832520, 287.828979, 7408.062012>) requested data for lock!
[17:42:02] Player (Ragnar Odinsson, 76561198120496196)(<6467.832520, 287.828979, 7408.062012>) requested data for lock!
[17:42:07] Player (Ragnar Odinsson, 76561198120496196)(<6467.832520, 287.828979, 7408.062012>) requested data for lock!
[17:42:16] Player (Ragnar Odinsson, 76561198120496196)(<6467.832520, 287.828979, 7408.062012>) requested data for lock!
[17:42:21] Player (Ragnar Odinsson, 76561198120496196)(<6467.832520, 287.828979, 7408.062012>) requested data for lock!
[17:42:26] Player (Ragnar Odinsson, 76561198120496196)(<6467.832520, 287.828979, 7408.062012>) requested data for lock!
[17:42:39] Player (M. FireStorm, 76561198153058532)(<5733.660156, 480.615234, 15229.815430>) requested data for lock!
[17:42:44] Player (M. FireStorm, 76561198153058532)(<5735.728027, 480.547211, 15225.750977>) requested data for lock!
[17:42:49] Player (M. FireStorm, 76561198153058532)(<5735.729004, 477.538849, 15225.748047>) requested data for lock!
[17:42:51] Player (Ragnar Odinsson, 76561198120496196)(<6467.832520, 287.828979, 7408.062012>) requested data for lock!
[17:42:55] Player (M. FireStorm, 76561198153058532)(<5730.156738, 474.598480, 15231.959961>) requested data for lock!
[17:43:21] Player (M. FireStorm, 76561198153058532)(<5735.729004, 477.538849, 15225.748047>) requested data for lock!
[17:43:26] Player (M. FireStorm, 76561198153058532)(<5737.401855, 477.624664, 15227.500977>) requested data for lock!
[17:43:26] Player (Ragnar Odinsson, 76561198120496196)(<6467.832520, 287.828979, 7408.062012>) requested data for lock!
[17:43:31] Player (Ragnar Odinsson, 76561198120496196)(<6467.832520, 287.828979, 7408.062012>) requested data for lock!
[17:43:31] Player (M. FireStorm, 76561198153058532)(<5739.960449, 477.623993, 15215.760742>) requested data for lock!
[17:43:36] Player (Ragnar Odinsson, 76561198120496196)(<6467.832520, 287.828979, 7408.062012>) requested data for lock!
[17:43:40] Player (M. FireStorm, 76561198153058532)(<5737.805176, 474.633850, 15212.271484>) requested data for lock!
[17:43:45] Player (M. FireStorm, 76561198153058532)(<5743.325195, 480.564178, 15209.271484>) requested data for lock!
[17:43:52] Player (Ragnar Odinsson, 76561198120496196)(<6462.303223, 288.009430, 7408.134277>) requested data for lock!
[17:43:57] Player (Ragnar Odinsson, 76561198120496196)(<6462.303223, 288.009430, 7408.134277>) requested data for lock!
[17:44:15] Player (M. FireStorm, 76561198153058532)(<5732.001465, 482.252106, 15209.359375>) requested data for lock!
[17:45:49] Player (M. FireStorm, 76561198153058532)(<5743.325195, 480.564178, 15209.271484>) requested data for lock!
[17:46:00] Player (M. FireStorm, 76561198153058532)(<5737.401855, 477.624664, 15227.500977>) requested data for lock!
[17:46:18] Player (Ragnar Odinsson, 76561198120496196)(<6462.303223, 288.009430, 7408.134277>) requested data for lock!
[17:46:23] Player (M. FireStorm, 76561198153058532)(<5737.805176, 474.633850, 15212.271484>) requested data for lock!
[17:46:36] Player (M. FireStorm, 76561198153058532)(<5736.681641, 474.201874, 15197.967773>) requested data for lock!
[17:47:35] Player (M. FireStorm, 76561198153058532)(<5736.681641, 474.201874, 15197.967773>) requested data for lock!
[17:48:03] Player (M. FireStorm, 76561198153058532)(<5735.728027, 480.547211, 15225.750977>) requested data for lock!
[17:48:09] Player (M. FireStorm, 76561198153058532)(<5739.960449, 477.623993, 15215.760742>) requested data for lock!
[17:48:16] Player (M. FireStorm, 76561198153058532)(<5743.325195, 480.564178, 15209.271484>) requested data for lock!
[17:48:21] Player (M. FireStorm, 76561198153058532)(<5732.001465, 482.252106, 15209.359375>) requested data for lock!
[17:48:36] Player (M. FireStorm, 76561198153058532)(<5732.001465, 482.252106, 15209.359375>) requested data for lock!
[17:48:48] Player (M. FireStorm, 76561198153058532)(<5736.681641, 474.201874, 15197.967773>) requested data for lock!
[17:50:25] Player (M. FireStorm, 76561198153058532)(<5736.681641, 474.201874, 15197.967773>) requested data for lock!
[17:50:34] Player (M. FireStorm, 76561198153058532)(<5737.805176, 474.633850, 15212.271484>) requested data for lock!
[17:50:48] Player (M. FireStorm, 76561198153058532)(<5737.401855, 477.624664, 15227.500977>) requested data for lock!
[17:50:55] Player (M. FireStorm, 76561198153058532)(<5739.960449, 477.623993, 15215.760742>) requested data for lock!
[17:51:01] Player (M. FireStorm, 76561198153058532)(<5743.325195, 480.564178, 15209.271484>) requested data for lock!
[17:51:20] Player (Ragnar Odinsson, 76561198120496196)(<6462.303223, 288.009430, 7408.134277>) requested data for lock!
[17:52:01] Player (M. FireStorm, 76561198153058532)(<5743.325195, 480.564178, 15209.271484>) requested data for lock!
[17:52:09] Player (M. FireStorm, 76561198153058532)(<5739.960449, 477.623993, 15215.760742>) requested data for lock!
[17:52:18] Player (M. FireStorm, 76561198153058532)(<5730.156738, 474.598480, 15231.959961>) requested data for lock!
[17:54:21] Player (Ragnar Odinsson, 76561198120496196)(<6462.303223, 288.009430, 7408.134277>) requested data for lock!
[17:55:21] Player (M. FireStorm, 76561198153058532)(<5737.805176, 474.633850, 15212.271484>) requested data for lock!
[17:55:43] Player (M. FireStorm, 76561198153058532)(<5737.401855, 477.624664, 15227.500977>) requested data for lock!
[17:55:52] Player (M. FireStorm, 76561198153058532)(<5743.325195, 480.564178, 15209.271484>) requested data for lock!
[17:56:15] Player (M. FireStorm, 76561198153058532)(<5743.325195, 480.564178, 15209.271484>) requested data for lock!
[17:56:23] Player (M. FireStorm, 76561198153058532)(<5739.960449, 477.623993, 15215.760742>) requested data for lock!
[17:56:31] Player (M. FireStorm, 76561198153058532)(<5735.729004, 477.538849, 15225.748047>) requested data for lock!
[17:58:21] Player (M. FireStorm, 76561198153058532)(<5738.168457, 474.616486, 15236.831055>) requested data for lock!
[17:59:28] Player (M. FireStorm, 76561198153058532)(<5738.168457, 474.616486, 15236.831055>) requested data for lock!
[17:59:33] Player (M. FireStorm, 76561198153058532)(<5738.168457, 474.616486, 15236.831055>) requested data for lock!
[18:00:40] Player (M. FireStorm, 76561198153058532)(<5730.156738, 474.598480, 15231.959961>) requested data for lock!
[18:01:10] Player (M. FireStorm, 76561198153058532)(<5744.417480, 474.616058, 15222.993164>) requested data for lock!
[18:01:30] Player (M. FireStorm, 76561198153058532)(<5746.302246, 474.358978, 15190.466797>) requested data for lock!
[18:02:04] Player (M. FireStorm, 76561198153058532)(<5746.302246, 474.358978, 15190.466797>) requested data for lock!
[18:02:09] Player (M. FireStorm, 76561198153058532)(<5746.302246, 474.358978, 15190.466797>) requested data for lock!
[18:06:55] Player (M. FireStorm, 76561198153058532)(<5746.302246, 474.358978, 15190.466797>) requested data for lock!
[18:14:15] Player (M. FireStorm, 76561198153058532)(<5744.417480, 474.616058, 15222.993164>) requested data for lock!
[18:21:42] Player (M. FireStorm, 76561198153058532)(<5746.302246, 474.358978, 15190.466797>) requested data for lock!
[18:22:31] Player (M. FireStorm, 76561198153058532)(<5746.302246, 474.358978, 15190.466797>) requested data for lock!
[18:27:52] Player (M. FireStorm, 76561198153058532)(<5746.302246, 474.358978, 15190.466797>) requested data for lock!
[18:28:11] Player (M. FireStorm, 76561198153058532)(<5746.302246, 474.358978, 15190.466797>) requested data for lock!
[18:30:19] Player (M. FireStorm, 76561198153058532)(<5794.265625, 473.792511, 15225.167969>) requested data for lock!
[18:30:24] Player (M. FireStorm, 76561198153058532)(<5794.265625, 473.792511, 15225.167969>) requested data for lock!
[18:30:29] Player (M. FireStorm, 76561198153058532)(<5794.265625, 473.792511, 15225.167969>) requested data for lock!
[18:30:45] Player (M. FireStorm, 76561198153058532)(<5746.630859, 474.770782, 15166.892578>) requested data for lock!
[18:31:05] Player (M. FireStorm, 76561198153058532)(<5746.302246, 474.358978, 15190.466797>) requested data for lock!
[18:31:22] Player (M. FireStorm, 76561198153058532)(<5737.805176, 474.633850, 15212.271484>) requested data for lock!
[18:31:59] Player (M. FireStorm, 76561198153058532)(<5735.729004, 477.538849, 15225.748047>) requested data for lock!
[18:32:30] Player (M. FireStorm, 76561198153058532)(<5746.302246, 474.358978, 15190.466797>) requested data for lock!
[18:40:45] Player (M. FireStorm, 76561198153058532)(<5745.802246, 477.624207, 15217.144531>) requested data for lock!
[18:40:52] Player (M. FireStorm, 76561198153058532)(<5743.325195, 480.564178, 15209.271484>) requested data for lock!
[18:42:09] Player (M. FireStorm, 76561198153058532)(<5732.001465, 482.252106, 15209.359375>) requested data for lock!
[18:43:12] Player (M. FireStorm, 76561198153058532)(<5732.001465, 482.252106, 15209.359375>) requested data for lock!
[18:43:21] Player (M. FireStorm, 76561198153058532)(<5737.401855, 477.624664, 15227.500977>) requested data for lock!
[18:43:26] Player (M. FireStorm, 76561198153058532)(<5733.660156, 480.615234, 15229.815430>) requested data for lock!
[18:45:03] Player (M. FireStorm, 76561198153058532)(<5732.001465, 482.252106, 15209.359375>) requested data for lock!
[18:45:43] Player (M. FireStorm, 76561198153058532)(<5730.156738, 474.598480, 15231.959961>) requested data for lock!
[18:48:22] Player (M. FireStorm, 76561198153058532)(<5746.302246, 474.358978, 15190.466797>) requested data for lock!
[19:01:46] Player (M. FireStorm, 76561198153058532)(<5744.417480, 474.616058, 15222.993164>) requested data for lock!
[19:02:22] Player (M. FireStorm, 76561198153058532)(<5744.417480, 474.616058, 15222.993164>) requested data for lock!
[19:04:13] Player (M. FireStorm, 76561198153058532)(<5794.265625, 473.792511, 15225.167969>) requested data for lock!
[19:06:05] Player (M. FireStorm, 76561198153058532)(<5746.630859, 474.770782, 15166.892578>) requested data for lock!
[19:07:36] Player (Ragnar Odinsson, 76561198120496196)(<5746.302246, 474.358978, 15190.466797>) requested data for lock!
[19:08:29] Player (Capwell, 76561198079984427)(<5745.802246, 477.624207, 15217.144531>) requested data for lock!
[19:08:35] Player (Capwell, 76561198079984427)(<5745.802246, 477.624207, 15217.144531>) requested data for lock!
[19:08:49] Player (Capwell, 76561198079984427)(<5744.417480, 474.616058, 15222.993164>) requested data for lock!
[19:09:07] Player (Capwell, 76561198079984427)(<5744.417480, 474.616058, 15222.993164>) requested data for lock!
[19:09:41] Player (Capwell, 76561198079984427)(<5794.265625, 473.792511, 15225.167969>) requested data for lock!
[19:09:46] Player (M. FireStorm, 76561198153058532)(<5774.948730, 474.356842, 15211.653320>) requested data for lock!
[19:10:35] Player (M. FireStorm, 76561198153058532)(<5745.802246, 477.624207, 15217.144531>) requested data for lock!
[19:10:43] Player (M. FireStorm, 76561198153058532)(<5735.728027, 480.547211, 15225.750977>) requested data for lock!
[19:11:23] Player (Capwell, 76561198079984427)(<5735.729004, 477.538849, 15225.748047>) requested data for lock!
[19:12:30] Player (Ragnar Odinsson, 76561198120496196)(<5739.960449, 477.623993, 15215.760742>) requested data for lock!
[19:12:35] Player (Ragnar Odinsson, 76561198120496196)(<5745.802246, 477.624207, 15217.144531>) requested data for lock!
[19:12:41] Player (Capwell, 76561198079984427)(<5735.728027, 480.547211, 15225.750977>) requested data for lock!
[19:12:42] Player (M. FireStorm, 76561198153058532)(<5735.728027, 480.547211, 15225.750977>) requested data for lock!
[19:12:46] Player (Capwell, 76561198079984427)(<5735.729004, 477.538849, 15225.748047>) requested data for lock!
[19:13:19] Player (Ragnar Odinsson, 76561198120496196)(<5739.960449, 477.623993, 15215.760742>) requested data for lock!
[19:13:28] Player (M. FireStorm, 76561198153058532)(<5739.960449, 477.623993, 15215.760742>) requested data for lock!
[19:15:49] Player (Ragnar Odinsson, 76561198120496196)(<5733.660156, 480.615234, 15229.815430>) requested data for lock!
[19:16:25] Player (M. FireStorm, 76561198153058532)(<5732.001465, 482.252106, 15209.359375>) requested data for lock!
[19:19:03] Player (Ragnar Odinsson, 76561198120496196)(<5745.802246, 477.624207, 15217.144531>) requested data for lock!
[19:21:08] Player (Ragnar Odinsson, 76561198120496196)(<5737.401855, 477.624664, 15227.500977>) requested data for lock!
[19:25:01] Player (Ragnar Odinsson, 76561198120496196)(<5745.802246, 477.624207, 15217.144531>) requested data for lock!
[19:25:06] Player (Ragnar Odinsson, 76561198120496196)(<5745.802246, 477.624207, 15217.144531>) requested data for lock!
[19:26:31] Player (M. FireStorm, 76561198153058532)(<5745.802246, 477.624207, 15217.144531>) requested data for lock!
[19:28:21] Player (M. FireStorm, 76561198153058532)(<5794.265625, 473.792511, 15225.167969>) requested data for lock!
[19:28:38] Player (M. FireStorm, 76561198153058532)(<5737.401855, 477.624664, 15227.500977>) requested data for lock!
[19:29:01] Player (M. FireStorm, 76561198153058532)(<5737.401855, 477.624664, 15227.500977>) requested data for lock!
[19:29:41] Player (M. FireStorm, 76561198153058532)(<5735.728027, 480.547211, 15225.750977>) requested data for lock!
[19:29:47] Player (M. FireStorm, 76561198153058532)(<5733.660156, 480.615234, 15229.815430>) requested data for lock!
[19:30:31] Player (M. FireStorm, 76561198153058532)(<5737.401855, 477.624664, 15227.500977>) requested data for lock!
[19:32:52] Player (M. FireStorm, 76561198153058532)(<5774.948730, 474.356842, 15211.653320>) requested data for lock!
[19:35:38] Player (Ragnar Odinsson, 76561198120496196)(<6462.303223, 288.009430, 7408.134277>) requested data for lock!
[19:39:09] Player (Ragnar Odinsson, 76561198120496196)(<6462.303223, 288.009430, 7408.134277>) requested data for lock!
[19:39:17] Player (Ragnar Odinsson, 76561198120496196)(<6467.832520, 287.828979, 7408.062012>) requested data for lock!
[19:39:22] Player (Ragnar Odinsson, 76561198120496196)(<6467.832520, 287.828979, 7408.062012>) requested data for lock!
[19:39:28] Player (Ragnar Odinsson, 76561198120496196)(<6462.303223, 288.009430, 7408.134277>) requested data for lock!
[19:44:02] Player (M. FireStorm, 76561198153058532)(<5746.630859, 474.770782, 15166.892578>) requested data for lock!
[19:46:24] Player (M. FireStorm, 76561198153058532)(<5794.265625, 473.792511, 15225.167969>) requested data for lock!
[19:46:37] Player (M. FireStorm, 76561198153058532)(<5794.265625, 473.792511, 15225.167969>) requested data for lock!
[19:46:45] Player (M. FireStorm, 76561198153058532)(<5794.265625, 473.792511, 15225.167969>) requested data for lock!
[19:47:04] Player (M. FireStorm, 76561198153058532)(<5794.265625, 473.792511, 15225.167969>) requested data for lock!
[19:48:06] Player (M. FireStorm, 76561198153058532)(<5774.948730, 474.356842, 15211.653320>) requested data for lock!
[19:52:54] Player (M. FireStorm, 76561198153058532)(<5746.302246, 474.358978, 15190.466797>) requested data for lock!
[19:55:29] Player (M. FireStorm, 76561198153058532)(<5746.630859, 474.770782, 15166.892578>) requested data for lock!
[19:59:25] Player (M. FireStorm, 76561198153058532)(<5736.681641, 474.201874, 15197.967773>) requested data for lock!
[20:02:17] Player (M. FireStorm, 76561198153058532)(<5709.220215, 474.097504, 15211.759766>) requested data for lock!
[20:02:49] Player (M. FireStorm, 76561198153058532)(<5709.220215, 474.097504, 15211.759766>) requested data for lock!
[20:02:57] Player (M. FireStorm, 76561198153058532)(<5736.681641, 474.201874, 15197.967773>) requested data for lock!
[20:08:20] Player (M. FireStorm, 76561198153058532)(<5736.681641, 474.201874, 15197.967773>) requested data for lock!
[20:08:28] Player (M. FireStorm, 76561198153058532)(<5709.220215, 474.097504, 15211.759766>) requested data for lock!
[20:09:11] Player (M. FireStorm, 76561198153058532)(<5709.220215, 474.097504, 15211.759766>) requested data for lock!
[20:09:28] Player (M. FireStorm, 76561198153058532)(<5736.681641, 474.201874, 15197.967773>) requested data for lock!
[20:11:32] Player (M. FireStorm, 76561198153058532)(<5794.265625, 473.792511, 15225.167969>) requested data for lock!
[20:12:37] Player (M. FireStorm, 76561198153058532)(<5746.302246, 474.358978, 15190.466797>) requested data for lock!
[20:12:47] Player (M. FireStorm, 76561198153058532)(<5709.220215, 474.097504, 15211.759766>) requested data for lock!
[20:24:02] Player (M. FireStorm, 76561198153058532)(<5709.220215, 474.097504, 15211.759766>) requested data for lock!
[20:35:15] Player (Ragnar Odinsson, 76561198120496196)(<5709.220215, 474.097504, 15211.759766>) requested data for lock!
[20:35:46] Player (Ragnar Odinsson, 76561198120496196)(<5709.220215, 474.097504, 15211.759766>) requested data for lock!
[20:38:06] Player (M. FireStorm, 76561198153058532)(<5709.220215, 474.097504, 15211.759766>) requested data for lock!
[20:38:28] Player (M. FireStorm, 76561198153058532)(<5736.681641, 474.201874, 15197.967773>) requested data for lock!
[20:49:19] Player (Ragnar Odinsson, 76561198120496196)(<6467.832520, 287.828979, 7408.062012>) requested data for lock!
[20:49:33] Player (Ragnar Odinsson, 76561198120496196)(<6467.832520, 287.828979, 7408.062012>) requested data for lock!
[20:50:15] Player (Ragnar Odinsson, 76561198120496196)(<5738.168457, 474.616486, 15236.831055>) requested data for lock!
[20:50:32] Player (Ragnar Odinsson, 76561198120496196)(<5738.168457, 474.616486, 15236.831055>) requested data for lock!
[20:51:25] Player (M. FireStorm, 76561198153058532)(<5738.168457, 474.616486, 15236.831055>) requested data for lock!
[20:51:31] Player (M. FireStorm, 76561198153058532)(<5738.168457, 474.616486, 15236.831055>) requested data for lock!
[20:51:46] Player (M. FireStorm, 76561198153058532)(<5736.681641, 474.201874, 15197.967773>) requested data for lock!
[20:51:52] Player (M. FireStorm, 76561198153058532)(<5736.681641, 474.201874, 15197.967773>) requested data for lock!
[20:52:01] Player (M. FireStorm, 76561198153058532)(<5735.729004, 477.538849, 15225.748047>) requested data for lock!
[20:52:08] Player (M. FireStorm, 76561198153058532)(<5737.401855, 477.624664, 15227.500977>) requested data for lock!
[20:52:13] Player (M. FireStorm, 76561198153058532)(<5739.960449, 477.623993, 15215.760742>) requested data for lock!
[20:52:21] Player (M. FireStorm, 76561198153058532)(<5732.001465, 482.252106, 15209.359375>) requested data for lock!
[20:53:20] Player (Ragnar Odinsson, 76561198120496196)(<6467.832520, 287.828979, 7408.062012>) requested data for lock!
[20:53:31] Player (Ragnar Odinsson, 76561198120496196)(<6467.832520, 287.828979, 7408.062012>) requested data for lock!
[20:53:46] Player (Ragnar Odinsson, 76561198120496196)(<6467.832520, 287.828979, 7408.062012>) requested data for lock!
[20:58:54] Player (Ragnar Odinsson, 76561198120496196)(<6467.832520, 287.828979, 7408.062012>) requested data for lock!
[20:59:46] Player (Ragnar Odinsson, 76561198120496196)(<6467.832520, 287.828979, 7408.062012>) requested data for lock!
[20:59:51] Player (Ragnar Odinsson, 76561198120496196)(<6467.832520, 287.828979, 7408.062012>) requested data for lock!
[20:59:56] Player (Ragnar Odinsson, 76561198120496196)(<6467.832520, 287.828979, 7408.062012>) requested data for lock!
[21:00:21] Player (Ragnar Odinsson, 76561198120496196)(<6467.832520, 287.828979, 7408.062012>) requested data for lock!
[21:01:02] Player (Ragnar Odinsson, 76561198120496196)(<6467.832520, 287.828979, 7408.062012>) requested data for lock!
[21:01:31] Player (Ragnar Odinsson, 76561198120496196)(<6467.832520, 287.828979, 7408.062012>) requested data for lock!
[21:02:05] Player (Ragnar Odinsson, 76561198120496196)(<6467.832520, 287.828979, 7408.062012>) requested data for lock!
[21:02:16] Player (Ragnar Odinsson, 76561198120496196)(<6467.832520, 287.828979, 7408.062012>) requested data for lock!
[21:05:49] Player (Ragnar Odinsson, 76561198120496196)(<6467.832520, 287.828979, 7408.062012>) requested data for lock!
[21:07:20] Player (Ragnar Odinsson, 76561198120496196)(<6467.832520, 287.828979, 7408.062012>) requested data for lock!
[21:07:30] Player (Ragnar Odinsson, 76561198120496196)(<6467.832520, 287.828979, 7408.062012>) requested data for lock!
[21:13:56] Player (Ragnar Odinsson, 76561198120496196)(<6467.832520, 287.828979, 7408.062012>) requested data for lock!
[21:18:35] Player (Ragnar Odinsson, 76561198120496196)(<6462.303223, 288.009430, 7408.134277>) requested data for lock!
[21:19:09] Player (Ragnar Odinsson, 76561198120496196)(<6467.832520, 287.828979, 7408.062012>) requested data for lock!
[21:23:28] Player (Capwell, 76561198079984427)(<5746.630859, 474.770782, 15166.892578>) requested data for lock!
[21:23:33] Player (Capwell, 76561198079984427)(<5746.630859, 474.770782, 15166.892578>) requested data for lock!
[21:24:20] Player (Capwell, 76561198079984427)(<5746.630859, 474.770782, 15166.892578>) requested data for lock!
[21:33:55] Player (Capwell, 76561198079984427)(<6467.832520, 287.828979, 7408.062012>) requested data for lock!
[21:34:10] Player (Ragnar Odinsson, 76561198120496196)(<6467.832520, 287.828979, 7408.062012>) requested data for lock!
[21:39:53] Player (Ragnar Odinsson, 76561198120496196)(<6462.303223, 288.009430, 7408.134277>) requested data for lock!
[21:40:16] Player (Ragnar Odinsson, 76561198120496196)(<6462.303223, 288.009430, 7408.134277>) requested data for lock!
[21:41:28] Player (Ragnar Odinsson, 76561198120496196)(<6462.303223, 288.009430, 7408.134277>) requested data for lock!
[21:56:18] Player (Ragnar Odinsson, 76561198120496196)(<6462.303223, 288.009430, 7408.134277>) requested data for lock!
[21:59:48] Player (Ragnar Odinsson, 76561198120496196)(<6462.303223, 288.009430, 7408.134277>) requested data for lock!
[22:15:41] Player (Ragnar Odinsson, 76561198120496196)(<6462.303223, 288.009430, 7408.134277>) requested data for lock!
[22:28:10] Player (Ragnar Odinsson, 76561198120496196)(<6462.303223, 288.009430, 7408.134277>) requested data for lock!
[23:05:40] Player (Capwell, 76561198079984427)(<6488.162109, 293.970703, 7390.956543>) requested data for lock!
[23:05:40] Player (Ragnar Odinsson, 76561198120496196)(<6491.006348, 292.870026, 7390.836914>) requested data for lock!
[23:05:45] Player (Capwell, 76561198079984427)(<6491.006348, 292.870026, 7390.836914>) requested data for lock!
[23:05:45] Player (Ragnar Odinsson, 76561198120496196)(<6491.006348, 292.870026, 7390.836914>) requested data for lock!
[23:05:51] Player (Ragnar Odinsson, 76561198120496196)(<6491.006348, 292.870026, 7390.836914>) requested data for lock!
[23:05:56] Player (Ragnar Odinsson, 76561198120496196)(<6491.006348, 292.870026, 7390.836914>) requested data for lock!
[23:05:57] Player (Capwell, 76561198079984427)(<6491.006348, 292.870026, 7390.836914>) requested data for lock!
[23:06:02] Player (Ragnar Odinsson, 76561198120496196)(<6491.006348, 292.870026, 7390.836914>) requested data for lock!
[23:06:02] Player (Capwell, 76561198079984427)(<6491.006348, 292.870026, 7390.836914>) requested data for lock!
[23:06:07] Player (Ragnar Odinsson, 76561198120496196)(<6491.006348, 292.870026, 7390.836914>) requested data for lock!
[23:06:07] Player (Capwell, 76561198079984427)(<6491.006348, 292.870026, 7390.836914>) requested data for lock!
[23:06:12] Player (Ragnar Odinsson, 76561198120496196)(<6491.006348, 292.870026, 7390.836914>) requested data for lock!
[23:06:12] Player (Capwell, 76561198079984427)(<6491.006348, 292.870026, 7390.836914>) requested data for lock!
[23:06:17] Player (Ragnar Odinsson, 76561198120496196)(<6491.006348, 292.870026, 7390.836914>) requested data for lock!
[23:06:17] Player (Capwell, 76561198079984427)(<6491.006348, 292.870026, 7390.836914>) requested data for lock!
[23:06:22] Player (Ragnar Odinsson, 76561198120496196)(<6491.006348, 292.870026, 7390.836914>) requested data for lock!
[23:06:22] Player (Capwell, 76561198079984427)(<6491.006348, 292.870026, 7390.836914>) requested data for lock!
[23:06:27] Player (Capwell, 76561198079984427)(<6491.006348, 292.870026, 7390.836914>) requested data for lock!
[23:06:32] Player (Capwell, 76561198079984427)(<6491.006348, 292.870026, 7390.836914>) requested data for lock!
[23:06:38] Player (Capwell, 76561198079984427)(<6491.006348, 292.870026, 7390.836914>) requested data for lock!
[23:06:43] Player (Capwell, 76561198079984427)(<6491.006348, 292.870026, 7390.836914>) requested data for lock!
[23:06:48] Player (Capwell, 76561198079984427)(<6491.006348, 292.870026, 7390.836914>) requested data for lock!
[23:06:53] Player (Capwell, 76561198079984427)(<6491.006348, 292.870026, 7390.836914>) requested data for lock!
[23:06:58] Player (Ragnar Odinsson, 76561198120496196)(<6491.006348, 292.870026, 7390.836914>) requested data for lock!
[23:06:59] Player (Capwell, 76561198079984427)(<6491.006348, 292.870026, 7390.836914>) requested data for lock!
[23:07:03] Player (Ragnar Odinsson, 76561198120496196)(<6491.006348, 292.870026, 7390.836914>) requested data for lock!
[23:07:11] Player (Ragnar Odinsson, 76561198120496196)(<6491.006348, 292.870026, 7390.836914>) requested data for lock!
[23:07:17] Player (Ragnar Odinsson, 76561198120496196)(<6491.006348, 292.870026, 7390.836914>) requested data for lock!
[23:07:36] Player (Capwell, 76561198079984427)(<6491.006348, 292.870026, 7390.836914>) requested data for lock!
[23:07:53] Player (Ragnar Odinsson, 76561198120496196)(<6491.006348, 292.870026, 7390.836914>) requested data for lock!
[23:08:28] Player (Capwell, 76561198079984427)(<6491.006348, 292.870026, 7390.836914>) requested data for lock!
[23:08:35] Player (Ragnar Odinsson, 76561198120496196)(<6491.006348, 292.870026, 7390.836914>) requested data for lock!
[23:08:37] Player (Capwell, 76561198079984427)(<6491.006348, 292.870026, 7390.836914>) requested data for lock!
[23:08:42] Player (Ragnar Odinsson, 76561198120496196)(<6491.006348, 292.870026, 7390.836914>) requested data for lock!
[23:08:42] Player (Capwell, 76561198079984427)(<6491.006348, 292.870026, 7390.836914>) requested data for lock!
[23:11:04] Player (Capwell, 76561198079984427)(<6491.006348, 292.870026, 7390.836914>) requested data for lock!
[23:11:10] Player (Capwell, 76561198079984427)(<6491.006348, 292.870026, 7390.836914>) requested data for lock!
[23:11:16] Player (Capwell, 76561198079984427)(<6491.006348, 292.870026, 7390.836914>) requested data for lock!
[23:11:18] Player (Ragnar Odinsson, 76561198120496196)(<6491.006348, 292.870026, 7390.836914>) requested data for lock!
[23:11:22] Player (Capwell, 76561198079984427)(<6491.006348, 292.870026, 7390.836914>) requested data for lock!
[23:11:32] Player (Capwell, 76561198079984427)(<6491.006348, 292.870026, 7390.836914>) requested data for lock!
[23:11:37] Player (Capwell, 76561198079984427)(<6491.006348, 292.870026, 7390.836914>) requested data for lock!
[23:12:02] Player (Capwell, 76561198079984427)(<6491.006348, 292.870026, 7390.836914>) requested data for lock!
[23:12:07] Player (Capwell, 76561198079984427)(<6491.006348, 292.870026, 7390.836914>) requested data for lock!
[23:13:05] Player (Capwell, 76561198079984427)(<6491.006348, 292.870026, 7390.836914>) requested data for lock!
[23:13:21] Player (Capwell, 76561198079984427)(<6491.006348, 292.870026, 7390.836914>) requested data for lock!
[23:13:34] Player (Capwell, 76561198079984427)(<6491.006348, 292.870026, 7390.836914>) requested data for lock!
[23:13:41] Player (Capwell, 76561198079984427)(<6491.006348, 292.870026, 7390.836914>) requested data for lock!
[23:14:03] Player (Capwell, 76561198079984427)(<6491.006348, 292.870026, 7390.836914>) requested data for lock!
[23:14:11] Player (Capwell, 76561198079984427)(<6491.006348, 292.870026, 7390.836914>) requested data for lock!
[23:14:49] Player (Ragnar Odinsson, 76561198120496196)(<6491.006348, 292.870026, 7390.836914>) requested data for lock!
[23:15:54] Player (Ragnar Odinsson, 76561198120496196)(<6491.006348, 292.870026, 7390.836914>) requested data for lock!
[23:16:00] Player (Ragnar Odinsson, 76561198120496196)(<6491.006348, 292.870026, 7390.836914>) requested data for lock!
[23:16:16] Player (Ragnar Odinsson, 76561198120496196)(<6491.006348, 292.870026, 7390.836914>) requested data for lock!
[23:24:53] Player (Ragnar Odinsson, 76561198120496196)(<6491.006348, 292.870026, 7390.836914>) requested data for lock!
[23:25:03] Player (Ragnar Odinsson, 76561198120496196)(<6491.006348, 292.870026, 7390.836914>) requested data for lock!
[23:30:55] Player (Capwell, 76561198079984427)(<6491.006348, 292.870026, 7390.836914>) requested data for lock!
[23:34:27] Player (Capwell, 76561198079984427)(<6491.006348, 292.870026, 7390.836914>) requested data for lock!
[23:34:36] Player (Capwell, 76561198079984427)(<6491.006348, 292.870026, 7390.836914>) requested data for lock!
[23:34:44] Player (Capwell, 76561198079984427)(<6491.006348, 292.870026, 7390.836914>) requested data for lock!
[23:34:57] Player (Capwell, 76561198079984427)(<6491.006348, 292.870026, 7390.836914>) requested data for lock!
[23:35:02] Player (Capwell, 76561198079984427)(<6491.006348, 292.870026, 7390.836914>) requested data for lock!
[23:35:08] Player (Capwell, 76561198079984427)(<6491.006348, 292.870026, 7390.836914>) requested data for lock!
[23:35:16] Player (Capwell, 76561198079984427)(<6491.006348, 292.870026, 7390.836914>) requested data for lock!
[23:35:31] Player (Capwell, 76561198079984427)(<6491.006348, 292.870026, 7390.836914>) requested data for lock!
[23:37:49] Player (Ragnar Odinsson, 76561198120496196)(<6491.006348, 292.870026, 7390.836914>) requested data for lock!
[23:47:44] Player (Capwell, 76561198079984427)(<6491.006348, 292.870026, 7390.836914>) requested data for lock!
[23:48:08] Player (Capwell, 76561198079984427)(<6491.006348, 292.870026, 7390.836914>) requested data for lock!
[23:48:17] Player (Capwell, 76561198079984427)(<6491.006348, 292.870026, 7390.836914>) requested data for lock!
[23:48:42] Player (Capwell, 76561198079984427)(<6491.006348, 292.870026, 7390.836914>) requested data for lock!
[23:48:47] Player (Ragnar Odinsson, 76561198120496196)(<6491.006348, 292.870026, 7390.836914>) requested data for lock!
[23:48:56] Player (Capwell, 76561198079984427)(<6491.006348, 292.870026, 7390.836914>) requested data for lock!
[23:49:05] Player (Capwell, 76561198079984427)(<6491.006348, 292.870026, 7390.836914>) requested data for lock!
[23:49:19] Player (Capwell, 76561198079984427)(<6491.006348, 292.870026, 7390.836914>) requested data for lock!
[23:49:27] Player (Capwell, 76561198079984427)(<6491.006348, 292.870026, 7390.836914>) requested data for lock!
[23:49:33] Player (Capwell, 76561198079984427)(<6491.006348, 292.870026, 7390.836914>) requested data for lock!
[23:49:39] Player (Capwell, 76561198079984427)(<6491.006348, 292.870026, 7390.836914>) requested data for lock!
[00:17:33] Player (Ragnar Odinsson, 76561198120496196)(<6494.417480, 292.869812, 7391.889160>) requested data for lock!
[00:49:05] Player (Ragnar Odinsson, 76561198120496196)(<6494.417480, 292.869812, 7391.889160>) requested data for lock!
[00:49:13] Player (Ragnar Odinsson, 76561198120496196)(<6494.417480, 292.869812, 7391.889160>) requested data for lock!
[00:49:54] Player (Ragnar Odinsson, 76561198120496196)(<6494.417480, 292.869812, 7391.889160>) requested data for lock!
[00:50:02] Player (Ragnar Odinsson, 76561198120496196)(<6494.417480, 292.869812, 7391.889160>) requested data for lock!
[00:52:34] Player (Ragnar Odinsson, 76561198120496196)(<6494.417480, 292.869812, 7391.889160>) requested data for lock!
[01:03:51] Player (Ragnar Odinsson, 76561198120496196)(<6462.303223, 288.009430, 7408.134277>) requested data for lock!
[01:07:48] Player (Ragnar Odinsson, 76561198120496196)(<6494.417480, 292.869812, 7391.889160>) requested data for lock!
[01:07:53] Player (Ragnar Odinsson, 76561198120496196)(<6494.417480, 292.869812, 7391.889160>) requested data for lock!
[01:07:58] Player (Ragnar Odinsson, 76561198120496196)(<6494.417480, 292.869812, 7391.889160>) requested data for lock!
[01:08:03] Player (Ragnar Odinsson, 76561198120496196)(<6494.417480, 292.869812, 7391.889160>) requested data for lock!
[01:10:26] Player (Ragnar Odinsson, 76561198120496196)(<6494.417480, 292.869812, 7391.889160>) requested data for lock!
[01:12:46] Player (Ragnar Odinsson, 76561198120496196)(<6494.417480, 292.869812, 7391.889160>) requested data for lock!
[01:21:07] Player (Ragnar Odinsson, 76561198120496196)(<6484.237305, 292.937195, 7394.447266>) requested data for lock!
[01:21:12] Player (Ragnar Odinsson, 76561198120496196)(<6484.237305, 292.937195, 7394.447266>) requested data for lock!
[01:21:17] Player (Ragnar Odinsson, 76561198120496196)(<6484.237305, 292.937195, 7394.447266>) requested data for lock!
[01:27:27] Player (Ragnar Odinsson, 76561198120496196)(<6484.237305, 292.937195, 7394.447266>) requested data for lock!
[01:33:27] Player (Ragnar Odinsson, 76561198120496196)(<6484.237305, 292.937195, 7394.447266>) requested data for lock!
[01:33:33] Player (Ragnar Odinsson, 76561198120496196)(<6484.237305, 292.937195, 7394.447266>) requested data for lock!
[01:34:11] Player (Ragnar Odinsson, 76561198120496196)(<6484.237305, 292.937195, 7394.447266>) requested data for lock!
[01:45:57] Player (Ragnar Odinsson, 76561198120496196)(<6484.237305, 292.937195, 7394.447266>) requested data for lock!
[01:46:05] Player (Ragnar Odinsson, 76561198120496196)(<6484.237305, 292.937195, 7394.447266>) requested data for lock!
[01:46:11] Player (Ragnar Odinsson, 76561198120496196)(<6484.237305, 292.937195, 7394.447266>) requested data for lock!
[01:46:20] Player (Ragnar Odinsson, 76561198120496196)(<6494.417480, 292.869812, 7391.889160>) requested data for lock!
[01:57:20] Player (Ragnar Odinsson, 76561198120496196)(<6494.417480, 292.869812, 7391.889160>) requested data for lock!
[01:57:29] Player (Ragnar Odinsson, 76561198120496196)(<6484.237305, 292.937195, 7394.447266>) requested data for lock!
[01:57:48] Player (Ragnar Odinsson, 76561198120496196)(<6484.237305, 292.937195, 7394.447266>) requested data for lock!
[01:57:53] Player (Ragnar Odinsson, 76561198120496196)(<6484.237305, 292.937195, 7394.447266>) requested data for lock!
[01:57:58] Player (Ragnar Odinsson, 76561198120496196)(<6484.237305, 292.937195, 7394.447266>) requested data for lock!
[01:58:03] Player (Ragnar Odinsson, 76561198120496196)(<6484.237305, 292.937195, 7394.447266>) requested data for lock!
[01:58:08] Player (Ragnar Odinsson, 76561198120496196)(<6484.237305, 292.937195, 7394.447266>) requested data for lock!
[01:58:13] Player (Ragnar Odinsson, 76561198120496196)(<6484.237305, 292.937195, 7394.447266>) requested data for lock!
[01:59:30] Player (Ragnar Odinsson, 76561198120496196)(<6484.237305, 292.937195, 7394.447266>) requested data for lock!
[02:01:11] Player (Ragnar Odinsson, 76561198120496196)(<6467.832520, 287.828979, 7408.062012>) requested data for lock!
[02:02:00] Player (Ragnar Odinsson, 76561198120496196)(<6462.303223, 288.009430, 7408.134277>) requested data for lock!
[02:02:15] Player (Ragnar Odinsson, 76561198120496196)(<6494.417480, 292.869812, 7391.889160>) requested data for lock!
[02:03:48] Player (Ragnar Odinsson, 76561198120496196)(<6467.832520, 287.828979, 7408.062012>) requested data for lock!
[02:11:30] Player (Ragnar Odinsson, 76561198120496196)(<6462.303223, 288.009430, 7408.134277>) requested data for lock!
[03:06:34] Player (Ragnar Odinsson, 76561198120496196)(<6484.237305, 292.937195, 7394.447266>) requested data for lock!
[03:16:35] Player (Ragnar Odinsson, 76561198120496196)(<6486.699219, 295.878174, 7388.308105>) requested data for lock!
[03:16:40] Player (Ragnar Odinsson, 76561198120496196)(<6486.699219, 295.878174, 7388.308105>) requested data for lock!
[03:16:50] Player (Ragnar Odinsson, 76561198120496196)(<6486.699219, 295.878174, 7388.308105>) requested data for lock!
[03:17:07] Player (Ragnar Odinsson, 76561198120496196)(<6486.699219, 295.878174, 7388.308105>) requested data for lock!
[03:17:24] Player (Ragnar Odinsson, 76561198120496196)(<6486.699219, 295.878174, 7388.308105>) requested data for lock!
[03:17:33] Player (Ragnar Odinsson, 76561198120496196)(<6486.699219, 295.878174, 7388.308105>) requested data for lock!
[03:17:41] Player (Ragnar Odinsson, 76561198120496196)(<6486.699219, 295.878174, 7388.308105>) requested data for lock!
[03:17:46] Player (Ragnar Odinsson, 76561198120496196)(<6486.699219, 295.878174, 7388.308105>) requested data for lock!
[03:23:58] Player (Ragnar Odinsson, 76561198120496196)(<6486.703125, 295.878174, 7388.309082>) requested data for lock!
[03:24:03] Player (Ragnar Odinsson, 76561198120496196)(<6486.703125, 295.878174, 7388.309082>) requested data for lock!
[03:24:09] Player (Ragnar Odinsson, 76561198120496196)(<6486.703125, 295.878174, 7388.309082>) requested data for lock!
[03:25:14] Player (Ragnar Odinsson, 76561198120496196)(<6486.703125, 295.878174, 7388.309082>) requested data for lock!
[03:26:03] Player (Ragnar Odinsson, 76561198120496196)(<6486.703125, 295.878174, 7388.309082>) requested data for lock!
[03:26:10] Player (Ragnar Odinsson, 76561198120496196)(<6494.417480, 292.869812, 7391.889160>) requested data for lock!
[03:26:17] Player (Ragnar Odinsson, 76561198120496196)(<6484.237305, 292.937195, 7394.447266>) requested data for lock!
[03:31:43] Player (Ragnar Odinsson, 76561198120496196)(<6484.237305, 292.937195, 7394.447266>) requested data for lock!
[03:31:50] Player (Ragnar Odinsson, 76561198120496196)(<6484.237305, 292.937195, 7394.447266>) requested data for lock!
[03:33:00] Player (Ragnar Odinsson, 76561198120496196)(<6486.703125, 295.878174, 7388.309082>) requested data for lock!
[03:33:12] Player (Ragnar Odinsson, 76561198120496196)(<6494.417480, 292.869812, 7391.889160>) requested data for lock!
[03:34:00] Player (Ragnar Odinsson, 76561198120496196)(<6494.417480, 292.869812, 7391.889160>) requested data for lock!
[03:34:12] Player (Ragnar Odinsson, 76561198120496196)(<6486.703125, 295.878174, 7388.309082>) requested data for lock!
[03:35:06] Player (Ragnar Odinsson, 76561198120496196)(<6494.417480, 292.869812, 7391.889160>) requested data for lock!
[03:35:12] Player (Ragnar Odinsson, 76561198120496196)(<6494.417480, 292.869812, 7391.889160>) requested data for lock!
[03:35:17] Player (Ragnar Odinsson, 76561198120496196)(<6494.417480, 292.869812, 7391.889160>) requested data for lock!
[03:36:08] Player (Ragnar Odinsson, 76561198120496196)(<6494.417480, 292.869812, 7391.889160>) requested data for lock!
[03:36:15] Player (Ragnar Odinsson, 76561198120496196)(<6484.237305, 292.937195, 7394.447266>) requested data for lock!
[03:36:20] Player (Ragnar Odinsson, 76561198120496196)(<6486.703125, 295.878174, 7388.309082>) requested data for lock!
[03:57:22] Player (Ragnar Odinsson, 76561198120496196)(<6494.417480, 292.869812, 7391.889160>) requested data for lock!
[03:57:29] Player (Ragnar Odinsson, 76561198120496196)(<6484.237305, 292.937195, 7394.447266>) requested data for lock!
[03:57:40] Player (Ragnar Odinsson, 76561198120496196)(<6484.237305, 292.937195, 7394.447266>) requested data for lock!
[03:57:45] Player (Ragnar Odinsson, 76561198120496196)(<6484.237305, 292.937195, 7394.447266>) requested data for lock!
[03:57:50] Player (Ragnar Odinsson, 76561198120496196)(<6484.237305, 292.937195, 7394.447266>) requested data for lock!
[03:57:55] Player (Ragnar Odinsson, 76561198120496196)(<6484.237305, 292.937195, 7394.447266>) requested data for lock!
[03:58:00] Player (Ragnar Odinsson, 76561198120496196)(<6484.237305, 292.937195, 7394.447266>) requested data for lock!
[03:58:07] Player (Ragnar Odinsson, 76561198120496196)(<6484.237305, 292.937195, 7394.447266>) requested data for lock!
[04:09:35] Player (Ragnar Odinsson, 76561198120496196)(<6484.237305, 292.937195, 7394.447266>) requested data for lock!
[04:09:40] Player (Ragnar Odinsson, 76561198120496196)(<6484.237305, 292.937195, 7394.447266>) requested data for lock!
[04:09:45] Player (Ragnar Odinsson, 76561198120496196)(<6484.237305, 292.937195, 7394.447266>) requested data for lock!
[04:09:50] Player (Ragnar Odinsson, 76561198120496196)(<6484.237305, 292.937195, 7394.447266>) requested data for lock!
[04:09:55] Player (Ragnar Odinsson, 76561198120496196)(<6484.237305, 292.937195, 7394.447266>) requested data for lock!
[04:10:01] Player (Ragnar Odinsson, 76561198120496196)(<6484.237305, 292.937195, 7394.447266>) requested data for lock!
[04:10:06] Player (Ragnar Odinsson, 76561198120496196)(<6484.237305, 292.937195, 7394.447266>) requested data for lock!
[04:10:11] Player (Ragnar Odinsson, 76561198120496196)(<6484.237305, 292.937195, 7394.447266>) requested data for lock!
[04:10:16] Player (Ragnar Odinsson, 76561198120496196)(<6484.237305, 292.937195, 7394.447266>) requested data for lock!
[04:10:21] Player (Ragnar Odinsson, 76561198120496196)(<6484.237305, 292.937195, 7394.447266>) requested data for lock!
[04:10:26] Player (Ragnar Odinsson, 76561198120496196)(<6484.237305, 292.937195, 7394.447266>) requested data for lock!
