[06-02-2021][12.36.51] New Synch Log File Created!
[12:54:37] Player (M. FireStorm, 76561198153058532)(<5730.156738, 474.598480, 15231.959961>) requested data for lock!
[12:54:47] Player (M. FireStorm, 76561198153058532)(<5730.156738, 474.598480, 15231.959961>) requested data for lock!
[12:54:52] Player (M. FireStorm, 76561198153058532)(<5730.156738, 474.598480, 15231.959961>) requested data for lock!
[12:55:15] Player (M. FireStorm, 76561198153058532)(<5730.156738, 474.598480, 15231.959961>) requested data for lock!
[12:57:42] Player (M. FireStorm, 76561198153058532)(<5730.156738, 474.598480, 15231.959961>) requested data for lock!
[12:58:48] Player (M. FireStorm, 76561198153058532)(<5730.156738, 474.598480, 15231.959961>) requested data for lock!
[13:04:59] Player (M. FireStorm, 76561198153058532)(<5738.168945, 474.598480, 15236.828125>) requested data for lock!
[13:05:04] Player (M. FireStorm, 76561198153058532)(<5738.168945, 474.598480, 15236.828125>) requested data for lock!
[13:05:09] Player (M. FireStorm, 76561198153058532)(<5738.168945, 474.598480, 15236.828125>) requested data for lock!
[13:08:10] Player (M. FireStorm, 76561198153058532)(<5730.156738, 474.598480, 15231.959961>) requested data for lock!
[13:08:15] Player (M. FireStorm, 76561198153058532)(<5730.156738, 474.598480, 15231.959961>) requested data for lock!
[13:08:20] Player (M. FireStorm, 76561198153058532)(<5730.156738, 474.598480, 15231.959961>) requested data for lock!
[13:08:41] Player (M. FireStorm, 76561198153058532)(<5730.156738, 474.598480, 15231.959961>) requested data for lock!
[13:09:34] Player (M. FireStorm, 76561198153058532)(<5730.156738, 474.598480, 15231.959961>) requested data for lock!
[13:09:45] Player (M. FireStorm, 76561198153058532)(<5730.156738, 474.598480, 15231.959961>) requested data for lock!
[13:10:36] Player (M. FireStorm, 76561198153058532)(<5730.156738, 474.598480, 15231.959961>) requested data for lock!
[13:11:08] Player (M. FireStorm, 76561198153058532)(<5730.156738, 474.598480, 15231.959961>) requested data for lock!
[13:12:45] Player (M. FireStorm, 76561198153058532)(<5730.156738, 474.598480, 15231.959961>) requested data for lock!
[13:17:46] Player (M. FireStorm, 76561198153058532)(<5730.156738, 474.598480, 15231.959961>) requested data for lock!
[13:21:16] Player (M. FireStorm, 76561198153058532)(<5737.804199, 474.615631, 15212.274414>) requested data for lock!
[13:21:21] Player (M. FireStorm, 76561198153058532)(<5737.804199, 474.615631, 15212.274414>) requested data for lock!
[13:22:07] Player (M. FireStorm, 76561198153058532)(<5737.804199, 474.615631, 15212.274414>) requested data for lock!
[13:22:18] Player (M. FireStorm, 76561198153058532)(<5737.804199, 474.615631, 15212.274414>) requested data for lock!
[13:22:30] Player (M. FireStorm, 76561198153058532)(<5737.804199, 474.615631, 15212.274414>) requested data for lock!
[13:27:06] Player (M. FireStorm, 76561198153058532)(<5738.168945, 474.598480, 15236.828125>) requested data for lock!
[13:28:12] Player (M. FireStorm, 76561198153058532)(<5735.729004, 477.538849, 15225.748047>) requested data for lock!
[13:28:17] Player (M. FireStorm, 76561198153058532)(<5735.729004, 477.538849, 15225.748047>) requested data for lock!
[13:28:21] Player (M. FireStorm, 76561198153058532)(<5735.729004, 477.538849, 15225.748047>) requested data for lock!
[13:28:26] Player (M. FireStorm, 76561198153058532)(<5735.729004, 477.538849, 15225.748047>) requested data for lock!
[13:28:35] Player (M. FireStorm, 76561198153058532)(<5735.729004, 477.538849, 15225.748047>) requested data for lock!
[13:28:43] Player (M. FireStorm, 76561198153058532)(<5737.804199, 474.615631, 15212.274414>) requested data for lock!
[13:28:49] Player (M. FireStorm, 76561198153058532)(<5737.804199, 474.615631, 15212.274414>) requested data for lock!
[13:32:00] Player (M. FireStorm, 76561198153058532)(<5735.729004, 477.538849, 15225.748047>) requested data for lock!
[13:32:10] Player (M. FireStorm, 76561198153058532)(<5735.729004, 477.538849, 15225.748047>) requested data for lock!
[13:32:17] Player (M. FireStorm, 76561198153058532)(<5735.729004, 477.538849, 15225.748047>) requested data for lock!
[13:33:52] Player (M. FireStorm, 76561198153058532)(<5735.729004, 477.538849, 15225.748047>) requested data for lock!
[13:40:39] Player (M. FireStorm, 76561198153058532)(<5737.804199, 474.615631, 15212.274414>) requested data for lock!
[15:49:36] Player (M. FireStorm, 76561198153058532)(<5737.804199, 474.615631, 15212.274414>) requested data for lock!
[15:49:51] Player (M. FireStorm, 76561198153058532)(<5730.156738, 474.598480, 15231.959961>) requested data for lock!
[15:52:24] Player (M. FireStorm, 76561198153058532)(<5730.156738, 474.598480, 15231.959961>) requested data for lock!
[15:52:51] Player (M. FireStorm, 76561198153058532)(<5730.156738, 474.598480, 15231.959961>) requested data for lock!
[15:53:28] Player (M. FireStorm, 76561198153058532)(<5730.156738, 474.598480, 15231.959961>) requested data for lock!
[15:53:33] Player (M. FireStorm, 76561198153058532)(<5738.168945, 474.598480, 15236.828125>) requested data for lock!
[15:54:06] Player (M. FireStorm, 76561198153058532)(<5738.168945, 474.598480, 15236.828125>) requested data for lock!
[15:59:10] Player (M. FireStorm, 76561198153058532)(<5730.156738, 474.598480, 15231.959961>) requested data for lock!
[15:59:19] Player (M. FireStorm, 76561198153058532)(<5744.417480, 474.616058, 15222.993164>) requested data for lock!
[16:04:32] Player (M. FireStorm, 76561198153058532)(<5738.168945, 474.598480, 15236.828125>) requested data for lock!
[16:08:27] Player (M. FireStorm, 76561198153058532)(<5730.156738, 474.598480, 15231.959961>) requested data for lock!
[16:08:48] Player (M. FireStorm, 76561198153058532)(<5730.156738, 474.598480, 15231.959961>) requested data for lock!
[16:11:18] Player (M. FireStorm, 76561198153058532)(<5730.156738, 474.598480, 15231.959961>) requested data for lock!
[16:11:25] Player (M. FireStorm, 76561198153058532)(<5744.417480, 474.616058, 15222.993164>) requested data for lock!
[16:13:28] Player (M. FireStorm, 76561198153058532)(<5744.417480, 474.616058, 15222.993164>) requested data for lock!
[16:14:26] Player (M. FireStorm, 76561198153058532)(<5730.156738, 474.598480, 15231.959961>) requested data for lock!
[16:15:16] Player (M. FireStorm, 76561198153058532)(<5744.417480, 474.616058, 15222.993164>) requested data for lock!
[16:15:27] Player (M. FireStorm, 76561198153058532)(<5730.156738, 474.598480, 15231.959961>) requested data for lock!
[16:15:36] Player (M. FireStorm, 76561198153058532)(<5735.729004, 477.538849, 15225.748047>) requested data for lock!
[16:15:57] Player (M. FireStorm, 76561198153058532)(<5735.729004, 477.538849, 15225.748047>) requested data for lock!
[16:17:00] Player (M. FireStorm, 76561198153058532)(<5730.156738, 474.598480, 15231.959961>) requested data for lock!
[16:17:25] Player (M. FireStorm, 76561198153058532)(<5735.729004, 477.538849, 15225.748047>) requested data for lock!
[16:23:11] Player (M. FireStorm, 76561198153058532)(<5730.156738, 474.598480, 15231.959961>) requested data for lock!
[16:23:18] Player (M. FireStorm, 76561198153058532)(<5730.156738, 474.598480, 15231.959961>) requested data for lock!
[17:52:02] Player (M. FireStorm, 76561198153058532)(<5730.156738, 474.598480, 15231.959961>) requested data for lock!
[17:52:08] Player (M. FireStorm, 76561198153058532)(<5735.729004, 477.538849, 15225.748047>) requested data for lock!
[18:01:35] Player (M. FireStorm, 76561198153058532)(<5737.804199, 474.615631, 15212.274414>) requested data for lock!
[18:01:42] Player (M. FireStorm, 76561198153058532)(<5730.156738, 474.598480, 15231.959961>) requested data for lock!
[18:03:39] Player (M. FireStorm, 76561198153058532)(<5730.156738, 474.598480, 15231.959961>) requested data for lock!
[18:03:44] Player (M. FireStorm, 76561198153058532)(<5730.156738, 474.598480, 15231.959961>) requested data for lock!
[18:04:35] Player (M. FireStorm, 76561198153058532)(<5730.156738, 474.598480, 15231.959961>) requested data for lock!
[18:07:10] Player (M. FireStorm, 76561198153058532)(<5730.156738, 474.598480, 15231.959961>) requested data for lock!
[18:07:19] Player (M. FireStorm, 76561198153058532)(<5735.729004, 477.538849, 15225.748047>) requested data for lock!
[18:10:20] Player (M. FireStorm, 76561198153058532)(<5738.168945, 474.598480, 15236.828125>) requested data for lock!
[18:12:49] Player (M. FireStorm, 76561198153058532)(<5730.156738, 474.598480, 15231.959961>) requested data for lock!
[18:16:10] Player (M. FireStorm, 76561198153058532)(<5738.168945, 474.598480, 15236.828125>) requested data for lock!
[18:16:16] Player (M. FireStorm, 76561198153058532)(<5738.168945, 474.598480, 15236.828125>) requested data for lock!
[18:16:31] Player (M. FireStorm, 76561198153058532)(<5738.168945, 474.598480, 15236.828125>) requested data for lock!
[18:16:39] Player (M. FireStorm, 76561198153058532)(<5738.168945, 474.598480, 15236.828125>) requested data for lock!
[18:17:22] Player (M. FireStorm, 76561198153058532)(<5737.804199, 474.615631, 15212.274414>) requested data for lock!
[18:21:17] Player (M. FireStorm, 76561198153058532)(<5738.168945, 474.598480, 15236.828125>) requested data for lock!
[18:21:24] Player (M. FireStorm, 76561198153058532)(<5730.156738, 474.598480, 15231.959961>) requested data for lock!
[18:24:23] Player (M. FireStorm, 76561198153058532)(<5730.156738, 474.598480, 15231.959961>) requested data for lock!
[18:25:00] Player (M. FireStorm, 76561198153058532)(<5738.168945, 474.598480, 15236.828125>) requested data for lock!
[18:25:05] Player (M. FireStorm, 76561198153058532)(<5738.168945, 474.598480, 15236.828125>) requested data for lock!
[18:25:10] Player (M. FireStorm, 76561198153058532)(<5738.168945, 474.598480, 15236.828125>) requested data for lock!
[18:26:32] Player (M. FireStorm, 76561198153058532)(<5738.168457, 474.616486, 15236.831055>) requested data for lock!
[18:26:37] Player (M. FireStorm, 76561198153058532)(<5738.168457, 474.616486, 15236.831055>) requested data for lock!
[18:26:46] Player (M. FireStorm, 76561198153058532)(<5738.168457, 474.616486, 15236.831055>) requested data for lock!
[18:26:51] Player (M. FireStorm, 76561198153058532)(<5738.168457, 474.616486, 15236.831055>) requested data for lock!
[18:26:56] Player (M. FireStorm, 76561198153058532)(<5738.168457, 474.616486, 15236.831055>) requested data for lock!
[18:27:01] Player (M. FireStorm, 76561198153058532)(<5738.168457, 474.616486, 15236.831055>) requested data for lock!
[18:27:08] Player (M. FireStorm, 76561198153058532)(<5738.168457, 474.616486, 15236.831055>) requested data for lock!
[18:27:21] Player (M. FireStorm, 76561198153058532)(<5738.168457, 474.616486, 15236.831055>) requested data for lock!
[18:27:32] Player (M. FireStorm, 76561198153058532)(<5738.168457, 474.616486, 15236.831055>) requested data for lock!
[18:27:55] Player (M. FireStorm, 76561198153058532)(<5738.168457, 474.616486, 15236.831055>) requested data for lock!
[18:28:00] Player (M. FireStorm, 76561198153058532)(<5738.168457, 474.616486, 15236.831055>) requested data for lock!
[18:28:05] Player (M. FireStorm, 76561198153058532)(<5738.168457, 474.616486, 15236.831055>) requested data for lock!
[18:28:10] Player (M. FireStorm, 76561198153058532)(<5738.168457, 474.616486, 15236.831055>) requested data for lock!
[18:28:15] Player (M. FireStorm, 76561198153058532)(<5738.168457, 474.616486, 15236.831055>) requested data for lock!
[18:28:20] Player (M. FireStorm, 76561198153058532)(<5738.168457, 474.616486, 15236.831055>) requested data for lock!
[18:28:25] Player (M. FireStorm, 76561198153058532)(<5738.168457, 474.616486, 15236.831055>) requested data for lock!
[18:28:31] Player (M. FireStorm, 76561198153058532)(<5738.168457, 474.616486, 15236.831055>) requested data for lock!
[18:28:53] Player (M. FireStorm, 76561198153058532)(<5737.804199, 474.615631, 15212.274414>) requested data for lock!
[18:29:11] Player (M. FireStorm, 76561198153058532)(<5737.804199, 474.615631, 15212.274414>) requested data for lock!
[18:37:38] Player (Survivor, 76561198362910441)(<5735.729004, 477.538849, 15225.748047>) requested data for lock!
[18:37:42] Player (M. FireStorm, 76561198153058532)(<5735.729004, 477.538849, 15225.748047>) requested data for lock!
[18:37:43] Player (Survivor, 76561198362910441)(<5735.729004, 477.538849, 15225.748047>) requested data for lock!
[18:37:53] Player (M. FireStorm, 76561198153058532)(<5735.729004, 477.538849, 15225.748047>) requested data for lock!
[18:37:54] Player (Survivor, 76561198362910441)(<5735.729004, 477.538849, 15225.748047>) requested data for lock!
[18:38:55] Player (M. FireStorm, 76561198153058532)(<5737.805176, 474.633850, 15212.271484>) requested data for lock!
[18:39:00] Player (M. FireStorm, 76561198153058532)(<5737.805176, 474.633850, 15212.271484>) requested data for lock!
[18:39:05] Player (M. FireStorm, 76561198153058532)(<5737.805176, 474.633850, 15212.271484>) requested data for lock!
[18:40:18] Player (M. FireStorm, 76561198153058532)(<5730.156738, 474.598480, 15231.959961>) requested data for lock!
[18:40:57] Player (M. FireStorm, 76561198153058532)(<5737.805176, 474.633850, 15212.271484>) requested data for lock!
[18:41:04] Player (M. FireStorm, 76561198153058532)(<5737.805176, 474.633850, 15212.271484>) requested data for lock!
[18:41:54] Player (M. FireStorm, 76561198153058532)(<5730.156738, 474.598480, 15231.959961>) requested data for lock!
[18:44:27] Player (Survivor, 76561198362910441)(<5744.417480, 474.616058, 15222.993164>) requested data for lock!
[18:44:35] Player (M. FireStorm, 76561198153058532)(<5744.417480, 474.616058, 15222.993164>) requested data for lock!
[18:47:15] Player (M. FireStorm, 76561198153058532)(<5730.156738, 474.598480, 15231.959961>) requested data for lock!
[18:51:09] Player (Survivor, 76561198362910441)(<5737.805176, 474.633850, 15212.271484>) requested data for lock!
[18:55:16] Player (M. FireStorm, 76561198153058532)(<5737.805176, 474.633850, 15212.271484>) requested data for lock!
[18:55:16] Player (Capwell, 76561198079984427)(<5737.805176, 474.633850, 15212.271484>) requested data for lock!
[18:55:45] Player (M. FireStorm, 76561198153058532)(<5735.729004, 477.538849, 15225.748047>) requested data for lock!
[18:55:45] Player (Capwell, 76561198079984427)(<5735.729004, 477.538849, 15225.748047>) requested data for lock!
[18:55:50] Player (M. FireStorm, 76561198153058532)(<5735.729004, 477.538849, 15225.748047>) requested data for lock!
[18:56:29] Player (Capwell, 76561198079984427)(<5744.417480, 474.616058, 15222.993164>) requested data for lock!
[18:56:41] Player (Capwell, 76561198079984427)(<5744.417480, 474.616058, 15222.993164>) requested data for lock!
[18:56:42] Player (M. FireStorm, 76561198153058532)(<5744.417480, 474.616058, 15222.993164>) requested data for lock!
[18:58:26] Player (Capwell, 76561198079984427)(<5737.805176, 474.633850, 15212.271484>) requested data for lock!
[18:58:33] Player (Capwell, 76561198079984427)(<5737.805176, 474.633850, 15212.271484>) requested data for lock!
[18:58:35] Player (M. FireStorm, 76561198153058532)(<5737.805176, 474.633850, 15212.271484>) requested data for lock!
[19:07:04] Player (Survivor, 76561198362910441)(<5730.156738, 474.598480, 15231.959961>) requested data for lock!
[19:11:34] Player (M. FireStorm, 76561198153058532)(<5735.729004, 477.538849, 15225.748047>) requested data for lock!
[22:11:34] Player (M. FireStorm, 76561198153058532)(<5737.805176, 474.633850, 15212.271484>) requested data for lock!
[22:11:52] Player (M. FireStorm, 76561198153058532)(<5730.156738, 474.598480, 15231.959961>) requested data for lock!
[22:16:34] Player (Sgt.Mad, 76561198003552490)(<5735.729004, 477.538849, 15225.748047>) requested data for lock!
[22:16:35] Player (M. FireStorm, 76561198153058532)(<5735.729004, 477.538849, 15225.748047>) requested data for lock!
[22:18:05] Player (Sgt.Mad, 76561198003552490)(<5744.417480, 474.616058, 15222.993164>) requested data for lock!
[22:27:45] Player (M. FireStorm, 76561198153058532)(<5744.417480, 474.616058, 15222.993164>) requested data for lock!
[22:27:55] Player (M. FireStorm, 76561198153058532)(<5737.805176, 474.633850, 15212.271484>) requested data for lock!
[06-02-2021][23.35.19] Log file reloaded ( Server Restart )
[08:55:12] Player (M. FireStorm, 76561198153058532)(<5730.156738, 474.598480, 15231.959961>) requested data for lock!
[08:55:17] Player (M. FireStorm, 76561198153058532)(<5735.729004, 477.538849, 15225.748047>) requested data for lock!
[09:03:49] Player (M. FireStorm, 76561198153058532)(<5738.168457, 474.616486, 15236.831055>) requested data for lock!
[09:06:55] Player (M. FireStorm, 76561198153058532)(<5730.156738, 474.598480, 15231.959961>) requested data for lock!
[09:11:22] Player (M. FireStorm, 76561198153058532)(<5735.729004, 477.538849, 15225.748047>) requested data for lock!
[09:11:52] Player (M. FireStorm, 76561198153058532)(<5735.729004, 477.538849, 15225.748047>) requested data for lock!
[09:19:31] Player (M. FireStorm, 76561198153058532)(<5737.805176, 474.633850, 15212.271484>) requested data for lock!
[09:20:57] Player (M. FireStorm, 76561198153058532)(<5735.729004, 477.538849, 15225.748047>) requested data for lock!
[09:22:14] Player (M. FireStorm, 76561198153058532)(<5735.729004, 477.538849, 15225.748047>) requested data for lock!
[09:33:50] Player (M. FireStorm, 76561198153058532)(<5735.728027, 480.547211, 15225.750977>) requested data for lock!
[09:34:03] Player (M. FireStorm, 76561198153058532)(<5733.660156, 480.615234, 15229.815430>) requested data for lock!
[09:34:08] Player (M. FireStorm, 76561198153058532)(<5733.660156, 480.615234, 15229.815430>) requested data for lock!
[09:34:15] Player (M. FireStorm, 76561198153058532)(<5733.660156, 480.615234, 15229.815430>) requested data for lock!
[09:53:14] Player (M. FireStorm, 76561198153058532)(<5730.156738, 474.598480, 15231.959961>) requested data for lock!
[10:01:52] Player (M. FireStorm, 76561198153058532)(<5733.660156, 480.615234, 15229.815430>) requested data for lock!
[10:02:13] Player (M. FireStorm, 76561198153058532)(<5737.805176, 474.633850, 15212.271484>) requested data for lock!
[10:04:49] Player (M. FireStorm, 76561198153058532)(<5737.805176, 474.633850, 15212.271484>) requested data for lock!
[10:05:35] Player (M. FireStorm, 76561198153058532)(<5735.728027, 480.547211, 15225.750977>) requested data for lock!
[10:07:52] Player (M. FireStorm, 76561198153058532)(<5735.729004, 477.538849, 15225.748047>) requested data for lock!
[10:07:57] Player (M. FireStorm, 76561198153058532)(<5735.729004, 477.538849, 15225.748047>) requested data for lock!
[10:08:24] Player (M. FireStorm, 76561198153058532)(<5738.168457, 474.616486, 15236.831055>) requested data for lock!
