[06-26-2021][00.03.01] New Synch Log File Created!
[00:14:34] Player (Ragnar Odinsson, 76561198120496196)(<11891.621094, 140.000000, 12490.179688>) requested data for lock!
[00:17:55] Player (Ragnar Odinsson, 76561198120496196)(<11907.678711, 139.999939, 12466.875000>) requested data for lock!
[01:08:53] Player (Ragnar Odinsson, 76561198120496196)(<11864.590820, 140.094803, 12450.238281>) requested data for lock!
[01:09:13] Player (Ragnar Odinsson, 76561198120496196)(<11864.590820, 140.094803, 12450.238281>) requested data for lock!
[01:09:24] Player (Ragnar Odinsson, 76561198120496196)(<11864.590820, 140.094803, 12450.238281>) requested data for lock!
[01:17:21] Player (Ragnar Odinsson, 76561198120496196)(<6467.832520, 287.828979, 7408.062012>) requested data for lock!
[01:40:55] Player (Ragnar Odinsson, 76561198120496196)(<3697.813232, 305.022583, 8241.600586>) requested data for lock!
[01:41:44] Player (Ragnar Odinsson, 76561198120496196)(<3710.877686, 305.017548, 8267.669922>) requested data for lock!
[01:41:54] Player (Ragnar Odinsson, 76561198120496196)(<3713.406982, 305.016174, 8274.994141>) requested data for lock!
[01:42:00] Player (Ragnar Odinsson, 76561198120496196)(<3713.406982, 305.016174, 8274.994141>) requested data for lock!
[01:42:12] Player (Ragnar Odinsson, 76561198120496196)(<3710.877686, 305.017548, 8267.669922>) requested data for lock!
[01:42:17] Player (Ragnar Odinsson, 76561198120496196)(<3710.877686, 305.017548, 8267.669922>) requested data for lock!
[01:42:22] Player (Ragnar Odinsson, 76561198120496196)(<3710.877686, 305.017548, 8267.669922>) requested data for lock!
[01:42:27] Player (Ragnar Odinsson, 76561198120496196)(<3710.877686, 305.017548, 8267.669922>) requested data for lock!
[01:42:32] Player (Ragnar Odinsson, 76561198120496196)(<3710.877686, 305.017548, 8267.669922>) requested data for lock!
[01:44:51] Player (Ragnar Odinsson, 76561198120496196)(<3697.813232, 305.022583, 8241.600586>) requested data for lock!
[01:48:06] Player (Sgt.Mad, 76561198003552490)(<3713.406982, 305.016174, 8274.994141>) requested data for lock!
[01:48:16] Player (Ragnar Odinsson, 76561198120496196)(<3711.443604, 305.017242, 8269.167969>) requested data for lock!
[01:59:15] Player (Ragnar Odinsson, 76561198120496196)(<6462.303223, 288.009430, 7408.134277>) requested data for lock!
[02:01:01] Player (Sgt.Mad, 76561198003552490)(<3697.813232, 305.022583, 8241.600586>) requested data for lock!
[02:06:05] Player (Ragnar Odinsson, 76561198120496196)(<6462.303223, 288.009430, 7408.134277>) requested data for lock!
[02:07:03] Player (Ragnar Odinsson, 76561198120496196)(<11864.590820, 140.094803, 12450.238281>) requested data for lock!
[02:07:12] Player (Ragnar Odinsson, 76561198120496196)(<11864.590820, 140.094803, 12450.238281>) requested data for lock!
[02:08:01] Player (Ragnar Odinsson, 76561198120496196)(<11848.901367, 140.081055, 12423.490234>) requested data for lock!
[02:08:26] Player (Ragnar Odinsson, 76561198120496196)(<11848.901367, 140.081055, 12423.490234>) requested data for lock!
[02:09:02] Player (Ragnar Odinsson, 76561198120496196)(<11848.901367, 140.081055, 12423.490234>) requested data for lock!
[02:11:43] Player (Ragnar Odinsson, 76561198120496196)(<11864.590820, 140.094803, 12450.238281>) requested data for lock!
[02:11:49] Player (Ragnar Odinsson, 76561198120496196)(<11864.590820, 140.094803, 12450.238281>) requested data for lock!
[02:11:54] Player (Ragnar Odinsson, 76561198120496196)(<11864.590820, 140.094803, 12450.238281>) requested data for lock!
[02:11:59] Player (Ragnar Odinsson, 76561198120496196)(<11864.590820, 140.094803, 12450.238281>) requested data for lock!
[02:12:04] Player (Ragnar Odinsson, 76561198120496196)(<11864.590820, 140.094803, 12450.238281>) requested data for lock!
[02:12:09] Player (Ragnar Odinsson, 76561198120496196)(<11864.590820, 140.094803, 12450.238281>) requested data for lock!
[02:12:14] Player (Ragnar Odinsson, 76561198120496196)(<11864.590820, 140.094803, 12450.238281>) requested data for lock!
[02:12:20] Player (Sgt.Mad, 76561198003552490)(<3713.406982, 305.016174, 8274.994141>) requested data for lock!
[02:12:26] Player (Ragnar Odinsson, 76561198120496196)(<11848.901367, 140.081055, 12423.490234>) requested data for lock!
[02:18:19] Player (Ragnar Odinsson, 76561198120496196)(<11848.901367, 140.081055, 12423.490234>) requested data for lock!
[02:20:11] Player (Ragnar Odinsson, 76561198120496196)(<3697.813232, 305.022583, 8241.600586>) requested data for lock!
[02:20:58] Player (Ragnar Odinsson, 76561198120496196)(<3697.813232, 305.022583, 8241.600586>) requested data for lock!
[02:21:07] Player (Ragnar Odinsson, 76561198120496196)(<3697.813232, 305.022583, 8241.600586>) requested data for lock!
[02:21:21] Player (Ragnar Odinsson, 76561198120496196)(<3697.813232, 305.022583, 8241.600586>) requested data for lock!
[02:22:06] Player (Ragnar Odinsson, 76561198120496196)(<3697.813232, 305.022583, 8241.600586>) requested data for lock!
[02:22:13] Player (Ragnar Odinsson, 76561198120496196)(<3697.813232, 305.022583, 8241.600586>) requested data for lock!
[02:24:26] Player (Ragnar Odinsson, 76561198120496196)(<3711.443604, 305.017242, 8269.167969>) requested data for lock!
[02:24:41] Player (Ragnar Odinsson, 76561198120496196)(<3711.443604, 305.017242, 8269.167969>) requested data for lock!
[02:25:24] Player (Sgt.Mad, 76561198003552490)(<3711.443604, 305.017242, 8269.167969>) requested data for lock!
[02:25:32] Player (Sgt.Mad, 76561198003552490)(<3713.406982, 305.016174, 8274.994141>) requested data for lock!
[02:25:41] Player (Sgt.Mad, 76561198003552490)(<3713.406982, 305.016174, 8274.994141>) requested data for lock!
[02:26:34] Player (Ragnar Odinsson, 76561198120496196)(<11864.590820, 140.094803, 12450.238281>) requested data for lock!
[02:30:28] Player (Ragnar Odinsson, 76561198120496196)(<11864.590820, 140.094803, 12450.238281>) requested data for lock!
[02:30:33] Player (Ragnar Odinsson, 76561198120496196)(<11864.590820, 140.094803, 12450.238281>) requested data for lock!
[02:30:38] Player (Ragnar Odinsson, 76561198120496196)(<11864.590820, 140.094803, 12450.238281>) requested data for lock!
[02:30:43] Player (Ragnar Odinsson, 76561198120496196)(<11864.590820, 140.094803, 12450.238281>) requested data for lock!
[02:30:48] Player (Ragnar Odinsson, 76561198120496196)(<11864.590820, 140.094803, 12450.238281>) requested data for lock!
[02:30:53] Player (Ragnar Odinsson, 76561198120496196)(<11864.590820, 140.094803, 12450.238281>) requested data for lock!
[02:30:58] Player (Ragnar Odinsson, 76561198120496196)(<11864.590820, 140.094803, 12450.238281>) requested data for lock!
[02:31:03] Player (Ragnar Odinsson, 76561198120496196)(<11864.590820, 140.094803, 12450.238281>) requested data for lock!
[02:31:08] Player (Ragnar Odinsson, 76561198120496196)(<11864.590820, 140.094803, 12450.238281>) requested data for lock!
[02:31:13] Player (Ragnar Odinsson, 76561198120496196)(<11864.590820, 140.094803, 12450.238281>) requested data for lock!
[02:31:34] Player (Sgt.Mad, 76561198003552490)(<3711.443604, 305.017242, 8269.167969>) requested data for lock!
[02:32:06] Player (Sgt.Mad, 76561198003552490)(<3713.406982, 305.016174, 8274.994141>) requested data for lock!
[02:32:13] Player (Ragnar Odinsson, 76561198120496196)(<11864.590820, 140.094803, 12450.238281>) requested data for lock!
[02:32:44] Player (Ragnar Odinsson, 76561198120496196)(<11864.590820, 140.094803, 12450.238281>) requested data for lock!
[02:32:52] Player (Ragnar Odinsson, 76561198120496196)(<11848.901367, 140.081055, 12423.490234>) requested data for lock!
[02:33:29] Player (Ragnar Odinsson, 76561198120496196)(<11864.590820, 140.094803, 12450.238281>) requested data for lock!
[02:33:59] Player (Sgt.Mad, 76561198003552490)(<3713.406982, 305.016174, 8274.994141>) requested data for lock!
[02:35:07] Player (Ragnar Odinsson, 76561198120496196)(<11864.590820, 140.094803, 12450.238281>) requested data for lock!
[02:36:57] Player (Ragnar Odinsson, 76561198120496196)(<11864.590820, 140.094803, 12450.238281>) requested data for lock!
[02:38:54] Player (Ragnar Odinsson, 76561198120496196)(<11864.590820, 140.094803, 12450.238281>) requested data for lock!
[02:40:31] Player (Ragnar Odinsson, 76561198120496196)(<11891.621094, 140.000000, 12490.179688>) requested data for lock!
[02:48:10] Player (Ragnar Odinsson, 76561198120496196)(<11890.299805, 140.024658, 12443.185547>) requested data for lock!
[03:15:03] Player (Ragnar Odinsson, 76561198120496196)(<11864.590820, 140.094803, 12450.238281>) requested data for lock!
[07:45:57] Player (M. FireStorm, 76561198153058532)(<5743.325195, 480.564178, 15209.271484>) requested data for lock!
[07:46:02] Player (M. FireStorm, 76561198153058532)(<5739.960449, 477.623993, 15215.760742>) requested data for lock!
[07:46:08] Player (M. FireStorm, 76561198153058532)(<5739.960449, 477.623993, 15215.760742>) requested data for lock!
[07:46:13] Player (M. FireStorm, 76561198153058532)(<5737.401855, 477.624664, 15227.500977>) requested data for lock!
[07:46:18] Player (M. FireStorm, 76561198153058532)(<5735.729004, 477.538849, 15225.748047>) requested data for lock!
[07:46:23] Player (M. FireStorm, 76561198153058532)(<5735.729004, 477.538849, 15225.748047>) requested data for lock!
[07:46:28] Player (M. FireStorm, 76561198153058532)(<5735.728027, 480.547211, 15225.750977>) requested data for lock!
[07:46:33] Player (M. FireStorm, 76561198153058532)(<5733.660156, 480.615234, 15229.815430>) requested data for lock!
[07:49:21] Player (M. FireStorm, 76561198153058532)(<5735.728027, 480.547211, 15225.750977>) requested data for lock!
[07:49:30] Player (M. FireStorm, 76561198153058532)(<5737.805176, 474.633850, 15212.271484>) requested data for lock!
[07:49:35] Player (M. FireStorm, 76561198153058532)(<5736.681641, 474.201874, 15197.967773>) requested data for lock!
[07:54:03] Player (M. FireStorm, 76561198153058532)(<5737.401855, 477.624664, 15227.500977>) requested data for lock!
[07:54:08] Player (M. FireStorm, 76561198153058532)(<5735.728027, 480.547211, 15225.750977>) requested data for lock!
[07:56:51] Player (M. FireStorm, 76561198153058532)(<5736.681641, 474.201874, 15197.967773>) requested data for lock!
[07:57:15] Player (M. FireStorm, 76561198153058532)(<5736.681641, 474.201874, 15197.967773>) requested data for lock!
[07:58:23] Player (M. FireStorm, 76561198153058532)(<5746.302246, 474.358978, 15190.466797>) requested data for lock!
[07:59:10] Player (M. FireStorm, 76561198153058532)(<5794.265625, 473.792511, 15225.167969>) requested data for lock!
[08:48:27] Player (M. FireStorm, 76561198153058532)(<5738.168457, 474.616486, 15236.831055>) requested data for lock!
[08:49:12] Player (M. FireStorm, 76561198153058532)(<5737.805176, 474.633850, 15212.271484>) requested data for lock!
[08:49:41] Player (M. FireStorm, 76561198153058532)(<5736.681641, 474.201874, 15197.967773>) requested data for lock!
[08:49:53] Player (M. FireStorm, 76561198153058532)(<5736.681641, 474.201874, 15197.967773>) requested data for lock!
[06-26-2021][11.17.21] Log file reloaded ( Server Restart )
[18:25:34] Player (Sgt.Mad, 76561198003552490)(<3713.406982, 305.016174, 8274.994141>) requested data for lock!
[21:08:18] Player (Capwell, 76561198079984427)(<11891.621094, 140.000000, 12490.179688>) requested data for lock!
[21:09:21] Player (Capwell, 76561198079984427)(<11891.621094, 140.000000, 12490.179688>) requested data for lock!
[06-26-2021][21.12.49] Log file reloaded ( Server Restart )
[23:49:21] Player (Capwell, 76561198079984427)(<11848.901367, 140.081055, 12423.490234>) requested data for lock!
[23:52:32] Player (Capwell, 76561198079984427)(<11864.590820, 140.094803, 12450.238281>) requested data for lock!
[23:52:37] Player (Capwell, 76561198079984427)(<11864.590820, 140.094803, 12450.238281>) requested data for lock!
[23:52:42] Player (Capwell, 76561198079984427)(<11864.590820, 140.094803, 12450.238281>) requested data for lock!
[23:52:48] Player (Capwell, 76561198079984427)(<11864.590820, 140.094803, 12450.238281>) requested data for lock!
[23:52:53] Player (Capwell, 76561198079984427)(<11864.590820, 140.094803, 12450.238281>) requested data for lock!
[23:53:11] Player (Capwell, 76561198079984427)(<11891.621094, 140.000000, 12490.179688>) requested data for lock!
[23:54:28] Player (Capwell, 76561198079984427)(<11891.621094, 140.000000, 12490.179688>) requested data for lock!
[00:17:06] Player (Capwell, 76561198079984427)(<11907.678711, 139.999939, 12466.875000>) requested data for lock!
[00:39:26] Player (Capwell, 76561198079984427)(<11891.621094, 140.000000, 12490.179688>) requested data for lock!
[00:40:07] Player (Capwell, 76561198079984427)(<11891.621094, 140.000000, 12490.179688>) requested data for lock!
[00:40:45] Player (Capwell, 76561198079984427)(<11891.621094, 140.000000, 12490.179688>) requested data for lock!
[00:41:08] Player (Capwell, 76561198079984427)(<11907.678711, 139.999939, 12466.875000>) requested data for lock!
[00:41:13] Player (Capwell, 76561198079984427)(<11907.678711, 139.999939, 12466.875000>) requested data for lock!
[00:42:04] Player (Ragnar Odinsson, 76561198120496196)(<11907.678711, 139.999939, 12466.875000>) requested data for lock!
[00:48:11] Player (Ragnar Odinsson, 76561198120496196)(<11907.678711, 139.999939, 12466.875000>) requested data for lock!
[00:48:19] Player (Ragnar Odinsson, 76561198120496196)(<11907.678711, 139.999939, 12466.875000>) requested data for lock!
[00:51:36] Player (Capwell, 76561198079984427)(<11848.901367, 140.081055, 12423.490234>) requested data for lock!
[00:52:19] Player (Capwell, 76561198079984427)(<11848.901367, 140.081055, 12423.490234>) requested data for lock!
[00:57:00] Player (Ragnar Odinsson, 76561198120496196)(<11907.678711, 139.999939, 12466.875000>) requested data for lock!
[00:57:06] Player (Ragnar Odinsson, 76561198120496196)(<11907.678711, 139.999939, 12466.875000>) requested data for lock!
[00:57:11] Player (Ragnar Odinsson, 76561198120496196)(<11907.678711, 139.999939, 12466.875000>) requested data for lock!
[00:57:32] Player (Ragnar Odinsson, 76561198120496196)(<11871.750977, 140.000000, 12461.352539>) requested data for lock!
[00:57:37] Player (Ragnar Odinsson, 76561198120496196)(<11871.750977, 140.000000, 12461.352539>) requested data for lock!
[00:59:37] Player (Ragnar Odinsson, 76561198120496196)(<11871.750977, 140.000000, 12461.352539>) requested data for lock!
[01:00:05] Player (Ragnar Odinsson, 76561198120496196)(<11871.750977, 140.000000, 12461.352539>) requested data for lock!
[01:00:10] Player (Ragnar Odinsson, 76561198120496196)(<11864.590820, 140.094803, 12450.238281>) requested data for lock!
[01:00:24] Player (Ragnar Odinsson, 76561198120496196)(<11871.750977, 140.000000, 12461.352539>) requested data for lock!
[01:02:35] Player (Ragnar Odinsson, 76561198120496196)(<11871.750977, 140.000000, 12461.352539>) requested data for lock!
[01:09:31] Player (Capwell, 76561198079984427)(<11891.621094, 140.000000, 12490.179688>) requested data for lock!
[01:09:52] Player (Capwell, 76561198079984427)(<11891.621094, 140.000000, 12490.179688>) requested data for lock!
[01:09:58] Player (Ragnar Odinsson, 76561198120496196)(<11891.621094, 140.000000, 12490.179688>) requested data for lock!
[01:10:03] Player (Ragnar Odinsson, 76561198120496196)(<11891.621094, 140.000000, 12490.179688>) requested data for lock!
[01:10:07] Player (Capwell, 76561198079984427)(<11891.621094, 140.000000, 12490.179688>) requested data for lock!
[01:10:09] Player (Ragnar Odinsson, 76561198120496196)(<11891.621094, 140.000000, 12490.179688>) requested data for lock!
[01:10:12] Player (Capwell, 76561198079984427)(<11891.621094, 140.000000, 12490.179688>) requested data for lock!
[01:10:14] Player (Ragnar Odinsson, 76561198120496196)(<11891.621094, 140.000000, 12490.179688>) requested data for lock!
[01:10:17] Player (Capwell, 76561198079984427)(<11891.621094, 140.000000, 12490.179688>) requested data for lock!
[01:10:26] Player (Ragnar Odinsson, 76561198120496196)(<11891.621094, 140.000000, 12490.179688>) requested data for lock!
[01:11:47] Player (Capwell, 76561198079984427)(<11891.621094, 140.000000, 12490.179688>) requested data for lock!
[01:13:23] Player (Ragnar Odinsson, 76561198120496196)(<11891.621094, 140.000000, 12490.179688>) requested data for lock!
[01:20:59] Player (Capwell, 76561198079984427)(<11891.621094, 140.000000, 12490.179688>) requested data for lock!
[01:23:44] Player (Ragnar Odinsson, 76561198120496196)(<11891.621094, 140.000000, 12490.179688>) requested data for lock!
[01:24:10] Player (Capwell, 76561198079984427)(<11891.621094, 140.000000, 12490.179688>) requested data for lock!
[01:24:15] Player (Capwell, 76561198079984427)(<11891.621094, 140.000000, 12490.179688>) requested data for lock!
[01:24:50] Player (Ragnar Odinsson, 76561198120496196)(<11871.750977, 140.000000, 12461.352539>) requested data for lock!
[01:25:08] Player (Ragnar Odinsson, 76561198120496196)(<11871.750977, 140.000000, 12461.352539>) requested data for lock!
[01:26:20] Player (Ragnar Odinsson, 76561198120496196)(<11864.590820, 140.094803, 12450.238281>) requested data for lock!
[01:28:47] Player (Ragnar Odinsson, 76561198120496196)(<11891.621094, 140.000000, 12490.179688>) requested data for lock!
[01:28:53] Player (Ragnar Odinsson, 76561198120496196)(<11891.621094, 140.000000, 12490.179688>) requested data for lock!
[01:29:07] Player (Capwell, 76561198079984427)(<11871.750977, 140.000000, 12461.352539>) requested data for lock!
[01:29:18] Player (Capwell, 76561198079984427)(<11874.084961, 140.044266, 12447.125977>) requested data for lock!
[01:38:30] Player (Ragnar Odinsson, 76561198120496196)(<11891.621094, 140.000000, 12490.179688>) requested data for lock!
[01:41:25] Player (Ragnar Odinsson, 76561198120496196)(<11871.750977, 140.000000, 12461.352539>) requested data for lock!
[01:42:31] Player (Ragnar Odinsson, 76561198120496196)(<11871.750977, 140.000000, 12461.352539>) requested data for lock!
[01:42:37] Player (Ragnar Odinsson, 76561198120496196)(<11871.750977, 140.000000, 12461.352539>) requested data for lock!
[01:44:41] Player (Ragnar Odinsson, 76561198120496196)(<11874.084961, 140.044266, 12447.125977>) requested data for lock!
[01:52:58] Player (Ragnar Odinsson, 76561198120496196)(<11891.621094, 140.000000, 12490.179688>) requested data for lock!
[01:53:59] Player (Ragnar Odinsson, 76561198120496196)(<11891.621094, 140.000000, 12490.179688>) requested data for lock!
[01:57:20] Player (Ragnar Odinsson, 76561198120496196)(<11871.750977, 140.000000, 12461.352539>) requested data for lock!
[01:57:50] Player (Ragnar Odinsson, 76561198120496196)(<11891.621094, 140.000000, 12490.179688>) requested data for lock!
[01:58:11] Player (Ragnar Odinsson, 76561198120496196)(<11891.621094, 140.000000, 12490.179688>) requested data for lock!
[02:00:22] Player (Ragnar Odinsson, 76561198120496196)(<11890.299805, 140.024658, 12443.185547>) requested data for lock!
[02:00:46] Player (Ragnar Odinsson, 76561198120496196)(<11848.901367, 140.081055, 12423.490234>) requested data for lock!
[02:01:47] Player (Ragnar Odinsson, 76561198120496196)(<11890.299805, 140.024658, 12443.185547>) requested data for lock!
[02:03:59] Player (Ragnar Odinsson, 76561198120496196)(<11890.299805, 140.024658, 12443.185547>) requested data for lock!
[02:04:30] Player (Ragnar Odinsson, 76561198120496196)(<11890.299805, 140.024658, 12443.185547>) requested data for lock!
[02:04:35] Player (Ragnar Odinsson, 76561198120496196)(<11890.299805, 140.024658, 12443.185547>) requested data for lock!
[02:04:50] Player (Ragnar Odinsson, 76561198120496196)(<11890.299805, 140.024658, 12443.185547>) requested data for lock!
[02:04:58] Player (Ragnar Odinsson, 76561198120496196)(<11890.299805, 140.024658, 12443.185547>) requested data for lock!
[02:05:09] Player (Ragnar Odinsson, 76561198120496196)(<11890.299805, 140.024658, 12443.185547>) requested data for lock!
[02:07:26] Player (Ragnar Odinsson, 76561198120496196)(<11891.621094, 140.000000, 12490.179688>) requested data for lock!
[02:21:42] Player (Ragnar Odinsson, 76561198120496196)(<11891.621094, 140.000000, 12490.179688>) requested data for lock!
[02:25:20] Player (Ragnar Odinsson, 76561198120496196)(<11864.590820, 140.094803, 12450.238281>) requested data for lock!
[02:25:21] Player (Sgt.Mad, 76561198003552490)(<11864.590820, 140.094803, 12450.238281>) requested data for lock!
[02:25:26] Player (Sgt.Mad, 76561198003552490)(<11864.590820, 140.094803, 12450.238281>) requested data for lock!
[02:25:31] Player (Sgt.Mad, 76561198003552490)(<11864.590820, 140.094803, 12450.238281>) requested data for lock!
[02:25:37] Player (Sgt.Mad, 76561198003552490)(<11864.590820, 140.094803, 12450.238281>) requested data for lock!
[02:25:42] Player (Sgt.Mad, 76561198003552490)(<11864.590820, 140.094803, 12450.238281>) requested data for lock!
[02:25:50] Player (Sgt.Mad, 76561198003552490)(<11864.590820, 140.094803, 12450.238281>) requested data for lock!
[02:25:56] Player (Sgt.Mad, 76561198003552490)(<11864.590820, 140.094803, 12450.238281>) requested data for lock!
[02:26:00] Player (Sgt.Mad, 76561198003552490)(<11864.590820, 140.094803, 12450.238281>) requested data for lock!
[02:26:05] Player (Sgt.Mad, 76561198003552490)(<11864.590820, 140.094803, 12450.238281>) requested data for lock!
[02:26:11] Player (Sgt.Mad, 76561198003552490)(<11864.590820, 140.094803, 12450.238281>) requested data for lock!
[02:27:25] Player (Sgt.Mad, 76561198003552490)(<11891.621094, 140.000000, 12490.179688>) requested data for lock!
[02:27:30] Player (Sgt.Mad, 76561198003552490)(<11891.621094, 140.000000, 12490.179688>) requested data for lock!
[02:27:35] Player (Sgt.Mad, 76561198003552490)(<11891.621094, 140.000000, 12490.179688>) requested data for lock!
[02:27:40] Player (Sgt.Mad, 76561198003552490)(<11891.621094, 140.000000, 12490.179688>) requested data for lock!
[02:28:26] Player (Sgt.Mad, 76561198003552490)(<11891.621094, 140.000000, 12490.179688>) requested data for lock!
[02:28:31] Player (Sgt.Mad, 76561198003552490)(<11891.621094, 140.000000, 12490.179688>) requested data for lock!
[02:28:36] Player (Sgt.Mad, 76561198003552490)(<11891.621094, 140.000000, 12490.179688>) requested data for lock!
[02:28:42] Player (Ragnar Odinsson, 76561198120496196)(<11891.621094, 140.000000, 12490.179688>) requested data for lock!
[02:28:55] Player (Sgt.Mad, 76561198003552490)(<11891.621094, 140.000000, 12490.179688>) requested data for lock!
[02:29:16] Player (Sgt.Mad, 76561198003552490)(<11871.750977, 140.000000, 12461.352539>) requested data for lock!
[02:29:24] Player (Sgt.Mad, 76561198003552490)(<11890.299805, 140.024658, 12443.185547>) requested data for lock!
[02:29:30] Player (Sgt.Mad, 76561198003552490)(<11890.299805, 140.024658, 12443.185547>) requested data for lock!
[02:30:36] Player (Sgt.Mad, 76561198003552490)(<11848.901367, 140.081055, 12423.490234>) requested data for lock!
[02:30:41] Player (Sgt.Mad, 76561198003552490)(<11848.901367, 140.081055, 12423.490234>) requested data for lock!
[02:30:55] Player (Sgt.Mad, 76561198003552490)(<11890.299805, 140.024658, 12443.185547>) requested data for lock!
[02:31:12] Player (Sgt.Mad, 76561198003552490)(<11871.750977, 140.000000, 12461.352539>) requested data for lock!
[02:32:31] Player (Ragnar Odinsson, 76561198120496196)(<11891.621094, 140.000000, 12490.179688>) requested data for lock!
[02:32:34] Player (Sgt.Mad, 76561198003552490)(<11891.621094, 140.000000, 12490.179688>) requested data for lock!
[02:34:27] Player (Ragnar Odinsson, 76561198120496196)(<3711.443604, 305.017242, 8269.167969>) requested data for lock!
[02:34:29] Player (Sgt.Mad, 76561198003552490)(<3713.406982, 305.016174, 8274.994141>) requested data for lock!
[02:34:38] Player (Ragnar Odinsson, 76561198120496196)(<3711.443604, 305.017242, 8269.167969>) requested data for lock!
[02:34:54] Player (Ragnar Odinsson, 76561198120496196)(<3711.443604, 305.017242, 8269.167969>) requested data for lock!
[02:39:36] Player (Ragnar Odinsson, 76561198120496196)(<3697.813232, 305.022583, 8241.600586>) requested data for lock!
[02:39:41] Player (Ragnar Odinsson, 76561198120496196)(<3697.813232, 305.022583, 8241.600586>) requested data for lock!
[02:40:12] Player (Ragnar Odinsson, 76561198120496196)(<3697.813232, 305.022583, 8241.600586>) requested data for lock!
[03:53:47] Player (Ragnar Odinsson, 76561198120496196)(<11864.590820, 140.094803, 12450.238281>) requested data for lock!
[03:54:49] Player (Ragnar Odinsson, 76561198120496196)(<6462.303223, 288.009430, 7408.134277>) requested data for lock!
[03:55:26] Player (Ragnar Odinsson, 76561198120496196)(<6462.303223, 288.009430, 7408.134277>) requested data for lock!
