[06-17-2021][05.06.55] New Synch Log File Created!
[06-17-2021][07.34.04] Log file reloaded ( Server Restart )
[10:42:44] Player (M. FireStorm, 76561198153058532)(<5732.001465, 482.252106, 15209.359375>) requested data for lock!
[10:43:04] Player (M. FireStorm, 76561198153058532)(<5743.325195, 480.564178, 15209.271484>) requested data for lock!
[10:43:12] Player (M. FireStorm, 76561198153058532)(<5739.960449, 477.623993, 15215.760742>) requested data for lock!
[10:43:17] Player (M. FireStorm, 76561198153058532)(<5745.802246, 477.624207, 15217.144531>) requested data for lock!
[10:46:49] Player (M. FireStorm, 76561198153058532)(<5744.417480, 474.616058, 15222.993164>) requested data for lock!
[10:48:03] Player (M. FireStorm, 76561198153058532)(<5744.417480, 474.616058, 15222.993164>) requested data for lock!
[10:51:14] Player (M. FireStorm, 76561198153058532)(<5744.417480, 474.616058, 15222.993164>) requested data for lock!
[10:55:59] Player (M. FireStorm, 76561198153058532)(<5737.805176, 474.633850, 15212.271484>) requested data for lock!
[10:56:08] Player (M. FireStorm, 76561198153058532)(<5744.417480, 474.616058, 15222.993164>) requested data for lock!
[11:00:58] Player (M. FireStorm, 76561198153058532)(<5736.681641, 474.201874, 15197.967773>) requested data for lock!
[11:06:25] Player (M. FireStorm, 76561198153058532)(<5745.802246, 477.624207, 15217.144531>) requested data for lock!
[11:11:21] Player (M. FireStorm, 76561198153058532)(<5735.729004, 477.538849, 15225.748047>) requested data for lock!
[11:11:26] Player (M. FireStorm, 76561198153058532)(<5735.728027, 480.547211, 15225.750977>) requested data for lock!
[11:11:31] Player (M. FireStorm, 76561198153058532)(<5733.660156, 480.615234, 15229.815430>) requested data for lock!
[15:12:02] Player (Ragnar Odinsson, 76561198120496196)(<6484.237305, 292.937195, 7394.447266>) requested data for lock!
[15:12:07] Player (Ragnar Odinsson, 76561198120496196)(<6494.417480, 292.869812, 7391.889160>) requested data for lock!
[06-17-2021][16.00.24] Log file reloaded ( Server Restart )
[16:43:08] Player (Ragnar Odinsson, 76561198120496196)(<6494.417480, 292.869812, 7391.889160>) requested data for lock!
[16:43:13] Player (Ragnar Odinsson, 76561198120496196)(<6484.237305, 292.937195, 7394.447266>) requested data for lock!
[16:50:47] Player (Ragnar Odinsson, 76561198120496196)(<6484.237305, 292.937195, 7394.447266>) requested data for lock!
[17:00:08] Player (Ragnar Odinsson, 76561198120496196)(<6484.237305, 292.937195, 7394.447266>) requested data for lock!
[17:00:13] Player (Ragnar Odinsson, 76561198120496196)(<6494.417480, 292.869812, 7391.889160>) requested data for lock!
[17:00:18] Player (Ragnar Odinsson, 76561198120496196)(<6494.417480, 292.869812, 7391.889160>) requested data for lock!
[17:00:25] Player (Ragnar Odinsson, 76561198120496196)(<6484.237305, 292.937195, 7394.447266>) requested data for lock!
[17:01:50] Player (Ragnar Odinsson, 76561198120496196)(<6494.417480, 292.869812, 7391.889160>) requested data for lock!
[17:19:47] Player (Ragnar Odinsson, 76561198120496196)(<6462.303223, 288.009430, 7408.134277>) requested data for lock!
[17:23:07] Player (Ragnar Odinsson, 76561198120496196)(<6494.417480, 292.869812, 7391.889160>) requested data for lock!
[17:24:25] Player (Ragnar Odinsson, 76561198120496196)(<6494.417480, 292.869812, 7391.889160>) requested data for lock!
[17:24:31] Player (Ragnar Odinsson, 76561198120496196)(<6484.237305, 292.937195, 7394.447266>) requested data for lock!
[17:36:18] Player (Capwell, 76561198079984427)(<6494.417480, 292.869812, 7391.889160>) requested data for lock!
[17:36:23] Player (Capwell, 76561198079984427)(<6494.417480, 292.869812, 7391.889160>) requested data for lock!
[17:36:28] Player (Capwell, 76561198079984427)(<6482.183594, 292.937836, 7388.810547>) requested data for lock!
[17:36:37] Player (Capwell, 76561198079984427)(<6494.417480, 292.869812, 7391.889160>) requested data for lock!
[17:37:07] Player (Capwell, 76561198079984427)(<6494.417480, 292.869812, 7391.889160>) requested data for lock!
[17:37:13] Player (Capwell, 76561198079984427)(<6486.703125, 295.878174, 7388.309082>) requested data for lock!
[17:37:18] Player (Capwell, 76561198079984427)(<6486.703125, 295.878174, 7388.309082>) requested data for lock!
[17:37:23] Player (Capwell, 76561198079984427)(<6486.703125, 295.878174, 7388.309082>) requested data for lock!
[17:37:28] Player (Capwell, 76561198079984427)(<6486.703125, 295.878174, 7388.309082>) requested data for lock!
[17:38:06] Player (A_Hostile_Noob, 76561198362910441)(<6482.183594, 292.937836, 7388.810547>) requested data for lock!
[17:38:10] Player (Capwell, 76561198079984427)(<6484.237305, 292.937195, 7394.447266>) requested data for lock!
[17:38:13] Player (A_Hostile_Noob, 76561198362910441)(<6484.237305, 292.937195, 7394.447266>) requested data for lock!
[17:38:45] Player (A_Hostile_Noob, 76561198362910441)(<6467.832520, 287.828979, 7408.062012>) requested data for lock!
[17:38:51] Player (A_Hostile_Noob, 76561198362910441)(<6467.832520, 287.828979, 7408.062012>) requested data for lock!
[06-17-2021][18.27.54] Log file reloaded ( Server Restart )
[22:49:02] Player (Ragnar Odinsson, 76561198120496196)(<6484.237305, 292.937195, 7394.447266>) requested data for lock!
[22:49:13] Player (Ragnar Odinsson, 76561198120496196)(<6484.237305, 292.937195, 7394.447266>) requested data for lock!
[22:50:15] Player (Ragnar Odinsson, 76561198120496196)(<6494.417480, 292.869812, 7391.889160>) requested data for lock!
[22:50:22] Player (Ragnar Odinsson, 76561198120496196)(<6494.417480, 292.869812, 7391.889160>) requested data for lock!
[22:52:43] Player (Ragnar Odinsson, 76561198120496196)(<6494.417480, 292.869812, 7391.889160>) requested data for lock!
[22:54:34] Player (Ragnar Odinsson, 76561198120496196)(<6486.703125, 295.878174, 7388.309082>) requested data for lock!
[22:55:30] Player (Ragnar Odinsson, 76561198120496196)(<6486.703125, 295.878174, 7388.309082>) requested data for lock!
[22:55:37] Player (Ragnar Odinsson, 76561198120496196)(<6494.417480, 292.869812, 7391.889160>) requested data for lock!
[23:11:32] Player (Ragnar Odinsson, 76561198120496196)(<6486.703125, 295.878174, 7388.309082>) requested data for lock!
[23:16:45] Player (Ragnar Odinsson, 76561198120496196)(<6467.832520, 287.828979, 7408.062012>) requested data for lock!
[23:17:02] Player (Ragnar Odinsson, 76561198120496196)(<6462.303223, 288.009430, 7408.134277>) requested data for lock!
[23:22:43] Player (Ragnar Odinsson, 76561198120496196)(<6482.183594, 292.937836, 7388.810547>) requested data for lock!
[23:23:50] Player (Ragnar Odinsson, 76561198120496196)(<6484.237305, 292.937195, 7394.447266>) requested data for lock!
[23:47:58] Player (Ragnar Odinsson, 76561198120496196)(<6484.237305, 292.937195, 7394.447266>) requested data for lock!
[23:49:34] Player (Ragnar Odinsson, 76561198120496196)(<6494.417480, 292.869812, 7391.889160>) requested data for lock!
[23:49:41] Player (Ragnar Odinsson, 76561198120496196)(<6484.237305, 292.937195, 7394.447266>) requested data for lock!
[23:50:49] Player (Ragnar Odinsson, 76561198120496196)(<6484.237305, 292.937195, 7394.447266>) requested data for lock!
[23:55:35] Player (Ragnar Odinsson, 76561198120496196)(<6484.237305, 292.937195, 7394.447266>) requested data for lock!
[23:55:40] Player (Ragnar Odinsson, 76561198120496196)(<6482.183594, 292.937836, 7388.810547>) requested data for lock!
[00:00:17] Player (Ragnar Odinsson, 76561198120496196)(<6486.703125, 295.878174, 7388.309082>) requested data for lock!
[00:00:45] Player (Ragnar Odinsson, 76561198120496196)(<6478.791992, 292.937164, 7396.429199>) requested data for lock!
[00:00:50] Player (Ragnar Odinsson, 76561198120496196)(<6478.791992, 292.937164, 7396.429199>) requested data for lock!
[00:00:55] Player (Ragnar Odinsson, 76561198120496196)(<6478.791992, 292.937164, 7396.429199>) requested data for lock!
[00:01:00] Player (Ragnar Odinsson, 76561198120496196)(<6478.791992, 292.937164, 7396.429199>) requested data for lock!
[00:01:05] Player (Ragnar Odinsson, 76561198120496196)(<6478.791992, 292.937164, 7396.429199>) requested data for lock!
[00:01:41] Player (Ragnar Odinsson, 76561198120496196)(<6478.791992, 292.937164, 7396.429199>) requested data for lock!
[00:01:48] Player (Ragnar Odinsson, 76561198120496196)(<6486.703125, 295.878174, 7388.309082>) requested data for lock!
[00:01:53] Player (Ragnar Odinsson, 76561198120496196)(<6486.703125, 295.878174, 7388.309082>) requested data for lock!
[00:04:43] Player (Ragnar Odinsson, 76561198120496196)(<6486.703125, 295.878174, 7388.309082>) requested data for lock!
[00:04:51] Player (Ragnar Odinsson, 76561198120496196)(<6484.237305, 292.937195, 7394.447266>) requested data for lock!
[00:05:49] Player (Ragnar Odinsson, 76561198120496196)(<6478.791992, 292.937164, 7396.429199>) requested data for lock!
[00:06:23] Player (Ragnar Odinsson, 76561198120496196)(<6478.791992, 292.937164, 7396.429199>) requested data for lock!
[00:06:28] Player (Ragnar Odinsson, 76561198120496196)(<6478.791992, 292.937164, 7396.429199>) requested data for lock!
[00:06:40] Player (Ragnar Odinsson, 76561198120496196)(<6494.417480, 292.869812, 7391.889160>) requested data for lock!
[00:08:18] Player (Ragnar Odinsson, 76561198120496196)(<6494.417480, 292.869812, 7391.889160>) requested data for lock!
[00:08:40] Player (Capwell, 76561198079984427)(<6486.703125, 295.878174, 7388.309082>) requested data for lock!
[00:08:47] Player (Capwell, 76561198079984427)(<6486.703125, 295.878174, 7388.309082>) requested data for lock!
[00:09:03] Player (Ragnar Odinsson, 76561198120496196)(<6494.417480, 292.869812, 7391.889160>) requested data for lock!
[00:11:26] Player (Ragnar Odinsson, 76561198120496196)(<6494.417480, 292.869812, 7391.889160>) requested data for lock!
[00:11:31] Player (Capwell, 76561198079984427)(<6484.237305, 292.937195, 7394.447266>) requested data for lock!
[00:11:32] Player (Ragnar Odinsson, 76561198120496196)(<6484.237305, 292.937195, 7394.447266>) requested data for lock!
[00:11:36] Player (Capwell, 76561198079984427)(<6482.183594, 292.937836, 7388.810547>) requested data for lock!
[00:11:42] Player (Capwell, 76561198079984427)(<6482.183594, 292.937836, 7388.810547>) requested data for lock!
[00:11:47] Player (Capwell, 76561198079984427)(<6482.183594, 292.937836, 7388.810547>) requested data for lock!
[00:13:04] Player (Capwell, 76561198079984427)(<6482.183594, 292.937836, 7388.810547>) requested data for lock!
[00:13:18] Player (Capwell, 76561198079984427)(<6484.237305, 292.937195, 7394.447266>) requested data for lock!
[00:13:22] Player (Ragnar Odinsson, 76561198120496196)(<6478.791992, 292.937164, 7396.429199>) requested data for lock!
[00:13:34] Player (Ragnar Odinsson, 76561198120496196)(<6478.791992, 292.937164, 7396.429199>) requested data for lock!
[00:13:40] Player (Ragnar Odinsson, 76561198120496196)(<6484.237305, 292.937195, 7394.447266>) requested data for lock!
[00:13:46] Player (Ragnar Odinsson, 76561198120496196)(<6494.417480, 292.869812, 7391.889160>) requested data for lock!
[00:46:52] Player (Ragnar Odinsson, 76561198120496196)(<3707.171143, 305.019745, 8255.572266>) requested data for lock!
[00:47:30] Player (Capwell, 76561198079984427)(<3707.171143, 305.019745, 8255.572266>) requested data for lock!
[01:01:08] Player (Capwell, 76561198079984427)(<6494.417480, 292.869812, 7391.889160>) requested data for lock!
[01:01:16] Player (Capwell, 76561198079984427)(<6486.703125, 295.878174, 7388.309082>) requested data for lock!
[01:06:05] Player (Ragnar Odinsson, 76561198120496196)(<6494.417480, 292.869812, 7391.889160>) requested data for lock!
[01:06:10] Player (Ragnar Odinsson, 76561198120496196)(<6484.237305, 292.937195, 7394.447266>) requested data for lock!
[01:07:26] Player (Ragnar Odinsson, 76561198120496196)(<6478.791992, 292.937164, 7396.429199>) requested data for lock!
[01:07:34] Player (Ragnar Odinsson, 76561198120496196)(<6478.791992, 292.937164, 7396.429199>) requested data for lock!
[01:07:48] Player (Ragnar Odinsson, 76561198120496196)(<6478.791992, 292.937164, 7396.429199>) requested data for lock!
[01:07:54] Player (Ragnar Odinsson, 76561198120496196)(<6478.791992, 292.937164, 7396.429199>) requested data for lock!
[01:07:59] Player (Ragnar Odinsson, 76561198120496196)(<6478.791992, 292.937164, 7396.429199>) requested data for lock!
[01:08:04] Player (Ragnar Odinsson, 76561198120496196)(<6478.791992, 292.937164, 7396.429199>) requested data for lock!
[01:08:09] Player (Ragnar Odinsson, 76561198120496196)(<6478.791992, 292.937164, 7396.429199>) requested data for lock!
[01:09:08] Player (Ragnar Odinsson, 76561198120496196)(<6467.832520, 287.828979, 7408.062012>) requested data for lock!
[01:10:23] Player (Ragnar Odinsson, 76561198120496196)(<6484.237305, 292.937195, 7394.447266>) requested data for lock!
[01:11:41] Player (Ragnar Odinsson, 76561198120496196)(<6484.237305, 292.937195, 7394.447266>) requested data for lock!
[01:11:46] Player (Ragnar Odinsson, 76561198120496196)(<6484.237305, 292.937195, 7394.447266>) requested data for lock!
[01:15:40] Player (Ragnar Odinsson, 76561198120496196)(<6494.417480, 292.869812, 7391.889160>) requested data for lock!
[01:15:45] Player (Ragnar Odinsson, 76561198120496196)(<6486.703125, 295.878174, 7388.309082>) requested data for lock!
[01:16:52] Player (Ragnar Odinsson, 76561198120496196)(<6486.703125, 295.878174, 7388.309082>) requested data for lock!
[01:17:13] Player (Ragnar Odinsson, 76561198120496196)(<6494.417480, 292.869812, 7391.889160>) requested data for lock!
[01:17:19] Player (Ragnar Odinsson, 76561198120496196)(<6484.237305, 292.937195, 7394.447266>) requested data for lock!
[01:18:53] Player (Ragnar Odinsson, 76561198120496196)(<6484.237305, 292.937195, 7394.447266>) requested data for lock!
[01:18:58] Player (Ragnar Odinsson, 76561198120496196)(<6484.237305, 292.937195, 7394.447266>) requested data for lock!
[01:19:03] Player (Ragnar Odinsson, 76561198120496196)(<6484.237305, 292.937195, 7394.447266>) requested data for lock!
[01:19:08] Player (Ragnar Odinsson, 76561198120496196)(<6484.237305, 292.937195, 7394.447266>) requested data for lock!
[01:19:13] Player (Ragnar Odinsson, 76561198120496196)(<6484.237305, 292.937195, 7394.447266>) requested data for lock!
[01:21:39] Player (Ragnar Odinsson, 76561198120496196)(<3713.461670, 305.016235, 8274.750000>) requested data for lock!
[01:21:56] Player (Ragnar Odinsson, 76561198120496196)(<3707.171143, 305.019745, 8255.572266>) requested data for lock!
[01:22:01] Player (Ragnar Odinsson, 76561198120496196)(<3713.461670, 305.016235, 8274.750000>) requested data for lock!
[01:22:51] Player (Ragnar Odinsson, 76561198120496196)(<3713.461670, 305.016235, 8274.750000>) requested data for lock!
[02:37:40] Player (Ragnar Odinsson, 76561198120496196)(<6462.303223, 288.009430, 7408.134277>) requested data for lock!
[02:39:42] Player (Ragnar Odinsson, 76561198120496196)(<6462.303223, 288.009430, 7408.134277>) requested data for lock!
[03:13:18] Player (Ragnar Odinsson, 76561198120496196)(<6467.832520, 287.828979, 7408.062012>) requested data for lock!
[03:13:23] Player (Ragnar Odinsson, 76561198120496196)(<6467.832520, 287.828979, 7408.062012>) requested data for lock!
[03:13:45] Player (Ragnar Odinsson, 76561198120496196)(<6462.303223, 288.009430, 7408.134277>) requested data for lock!
[03:14:02] Player (Ragnar Odinsson, 76561198120496196)(<6484.237305, 292.937195, 7394.447266>) requested data for lock!
[03:15:30] Player (Ragnar Odinsson, 76561198120496196)(<6467.832520, 287.828979, 7408.062012>) requested data for lock!
[03:16:36] Player (Ragnar Odinsson, 76561198120496196)(<3713.461670, 305.016235, 8274.750000>) requested data for lock!
[03:18:42] Player (Ragnar Odinsson, 76561198120496196)(<6467.832520, 287.828979, 7408.062012>) requested data for lock!
