[06-28-2021][06.10.06] New Synch Log File Created!
[13:41:06] Player (Sgt.Mad, 76561198003552490)(<3697.813232, 305.022583, 8241.600586>) requested data for lock!
[13:43:09] Player (Sgt.Mad, 76561198003552490)(<3697.813232, 305.022583, 8241.600586>) requested data for lock!
[13:45:44] Player (Sgt.Mad, 76561198003552490)(<3697.813232, 305.022583, 8241.600586>) requested data for lock!
[13:47:51] Player (Sgt.Mad, 76561198003552490)(<3697.813232, 305.022583, 8241.600586>) requested data for lock!
[14:09:03] Player (Sgt.Mad, 76561198003552490)(<3697.813232, 305.022583, 8241.600586>) requested data for lock!
[16:04:35] Player (Ragnar Odinsson, 76561198120496196)(<11874.084961, 140.044266, 12447.125977>) requested data for lock!
[16:08:10] Player (Ragnar Odinsson, 76561198120496196)(<11874.084961, 140.044266, 12447.125977>) requested data for lock!
[16:08:33] Player (Ragnar Odinsson, 76561198120496196)(<3697.813232, 305.022583, 8241.600586>) requested data for lock!
[16:14:10] Player (Ragnar Odinsson, 76561198120496196)(<3697.813232, 305.022583, 8241.600586>) requested data for lock!
[16:14:15] Player (Ragnar Odinsson, 76561198120496196)(<3697.813232, 305.022583, 8241.600586>) requested data for lock!
[16:14:20] Player (Ragnar Odinsson, 76561198120496196)(<3697.813232, 305.022583, 8241.600586>) requested data for lock!
[16:14:50] Player (Ragnar Odinsson, 76561198120496196)(<11874.084961, 140.044266, 12447.125977>) requested data for lock!
[16:15:14] Player (Ragnar Odinsson, 76561198120496196)(<11874.084961, 140.044266, 12447.125977>) requested data for lock!
[16:16:12] Player (Ragnar Odinsson, 76561198120496196)(<11874.084961, 140.044266, 12447.125977>) requested data for lock!
[16:19:39] Player (Ragnar Odinsson, 76561198120496196)(<3697.813232, 305.022583, 8241.600586>) requested data for lock!
[16:19:44] Player (Ragnar Odinsson, 76561198120496196)(<3697.813232, 305.022583, 8241.600586>) requested data for lock!
[16:21:41] Player (Ragnar Odinsson, 76561198120496196)(<3697.813232, 305.022583, 8241.600586>) requested data for lock!
[16:21:57] Player (Sgt.Mad, 76561198003552490)(<3713.406982, 305.016174, 8274.994141>) requested data for lock!
[16:24:29] Player (Ragnar Odinsson, 76561198120496196)(<3697.813232, 305.022583, 8241.600586>) requested data for lock!
[16:25:28] Player (Sgt.Mad, 76561198003552490)(<3697.813232, 305.022583, 8241.600586>) requested data for lock!
[16:26:11] Player (Ragnar Odinsson, 76561198120496196)(<3697.813232, 305.022583, 8241.600586>) requested data for lock!
[16:28:01] Player (Sgt.Mad, 76561198003552490)(<3697.813232, 305.022583, 8241.600586>) requested data for lock!
[16:28:19] Player (Ragnar Odinsson, 76561198120496196)(<3697.813232, 305.022583, 8241.600586>) requested data for lock!
[16:28:24] Player (Ragnar Odinsson, 76561198120496196)(<3697.813232, 305.022583, 8241.600586>) requested data for lock!
[16:28:29] Player (Ragnar Odinsson, 76561198120496196)(<3697.813232, 305.022583, 8241.600586>) requested data for lock!
[16:28:38] Player (Sgt.Mad, 76561198003552490)(<3697.813232, 305.022583, 8241.600586>) requested data for lock!
[16:28:53] Player (Sgt.Mad, 76561198003552490)(<3697.813232, 305.022583, 8241.600586>) requested data for lock!
[16:28:58] Player (Sgt.Mad, 76561198003552490)(<3697.813232, 305.022583, 8241.600586>) requested data for lock!
[16:29:03] Player (Sgt.Mad, 76561198003552490)(<3697.813232, 305.022583, 8241.600586>) requested data for lock!
[16:29:08] Player (Sgt.Mad, 76561198003552490)(<3697.813232, 305.022583, 8241.600586>) requested data for lock!
[16:29:13] Player (Sgt.Mad, 76561198003552490)(<3697.813232, 305.022583, 8241.600586>) requested data for lock!
[16:29:42] Player (Sgt.Mad, 76561198003552490)(<3713.406982, 305.016174, 8274.994141>) requested data for lock!
[16:31:59] Player (Ragnar Odinsson, 76561198120496196)(<6467.832520, 287.828979, 7408.062012>) requested data for lock!
[16:32:05] Player (Ragnar Odinsson, 76561198120496196)(<6462.303223, 288.009430, 7408.134277>) requested data for lock!
[16:33:57] Player (Sgt.Mad, 76561198003552490)(<3713.406982, 305.016174, 8274.994141>) requested data for lock!
[16:42:03] Player (Sgt.Mad, 76561198003552490)(<3713.406982, 305.016174, 8274.994141>) requested data for lock!
[16:43:45] Player (Ragnar Odinsson, 76561198120496196)(<3697.813232, 305.022583, 8241.600586>) requested data for lock!
[16:43:50] Player (Ragnar Odinsson, 76561198120496196)(<3697.813232, 305.022583, 8241.600586>) requested data for lock!
[16:44:08] Player (Sgt.Mad, 76561198003552490)(<3713.406982, 305.016174, 8274.994141>) requested data for lock!
[17:03:52] Player (Sgt.Mad, 76561198003552490)(<3713.406982, 305.016174, 8274.994141>) requested data for lock!
[06-28-2021][17.09.07] Log file reloaded ( Server Restart )
[17:15:07] Player (Ragnar Odinsson, 76561198120496196)(<3697.813232, 305.022583, 8241.600586>) requested data for lock!
[17:16:05] Player (Sgt.Mad, 76561198003552490)(<3713.406982, 305.016174, 8274.994141>) requested data for lock!
[17:17:55] Player (Ragnar Odinsson, 76561198120496196)(<3697.813232, 305.022583, 8241.600586>) requested data for lock!
[17:18:00] Player (Sgt.Mad, 76561198003552490)(<3697.813232, 305.022583, 8241.600586>) requested data for lock!
[17:36:17] Player (Ragnar Odinsson, 76561198120496196)(<6467.832520, 287.828979, 7408.062012>) requested data for lock!
[17:37:12] Player (Ragnar Odinsson, 76561198120496196)(<6462.303223, 288.009430, 7408.134277>) requested data for lock!
[19:19:52] Player (Capwell, 76561198079984427)(<11874.084961, 140.044266, 12447.125977>) requested data for lock!
[23:15:58] Player (Sgt.Mad, 76561198003552490)(<11891.621094, 140.000000, 12490.179688>) requested data for lock!
[23:17:18] Player (Sgt.Mad, 76561198003552490)(<11871.750977, 140.000000, 12461.352539>) requested data for lock!
[23:24:48] Player (Sgt.Mad, 76561198003552490)(<11874.084961, 140.044266, 12447.125977>) requested data for lock!
[23:33:11] Player (Ragnar Odinsson, 76561198120496196)(<11871.750977, 140.000000, 12461.352539>) requested data for lock!
[23:44:01] Player (Sgt.Mad, 76561198003552490)(<11864.590820, 140.094803, 12450.238281>) requested data for lock!
[23:44:17] Player (Sgt.Mad, 76561198003552490)(<11890.299805, 140.024658, 12443.185547>) requested data for lock!
[23:44:23] Player (Sgt.Mad, 76561198003552490)(<11890.299805, 140.024658, 12443.185547>) requested data for lock!
[23:47:00] Player (Ragnar Odinsson, 76561198120496196)(<11871.750977, 140.000000, 12461.352539>) requested data for lock!
[23:48:18] Player (Ragnar Odinsson, 76561198120496196)(<6462.303223, 288.009430, 7408.134277>) requested data for lock!
[23:51:05] Player (Ragnar Odinsson, 76561198120496196)(<6467.832520, 287.828979, 7408.062012>) requested data for lock!
[23:52:08] Player (Ragnar Odinsson, 76561198120496196)(<6462.303223, 288.009430, 7408.134277>) requested data for lock!
[23:52:37] Player (Ragnar Odinsson, 76561198120496196)(<6467.832520, 287.828979, 7408.062012>) requested data for lock!
[23:53:11] Player (Ragnar Odinsson, 76561198120496196)(<6462.303223, 288.009430, 7408.134277>) requested data for lock!
[23:53:21] Player (Ragnar Odinsson, 76561198120496196)(<6494.417480, 292.869812, 7391.889160>) requested data for lock!
[23:53:50] Player (Ragnar Odinsson, 76561198120496196)(<6478.791992, 292.937164, 7396.429199>) requested data for lock!
[23:54:13] Player (Ragnar Odinsson, 76561198120496196)(<6478.791992, 292.937164, 7396.429199>) requested data for lock!
[23:54:18] Player (Ragnar Odinsson, 76561198120496196)(<6478.791992, 292.937164, 7396.429199>) requested data for lock!
[23:55:08] Player (Ragnar Odinsson, 76561198120496196)(<6462.303223, 288.009430, 7408.134277>) requested data for lock!
[00:01:35] Player (Ragnar Odinsson, 76561198120496196)(<11871.750977, 140.000000, 12461.352539>) requested data for lock!
[00:02:08] Player (Ragnar Odinsson, 76561198120496196)(<11890.299805, 140.024658, 12443.185547>) requested data for lock!
[00:07:05] Player (Ragnar Odinsson, 76561198120496196)(<11890.299805, 140.024658, 12443.185547>) requested data for lock!
[00:07:45] Player (Ragnar Odinsson, 76561198120496196)(<11871.750977, 140.000000, 12461.352539>) requested data for lock!
[00:08:07] Player (Sgt.Mad, 76561198003552490)(<11871.750977, 140.000000, 12461.352539>) requested data for lock!
[00:08:10] Player (Ragnar Odinsson, 76561198120496196)(<11871.750977, 140.000000, 12461.352539>) requested data for lock!
[00:27:32] Player (Ragnar Odinsson, 76561198120496196)(<11886.961914, 140.094803, 12439.153320>) requested data for lock!
[00:27:50] Player (Ragnar Odinsson, 76561198120496196)(<11871.750977, 140.000000, 12461.352539>) requested data for lock!
[00:47:07] Player (Ragnar Odinsson, 76561198120496196)(<11887.051758, 140.094803, 12438.903320>) requested data for lock!
[00:50:07] Player (Ragnar Odinsson, 76561198120496196)(<11890.299805, 140.024658, 12443.185547>) requested data for lock!
[01:18:33] Player (Ragnar Odinsson, 76561198120496196)(<11864.590820, 140.094803, 12450.238281>) requested data for lock!
[01:19:24] Player (Ragnar Odinsson, 76561198120496196)(<11887.051758, 140.094803, 12438.903320>) requested data for lock!
[01:19:36] Player (Ragnar Odinsson, 76561198120496196)(<11887.051758, 140.094803, 12438.903320>) requested data for lock!
[01:19:46] Player (Ragnar Odinsson, 76561198120496196)(<11887.051758, 140.094803, 12438.903320>) requested data for lock!
[01:34:09] Player (Ragnar Odinsson, 76561198120496196)(<11891.621094, 140.000000, 12490.179688>) requested data for lock!
[01:34:25] Player (Ragnar Odinsson, 76561198120496196)(<11891.621094, 140.000000, 12490.179688>) requested data for lock!
[01:36:03] Player (Ragnar Odinsson, 76561198120496196)(<11891.621094, 140.000000, 12490.179688>) requested data for lock!
