[06-20-2021][01.51.22] New Synch Log File Created!
[02:09:25] Player (Ragnar Odinsson, 76561198120496196)(<6484.237305, 292.937195, 7394.447266>) requested data for lock!
[02:11:36] Player (Ragnar Odinsson, 76561198120496196)(<6478.791992, 292.937164, 7396.429199>) requested data for lock!
[02:13:28] Player (Ragnar Odinsson, 76561198120496196)(<6478.791992, 292.937164, 7396.429199>) requested data for lock!
[02:15:41] Player (Ragnar Odinsson, 76561198120496196)(<6486.703125, 295.878174, 7388.309082>) requested data for lock!
[02:16:11] Player (Ragnar Odinsson, 76561198120496196)(<6484.237305, 292.937195, 7394.447266>) requested data for lock!
[02:20:50] Player (Ragnar Odinsson, 76561198120496196)(<6462.303223, 288.009430, 7408.134277>) requested data for lock!
[02:38:51] Player (Ragnar Odinsson, 76561198120496196)(<3713.461670, 305.016235, 8274.750000>) requested data for lock!
[02:40:21] Player (Ragnar Odinsson, 76561198120496196)(<6486.703125, 295.878174, 7388.309082>) requested data for lock!
[02:47:30] Player (Ragnar Odinsson, 76561198120496196)(<6462.303223, 288.009430, 7408.134277>) requested data for lock!
[02:49:20] Player (Ragnar Odinsson, 76561198120496196)(<6462.303223, 288.009430, 7408.134277>) requested data for lock!
[06-20-2021][12.44.41] Log file reloaded ( Server Restart )
[15:53:52] Player (Ragnar Odinsson, 76561198120496196)(<6462.303223, 288.009430, 7408.134277>) requested data for lock!
[15:57:24] Player (Ragnar Odinsson, 76561198120496196)(<6467.832520, 287.828979, 7408.062012>) requested data for lock!
[16:19:22] Player (Ragnar Odinsson, 76561198120496196)(<6484.237305, 292.937195, 7394.447266>) requested data for lock!
[16:19:55] Player (Ragnar Odinsson, 76561198120496196)(<6478.791992, 292.937164, 7396.429199>) requested data for lock!
[16:20:46] Player (Ragnar Odinsson, 76561198120496196)(<6484.237305, 292.937195, 7394.447266>) requested data for lock!
[16:25:39] Player (Ragnar Odinsson, 76561198120496196)(<6494.417480, 292.869812, 7391.889160>) requested data for lock!
[20:04:56] Player (A_Hostile_Noob, 76561198362910441)(<6484.234375, 295.945557, 7394.448730>) requested data for lock!
[20:39:52] Player (M. FireStorm, 76561198153058532)(<5733.660156, 480.615234, 15229.815430>) requested data for lock!
[20:39:58] Player (M. FireStorm, 76561198153058532)(<5735.728027, 480.547211, 15225.750977>) requested data for lock!
[20:40:03] Player (M. FireStorm, 76561198153058532)(<5735.729004, 477.538849, 15225.748047>) requested data for lock!
[20:40:08] Player (M. FireStorm, 76561198153058532)(<5737.401855, 477.624664, 15227.500977>) requested data for lock!
[20:40:13] Player (M. FireStorm, 76561198153058532)(<5739.960449, 477.623993, 15215.760742>) requested data for lock!
[20:40:19] Player (M. FireStorm, 76561198153058532)(<5743.325195, 480.564178, 15209.271484>) requested data for lock!
[20:41:12] Player (M. FireStorm, 76561198153058532)(<5743.325195, 480.564178, 15209.271484>) requested data for lock!
[20:41:24] Player (M. FireStorm, 76561198153058532)(<5739.960449, 477.623993, 15215.760742>) requested data for lock!
[20:41:29] Player (M. FireStorm, 76561198153058532)(<5745.802246, 477.624207, 15217.144531>) requested data for lock!
[20:42:23] Player (M. FireStorm, 76561198153058532)(<5746.630859, 474.770782, 15166.892578>) requested data for lock!
[20:42:36] Player (M. FireStorm, 76561198153058532)(<5746.630859, 474.770782, 15166.892578>) requested data for lock!
[20:43:23] Player (M. FireStorm, 76561198153058532)(<5746.630859, 474.770782, 15166.892578>) requested data for lock!
[20:43:55] Player (Sgt.Mad, 76561198003552490)(<3707.171143, 305.019745, 8255.572266>) requested data for lock!
[20:44:06] Player (Sgt.Mad, 76561198003552490)(<3707.171143, 305.019745, 8255.572266>) requested data for lock!
[20:45:21] Player (M. FireStorm, 76561198153058532)(<5746.302246, 474.358978, 15190.466797>) requested data for lock!
[20:45:26] Player (M. FireStorm, 76561198153058532)(<5736.681641, 474.201874, 15197.967773>) requested data for lock!
[20:49:41] Player (M. FireStorm, 76561198153058532)(<5774.948730, 474.356842, 15211.653320>) requested data for lock!
[20:50:01] Player (M. FireStorm, 76561198153058532)(<5744.417480, 474.616058, 15222.993164>) requested data for lock!
[20:50:06] Player (M. FireStorm, 76561198153058532)(<5737.805176, 474.633850, 15212.271484>) requested data for lock!
[20:51:29] Player (M. FireStorm, 76561198153058532)(<5735.729004, 477.538849, 15225.748047>) requested data for lock!
[20:51:34] Player (M. FireStorm, 76561198153058532)(<5739.960449, 477.623993, 15215.760742>) requested data for lock!
[20:51:41] Player (M. FireStorm, 76561198153058532)(<5743.325195, 480.564178, 15209.271484>) requested data for lock!
[20:52:31] Player (M. FireStorm, 76561198153058532)(<5739.960449, 477.623993, 15215.760742>) requested data for lock!
[20:53:31] Player (Sgt.Mad, 76561198003552490)(<3707.171143, 305.019745, 8255.572266>) requested data for lock!
[20:53:51] Player (Sgt.Mad, 76561198003552490)(<3707.171143, 305.019745, 8255.572266>) requested data for lock!
[20:54:18] Player (M. FireStorm, 76561198153058532)(<5730.156738, 474.598480, 15231.959961>) requested data for lock!
[20:54:25] Player (M. FireStorm, 76561198153058532)(<5730.156738, 474.598480, 15231.959961>) requested data for lock!
[20:56:14] Player (Sgt.Mad, 76561198003552490)(<3713.461670, 305.016235, 8274.750000>) requested data for lock!
[20:56:24] Player (Sgt.Mad, 76561198003552490)(<3713.461670, 305.016235, 8274.750000>) requested data for lock!
[20:56:44] Player (Sgt.Mad, 76561198003552490)(<3713.461670, 305.016235, 8274.750000>) requested data for lock!
[21:00:27] Player (M. FireStorm, 76561198153058532)(<5709.220215, 474.097504, 15211.759766>) requested data for lock!
[21:01:25] Player (M. FireStorm, 76561198153058532)(<5732.001465, 482.252106, 15209.359375>) requested data for lock!
[21:01:43] Player (Sgt.Mad, 76561198003552490)(<3707.171143, 305.019745, 8255.572266>) requested data for lock!
[21:02:37] Player (M. FireStorm, 76561198153058532)(<5732.001465, 482.252106, 15209.359375>) requested data for lock!
[21:04:46] Player (M. FireStorm, 76561198153058532)(<5746.630859, 474.770782, 15166.892578>) requested data for lock!
[21:04:53] Player (M. FireStorm, 76561198153058532)(<5746.302246, 474.358978, 15190.466797>) requested data for lock!
[21:05:02] Player (Sgt.Mad, 76561198003552490)(<3707.171143, 305.019745, 8255.572266>) requested data for lock!
[21:05:12] Player (M. FireStorm, 76561198153058532)(<5735.729004, 477.538849, 15225.748047>) requested data for lock!
[21:05:21] Player (M. FireStorm, 76561198153058532)(<5739.960449, 477.623993, 15215.760742>) requested data for lock!
[21:05:30] Player (Sgt.Mad, 76561198003552490)(<3707.171143, 305.019745, 8255.572266>) requested data for lock!
[21:05:31] Player (M. FireStorm, 76561198153058532)(<5732.001465, 482.252106, 15209.359375>) requested data for lock!
[21:06:58] Player (Sgt.Mad, 76561198003552490)(<3707.171143, 305.019745, 8255.572266>) requested data for lock!
[21:07:59] Player (Sgt.Mad, 76561198003552490)(<3707.171143, 305.019745, 8255.572266>) requested data for lock!
[21:08:12] Player (Sgt.Mad, 76561198003552490)(<3707.171143, 305.019745, 8255.572266>) requested data for lock!
[21:08:27] Player (Sgt.Mad, 76561198003552490)(<3707.171143, 305.019745, 8255.572266>) requested data for lock!
[21:10:01] Player (Sgt.Mad, 76561198003552490)(<3713.461670, 305.016235, 8274.750000>) requested data for lock!
[21:25:34] Player (Sgt.Mad, 76561198003552490)(<3697.813232, 305.022583, 8241.600586>) requested data for lock!
[21:25:39] Player (Sgt.Mad, 76561198003552490)(<3697.813232, 305.022583, 8241.600586>) requested data for lock!
[21:25:44] Player (Sgt.Mad, 76561198003552490)(<3697.813232, 305.022583, 8241.600586>) requested data for lock!
[21:25:49] Player (Sgt.Mad, 76561198003552490)(<3697.813232, 305.022583, 8241.600586>) requested data for lock!
[21:25:54] Player (Sgt.Mad, 76561198003552490)(<3697.813232, 305.022583, 8241.600586>) requested data for lock!
[21:26:00] Player (Sgt.Mad, 76561198003552490)(<3697.813232, 305.022583, 8241.600586>) requested data for lock!
[21:26:05] Player (Sgt.Mad, 76561198003552490)(<3697.813232, 305.022583, 8241.600586>) requested data for lock!
[21:26:10] Player (Sgt.Mad, 76561198003552490)(<3697.813232, 305.022583, 8241.600586>) requested data for lock!
[21:26:15] Player (Sgt.Mad, 76561198003552490)(<3697.813232, 305.022583, 8241.600586>) requested data for lock!
[21:26:23] Player (Sgt.Mad, 76561198003552490)(<3697.813232, 305.022583, 8241.600586>) requested data for lock!
[21:26:28] Player (Sgt.Mad, 76561198003552490)(<3697.813232, 305.022583, 8241.600586>) requested data for lock!
[21:26:33] Player (Sgt.Mad, 76561198003552490)(<3697.813232, 305.022583, 8241.600586>) requested data for lock!
[21:26:38] Player (Sgt.Mad, 76561198003552490)(<3697.813232, 305.022583, 8241.600586>) requested data for lock!
[21:28:29] Player (Sgt.Mad, 76561198003552490)(<3713.461670, 305.016235, 8274.750000>) requested data for lock!
[21:34:42] Player (Sgt.Mad, 76561198003552490)(<3713.461670, 305.016235, 8274.750000>) requested data for lock!
[21:36:32] Player (Sgt.Mad, 76561198003552490)(<3713.461670, 305.016235, 8274.750000>) requested data for lock!
[21:36:55] Player (Sgt.Mad, 76561198003552490)(<3713.461670, 305.016235, 8274.750000>) requested data for lock!
[21:44:31] Player (Sgt.Mad, 76561198003552490)(<3697.813232, 305.022583, 8241.600586>) requested data for lock!
[21:54:42] Player (Sgt.Mad, 76561198003552490)(<3697.813232, 305.022583, 8241.600586>) requested data for lock!
[22:01:23] Player (Sgt.Mad, 76561198003552490)(<3697.813232, 305.022583, 8241.600586>) requested data for lock!
[22:01:37] Player (Sgt.Mad, 76561198003552490)(<3697.813232, 305.022583, 8241.600586>) requested data for lock!
[22:21:11] Player (Sgt.Mad, 76561198003552490)(<3707.171143, 305.019745, 8255.572266>) requested data for lock!
[23:32:24] Player (Sgt.Mad, 76561198003552490)(<3697.813232, 305.022583, 8241.600586>) requested data for lock!
[23:33:06] Player (Sgt.Mad, 76561198003552490)(<3697.813232, 305.022583, 8241.600586>) requested data for lock!
[23:33:18] Player (Sgt.Mad, 76561198003552490)(<3697.813232, 305.022583, 8241.600586>) requested data for lock!
[23:33:39] Player (Sgt.Mad, 76561198003552490)(<3697.813232, 305.022583, 8241.600586>) requested data for lock!
[06-20-2021][23.38.02] Log file reloaded ( Server Restart )
[23:56:47] Player (Sgt.Mad, 76561198003552490)(<3697.813232, 305.022583, 8241.600586>) requested data for lock!
[23:58:34] Player (Sgt.Mad, 76561198003552490)(<3697.813232, 305.022583, 8241.600586>) requested data for lock!
[00:15:48] Player (Ragnar Odinsson, 76561198120496196)(<6467.832520, 287.828979, 7408.062012>) requested data for lock!
[00:16:56] Player (Ragnar Odinsson, 76561198120496196)(<6467.832520, 287.828979, 7408.062012>) requested data for lock!
[00:17:42] Player (Sgt.Mad, 76561198003552490)(<3707.171143, 305.019745, 8255.572266>) requested data for lock!
[00:17:50] Player (Sgt.Mad, 76561198003552490)(<3707.171143, 305.019745, 8255.572266>) requested data for lock!
[00:18:13] Player (Ragnar Odinsson, 76561198120496196)(<3697.813232, 305.022583, 8241.600586>) requested data for lock!
[00:18:18] Player (Ragnar Odinsson, 76561198120496196)(<3697.813232, 305.022583, 8241.600586>) requested data for lock!
[00:18:28] Player (Ragnar Odinsson, 76561198120496196)(<3697.813232, 305.022583, 8241.600586>) requested data for lock!
[00:18:35] Player (Sgt.Mad, 76561198003552490)(<3697.813232, 305.022583, 8241.600586>) requested data for lock!
[00:19:19] Player (Sgt.Mad, 76561198003552490)(<3707.171143, 305.019745, 8255.572266>) requested data for lock!
[00:19:25] Player (Sgt.Mad, 76561198003552490)(<3707.171143, 305.019745, 8255.572266>) requested data for lock!
[00:19:58] Player (Ragnar Odinsson, 76561198120496196)(<3713.461670, 305.016235, 8274.750000>) requested data for lock!
[00:32:02] Player (Ragnar Odinsson, 76561198120496196)(<3713.461670, 305.016235, 8274.750000>) requested data for lock!
[00:32:07] Player (Ragnar Odinsson, 76561198120496196)(<3713.461670, 305.016235, 8274.750000>) requested data for lock!
[00:32:12] Player (Ragnar Odinsson, 76561198120496196)(<3713.461670, 305.016235, 8274.750000>) requested data for lock!
[00:32:17] Player (Ragnar Odinsson, 76561198120496196)(<3713.461670, 305.016235, 8274.750000>) requested data for lock!
[00:43:33] Player (Sgt.Mad, 76561198003552490)(<3697.813232, 305.022583, 8241.600586>) requested data for lock!
[00:52:43] Player (Ragnar Odinsson, 76561198120496196)(<6467.832520, 287.828979, 7408.062012>) requested data for lock!
[00:54:16] Player (Ragnar Odinsson, 76561198120496196)(<6462.303223, 288.009430, 7408.134277>) requested data for lock!
[00:57:05] Player (Ragnar Odinsson, 76561198120496196)(<6494.417480, 292.869812, 7391.889160>) requested data for lock!
[00:57:10] Player (Ragnar Odinsson, 76561198120496196)(<6486.703125, 295.878174, 7388.309082>) requested data for lock!
[00:57:32] Player (Sgt.Mad, 76561198003552490)(<6484.234375, 295.945557, 7394.448730>) requested data for lock!
[00:58:26] Player (Sgt.Mad, 76561198003552490)(<6484.234375, 295.945557, 7394.448730>) requested data for lock!
[00:58:36] Player (Ragnar Odinsson, 76561198120496196)(<6484.237305, 292.937195, 7394.447266>) requested data for lock!
[00:58:40] Player (Sgt.Mad, 76561198003552490)(<6486.703125, 295.878174, 7388.309082>) requested data for lock!
[00:58:45] Player (Sgt.Mad, 76561198003552490)(<6486.703125, 295.878174, 7388.309082>) requested data for lock!
[00:58:56] Player (Ragnar Odinsson, 76561198120496196)(<6494.417480, 292.869812, 7391.889160>) requested data for lock!
[00:58:57] Player (Sgt.Mad, 76561198003552490)(<6494.417480, 292.869812, 7391.889160>) requested data for lock!
[00:59:26] Player (Sgt.Mad, 76561198003552490)(<6486.703125, 295.878174, 7388.309082>) requested data for lock!
[00:59:50] Player (Ragnar Odinsson, 76561198120496196)(<6478.791992, 292.937164, 7396.429199>) requested data for lock!
[00:59:55] Player (Ragnar Odinsson, 76561198120496196)(<6478.791992, 292.937164, 7396.429199>) requested data for lock!
[00:59:55] Player (Sgt.Mad, 76561198003552490)(<6478.791992, 292.937164, 7396.429199>) requested data for lock!
[01:00:00] Player (Sgt.Mad, 76561198003552490)(<6482.183594, 292.937836, 7388.810547>) requested data for lock!
[01:00:02] Player (Ragnar Odinsson, 76561198120496196)(<6482.183594, 292.937836, 7388.810547>) requested data for lock!
[01:00:08] Player (Sgt.Mad, 76561198003552490)(<6486.703125, 295.878174, 7388.309082>) requested data for lock!
[01:00:13] Player (Ragnar Odinsson, 76561198120496196)(<6484.234375, 295.945557, 7394.448730>) requested data for lock!
[01:00:16] Player (Sgt.Mad, 76561198003552490)(<6484.234375, 295.945557, 7394.448730>) requested data for lock!
[01:00:19] Player (Ragnar Odinsson, 76561198120496196)(<6484.234375, 295.945557, 7394.448730>) requested data for lock!
[01:00:21] Player (Sgt.Mad, 76561198003552490)(<6484.234375, 295.945557, 7394.448730>) requested data for lock!
[01:00:24] Player (Ragnar Odinsson, 76561198120496196)(<6484.234375, 295.945557, 7394.448730>) requested data for lock!
[01:00:27] Player (Sgt.Mad, 76561198003552490)(<6484.234375, 295.945557, 7394.448730>) requested data for lock!
[01:00:32] Player (Sgt.Mad, 76561198003552490)(<6484.234375, 295.945557, 7394.448730>) requested data for lock!
[01:00:41] Player (Sgt.Mad, 76561198003552490)(<6484.234375, 295.945557, 7394.448730>) requested data for lock!
[01:00:55] Player (Ragnar Odinsson, 76561198120496196)(<6494.417480, 292.869812, 7391.889160>) requested data for lock!
[01:01:00] Player (Sgt.Mad, 76561198003552490)(<6494.417480, 292.869812, 7391.889160>) requested data for lock!
[01:01:21] Player (Ragnar Odinsson, 76561198120496196)(<6462.303223, 288.009430, 7408.134277>) requested data for lock!
[01:01:50] Player (Ragnar Odinsson, 76561198120496196)(<6494.417480, 292.869812, 7391.889160>) requested data for lock!
[01:01:56] Player (Ragnar Odinsson, 76561198120496196)(<6484.234375, 295.945557, 7394.448730>) requested data for lock!
[01:02:01] Player (Ragnar Odinsson, 76561198120496196)(<6484.234375, 295.945557, 7394.448730>) requested data for lock!
[01:04:35] Player (Sgt.Mad, 76561198003552490)(<6462.303223, 288.009430, 7408.134277>) requested data for lock!
[01:04:36] Player (Ragnar Odinsson, 76561198120496196)(<6467.832520, 287.828979, 7408.062012>) requested data for lock!
[01:05:27] Player (Ragnar Odinsson, 76561198120496196)(<6484.234375, 295.945557, 7394.448730>) requested data for lock!
[01:06:39] Player (Ragnar Odinsson, 76561198120496196)(<6484.237305, 292.937195, 7394.447266>) requested data for lock!
[01:06:53] Player (Sgt.Mad, 76561198003552490)(<6494.417480, 292.869812, 7391.889160>) requested data for lock!
[01:07:07] Player (Ragnar Odinsson, 76561198120496196)(<6478.791992, 292.937164, 7396.429199>) requested data for lock!
[01:07:57] Player (Ragnar Odinsson, 76561198120496196)(<6484.555176, 296.918488, 7388.885254>) requested data for lock!
[01:07:57] Player (Sgt.Mad, 76561198003552490)(<6482.180664, 295.946198, 7388.812012>) requested data for lock!
[01:08:02] Player (Ragnar Odinsson, 76561198120496196)(<6482.180664, 295.946198, 7388.812012>) requested data for lock!
[01:08:02] Player (Sgt.Mad, 76561198003552490)(<6482.180664, 295.946198, 7388.812012>) requested data for lock!
[01:08:07] Player (Ragnar Odinsson, 76561198120496196)(<6482.180664, 295.946198, 7388.812012>) requested data for lock!
[01:08:08] Player (Sgt.Mad, 76561198003552490)(<6482.180664, 295.946198, 7388.812012>) requested data for lock!
[01:08:14] Player (Sgt.Mad, 76561198003552490)(<6482.180664, 295.946198, 7388.812012>) requested data for lock!
[01:08:23] Player (Sgt.Mad, 76561198003552490)(<6482.180664, 295.946198, 7388.812012>) requested data for lock!
[01:08:27] Player (Ragnar Odinsson, 76561198120496196)(<6484.237305, 292.937195, 7394.447266>) requested data for lock!
[01:08:45] Player (Ragnar Odinsson, 76561198120496196)(<6494.417480, 292.869812, 7391.889160>) requested data for lock!
[03:29:59] Player (Ragnar Odinsson, 76561198120496196)(<6462.303223, 288.009430, 7408.134277>) requested data for lock!
[03:39:29] Player (Sgt.Mad, 76561198003552490)(<6494.417480, 292.869812, 7391.889160>) requested data for lock!
[03:39:35] Player (Sgt.Mad, 76561198003552490)(<6482.180664, 295.946198, 7388.812012>) requested data for lock!
[03:39:37] Player (Ragnar Odinsson, 76561198120496196)(<6482.180664, 295.946198, 7388.812012>) requested data for lock!
[03:39:42] Player (Sgt.Mad, 76561198003552490)(<6494.417480, 292.869812, 7391.889160>) requested data for lock!
[03:39:42] Player (Ragnar Odinsson, 76561198120496196)(<6494.417480, 292.869812, 7391.889160>) requested data for lock!
[03:39:51] Player (Ragnar Odinsson, 76561198120496196)(<6494.417480, 292.869812, 7391.889160>) requested data for lock!
[03:40:08] Player (Ragnar Odinsson, 76561198120496196)(<6494.417480, 292.869812, 7391.889160>) requested data for lock!
[03:40:59] Player (Sgt.Mad, 76561198003552490)(<6462.303223, 288.009430, 7408.134277>) requested data for lock!
[03:43:03] Player (Ragnar Odinsson, 76561198120496196)(<6484.237305, 292.937195, 7394.447266>) requested data for lock!
[03:43:09] Player (Ragnar Odinsson, 76561198120496196)(<6478.791992, 292.937164, 7396.429199>) requested data for lock!
[03:43:21] Player (Ragnar Odinsson, 76561198120496196)(<6484.237305, 292.937195, 7394.447266>) requested data for lock!
[03:53:25] Player (Ragnar Odinsson, 76561198120496196)(<6467.832520, 287.828979, 7408.062012>) requested data for lock!
[03:53:42] Player (Ragnar Odinsson, 76561198120496196)(<6484.237305, 292.937195, 7394.447266>) requested data for lock!
[03:54:30] Player (Ragnar Odinsson, 76561198120496196)(<6484.237305, 292.937195, 7394.447266>) requested data for lock!
