[07-03-2021][00.19.16] New Synch Log File Created!
[01:00:58] Player (Ragnar Odinsson, 76561198120496196)(<11886.837891, 140.094803, 12438.333984>) requested data for lock!
[01:01:04] Player (Ragnar Odinsson, 76561198120496196)(<11886.837891, 140.094803, 12438.333984>) requested data for lock!
[01:01:28] Player (Ragnar Odinsson, 76561198120496196)(<11886.837891, 140.094803, 12438.333984>) requested data for lock!
[01:02:20] Player (Capwell, 76561198079984427)(<11886.837891, 140.094803, 12438.333984>) requested data for lock!
[01:02:31] Player (Ragnar Odinsson, 76561198120496196)(<11874.080078, 140.008255, 12447.407227>) requested data for lock!
[01:03:05] Player (Capwell, 76561198079984427)(<11874.080078, 140.008255, 12447.407227>) requested data for lock!
[01:03:07] Player (Ragnar Odinsson, 76561198120496196)(<11874.080078, 140.008255, 12447.407227>) requested data for lock!
[01:03:15] Player (Capwell, 76561198079984427)(<11874.080078, 140.008255, 12447.407227>) requested data for lock!
[01:03:28] Player (Capwell, 76561198079984427)(<11891.621094, 140.000000, 12490.179688>) requested data for lock!
[01:06:36] Player (Ragnar Odinsson, 76561198120496196)(<11871.750977, 140.000000, 12461.352539>) requested data for lock!
[01:07:39] Player (Capwell, 76561198079984427)(<11871.750977, 140.000000, 12461.352539>) requested data for lock!
[01:11:05] Player (Ragnar Odinsson, 76561198120496196)(<11871.750977, 140.000000, 12461.352539>) requested data for lock!
[01:14:06] Player (Ragnar Odinsson, 76561198120496196)(<11886.837891, 140.094803, 12438.333984>) requested data for lock!
[01:19:36] Player (Capwell, 76561198079984427)(<11886.837891, 140.094803, 12438.333984>) requested data for lock!
[01:19:43] Player (Capwell, 76561198079984427)(<11886.837891, 140.094803, 12438.333984>) requested data for lock!
[01:19:56] Player (Capwell, 76561198079984427)(<11874.080078, 140.008255, 12447.407227>) requested data for lock!
[01:20:33] Player (Capwell, 76561198079984427)(<11868.218750, 140.000000, 12456.052734>) requested data for lock!
[01:20:40] Player (Capwell, 76561198079984427)(<11874.080078, 140.008255, 12447.407227>) requested data for lock!
[01:21:28] Player (Ragnar Odinsson, 76561198120496196)(<11874.080078, 140.008255, 12447.407227>) requested data for lock!
[01:21:43] Player (Ragnar Odinsson, 76561198120496196)(<11886.837891, 140.094803, 12438.333984>) requested data for lock!
[01:22:20] Player (Ragnar Odinsson, 76561198120496196)(<11868.218750, 140.000000, 12456.052734>) requested data for lock!
[01:28:15] Player (Ragnar Odinsson, 76561198120496196)(<11871.750977, 140.000000, 12461.352539>) requested data for lock!
[01:35:56] Player (Ragnar Odinsson, 76561198120496196)(<11891.621094, 140.000000, 12490.179688>) requested data for lock!
[01:43:25] Player (Ragnar Odinsson, 76561198120496196)(<11891.621094, 140.000000, 12490.179688>) requested data for lock!
[01:49:49] Player (Capwell, 76561198079984427)(<11891.621094, 140.000000, 12490.179688>) requested data for lock!
[01:51:41] Player (Ragnar Odinsson, 76561198120496196)(<11874.080078, 140.008255, 12447.407227>) requested data for lock!
[01:54:12] Player (Ragnar Odinsson, 76561198120496196)(<11891.621094, 140.000000, 12490.179688>) requested data for lock!
[01:56:25] Player (Ragnar Odinsson, 76561198120496196)(<11891.621094, 140.000000, 12490.179688>) requested data for lock!
[01:59:53] Player (Ragnar Odinsson, 76561198120496196)(<11891.621094, 140.000000, 12490.179688>) requested data for lock!
[02:02:42] Player (Capwell, 76561198079984427)(<11891.621094, 140.000000, 12490.179688>) requested data for lock!
[02:03:04] Player (Capwell, 76561198079984427)(<11886.837891, 140.094803, 12438.333984>) requested data for lock!
[02:03:09] Player (Capwell, 76561198079984427)(<11886.837891, 140.094803, 12438.333984>) requested data for lock!
[02:04:48] Player (Ragnar Odinsson, 76561198120496196)(<11886.837891, 140.094803, 12438.333984>) requested data for lock!
[02:04:53] Player (Ragnar Odinsson, 76561198120496196)(<11886.837891, 140.094803, 12438.333984>) requested data for lock!
[02:04:58] Player (Ragnar Odinsson, 76561198120496196)(<11886.837891, 140.094803, 12438.333984>) requested data for lock!
[02:05:03] Player (Ragnar Odinsson, 76561198120496196)(<11886.837891, 140.094803, 12438.333984>) requested data for lock!
[02:05:08] Player (Ragnar Odinsson, 76561198120496196)(<11886.837891, 140.094803, 12438.333984>) requested data for lock!
[02:05:58] Player (Capwell, 76561198079984427)(<11891.621094, 140.000000, 12490.179688>) requested data for lock!
[07-03-2021][11.33.41] Log file reloaded ( Server Restart )
[12:09:54] Player (A_Hostile_Noob, 76561198362910441)(<5709.220215, 474.097504, 15211.759766>) requested data for lock!
[12:10:09] Player (A_Hostile_Noob, 76561198362910441)(<5709.220215, 474.097504, 15211.759766>) requested data for lock!
[12:10:14] Player (A_Hostile_Noob, 76561198362910441)(<5709.220215, 474.097504, 15211.759766>) requested data for lock!
[12:10:19] Player (A_Hostile_Noob, 76561198362910441)(<5709.220215, 474.097504, 15211.759766>) requested data for lock!
[12:10:55] Player (A_Hostile_Noob, 76561198362910441)(<5738.168457, 474.616486, 15236.831055>) requested data for lock!
[12:11:00] Player (A_Hostile_Noob, 76561198362910441)(<5738.168457, 474.616486, 15236.831055>) requested data for lock!
[12:12:21] Player (A_Hostile_Noob, 76561198362910441)(<5794.265625, 473.792511, 15225.167969>) requested data for lock!
[12:17:15] Player (A_Hostile_Noob, 76561198362910441)(<5774.948730, 474.356842, 15211.653320>) requested data for lock!
[12:17:20] Player (A_Hostile_Noob, 76561198362910441)(<5774.948730, 474.356842, 15211.653320>) requested data for lock!
[12:17:25] Player (A_Hostile_Noob, 76561198362910441)(<5774.948730, 474.356842, 15211.653320>) requested data for lock!
[12:17:30] Player (A_Hostile_Noob, 76561198362910441)(<5774.948730, 474.356842, 15211.653320>) requested data for lock!
[12:19:19] Player (A_Hostile_Noob, 76561198362910441)(<5774.948730, 474.356842, 15211.653320>) requested data for lock!
[12:19:30] Player (A_Hostile_Noob, 76561198362910441)(<5774.948730, 474.356842, 15211.653320>) requested data for lock!
[12:20:08] Player (A_Hostile_Noob, 76561198362910441)(<5774.948730, 474.356842, 15211.653320>) requested data for lock!
[12:20:15] Player (A_Hostile_Noob, 76561198362910441)(<5774.948730, 474.356842, 15211.653320>) requested data for lock!
[12:21:21] Player (A_Hostile_Noob, 76561198362910441)(<5774.948730, 474.356842, 15211.653320>) requested data for lock!
[12:22:02] Player (A_Hostile_Noob, 76561198362910441)(<5774.948730, 474.356842, 15211.653320>) requested data for lock!
[12:23:45] Player (A_Hostile_Noob, 76561198362910441)(<5774.948730, 474.356842, 15211.653320>) requested data for lock!
[12:24:48] Player (A_Hostile_Noob, 76561198362910441)(<5774.948730, 474.356842, 15211.653320>) requested data for lock!
[12:24:56] Player (A_Hostile_Noob, 76561198362910441)(<5774.948730, 474.356842, 15211.653320>) requested data for lock!
[12:25:02] Player (A_Hostile_Noob, 76561198362910441)(<5774.948730, 474.356842, 15211.653320>) requested data for lock!
[12:25:07] Player (A_Hostile_Noob, 76561198362910441)(<5774.948730, 474.356842, 15211.653320>) requested data for lock!
[12:28:33] Player (A_Hostile_Noob, 76561198362910441)(<5794.265625, 473.792511, 15225.167969>) requested data for lock!
[15:57:07] Player (Ragnar Odinsson, 76561198120496196)(<11891.621094, 140.000000, 12490.179688>) requested data for lock!
[15:59:59] Player (Ragnar Odinsson, 76561198120496196)(<11886.837891, 140.094803, 12438.333984>) requested data for lock!
[15:59:59] Player (A_Hostile_Noob, 76561198362910441)(<11886.837891, 140.094803, 12438.333984>) requested data for lock!
[16:00:04] Player (Ragnar Odinsson, 76561198120496196)(<11886.837891, 140.094803, 12438.333984>) requested data for lock!
[16:00:12] Player (A_Hostile_Noob, 76561198362910441)(<11886.837891, 140.094803, 12438.333984>) requested data for lock!
[16:07:24] Player (Ragnar Odinsson, 76561198120496196)(<11871.750977, 140.000000, 12461.352539>) requested data for lock!
[16:08:01] Player (Ragnar Odinsson, 76561198120496196)(<11886.837891, 140.094803, 12438.333984>) requested data for lock!
[16:08:51] Player (Ragnar Odinsson, 76561198120496196)(<11886.837891, 140.094803, 12438.333984>) requested data for lock!
[16:09:17] Player (A_Hostile_Noob, 76561198362910441)(<11874.080078, 140.008255, 12447.407227>) requested data for lock!
[16:09:22] Player (A_Hostile_Noob, 76561198362910441)(<11874.080078, 140.008255, 12447.407227>) requested data for lock!
[16:09:27] Player (A_Hostile_Noob, 76561198362910441)(<11874.080078, 140.008255, 12447.407227>) requested data for lock!
[16:09:32] Player (A_Hostile_Noob, 76561198362910441)(<11874.080078, 140.008255, 12447.407227>) requested data for lock!
[16:09:37] Player (A_Hostile_Noob, 76561198362910441)(<11874.080078, 140.008255, 12447.407227>) requested data for lock!
[16:09:42] Player (A_Hostile_Noob, 76561198362910441)(<11874.080078, 140.008255, 12447.407227>) requested data for lock!
[16:09:47] Player (A_Hostile_Noob, 76561198362910441)(<11874.080078, 140.008255, 12447.407227>) requested data for lock!
[16:09:52] Player (A_Hostile_Noob, 76561198362910441)(<11874.080078, 140.008255, 12447.407227>) requested data for lock!
[16:09:57] Player (A_Hostile_Noob, 76561198362910441)(<11874.080078, 140.008255, 12447.407227>) requested data for lock!
[16:10:02] Player (A_Hostile_Noob, 76561198362910441)(<11874.080078, 140.008255, 12447.407227>) requested data for lock!
[16:10:07] Player (A_Hostile_Noob, 76561198362910441)(<11874.080078, 140.008255, 12447.407227>) requested data for lock!
[16:10:59] Player (Ragnar Odinsson, 76561198120496196)(<11891.621094, 140.000000, 12490.179688>) requested data for lock!
[16:12:08] Player (Survivor, 76561198992055420)(<11874.080078, 140.008255, 12447.407227>) requested data for lock!
[16:12:18] Player (Survivor, 76561198992055420)(<11848.901367, 140.081055, 12423.490234>) requested data for lock!
[16:12:29] Player (Ragnar Odinsson, 76561198120496196)(<11848.901367, 140.081055, 12423.490234>) requested data for lock!
[16:12:57] Player (Survivor, 76561198992055420)(<11848.901367, 140.081055, 12423.490234>) requested data for lock!
[16:13:34] Player (Ragnar Odinsson, 76561198120496196)(<11848.901367, 140.081055, 12423.490234>) requested data for lock!
[16:13:45] Player (Ragnar Odinsson, 76561198120496196)(<11874.080078, 140.008255, 12447.407227>) requested data for lock!
[16:17:11] Player (Ragnar Odinsson, 76561198120496196)(<11871.750977, 140.000000, 12461.352539>) requested data for lock!
[16:17:23] Player (Ragnar Odinsson, 76561198120496196)(<11871.750977, 140.000000, 12461.352539>) requested data for lock!
[16:18:07] Player (A_Hostile_Noob, 76561198362910441)(<11891.621094, 140.000000, 12490.179688>) requested data for lock!
[16:20:38] Player (A_Hostile_Noob, 76561198362910441)(<11891.621094, 140.000000, 12490.179688>) requested data for lock!
[16:20:54] Player (Survivor, 76561198992055420)(<11891.621094, 140.000000, 12490.179688>) requested data for lock!
[16:21:40] Player (Ragnar Odinsson, 76561198120496196)(<11848.901367, 140.081055, 12423.490234>) requested data for lock!
[16:25:16] Player (Ragnar Odinsson, 76561198120496196)(<11871.750977, 140.000000, 12461.352539>) requested data for lock!
[16:33:12] Player (Survivor, 76561198992055420)(<11891.621094, 140.000000, 12490.179688>) requested data for lock!
[16:33:22] Player (Ragnar Odinsson, 76561198120496196)(<11891.621094, 140.000000, 12490.179688>) requested data for lock!
[16:33:47] Player (Ragnar Odinsson, 76561198120496196)(<11891.621094, 140.000000, 12490.179688>) requested data for lock!
[16:34:09] Player (Ragnar Odinsson, 76561198120496196)(<11891.621094, 140.000000, 12490.179688>) requested data for lock!
[16:42:24] Player (Ragnar Odinsson, 76561198120496196)(<11871.750977, 140.000000, 12461.352539>) requested data for lock!
[16:59:35] Player (A_Hostile_Noob, 76561198362910441)(<11891.621094, 140.000000, 12490.179688>) requested data for lock!
[17:08:31] Player (A_Hostile_Noob, 76561198362910441)(<11891.621094, 140.000000, 12490.179688>) requested data for lock!
[17:09:40] Player (A_Hostile_Noob, 76561198362910441)(<11891.621094, 140.000000, 12490.179688>) requested data for lock!
[17:11:32] Player (A_Hostile_Noob, 76561198362910441)(<11868.218750, 140.000000, 12456.052734>) requested data for lock!
[17:11:41] Player (A_Hostile_Noob, 76561198362910441)(<11868.218750, 140.000000, 12456.052734>) requested data for lock!
[17:14:33] Player (A_Hostile_Noob, 76561198362910441)(<11891.621094, 140.000000, 12490.179688>) requested data for lock!
[17:15:36] Player (A_Hostile_Noob, 76561198362910441)(<11891.621094, 140.000000, 12490.179688>) requested data for lock!
[17:15:36] Player (Survivor, 76561198992055420)(<11891.621094, 140.000000, 12490.179688>) requested data for lock!
[17:17:08] Player (A_Hostile_Noob, 76561198362910441)(<11891.621094, 140.000000, 12490.179688>) requested data for lock!
[17:17:38] Player (A_Hostile_Noob, 76561198362910441)(<11891.621094, 140.000000, 12490.179688>) requested data for lock!
[17:25:40] Player (Survivor, 76561198992055420)(<11890.299805, 140.024658, 12443.185547>) requested data for lock!
[17:25:59] Player (Survivor, 76561198992055420)(<11848.901367, 140.081055, 12423.490234>) requested data for lock!
[17:29:38] Player (Survivor, 76561198992055420)(<11891.621094, 140.000000, 12490.179688>) requested data for lock!
[17:29:44] Player (Survivor, 76561198992055420)(<11891.621094, 140.000000, 12490.179688>) requested data for lock!
[17:30:23] Player (A_Hostile_Noob, 76561198362910441)(<11891.621094, 140.000000, 12490.179688>) requested data for lock!
[17:31:23] Player (A_Hostile_Noob, 76561198362910441)(<11891.621094, 140.000000, 12490.179688>) requested data for lock!
[17:31:26] Player (Survivor, 76561198992055420)(<11891.621094, 140.000000, 12490.179688>) requested data for lock!
[17:31:28] Player (A_Hostile_Noob, 76561198362910441)(<11891.621094, 140.000000, 12490.179688>) requested data for lock!
[17:31:32] Player (Survivor, 76561198992055420)(<11891.621094, 140.000000, 12490.179688>) requested data for lock!
[17:31:33] Player (A_Hostile_Noob, 76561198362910441)(<11891.621094, 140.000000, 12490.179688>) requested data for lock!
[17:38:10] Player (A_Hostile_Noob, 76561198362910441)(<11891.621094, 140.000000, 12490.179688>) requested data for lock!
[17:38:35] Player (Survivor, 76561198992055420)(<11891.621094, 140.000000, 12490.179688>) requested data for lock!
[17:38:38] Player (A_Hostile_Noob, 76561198362910441)(<11891.621094, 140.000000, 12490.179688>) requested data for lock!
[17:38:50] Player (A_Hostile_Noob, 76561198362910441)(<11891.621094, 140.000000, 12490.179688>) requested data for lock!
[17:38:55] Player (A_Hostile_Noob, 76561198362910441)(<11891.621094, 140.000000, 12490.179688>) requested data for lock!
[17:53:26] Player (Sgt.Mad, 76561198003552490)(<3713.406982, 305.016174, 8274.994141>) requested data for lock!
[17:53:35] Player (Sgt.Mad, 76561198003552490)(<3711.443604, 305.017242, 8269.167969>) requested data for lock!
[17:54:04] Player (Sgt.Mad, 76561198003552490)(<3711.443604, 305.017242, 8269.167969>) requested data for lock!
[17:54:09] Player (Sgt.Mad, 76561198003552490)(<3709.645264, 305.018188, 8264.167969>) requested data for lock!
[17:54:16] Player (Sgt.Mad, 76561198003552490)(<3707.690918, 305.086304, 8264.069336>) requested data for lock!
[17:57:46] Player (Sgt.Mad, 76561198003552490)(<3713.406982, 305.016174, 8274.994141>) requested data for lock!
[17:57:52] Player (Sgt.Mad, 76561198003552490)(<3709.645264, 305.018188, 8264.167969>) requested data for lock!
[17:57:59] Player (Sgt.Mad, 76561198003552490)(<3713.406982, 305.016174, 8274.994141>) requested data for lock!
[17:58:33] Player (Sgt.Mad, 76561198003552490)(<3709.645264, 305.018188, 8264.167969>) requested data for lock!
[18:16:01] Player (Sgt.Mad, 76561198003552490)(<3707.690918, 305.086304, 8264.069336>) requested data for lock!
[18:16:36] Player (Sgt.Mad, 76561198003552490)(<3697.813232, 305.022583, 8241.600586>) requested data for lock!
[18:16:45] Player (Sgt.Mad, 76561198003552490)(<3697.813232, 305.022583, 8241.600586>) requested data for lock!
[18:16:50] Player (Sgt.Mad, 76561198003552490)(<3697.813232, 305.022583, 8241.600586>) requested data for lock!
[18:17:35] Player (Sgt.Mad, 76561198003552490)(<3697.813232, 305.022583, 8241.600586>) requested data for lock!
[18:17:43] Player (Sgt.Mad, 76561198003552490)(<3713.406982, 305.016174, 8274.994141>) requested data for lock!
[18:17:57] Player (Sgt.Mad, 76561198003552490)(<3713.406982, 305.016174, 8274.994141>) requested data for lock!
[18:18:05] Player (Sgt.Mad, 76561198003552490)(<3707.690918, 305.086304, 8264.069336>) requested data for lock!
[18:19:47] Player (Sgt.Mad, 76561198003552490)(<3713.406982, 305.016174, 8274.994141>) requested data for lock!
[18:20:51] Player (Survivor, 76561198992055420)(<11886.837891, 140.094803, 12438.333984>) requested data for lock!
[18:20:59] Player (Survivor, 76561198992055420)(<11886.837891, 140.094803, 12438.333984>) requested data for lock!
[18:21:05] Player (Survivor, 76561198992055420)(<11886.837891, 140.094803, 12438.333984>) requested data for lock!
[18:21:25] Player (A_Hostile_Noob, 76561198362910441)(<11874.080078, 140.008255, 12447.407227>) requested data for lock!
[18:21:58] Player (A_Hostile_Noob, 76561198362910441)(<11874.080078, 140.008255, 12447.407227>) requested data for lock!
[18:22:03] Player (Survivor, 76561198992055420)(<11886.837891, 140.094803, 12438.333984>) requested data for lock!
[18:22:08] Player (Survivor, 76561198992055420)(<11886.705078, 140.094803, 12440.722656>) requested data for lock!
[18:24:04] Player (Survivor, 76561198992055420)(<11874.080078, 140.008255, 12447.407227>) requested data for lock!
[18:24:53] Player (A_Hostile_Noob, 76561198362910441)(<11874.080078, 140.008255, 12447.407227>) requested data for lock!
[18:24:58] Player (A_Hostile_Noob, 76561198362910441)(<11874.080078, 140.008255, 12447.407227>) requested data for lock!
[18:25:40] Player (Sgt.Mad, 76561198003552490)(<3709.645264, 305.018188, 8264.167969>) requested data for lock!
[18:26:11] Player (Capwell, 76561198079984427)(<3707.690918, 305.086304, 8264.069336>) requested data for lock!
[18:26:11] Player (Sgt.Mad, 76561198003552490)(<3707.690918, 305.086304, 8264.069336>) requested data for lock!
[18:26:34] Player (Sgt.Mad, 76561198003552490)(<3707.690918, 305.086304, 8264.069336>) requested data for lock!
[18:26:44] Player (Sgt.Mad, 76561198003552490)(<3707.690918, 305.086304, 8264.069336>) requested data for lock!
[18:26:58] Player (Sgt.Mad, 76561198003552490)(<3707.690918, 305.086304, 8264.069336>) requested data for lock!
[18:27:07] Player (Capwell, 76561198079984427)(<3697.813232, 305.022583, 8241.600586>) requested data for lock!
[18:29:11] Player (Capwell, 76561198079984427)(<11874.080078, 140.008255, 12447.407227>) requested data for lock!
[18:29:37] Player (Sgt.Mad, 76561198003552490)(<3709.645264, 305.018188, 8264.167969>) requested data for lock!
[18:31:16] Player (Capwell, 76561198079984427)(<11871.750977, 140.000000, 12461.352539>) requested data for lock!
[18:32:11] Player (A_Hostile_Noob, 76561198362910441)(<11874.080078, 140.008255, 12447.407227>) requested data for lock!
[18:32:15] Player (Sgt.Mad, 76561198003552490)(<3707.690918, 305.086304, 8264.069336>) requested data for lock!
[18:32:34] Player (Capwell, 76561198079984427)(<11874.080078, 140.008255, 12447.407227>) requested data for lock!
[18:32:43] Player (Capwell, 76561198079984427)(<11886.705078, 140.094803, 12440.722656>) requested data for lock!
[18:33:27] Player (Capwell, 76561198079984427)(<11874.080078, 140.008255, 12447.407227>) requested data for lock!
[18:33:33] Player (Capwell, 76561198079984427)(<11874.080078, 140.008255, 12447.407227>) requested data for lock!
[18:33:38] Player (Survivor, 76561198992055420)(<11874.080078, 140.008255, 12447.407227>) requested data for lock!
[18:33:38] Player (Capwell, 76561198079984427)(<11874.080078, 140.008255, 12447.407227>) requested data for lock!
[18:34:03] Player (A_Hostile_Noob, 76561198362910441)(<11874.080078, 140.008255, 12447.407227>) requested data for lock!
[18:34:51] Player (Capwell, 76561198079984427)(<11891.621094, 140.000000, 12490.179688>) requested data for lock!
[18:35:18] Player (A_Hostile_Noob, 76561198362910441)(<11874.080078, 140.008255, 12447.407227>) requested data for lock!
[18:35:35] Player (Capwell, 76561198079984427)(<11891.621094, 140.000000, 12490.179688>) requested data for lock!
[18:35:41] Player (Sgt.Mad, 76561198003552490)(<3709.645264, 305.018188, 8264.167969>) requested data for lock!
[18:36:40] Player (Sgt.Mad, 76561198003552490)(<3707.690918, 305.086304, 8264.069336>) requested data for lock!
[18:38:47] Player (Capwell, 76561198079984427)(<11891.621094, 140.000000, 12490.179688>) requested data for lock!
[18:42:18] Player (Sgt.Mad, 76561198003552490)(<3709.645264, 305.018188, 8264.167969>) requested data for lock!
[18:42:22] Player (Capwell, 76561198079984427)(<11891.621094, 140.000000, 12490.179688>) requested data for lock!
[18:42:48] Player (Capwell, 76561198079984427)(<11874.080078, 140.008255, 12447.407227>) requested data for lock!
[18:42:49] Player (Sgt.Mad, 76561198003552490)(<3697.813232, 305.022583, 8241.600586>) requested data for lock!
[18:42:56] Player (Capwell, 76561198079984427)(<11890.299805, 140.024658, 12443.185547>) requested data for lock!
[18:43:06] Player (Capwell, 76561198079984427)(<11890.299805, 140.024658, 12443.185547>) requested data for lock!
[18:43:27] Player (Capwell, 76561198079984427)(<11848.901367, 140.081055, 12423.490234>) requested data for lock!
[18:44:03] Player (Capwell, 76561198079984427)(<11890.299805, 140.024658, 12443.185547>) requested data for lock!
[18:44:16] Player (Capwell, 76561198079984427)(<11891.621094, 140.000000, 12490.179688>) requested data for lock!
[18:44:29] Player (Capwell, 76561198079984427)(<11874.080078, 140.008255, 12447.407227>) requested data for lock!
[18:49:26] Player (Sgt.Mad, 76561198003552490)(<3697.813232, 305.022583, 8241.600586>) requested data for lock!
[19:01:37] Player (M. FireStorm, 76561198153058532)(<5746.302246, 474.358978, 15190.466797>) requested data for lock!
[19:01:45] Player (M. FireStorm, 76561198153058532)(<5737.805176, 474.633850, 15212.271484>) requested data for lock!
[19:01:50] Player (M. FireStorm, 76561198153058532)(<5736.681641, 474.201874, 15197.967773>) requested data for lock!
[19:03:07] Player (Sgt.Mad, 76561198003552490)(<3709.645264, 305.018188, 8264.167969>) requested data for lock!
[19:03:15] Player (Sgt.Mad, 76561198003552490)(<3713.406982, 305.016174, 8274.994141>) requested data for lock!
[19:03:41] Player (Sgt.Mad, 76561198003552490)(<3709.645264, 305.018188, 8264.167969>) requested data for lock!
[19:06:09] Player (M. FireStorm, 76561198153058532)(<5737.805176, 474.633850, 15212.271484>) requested data for lock!
[19:06:19] Player (M. FireStorm, 76561198153058532)(<5737.401855, 477.624664, 15227.500977>) requested data for lock!
[19:08:11] Player (Sgt.Mad, 76561198003552490)(<3697.813232, 305.022583, 8241.600586>) requested data for lock!
[19:10:24] Player (M. FireStorm, 76561198153058532)(<5730.156738, 474.598480, 15231.959961>) requested data for lock!
[19:11:10] Player (M. FireStorm, 76561198153058532)(<5737.805176, 474.633850, 15212.271484>) requested data for lock!
[19:11:14] Player (Sgt.Mad, 76561198003552490)(<3697.813232, 305.022583, 8241.600586>) requested data for lock!
[19:11:46] Player (Sgt.Mad, 76561198003552490)(<3697.813232, 305.022583, 8241.600586>) requested data for lock!
[19:12:06] Player (M. FireStorm, 76561198153058532)(<5737.805176, 474.633850, 15212.271484>) requested data for lock!
[19:12:13] Player (Sgt.Mad, 76561198003552490)(<3697.813232, 305.022583, 8241.600586>) requested data for lock!
[19:12:13] Player (M. FireStorm, 76561198153058532)(<5735.729004, 477.538849, 15225.748047>) requested data for lock!
[19:12:18] Player (M. FireStorm, 76561198153058532)(<5735.728027, 480.547211, 15225.750977>) requested data for lock!
[19:12:23] Player (M. FireStorm, 76561198153058532)(<5733.660156, 480.615234, 15229.815430>) requested data for lock!
[19:13:20] Player (Sgt.Mad, 76561198003552490)(<3697.813232, 305.022583, 8241.600586>) requested data for lock!
[19:13:25] Player (Sgt.Mad, 76561198003552490)(<3697.813232, 305.022583, 8241.600586>) requested data for lock!
[19:13:51] Player (M. FireStorm, 76561198153058532)(<5733.660156, 480.615234, 15229.815430>) requested data for lock!
[19:14:20] Player (M. FireStorm, 76561198153058532)(<5733.660156, 480.615234, 15229.815430>) requested data for lock!
[19:14:29] Player (M. FireStorm, 76561198153058532)(<5733.660156, 480.615234, 15229.815430>) requested data for lock!
[19:14:39] Player (M. FireStorm, 76561198153058532)(<5737.401855, 477.624664, 15227.500977>) requested data for lock!
[19:14:44] Player (M. FireStorm, 76561198153058532)(<5739.960449, 477.623993, 15215.760742>) requested data for lock!
[19:14:50] Player (M. FireStorm, 76561198153058532)(<5743.325195, 480.564178, 15209.271484>) requested data for lock!
[19:14:55] Player (M. FireStorm, 76561198153058532)(<5732.001465, 482.252106, 15209.359375>) requested data for lock!
[19:15:33] Player (M. FireStorm, 76561198153058532)(<5743.325195, 480.564178, 15209.271484>) requested data for lock!
[19:15:40] Player (M. FireStorm, 76561198153058532)(<5739.960449, 477.623993, 15215.760742>) requested data for lock!
[19:15:47] Player (M. FireStorm, 76561198153058532)(<5745.802246, 477.624207, 15217.144531>) requested data for lock!
[19:16:27] Player (M. FireStorm, 76561198153058532)(<5746.302246, 474.358978, 15190.466797>) requested data for lock!
[19:16:40] Player (M. FireStorm, 76561198153058532)(<5736.681641, 474.201874, 15197.967773>) requested data for lock!
[19:18:19] Player (M. FireStorm, 76561198153058532)(<5736.681641, 474.201874, 15197.967773>) requested data for lock!
[19:18:32] Player (M. FireStorm, 76561198153058532)(<5737.805176, 474.633850, 15212.271484>) requested data for lock!
[19:18:41] Player (M. FireStorm, 76561198153058532)(<5735.729004, 477.538849, 15225.748047>) requested data for lock!
[19:18:46] Player (M. FireStorm, 76561198153058532)(<5739.500488, 477.606873, 15231.192383>) requested data for lock!
[19:19:01] Player (M. FireStorm, 76561198153058532)(<5745.802246, 477.624207, 15217.144531>) requested data for lock!
[19:19:20] Player (M. FireStorm, 76561198153058532)(<5746.630859, 474.770782, 15166.892578>) requested data for lock!
[19:31:46] Player (Sgt.Mad, 76561198003552490)(<3697.813232, 305.022583, 8241.600586>) requested data for lock!
[19:40:34] Player (Sgt.Mad, 76561198003552490)(<3697.813232, 305.022583, 8241.600586>) requested data for lock!
[19:42:29] Player (Sgt.Mad, 76561198003552490)(<3697.813232, 305.022583, 8241.600586>) requested data for lock!
[19:43:45] Player (Sgt.Mad, 76561198003552490)(<3697.813232, 305.022583, 8241.600586>) requested data for lock!
[19:44:13] Player (Sgt.Mad, 76561198003552490)(<3697.813232, 305.022583, 8241.600586>) requested data for lock!
[19:44:18] Player (Sgt.Mad, 76561198003552490)(<3697.813232, 305.022583, 8241.600586>) requested data for lock!
[19:44:27] Player (Sgt.Mad, 76561198003552490)(<3709.645264, 305.018188, 8264.167969>) requested data for lock!
[19:45:56] Player (Sgt.Mad, 76561198003552490)(<3709.645264, 305.018188, 8264.167969>) requested data for lock!
[20:00:07] Player (Sgt.Mad, 76561198003552490)(<3697.813232, 305.022583, 8241.600586>) requested data for lock!
[20:00:43] Player (Sgt.Mad, 76561198003552490)(<3697.813232, 305.022583, 8241.600586>) requested data for lock!
[20:03:39] Player (Sgt.Mad, 76561198003552490)(<3697.813232, 305.022583, 8241.600586>) requested data for lock!
[20:10:32] Player (Sgt.Mad, 76561198003552490)(<3697.813232, 305.022583, 8241.600586>) requested data for lock!
[20:13:34] Player (Sgt.Mad, 76561198003552490)(<3697.813232, 305.022583, 8241.600586>) requested data for lock!
[20:13:53] Player (Sgt.Mad, 76561198003552490)(<3697.813232, 305.022583, 8241.600586>) requested data for lock!
[20:16:05] Player (Sgt.Mad, 76561198003552490)(<3709.645264, 305.018188, 8264.167969>) requested data for lock!
[20:17:50] Player (Sgt.Mad, 76561198003552490)(<3697.813232, 305.022583, 8241.600586>) requested data for lock!
[20:18:31] Player (Sgt.Mad, 76561198003552490)(<3697.813232, 305.022583, 8241.600586>) requested data for lock!
[20:21:56] Player (Sgt.Mad, 76561198003552490)(<3709.645264, 305.018188, 8264.167969>) requested data for lock!
[20:23:44] Player (Sgt.Mad, 76561198003552490)(<3707.690918, 305.086304, 8264.069336>) requested data for lock!
[20:24:30] Player (Sgt.Mad, 76561198003552490)(<3707.690918, 305.086304, 8264.069336>) requested data for lock!
[20:24:49] Player (Sgt.Mad, 76561198003552490)(<3709.645264, 305.018188, 8264.167969>) requested data for lock!
[20:28:20] Player (Sgt.Mad, 76561198003552490)(<3713.406982, 305.016174, 8274.994141>) requested data for lock!
[20:29:20] Player (Sgt.Mad, 76561198003552490)(<3709.645264, 305.018188, 8264.167969>) requested data for lock!
[20:29:30] Player (Sgt.Mad, 76561198003552490)(<3709.645264, 305.018188, 8264.167969>) requested data for lock!
[20:29:37] Player (Sgt.Mad, 76561198003552490)(<3707.690918, 305.086304, 8264.069336>) requested data for lock!
[20:36:57] Player (Sgt.Mad, 76561198003552490)(<3713.406982, 305.016174, 8274.994141>) requested data for lock!
[20:55:08] Player (Sgt.Mad, 76561198003552490)(<3709.645264, 305.018188, 8264.167969>) requested data for lock!
[20:55:19] Player (Sgt.Mad, 76561198003552490)(<3697.813232, 305.022583, 8241.600586>) requested data for lock!
[20:56:56] Player (Sgt.Mad, 76561198003552490)(<3697.813232, 305.022583, 8241.600586>) requested data for lock!
[21:04:28] Player (Sgt.Mad, 76561198003552490)(<3697.813232, 305.022583, 8241.600586>) requested data for lock!
[21:17:05] Player (Sgt.Mad, 76561198003552490)(<3709.645264, 305.018188, 8264.167969>) requested data for lock!
[21:17:29] Player (Sgt.Mad, 76561198003552490)(<3709.645264, 305.018188, 8264.167969>) requested data for lock!
[21:17:42] Player (Sgt.Mad, 76561198003552490)(<3707.690918, 305.086304, 8264.069336>) requested data for lock!
[21:18:15] Player (Sgt.Mad, 76561198003552490)(<3709.645264, 305.018188, 8264.167969>) requested data for lock!
[21:18:35] Player (Sgt.Mad, 76561198003552490)(<3707.690918, 305.086304, 8264.069336>) requested data for lock!
[21:19:57] Player (M. FireStorm, 76561198153058532)(<5794.265625, 473.792511, 15225.167969>) requested data for lock!
[21:20:27] Player (M. FireStorm, 76561198153058532)(<5746.302246, 474.358978, 15190.466797>) requested data for lock!
[21:21:02] Player (Sgt.Mad, 76561198003552490)(<3697.813232, 305.022583, 8241.600586>) requested data for lock!
[21:21:07] Player (M. FireStorm, 76561198153058532)(<5736.681641, 474.201874, 15197.967773>) requested data for lock!
[21:21:43] Player (Sgt.Mad, 76561198003552490)(<3713.406982, 305.016174, 8274.994141>) requested data for lock!
[21:22:15] Player (A_Hostile_Noob, 76561198362910441)(<5746.302246, 474.358978, 15190.466797>) requested data for lock!
[21:22:20] Player (A_Hostile_Noob, 76561198362910441)(<5746.302246, 474.358978, 15190.466797>) requested data for lock!
[21:22:25] Player (A_Hostile_Noob, 76561198362910441)(<5746.302246, 474.358978, 15190.466797>) requested data for lock!
[21:22:30] Player (A_Hostile_Noob, 76561198362910441)(<5746.302246, 474.358978, 15190.466797>) requested data for lock!
[21:22:35] Player (A_Hostile_Noob, 76561198362910441)(<5746.302246, 474.358978, 15190.466797>) requested data for lock!
[21:22:40] Player (A_Hostile_Noob, 76561198362910441)(<5746.302246, 474.358978, 15190.466797>) requested data for lock!
[21:22:45] Player (A_Hostile_Noob, 76561198362910441)(<5746.302246, 474.358978, 15190.466797>) requested data for lock!
[21:22:50] Player (M. FireStorm, 76561198153058532)(<5737.805176, 474.633850, 15212.271484>) requested data for lock!
[21:22:51] Player (A_Hostile_Noob, 76561198362910441)(<5746.302246, 474.358978, 15190.466797>) requested data for lock!
[21:22:56] Player (A_Hostile_Noob, 76561198362910441)(<5746.302246, 474.358978, 15190.466797>) requested data for lock!
[21:23:01] Player (A_Hostile_Noob, 76561198362910441)(<5746.302246, 474.358978, 15190.466797>) requested data for lock!
[21:23:05] Player (M. FireStorm, 76561198153058532)(<5730.156738, 474.598480, 15231.959961>) requested data for lock!
[21:23:06] Player (A_Hostile_Noob, 76561198362910441)(<5746.302246, 474.358978, 15190.466797>) requested data for lock!
[21:23:07] Player (Sgt.Mad, 76561198003552490)(<3697.813232, 305.022583, 8241.600586>) requested data for lock!
[21:23:11] Player (A_Hostile_Noob, 76561198362910441)(<5746.302246, 474.358978, 15190.466797>) requested data for lock!
[21:23:17] Player (A_Hostile_Noob, 76561198362910441)(<5746.302246, 474.358978, 15190.466797>) requested data for lock!
[21:23:34] Player (M. FireStorm, 76561198153058532)(<5735.729004, 477.538849, 15225.748047>) requested data for lock!
[21:23:39] Player (M. FireStorm, 76561198153058532)(<5735.728027, 480.547211, 15225.750977>) requested data for lock!
[21:23:44] Player (M. FireStorm, 76561198153058532)(<5733.660156, 480.615234, 15229.815430>) requested data for lock!
[21:24:17] Player (M. FireStorm, 76561198153058532)(<5733.660156, 480.615234, 15229.815430>) requested data for lock!
[21:25:49] Player (Sgt.Mad, 76561198003552490)(<3697.813232, 305.022583, 8241.600586>) requested data for lock!
[21:25:54] Player (Sgt.Mad, 76561198003552490)(<3697.813232, 305.022583, 8241.600586>) requested data for lock!
[21:26:09] Player (Sgt.Mad, 76561198003552490)(<3697.813232, 305.022583, 8241.600586>) requested data for lock!
[21:26:50] Player (A_Hostile_Noob, 76561198362910441)(<5745.802246, 477.624207, 15217.144531>) requested data for lock!
[21:27:12] Player (Sgt.Mad, 76561198003552490)(<3711.443604, 305.017242, 8269.167969>) requested data for lock!
[21:27:13] Player (A_Hostile_Noob, 76561198362910441)(<5746.302246, 474.358978, 15190.466797>) requested data for lock!
[21:27:38] Player (Sgt.Mad, 76561198003552490)(<3697.813232, 305.022583, 8241.600586>) requested data for lock!
[21:28:16] Player (Sgt.Mad, 76561198003552490)(<3697.813232, 305.022583, 8241.600586>) requested data for lock!
[21:28:18] Player (M. FireStorm, 76561198153058532)(<5733.660156, 480.615234, 15229.815430>) requested data for lock!
[21:30:20] Player (M. FireStorm, 76561198153058532)(<5733.660156, 480.615234, 15229.815430>) requested data for lock!
[21:30:28] Player (A_Hostile_Noob, 76561198362910441)(<5735.729004, 477.538849, 15225.748047>) requested data for lock!
[21:30:31] Player (M. FireStorm, 76561198153058532)(<5733.660156, 480.615234, 15229.815430>) requested data for lock!
[21:30:33] Player (A_Hostile_Noob, 76561198362910441)(<5735.729004, 477.538849, 15225.748047>) requested data for lock!
[21:30:38] Player (A_Hostile_Noob, 76561198362910441)(<5735.729004, 477.538849, 15225.748047>) requested data for lock!
[21:30:40] Player (M. FireStorm, 76561198153058532)(<5733.660156, 480.615234, 15229.815430>) requested data for lock!
[21:30:43] Player (A_Hostile_Noob, 76561198362910441)(<5735.729004, 477.538849, 15225.748047>) requested data for lock!
[21:30:48] Player (A_Hostile_Noob, 76561198362910441)(<5737.401855, 477.624664, 15227.500977>) requested data for lock!
[21:31:09] Player (Sgt.Mad, 76561198003552490)(<3697.813232, 305.022583, 8241.600586>) requested data for lock!
[21:31:48] Player (Sgt.Mad, 76561198003552490)(<3697.813232, 305.022583, 8241.600586>) requested data for lock!
[21:36:33] Player (Sgt.Mad, 76561198003552490)(<3697.813232, 305.022583, 8241.600586>) requested data for lock!
[21:38:11] Player (M. FireStorm, 76561198153058532)(<5737.401855, 477.624664, 15227.500977>) requested data for lock!
[21:38:18] Player (A_Hostile_Noob, 76561198362910441)(<5737.401855, 477.624664, 15227.500977>) requested data for lock!
[21:38:18] Player (M. FireStorm, 76561198153058532)(<5739.960449, 477.623993, 15215.760742>) requested data for lock!
[21:38:24] Player (M. FireStorm, 76561198153058532)(<5743.325195, 480.564178, 15209.271484>) requested data for lock!
[21:39:17] Player (M. FireStorm, 76561198153058532)(<5739.960449, 477.623993, 15215.760742>) requested data for lock!
[21:39:22] Player (M. FireStorm, 76561198153058532)(<5745.802246, 477.624207, 15217.144531>) requested data for lock!
[21:39:47] Player (A_Hostile_Noob, 76561198362910441)(<5739.500488, 477.606873, 15231.192383>) requested data for lock!
[21:40:02] Player (M. FireStorm, 76561198153058532)(<5746.302246, 474.358978, 15190.466797>) requested data for lock!
[21:40:47] Player (A_Hostile_Noob, 76561198362910441)(<5739.500488, 477.606873, 15231.192383>) requested data for lock!
[21:41:37] Player (A_Hostile_Noob, 76561198362910441)(<5737.401855, 477.624664, 15227.500977>) requested data for lock!
[21:41:43] Player (A_Hostile_Noob, 76561198362910441)(<5739.500488, 477.606873, 15231.192383>) requested data for lock!
[21:42:15] Player (A_Hostile_Noob, 76561198362910441)(<5739.500488, 477.606873, 15231.192383>) requested data for lock!
[21:42:19] Player (A_Hostile_Noob, 76561198362910441)(<5739.500488, 477.606873, 15231.192383>) requested data for lock!
[21:42:34] Player (A_Hostile_Noob, 76561198362910441)(<5737.401855, 477.624664, 15227.500977>) requested data for lock!
[21:42:41] Player (A_Hostile_Noob, 76561198362910441)(<5739.500488, 477.606873, 15231.192383>) requested data for lock!
[21:43:01] Player (M. FireStorm, 76561198153058532)(<5735.728027, 480.547211, 15225.750977>) requested data for lock!
[21:43:57] Player (M. FireStorm, 76561198153058532)(<5746.302246, 474.358978, 15190.466797>) requested data for lock!
[21:48:19] Player (Sgt.Mad, 76561198003552490)(<3697.813232, 305.022583, 8241.600586>) requested data for lock!
[07-03-2021][22.47.03] Log file reloaded ( Server Restart )
[00:46:12] Player (A_Hostile_Noob, 76561198362910441)(<5739.500488, 477.606873, 15231.192383>) requested data for lock!
[00:46:18] Player (A_Hostile_Noob, 76561198362910441)(<5739.500488, 477.606873, 15231.192383>) requested data for lock!
[00:46:23] Player (A_Hostile_Noob, 76561198362910441)(<5739.960449, 477.623993, 15215.760742>) requested data for lock!
[00:46:29] Player (A_Hostile_Noob, 76561198362910441)(<5745.802246, 477.624207, 15217.144531>) requested data for lock!
[00:46:44] Player (A_Hostile_Noob, 76561198362910441)(<5746.302246, 474.358978, 15190.466797>) requested data for lock!
[00:47:08] Player (A_Hostile_Noob, 76561198362910441)(<5746.302246, 474.358978, 15190.466797>) requested data for lock!
[00:47:46] Player (A_Hostile_Noob, 76561198362910441)(<5746.630859, 474.770782, 15166.892578>) requested data for lock!
[01:19:58] Player (A_Hostile_Noob, 76561198362910441)(<11874.080078, 140.008255, 12447.407227>) requested data for lock!
[01:20:13] Player (A_Hostile_Noob, 76561198362910441)(<11891.621094, 140.000000, 12490.179688>) requested data for lock!
