[07-04-2021][01.35.53] New Synch Log File Created!
[01:42:09] Player (Capwell, 76561198079984427)(<11874.080078, 140.008255, 12447.407227>) requested data for lock!
[01:42:55] Player (Capwell, 76561198079984427)(<11874.080078, 140.008255, 12447.407227>) requested data for lock!
[01:43:10] Player (Capwell, 76561198079984427)(<11891.621094, 140.000000, 12490.179688>) requested data for lock!
[01:44:10] Player (Capwell, 76561198079984427)(<11891.621094, 140.000000, 12490.179688>) requested data for lock!
[01:44:56] Player (Capwell, 76561198079984427)(<11874.080078, 140.008255, 12447.407227>) requested data for lock!
[01:54:43] Player (Capwell, 76561198079984427)(<11874.080078, 140.008255, 12447.407227>) requested data for lock!
[01:55:08] Player (Capwell, 76561198079984427)(<11874.080078, 140.008255, 12447.407227>) requested data for lock!
[01:55:15] Player (Capwell, 76561198079984427)(<11874.080078, 140.008255, 12447.407227>) requested data for lock!
[01:55:39] Player (Capwell, 76561198079984427)(<11874.080078, 140.008255, 12447.407227>) requested data for lock!
[01:56:10] Player (Capwell, 76561198079984427)(<11890.299805, 140.024658, 12443.185547>) requested data for lock!
[03:19:01] Player (Ragnar Odinsson, 76561198120496196)(<11886.837891, 140.094803, 12438.333984>) requested data for lock!
[03:19:06] Player (Ragnar Odinsson, 76561198120496196)(<11886.705078, 140.094803, 12440.722656>) requested data for lock!
[03:21:46] Player (Ragnar Odinsson, 76561198120496196)(<11871.750977, 140.000000, 12461.352539>) requested data for lock!
[03:29:34] Player (Ragnar Odinsson, 76561198120496196)(<11874.180664, 140.014786, 12447.197266>) requested data for lock!
[03:29:39] Player (Ragnar Odinsson, 76561198120496196)(<11874.180664, 140.014786, 12447.197266>) requested data for lock!
[03:29:45] Player (Ragnar Odinsson, 76561198120496196)(<11874.180664, 140.014786, 12447.197266>) requested data for lock!
[07-04-2021][11.38.47] Log file reloaded ( Server Restart )
[12:39:21] Player (A_Hostile_Noob, 76561198362910441)(<11891.621094, 140.000000, 12490.179688>) requested data for lock!
[12:41:38] Player (A_Hostile_Noob, 76561198362910441)(<11871.750977, 140.000000, 12461.352539>) requested data for lock!
[12:41:43] Player (A_Hostile_Noob, 76561198362910441)(<11871.750977, 140.000000, 12461.352539>) requested data for lock!
[12:41:48] Player (A_Hostile_Noob, 76561198362910441)(<11871.750977, 140.000000, 12461.352539>) requested data for lock!
[12:45:40] Player (A_Hostile_Noob, 76561198362910441)(<11891.621094, 140.000000, 12490.179688>) requested data for lock!
[12:54:25] Player (Sgt.Mad, 76561198003552490)(<3697.813232, 305.022583, 8241.600586>) requested data for lock!
[12:54:55] Player (Sgt.Mad, 76561198003552490)(<3697.813232, 305.022583, 8241.600586>) requested data for lock!
[12:58:27] Player (Sgt.Mad, 76561198003552490)(<3697.813232, 305.022583, 8241.600586>) requested data for lock!
[13:02:37] Player (Sgt.Mad, 76561198003552490)(<3697.813232, 305.022583, 8241.600586>) requested data for lock!
[13:03:20] Player (Sgt.Mad, 76561198003552490)(<3697.813232, 305.022583, 8241.600586>) requested data for lock!
[13:03:30] Player (Sgt.Mad, 76561198003552490)(<3697.813232, 305.022583, 8241.600586>) requested data for lock!
[13:06:12] Player (Sgt.Mad, 76561198003552490)(<3697.813232, 305.022583, 8241.600586>) requested data for lock!
[13:06:19] Player (A_Hostile_Noob, 76561198362910441)(<11891.621094, 140.000000, 12490.179688>) requested data for lock!
[13:06:36] Player (A_Hostile_Noob, 76561198362910441)(<11891.621094, 140.000000, 12490.179688>) requested data for lock!
[13:17:02] Player (Sgt.Mad, 76561198003552490)(<3697.813232, 305.022583, 8241.600586>) requested data for lock!
[13:19:36] Player (Sgt.Mad, 76561198003552490)(<3713.406982, 305.016174, 8274.994141>) requested data for lock!
[13:20:25] Player (Sgt.Mad, 76561198003552490)(<3697.813232, 305.022583, 8241.600586>) requested data for lock!
[13:21:06] Player (Sgt.Mad, 76561198003552490)(<3697.813232, 305.022583, 8241.600586>) requested data for lock!
[13:21:13] Player (Sgt.Mad, 76561198003552490)(<3697.813232, 305.022583, 8241.600586>) requested data for lock!
[13:24:32] Player (Sgt.Mad, 76561198003552490)(<3697.813232, 305.022583, 8241.600586>) requested data for lock!
[13:24:40] Player (Sgt.Mad, 76561198003552490)(<3713.406982, 305.016174, 8274.994141>) requested data for lock!
[13:24:51] Player (Sgt.Mad, 76561198003552490)(<3709.645264, 305.018188, 8264.167969>) requested data for lock!
[13:25:07] Player (Sgt.Mad, 76561198003552490)(<3697.813232, 305.022583, 8241.600586>) requested data for lock!
[13:25:22] Player (Survivor, 76561198992055420)(<3697.813232, 305.022583, 8241.600586>) requested data for lock!
[13:26:17] Player (Sgt.Mad, 76561198003552490)(<3697.813232, 305.022583, 8241.600586>) requested data for lock!
[13:26:27] Player (Sgt.Mad, 76561198003552490)(<3697.813232, 305.022583, 8241.600586>) requested data for lock!
[13:35:31] Player (Sgt.Mad, 76561198003552490)(<3697.813232, 305.022583, 8241.600586>) requested data for lock!
[13:36:08] Player (Sgt.Mad, 76561198003552490)(<3697.813232, 305.022583, 8241.600586>) requested data for lock!
[13:36:57] Player (Sgt.Mad, 76561198003552490)(<3697.813232, 305.022583, 8241.600586>) requested data for lock!
[13:40:01] Player (Sgt.Mad, 76561198003552490)(<3697.813232, 305.022583, 8241.600586>) requested data for lock!
[13:40:06] Player (Sgt.Mad, 76561198003552490)(<3697.813232, 305.022583, 8241.600586>) requested data for lock!
[13:40:30] Player (Sgt.Mad, 76561198003552490)(<3697.813232, 305.022583, 8241.600586>) requested data for lock!
[13:40:44] Player (A_Hostile_Noob, 76561198362910441)(<3697.813232, 305.022583, 8241.600586>) requested data for lock!
[13:43:19] Player (A_Hostile_Noob, 76561198362910441)(<3697.813232, 305.022583, 8241.600586>) requested data for lock!
[13:43:23] Player (Sgt.Mad, 76561198003552490)(<3697.813232, 305.022583, 8241.600586>) requested data for lock!
[13:44:09] Player (A_Hostile_Noob, 76561198362910441)(<3697.813232, 305.022583, 8241.600586>) requested data for lock!
[13:44:16] Player (A_Hostile_Noob, 76561198362910441)(<3697.813232, 305.022583, 8241.600586>) requested data for lock!
[13:44:17] Player (Sgt.Mad, 76561198003552490)(<3697.813232, 305.022583, 8241.600586>) requested data for lock!
[13:44:21] Player (A_Hostile_Noob, 76561198362910441)(<3697.813232, 305.022583, 8241.600586>) requested data for lock!
[13:44:23] Player (Sgt.Mad, 76561198003552490)(<3697.813232, 305.022583, 8241.600586>) requested data for lock!
[13:44:28] Player (Sgt.Mad, 76561198003552490)(<3697.813232, 305.022583, 8241.600586>) requested data for lock!
[13:44:28] Player (A_Hostile_Noob, 76561198362910441)(<3697.813232, 305.022583, 8241.600586>) requested data for lock!
[13:44:33] Player (Sgt.Mad, 76561198003552490)(<3697.813232, 305.022583, 8241.600586>) requested data for lock!
[13:44:46] Player (Sgt.Mad, 76561198003552490)(<3697.813232, 305.022583, 8241.600586>) requested data for lock!
[13:45:02] Player (A_Hostile_Noob, 76561198362910441)(<3697.813232, 305.022583, 8241.600586>) requested data for lock!
[13:45:07] Player (A_Hostile_Noob, 76561198362910441)(<3697.813232, 305.022583, 8241.600586>) requested data for lock!
[13:45:12] Player (A_Hostile_Noob, 76561198362910441)(<3697.813232, 305.022583, 8241.600586>) requested data for lock!
[13:45:17] Player (A_Hostile_Noob, 76561198362910441)(<3697.813232, 305.022583, 8241.600586>) requested data for lock!
[13:45:22] Player (A_Hostile_Noob, 76561198362910441)(<3697.813232, 305.022583, 8241.600586>) requested data for lock!
[13:45:33] Player (A_Hostile_Noob, 76561198362910441)(<3697.813232, 305.022583, 8241.600586>) requested data for lock!
[13:45:52] Player (A_Hostile_Noob, 76561198362910441)(<3697.813232, 305.022583, 8241.600586>) requested data for lock!
[13:45:59] Player (Sgt.Mad, 76561198003552490)(<3709.645264, 305.018188, 8264.167969>) requested data for lock!
[13:46:33] Player (Sgt.Mad, 76561198003552490)(<3707.690918, 305.086304, 8264.069336>) requested data for lock!
[13:47:05] Player (Sgt.Mad, 76561198003552490)(<3707.690918, 305.086304, 8264.069336>) requested data for lock!
[13:47:25] Player (Sgt.Mad, 76561198003552490)(<3713.406982, 305.016174, 8274.994141>) requested data for lock!
[13:47:26] Player (A_Hostile_Noob, 76561198362910441)(<3697.813232, 305.022583, 8241.600586>) requested data for lock!
[13:48:06] Player (A_Hostile_Noob, 76561198362910441)(<3697.813232, 305.022583, 8241.600586>) requested data for lock!
[13:50:50] Player (Sgt.Mad, 76561198003552490)(<3713.406982, 305.016174, 8274.994141>) requested data for lock!
[13:51:10] Player (Sgt.Mad, 76561198003552490)(<3697.813232, 305.022583, 8241.600586>) requested data for lock!
[13:52:14] Player (Sgt.Mad, 76561198003552490)(<3697.813232, 305.022583, 8241.600586>) requested data for lock!
[13:52:21] Player (Sgt.Mad, 76561198003552490)(<3713.406982, 305.016174, 8274.994141>) requested data for lock!
[13:52:30] Player (Sgt.Mad, 76561198003552490)(<3711.443604, 305.017242, 8269.167969>) requested data for lock!
[13:54:35] Player (Sgt.Mad, 76561198003552490)(<3713.406982, 305.016174, 8274.994141>) requested data for lock!
[14:00:37] Player (Sgt.Mad, 76561198003552490)(<3709.645264, 305.018188, 8264.167969>) requested data for lock!
[14:00:44] Player (Sgt.Mad, 76561198003552490)(<3707.690918, 305.086304, 8264.069336>) requested data for lock!
[14:01:10] Player (Sgt.Mad, 76561198003552490)(<3709.645264, 305.018188, 8264.167969>) requested data for lock!
[14:01:50] Player (Sgt.Mad, 76561198003552490)(<3713.406982, 305.016174, 8274.994141>) requested data for lock!
[14:02:10] Player (Sgt.Mad, 76561198003552490)(<3711.443604, 305.017242, 8269.167969>) requested data for lock!
[14:10:34] Player (Survivor, 76561198992055420)(<3697.813232, 305.022583, 8241.600586>) requested data for lock!
[14:10:39] Player (Survivor, 76561198992055420)(<3697.813232, 305.022583, 8241.600586>) requested data for lock!
[14:10:47] Player (Survivor, 76561198992055420)(<3697.813232, 305.022583, 8241.600586>) requested data for lock!
[14:10:59] Player (Sgt.Mad, 76561198003552490)(<3713.406982, 305.016174, 8274.994141>) requested data for lock!
[14:11:05] Player (Sgt.Mad, 76561198003552490)(<3713.406982, 305.016174, 8274.994141>) requested data for lock!
[14:11:14] Player (Sgt.Mad, 76561198003552490)(<3713.406982, 305.016174, 8274.994141>) requested data for lock!
[14:11:20] Player (Sgt.Mad, 76561198003552490)(<3709.645264, 305.018188, 8264.167969>) requested data for lock!
[14:11:27] Player (Survivor, 76561198992055420)(<3709.645264, 305.018188, 8264.167969>) requested data for lock!
[14:11:28] Player (Sgt.Mad, 76561198003552490)(<3709.645264, 305.018188, 8264.167969>) requested data for lock!
[14:11:34] Player (Survivor, 76561198992055420)(<3711.443604, 305.017242, 8269.167969>) requested data for lock!
[14:13:34] Player (Sgt.Mad, 76561198003552490)(<3707.690918, 305.086304, 8264.069336>) requested data for lock!
