[07-02-2021][04.44.01] New Synch Log File Created!
[12:25:12] Player (A_Hostile_Noob, 76561198362910441)(<5730.156738, 474.598480, 15231.959961>) requested data for lock!
[12:25:21] Player (A_Hostile_Noob, 76561198362910441)(<5744.417480, 474.616058, 15222.993164>) requested data for lock!
[12:30:35] Player (A_Hostile_Noob, 76561198362910441)(<5794.265625, 473.792511, 15225.167969>) requested data for lock!
[12:30:40] Player (A_Hostile_Noob, 76561198362910441)(<5794.265625, 473.792511, 15225.167969>) requested data for lock!
[12:35:52] Player (A_Hostile_Noob, 76561198362910441)(<5794.265625, 473.792511, 15225.167969>) requested data for lock!
[12:36:09] Player (A_Hostile_Noob, 76561198362910441)(<5744.417480, 474.616058, 15222.993164>) requested data for lock!
[12:36:17] Player (A_Hostile_Noob, 76561198362910441)(<5730.156738, 474.598480, 15231.959961>) requested data for lock!
[12:36:22] Player (A_Hostile_Noob, 76561198362910441)(<5730.156738, 474.598480, 15231.959961>) requested data for lock!
[12:36:28] Player (A_Hostile_Noob, 76561198362910441)(<5730.156738, 474.598480, 15231.959961>) requested data for lock!
[12:37:25] Player (A_Hostile_Noob, 76561198362910441)(<5730.156738, 474.598480, 15231.959961>) requested data for lock!
[12:37:34] Player (A_Hostile_Noob, 76561198362910441)(<5744.417480, 474.616058, 15222.993164>) requested data for lock!
[12:42:22] Player (A_Hostile_Noob, 76561198362910441)(<5794.265625, 473.792511, 15225.167969>) requested data for lock!
[12:43:25] Player (M. FireStorm, 76561198153058532)(<5736.403809, 480.615234, 15218.120117>) requested data for lock!
[12:43:30] Player (M. FireStorm, 76561198153058532)(<5743.325195, 480.564178, 15209.271484>) requested data for lock!
[12:43:38] Player (M. FireStorm, 76561198153058532)(<5739.960449, 477.623993, 15215.760742>) requested data for lock!
[12:43:43] Player (M. FireStorm, 76561198153058532)(<5745.802246, 477.624207, 15217.144531>) requested data for lock!
[12:44:09] Player (M. FireStorm, 76561198153058532)(<5794.265625, 473.792511, 15225.167969>) requested data for lock!
[12:44:24] Player (M. FireStorm, 76561198153058532)(<5794.265625, 473.792511, 15225.167969>) requested data for lock!
[12:44:25] Player (A_Hostile_Noob, 76561198362910441)(<5794.265625, 473.792511, 15225.167969>) requested data for lock!
[12:45:22] Player (M. FireStorm, 76561198153058532)(<5746.302246, 474.358978, 15190.466797>) requested data for lock!
[12:45:28] Player (M. FireStorm, 76561198153058532)(<5736.681641, 474.201874, 15197.967773>) requested data for lock!
[12:45:28] Player (A_Hostile_Noob, 76561198362910441)(<5736.681641, 474.201874, 15197.967773>) requested data for lock!
[12:45:55] Player (A_Hostile_Noob, 76561198362910441)(<5736.681641, 474.201874, 15197.967773>) requested data for lock!
[12:45:56] Player (M. FireStorm, 76561198153058532)(<5736.681641, 474.201874, 15197.967773>) requested data for lock!
[12:46:05] Player (M. FireStorm, 76561198153058532)(<5737.805176, 474.633850, 15212.271484>) requested data for lock!
[12:46:09] Player (A_Hostile_Noob, 76561198362910441)(<5737.805176, 474.633850, 15212.271484>) requested data for lock!
[12:46:12] Player (M. FireStorm, 76561198153058532)(<5735.729004, 477.538849, 15225.748047>) requested data for lock!
[12:46:17] Player (M. FireStorm, 76561198153058532)(<5737.401855, 477.624664, 15227.500977>) requested data for lock!
[12:46:20] Player (A_Hostile_Noob, 76561198362910441)(<5739.500488, 477.606873, 15231.192383>) requested data for lock!
[12:46:25] Player (M. FireStorm, 76561198153058532)(<5735.728027, 480.547211, 15225.750977>) requested data for lock!
[12:46:30] Player (M. FireStorm, 76561198153058532)(<5733.660156, 480.615234, 15229.815430>) requested data for lock!
[12:47:01] Player (A_Hostile_Noob, 76561198362910441)(<5739.500488, 477.606873, 15231.192383>) requested data for lock!
[12:50:34] Player (A_Hostile_Noob, 76561198362910441)(<5730.156738, 474.598480, 15231.959961>) requested data for lock!
[12:50:40] Player (M. FireStorm, 76561198153058532)(<5735.729004, 477.538849, 15225.748047>) requested data for lock!
[12:50:45] Player (M. FireStorm, 76561198153058532)(<5737.805176, 474.633850, 15212.271484>) requested data for lock!
[12:51:42] Player (M. FireStorm, 76561198153058532)(<5746.302246, 474.358978, 15190.466797>) requested data for lock!
[12:52:31] Player (A_Hostile_Noob, 76561198362910441)(<5746.630859, 474.770782, 15166.892578>) requested data for lock!
[12:52:36] Player (A_Hostile_Noob, 76561198362910441)(<5746.630859, 474.770782, 15166.892578>) requested data for lock!
[12:52:41] Player (A_Hostile_Noob, 76561198362910441)(<5746.630859, 474.770782, 15166.892578>) requested data for lock!
[12:53:36] Player (A_Hostile_Noob, 76561198362910441)(<5794.265625, 473.792511, 15225.167969>) requested data for lock!
[14:13:16] Player (M. FireStorm, 76561198153058532)(<5794.265625, 473.792511, 15225.167969>) requested data for lock!
[14:14:51] Player (M. FireStorm, 76561198153058532)(<5746.302246, 474.358978, 15190.466797>) requested data for lock!
[14:14:56] Player (M. FireStorm, 76561198153058532)(<5736.681641, 474.201874, 15197.967773>) requested data for lock!
[14:16:41] Player (M. FireStorm, 76561198153058532)(<5736.681641, 474.201874, 15197.967773>) requested data for lock!
[14:16:46] Player (M. FireStorm, 76561198153058532)(<5736.681641, 474.201874, 15197.967773>) requested data for lock!
[14:16:51] Player (M. FireStorm, 76561198153058532)(<5736.681641, 474.201874, 15197.967773>) requested data for lock!
[14:16:56] Player (M. FireStorm, 76561198153058532)(<5736.681641, 474.201874, 15197.967773>) requested data for lock!
[14:17:01] Player (M. FireStorm, 76561198153058532)(<5736.681641, 474.201874, 15197.967773>) requested data for lock!
[14:17:06] Player (M. FireStorm, 76561198153058532)(<5736.681641, 474.201874, 15197.967773>) requested data for lock!
[14:17:11] Player (M. FireStorm, 76561198153058532)(<5736.681641, 474.201874, 15197.967773>) requested data for lock!
[14:17:20] Player (M. FireStorm, 76561198153058532)(<5736.681641, 474.201874, 15197.967773>) requested data for lock!
[14:17:25] Player (M. FireStorm, 76561198153058532)(<5736.681641, 474.201874, 15197.967773>) requested data for lock!
[14:17:30] Player (M. FireStorm, 76561198153058532)(<5736.681641, 474.201874, 15197.967773>) requested data for lock!
[14:17:35] Player (M. FireStorm, 76561198153058532)(<5736.681641, 474.201874, 15197.967773>) requested data for lock!
[14:17:40] Player (M. FireStorm, 76561198153058532)(<5736.681641, 474.201874, 15197.967773>) requested data for lock!
[14:19:06] Player (M. FireStorm, 76561198153058532)(<5746.302246, 474.358978, 15190.466797>) requested data for lock!
[14:20:18] Player (M. FireStorm, 76561198153058532)(<5737.805176, 474.633850, 15212.271484>) requested data for lock!
[14:20:23] Player (M. FireStorm, 76561198153058532)(<5730.156738, 474.598480, 15231.959961>) requested data for lock!
[14:39:17] Player (M. FireStorm, 76561198153058532)(<5735.729004, 477.538849, 15225.748047>) requested data for lock!
[14:39:22] Player (M. FireStorm, 76561198153058532)(<5735.728027, 480.547211, 15225.750977>) requested data for lock!
[14:39:27] Player (M. FireStorm, 76561198153058532)(<5733.660156, 480.615234, 15229.815430>) requested data for lock!
[14:41:21] Player (M. FireStorm, 76561198153058532)(<5735.729004, 477.538849, 15225.748047>) requested data for lock!
[14:41:27] Player (M. FireStorm, 76561198153058532)(<5735.729004, 477.538849, 15225.748047>) requested data for lock!
[14:47:52] Player (M. FireStorm, 76561198153058532)(<5794.265625, 473.792511, 15225.167969>) requested data for lock!
[14:57:47] Player (M. FireStorm, 76561198153058532)(<5709.220215, 474.097504, 15211.759766>) requested data for lock!
[14:58:00] Player (M. FireStorm, 76561198153058532)(<5736.681641, 474.201874, 15197.967773>) requested data for lock!
[14:58:05] Player (M. FireStorm, 76561198153058532)(<5737.805176, 474.633850, 15212.271484>) requested data for lock!
[14:58:10] Player (M. FireStorm, 76561198153058532)(<5735.729004, 477.538849, 15225.748047>) requested data for lock!
[14:58:15] Player (M. FireStorm, 76561198153058532)(<5735.728027, 480.547211, 15225.750977>) requested data for lock!
[14:58:20] Player (M. FireStorm, 76561198153058532)(<5733.660156, 480.615234, 15229.815430>) requested data for lock!
[14:58:56] Player (M. FireStorm, 76561198153058532)(<5735.729004, 477.538849, 15225.748047>) requested data for lock!
[14:59:42] Player (M. FireStorm, 76561198153058532)(<5746.302246, 474.358978, 15190.466797>) requested data for lock!
[14:59:51] Player (M. FireStorm, 76561198153058532)(<5746.302246, 474.358978, 15190.466797>) requested data for lock!
[15:01:21] Player (M. FireStorm, 76561198153058532)(<5709.220215, 474.097504, 15211.759766>) requested data for lock!
[15:32:04] Player (Ragnar Odinsson, 76561198120496196)(<11891.621094, 140.000000, 12490.179688>) requested data for lock!
[07-02-2021][15.43.10] Log file reloaded ( Server Restart )
[16:02:18] Player (Ragnar Odinsson, 76561198120496196)(<6462.303223, 288.009430, 7408.134277>) requested data for lock!
[16:09:46] Player (Capwell, 76561198079984427)(<11886.837891, 140.094803, 12438.333984>) requested data for lock!
[16:45:43] Player (A_Hostile_Noob, 76561198362910441)(<5794.265625, 473.792511, 15225.167969>) requested data for lock!
[16:48:08] Player (A_Hostile_Noob, 76561198362910441)(<5794.265625, 473.792511, 15225.167969>) requested data for lock!
[16:49:28] Player (M. FireStorm, 76561198153058532)(<5744.417480, 474.616058, 15222.993164>) requested data for lock!
[16:50:25] Player (M. FireStorm, 76561198153058532)(<5730.156738, 474.598480, 15231.959961>) requested data for lock!
[16:51:18] Player (M. FireStorm, 76561198153058532)(<5735.729004, 477.538849, 15225.748047>) requested data for lock!
[16:51:23] Player (M. FireStorm, 76561198153058532)(<5735.728027, 480.547211, 15225.750977>) requested data for lock!
[16:51:28] Player (M. FireStorm, 76561198153058532)(<5733.660156, 480.615234, 15229.815430>) requested data for lock!
[16:51:42] Player (A_Hostile_Noob, 76561198362910441)(<5730.156738, 474.598480, 15231.959961>) requested data for lock!
[17:07:31] Player (A_Hostile_Noob, 76561198362910441)(<5737.401855, 477.624664, 15227.500977>) requested data for lock!
[17:07:40] Player (M. FireStorm, 76561198153058532)(<5737.401855, 477.624664, 15227.500977>) requested data for lock!
[17:07:41] Player (A_Hostile_Noob, 76561198362910441)(<5737.401855, 477.624664, 15227.500977>) requested data for lock!
[17:08:05] Player (M. FireStorm, 76561198153058532)(<5709.220215, 474.097504, 15211.759766>) requested data for lock!
[17:09:44] Player (M. FireStorm, 76561198153058532)(<5709.220215, 474.097504, 15211.759766>) requested data for lock!
[17:10:17] Player (M. FireStorm, 76561198153058532)(<5744.417480, 474.616058, 15222.993164>) requested data for lock!
