[05-29-2021][12.46.04] New Access Log File Created!
[05-29-2021][14.25.51] Log file reloaded ( Server Restart )
[05-29-2021][14.35.16] Log file reloaded ( Server Restart )
[05-29-2021][14.37.00] Log file reloaded ( Server Restart )
[14:50:37] Player (M. FireStorm, 76561198153058532)(<11448.594727, 229.418167, 7473.857422>) quick accessed a lock!
[14:52:34] Player (M. FireStorm, 76561198153058532)(<11461.861328, 229.427902, 7485.307617>) quick accessed a lock!
[15:00:48] Player (M. FireStorm, 76561198153058532)(<11448.594727, 229.418167, 7473.857422>) quick accessed a lock!
[15:01:14] Player (M. FireStorm, 76561198153058532)(<11448.594727, 229.418167, 7473.857422>) quick accessed a lock!
[15:08:12] Player (M. FireStorm, 76561198153058532)(<11448.594727, 229.418167, 7473.857422>) quick accessed a lock!
[15:08:30] Player (M. FireStorm, 76561198153058532)(<11448.594727, 229.418167, 7473.857422>) quick accessed a lock!
[19:14:57] Player (M. FireStorm, 76561198153058532)(<11448.594727, 229.418167, 7473.857422>) quick accessed a lock!
[19:15:18] Player (M. FireStorm, 76561198153058532)(<11448.594727, 229.418167, 7473.857422>) quick accessed a lock!
[19:16:47] Player (M. FireStorm, 76561198153058532)(<11461.861328, 229.427902, 7485.307617>) quick accessed a lock!
[19:17:48] Player (M. FireStorm, 76561198153058532)(<11461.861328, 229.427902, 7485.307617>) quick accessed a lock!
[19:19:03] Player (M. FireStorm, 76561198153058532)(<11461.861328, 229.427902, 7485.307617>) quick accessed a lock!
[19:20:17] Player (M. FireStorm, 76561198153058532)(<11461.861328, 229.427902, 7485.307617>) quick accessed a lock!
[19:20:27] Player (M. FireStorm, 76561198153058532)(<11448.594727, 229.418167, 7473.857422>) quick accessed a lock!
[19:42:58] Player (M. FireStorm, 76561198153058532)(<11463.841797, 229.430862, 7472.155762>) set a new passcode on lock!
[19:42:58] Player (M. FireStorm, 76561198153058532)(<11463.841797, 229.430862, 7472.155762>) claimed ownership of a lock!
[19:43:02] Player (M. FireStorm, 76561198153058532)(<11463.841797, 229.430862, 7472.155762>) quick accessed a lock!
[19:43:11] Player (Sgt.Mad, 76561198003552490)(<11463.841797, 229.430862, 7472.155762>) accessed a lock!
[19:43:11] Player (Sgt.Mad, 76561198003552490)(<11463.841797, 229.430862, 7472.155762>) was added as a guest of a lock!
[19:43:17] Player (Sgt.Mad, 76561198003552490)(<11463.841797, 229.430862, 7472.155762>) quick accessed a lock!
[19:43:31] Player (Sgt.Mad, 76561198003552490)(<11463.841797, 229.430862, 7472.155762>) quick accessed a lock!
[19:43:34] Player (Sgt.Mad, 76561198003552490)(<11463.841797, 229.430862, 7472.155762>) quick accessed a lock!
[19:44:43] Player (M. FireStorm, 76561198153058532)(<11463.841797, 229.430862, 7472.155762>) quick accessed a lock!
[19:45:51] Player (Sgt.Mad, 76561198003552490)(<11463.841797, 229.430862, 7472.155762>) quick accessed a lock!
[19:46:09] Player (Sgt.Mad, 76561198003552490)(<11463.841797, 229.430862, 7472.155762>) quick accessed a lock!
[19:47:38] Player (M. FireStorm, 76561198153058532)(<11463.841797, 229.430862, 7472.155762>) quick accessed a lock!
[19:49:01] Player (M. FireStorm, 76561198153058532)(<11461.861328, 229.427902, 7485.307617>) quick accessed a lock!
[19:56:45] Player (M. FireStorm, 76561198153058532)(<11448.594727, 229.418167, 7473.857422>) quick accessed a lock!
[20:09:15] Player (M. FireStorm, 76561198153058532)(<11448.594727, 229.418167, 7473.857422>) quick accessed a lock!
[20:21:47] Player (M. FireStorm, 76561198153058532)(<11463.841797, 229.430862, 7472.155762>) quick accessed a lock!
[20:22:39] Player (M. FireStorm, 76561198153058532)(<11463.841797, 229.430862, 7472.155762>) quick accessed a lock!
[20:26:16] Player (Sgt.Mad, 76561198003552490)(<11463.841797, 229.430862, 7472.155762>) quick accessed a lock!
[20:26:45] Player (Sgt.Mad, 76561198003552490)(<11463.841797, 229.430862, 7472.155762>) quick accessed a lock!
[20:27:33] Player (Sgt.Mad, 76561198003552490)(<11463.841797, 229.430862, 7472.155762>) quick accessed a lock!
[20:29:28] Player (Sgt.Mad, 76561198003552490)(<11463.841797, 229.430862, 7472.155762>) quick accessed a lock!
[20:30:27] Player (Sgt.Mad, 76561198003552490)(<11463.841797, 229.430862, 7472.155762>) quick accessed a lock!
[20:31:59] Player (Sgt.Mad, 76561198003552490)(<11463.841797, 229.430862, 7472.155762>) quick accessed a lock!
[20:32:53] Player (Sgt.Mad, 76561198003552490)(<11463.841797, 229.430862, 7472.155762>) quick accessed a lock!
[20:34:04] Player (Sgt.Mad, 76561198003552490)(<11463.841797, 229.430862, 7472.155762>) quick accessed a lock!
[20:34:10] Player (Sgt.Mad, 76561198003552490)(<11463.841797, 229.430862, 7472.155762>) quick accessed a lock!
[20:34:27] Player (Sgt.Mad, 76561198003552490)(<11463.841797, 229.430862, 7472.155762>) quick accessed a lock!
[20:36:07] Player (Sgt.Mad, 76561198003552490)(<11463.841797, 229.430862, 7472.155762>) quick accessed a lock!
[21:00:46] Player (M. FireStorm, 76561198153058532)(<11448.594727, 229.418167, 7473.857422>) quick accessed a lock!
[21:12:38] Player (M. FireStorm, 76561198153058532)(<11448.594727, 229.418167, 7473.857422>) quick accessed a lock!
[05-29-2021][22.39.47] Log file reloaded ( Server Restart )
[05-29-2021][22.40.09] Log file reloaded ( Server Restart )
[05-29-2021][23.17.04] Log file reloaded ( Server Restart )
