[05-28-2021][10.49.56] New Access Log File Created!
[05-28-2021][20.14.13] Log file reloaded ( Server Restart )
[22:25:25] Player (M. FireStorm, 76561198153058532)(<11448.594727, 229.418167, 7473.857422>) set a new passcode on lock!
[22:25:25] Player (M. FireStorm, 76561198153058532)(<11448.594727, 229.418167, 7473.857422>) claimed ownership of a lock!
[22:25:26] Player (M. FireStorm, 76561198153058532)(<11448.594727, 229.418167, 7473.857422>) quick accessed a lock!
[22:25:34] Player (M. FireStorm, 76561198153058532)(<11448.594727, 229.418167, 7473.857422>) quick accessed a lock!
[22:31:09] Player (M. FireStorm, 76561198153058532)(<11461.861328, 229.427902, 7485.307617>) set a new passcode on lock!
[22:31:09] Player (M. FireStorm, 76561198153058532)(<11461.861328, 229.427902, 7485.307617>) claimed ownership of a lock!
[22:31:10] Player (M. FireStorm, 76561198153058532)(<11461.861328, 229.427902, 7485.307617>) quick accessed a lock!
[22:34:23] Player (M. FireStorm, 76561198153058532)(<11448.594727, 229.418167, 7473.857422>) quick accessed a lock!
[22:45:59] Player (M. FireStorm, 76561198153058532)(<11448.594727, 229.418167, 7473.857422>) quick accessed a lock!
[01:49:51] Player (M. FireStorm, 76561198153058532)(<11448.594727, 229.418167, 7473.857422>) quick accessed a lock!
[01:50:03] Player (M. FireStorm, 76561198153058532)(<11448.594727, 229.418167, 7473.857422>) quick accessed a lock!
[01:50:13] Player (M. FireStorm, 76561198153058532)(<11448.594727, 229.418167, 7473.857422>) quick accessed a lock!
[01:50:32] Player (M. FireStorm, 76561198153058532)(<11448.594727, 229.418167, 7473.857422>) quick accessed a lock!
[02:18:02] Player (M. FireStorm, 76561198153058532)(<11448.594727, 229.418167, 7473.857422>) quick accessed a lock!
[02:18:34] Player (M. FireStorm, 76561198153058532)(<11448.594727, 229.418167, 7473.857422>) quick accessed a lock!
[02:21:17] Player (M. FireStorm, 76561198153058532)(<11448.594727, 229.418167, 7473.857422>) quick accessed a lock!
[02:21:19] Player (M. FireStorm, 76561198153058532)(<11448.594727, 229.418167, 7473.857422>) quick accessed a lock!
[02:26:28] Player (M. FireStorm, 76561198153058532)(<11461.861328, 229.427902, 7485.307617>) quick accessed a lock!
[02:26:34] Player (M. FireStorm, 76561198153058532)(<11461.861328, 229.427902, 7485.307617>) quick accessed a lock!
[02:28:36] Player (M. FireStorm, 76561198153058532)(<11448.594727, 229.418167, 7473.857422>) quick accessed a lock!
[02:41:56] Player (M. FireStorm, 76561198153058532)(<11448.594727, 229.418167, 7473.857422>) quick accessed a lock!
[02:47:07] Player (M. FireStorm, 76561198153058532)(<11448.594727, 229.418167, 7473.857422>) quick accessed a lock!
[02:48:02] Player (M. FireStorm, 76561198153058532)(<11448.594727, 229.418167, 7473.857422>) quick accessed a lock!
[03:10:22] Player (M. FireStorm, 76561198153058532)(<11448.594727, 229.418167, 7473.857422>) quick accessed a lock!
[03:13:29] Player (M. FireStorm, 76561198153058532)(<11448.594727, 229.418167, 7473.857422>) quick accessed a lock!
[03:13:48] Player (M. FireStorm, 76561198153058532)(<11448.594727, 229.418167, 7473.857422>) quick accessed a lock!
[03:16:15] Player (M. FireStorm, 76561198153058532)(<11448.594727, 229.418167, 7473.857422>) quick accessed a lock!
[03:24:25] Player (M. FireStorm, 76561198153058532)(<11448.594727, 229.418167, 7473.857422>) quick accessed a lock!
[09:37:33] Player (M. FireStorm, 76561198153058532)(<11448.594727, 229.418167, 7473.857422>) quick accessed a lock!
[09:38:07] Player (M. FireStorm, 76561198153058532)(<11448.594727, 229.418167, 7473.857422>) quick accessed a lock!
[09:41:41] Player (M. FireStorm, 76561198153058532)(<11448.594727, 229.418167, 7473.857422>) quick accessed a lock!
