[06-28-2021][06.10.06] New Access Log File Created!
[13:41:06] Player (Sgt.Mad, 76561198003552490)(<3697.813232, 305.022583, 8241.600586>) quick accessed a lock!
[13:43:11] Player (Sgt.Mad, 76561198003552490)(<3697.813232, 305.022583, 8241.600586>) quick accessed a lock!
[13:45:44] Player (Sgt.Mad, 76561198003552490)(<3697.813232, 305.022583, 8241.600586>) quick accessed a lock!
[14:09:06] Player (Sgt.Mad, 76561198003552490)(<3697.813232, 305.022583, 8241.600586>) quick accessed a lock!
[16:04:35] Player (Ragnar Odinsson, 76561198120496196)(<11874.084961, 140.044266, 12447.125977>) quick accessed a lock!
[16:08:34] Player (Ragnar Odinsson, 76561198120496196)(<3697.813232, 305.022583, 8241.600586>) quick accessed a lock!
[16:14:50] Player (Ragnar Odinsson, 76561198120496196)(<11874.084961, 140.044266, 12447.125977>) quick accessed a lock!
[16:16:13] Player (Ragnar Odinsson, 76561198120496196)(<11874.084961, 140.044266, 12447.125977>) quick accessed a lock!
[16:21:57] Player (Sgt.Mad, 76561198003552490)(<3713.406982, 305.016174, 8274.994141>) quick accessed a lock!
[16:26:11] Player (Ragnar Odinsson, 76561198120496196)(<3697.813232, 305.022583, 8241.600586>) quick accessed a lock!
[16:28:02] Player (Sgt.Mad, 76561198003552490)(<3697.813232, 305.022583, 8241.600586>) quick accessed a lock!
[16:28:26] Player (Ragnar Odinsson, 76561198120496196)(<3697.813232, 305.022583, 8241.600586>) quick accessed a lock!
[16:28:54] Player (Sgt.Mad, 76561198003552490)(<3697.813232, 305.022583, 8241.600586>) quick accessed a lock!
[16:32:01] Player (Ragnar Odinsson, 76561198120496196)(<6467.832520, 287.828979, 7408.062012>) quick accessed a lock!
[16:32:05] Player (Ragnar Odinsson, 76561198120496196)(<6462.303223, 288.009430, 7408.134277>) quick accessed a lock!
[16:42:03] Player (Sgt.Mad, 76561198003552490)(<3713.406982, 305.016174, 8274.994141>) quick accessed a lock!
[16:44:08] Player (Sgt.Mad, 76561198003552490)(<3713.406982, 305.016174, 8274.994141>) quick accessed a lock!
[17:03:54] Player (Sgt.Mad, 76561198003552490)(<3713.406982, 305.016174, 8274.994141>) quick accessed a lock!
[06-28-2021][17.09.07] Log file reloaded ( Server Restart )
[17:18:00] Player (Sgt.Mad, 76561198003552490)(<3697.813232, 305.022583, 8241.600586>) quick accessed a lock!
[17:36:17] Player (Ragnar Odinsson, 76561198120496196)(<6467.832520, 287.828979, 7408.062012>) quick accessed a lock!
[19:19:53] Player (Capwell, 76561198079984427)(<11874.084961, 140.044266, 12447.125977>) quick accessed a lock!
[23:15:59] Player (Sgt.Mad, 76561198003552490)(<11891.621094, 140.000000, 12490.179688>) quick accessed a lock!
[23:24:49] Player (Sgt.Mad, 76561198003552490)(<11874.084961, 140.044266, 12447.125977>) quick accessed a lock!
[23:33:12] Player (Ragnar Odinsson, 76561198120496196)(<11871.750977, 140.000000, 12461.352539>) quick accessed a lock!
[23:44:17] Player (Sgt.Mad, 76561198003552490)(<11890.299805, 140.024658, 12443.185547>) quick accessed a lock!
[23:44:26] Player (Sgt.Mad, 76561198003552490)(<11890.299805, 140.024658, 12443.185547>) quick accessed a lock!
[23:45:02] Player (Ragnar Odinsson, 76561198120496196)(<11886.961914, 140.094803, 12439.153320>) set a new passcode on lock!
[23:45:02] Player (Ragnar Odinsson, 76561198120496196)(<11886.961914, 140.094803, 12439.153320>) claimed ownership of a lock!
[23:47:00] Player (Ragnar Odinsson, 76561198120496196)(<11871.750977, 140.000000, 12461.352539>) quick accessed a lock!
[23:51:06] Player (Ragnar Odinsson, 76561198120496196)(<6467.832520, 287.828979, 7408.062012>) quick accessed a lock!
[23:52:38] Player (Ragnar Odinsson, 76561198120496196)(<6467.832520, 287.828979, 7408.062012>) quick accessed a lock!
[23:53:22] Player (Ragnar Odinsson, 76561198120496196)(<6494.417480, 292.869812, 7391.889160>) quick accessed a lock!
[23:54:19] Player (Ragnar Odinsson, 76561198120496196)(<6478.791992, 292.937164, 7396.429199>) quick accessed a lock!
[23:55:09] Player (Ragnar Odinsson, 76561198120496196)(<6467.832520, 287.828979, 7408.062012>) quick accessed a lock!
[00:01:35] Player (Ragnar Odinsson, 76561198120496196)(<11871.750977, 140.000000, 12461.352539>) quick accessed a lock!
[00:02:08] Player (Ragnar Odinsson, 76561198120496196)(<11890.299805, 140.024658, 12443.185547>) quick accessed a lock!
[00:07:06] Player (Ragnar Odinsson, 76561198120496196)(<11890.299805, 140.024658, 12443.185547>) quick accessed a lock!
[00:07:45] Player (Ragnar Odinsson, 76561198120496196)(<11871.750977, 140.000000, 12461.352539>) quick accessed a lock!
[00:08:10] Player (Ragnar Odinsson, 76561198120496196)(<11871.750977, 140.000000, 12461.352539>) quick accessed a lock!
[00:27:33] Player (Ragnar Odinsson, 76561198120496196)(<11886.961914, 140.094803, 12439.153320>) quick accessed a lock!
[00:27:50] Player (Ragnar Odinsson, 76561198120496196)(<11871.750977, 140.000000, 12461.352539>) quick accessed a lock!
[00:46:41] Player (Ragnar Odinsson, 76561198120496196)(<11887.051758, 140.094803, 12438.903320>) set a new passcode on lock!
[00:46:41] Player (Ragnar Odinsson, 76561198120496196)(<11887.051758, 140.094803, 12438.903320>) claimed ownership of a lock!
[01:18:37] Player (Ragnar Odinsson, 76561198120496196)(<11864.590820, 140.094803, 12450.238281>) quick accessed a lock!
[01:19:25] Player (Ragnar Odinsson, 76561198120496196)(<11887.051758, 140.094803, 12438.903320>) quick accessed a lock!
[01:19:40] Player (Ragnar Odinsson, 76561198120496196)(<11887.051758, 140.094803, 12438.903320>) quick accessed a lock!
[01:34:09] Player (Ragnar Odinsson, 76561198120496196)(<11891.621094, 140.000000, 12490.179688>) quick accessed a lock!
[01:36:03] Player (Ragnar Odinsson, 76561198120496196)(<11891.621094, 140.000000, 12490.179688>) quick accessed a lock!
