[06-22-2021][01.33.51] New Access Log File Created!
[01:37:09] Player (Sgt.Mad, 76561198003552490)(<3707.171143, 305.019745, 8255.572266>) quick accessed a lock!
[01:40:28] Player (Sgt.Mad, 76561198003552490)(<3707.171143, 305.019745, 8255.572266>) quick accessed a lock!
[01:49:33] Player (Sgt.Mad, 76561198003552490)(<3697.813232, 305.022583, 8241.600586>) quick accessed a lock!
[06-22-2021][07.38.34] Log file reloaded ( Server Restart )
[16:50:30] Player (Ragnar Odinsson, 76561198120496196)(<11874.084961, 140.044266, 12447.125977>) set a new passcode on lock!
[16:50:30] Player (Ragnar Odinsson, 76561198120496196)(<11874.084961, 140.044266, 12447.125977>) claimed ownership of a lock!
[16:50:35] Player (Ragnar Odinsson, 76561198120496196)(<11874.084961, 140.044266, 12447.125977>) quick accessed a lock!
[16:51:20] Player (Ragnar Odinsson, 76561198120496196)(<11874.084961, 140.044266, 12447.125977>) quick accessed a lock!
[16:51:39] Player (Ragnar Odinsson, 76561198120496196)(<11874.084961, 140.044266, 12447.125977>) quick accessed a lock!
[16:52:25] Player (Capwell, 76561198079984427)(<11874.084961, 140.044266, 12447.125977>) accessed a lock!
[16:52:25] Player (Capwell, 76561198079984427)(<11874.084961, 140.044266, 12447.125977>) was added as a guest of a lock!
[16:58:57] Player (Ragnar Odinsson, 76561198120496196)(<11874.084961, 140.044266, 12447.125977>) quick accessed a lock!
[17:01:53] Player (Capwell, 76561198079984427)(<11874.084961, 140.044266, 12447.125977>) quick accessed a lock!
[18:21:08] Player (Ragnar Odinsson, 76561198120496196)(<11907.678711, 139.999939, 12466.875000>) set a new passcode on lock!
[18:21:08] Player (Ragnar Odinsson, 76561198120496196)(<11907.678711, 139.999939, 12466.875000>) claimed ownership of a lock!
[06-22-2021][18.31.49] Log file reloaded ( Server Restart )
[18:36:18] Player (Sgt.Mad, 76561198003552490)(<11874.084961, 140.044266, 12447.125977>) accessed a lock!
[18:36:18] Player (Sgt.Mad, 76561198003552490)(<11874.084961, 140.044266, 12447.125977>) was added as a guest of a lock!
[18:36:23] Player (Sgt.Mad, 76561198003552490)(<11874.084961, 140.044266, 12447.125977>) quick accessed a lock!
[20:55:10] Player (Sgt.Mad, 76561198003552490)(<11874.084961, 140.044266, 12447.125977>) quick accessed a lock!
[21:17:57] Player (Sgt.Mad, 76561198003552490)(<11874.084961, 140.044266, 12447.125977>) quick accessed a lock!
[21:23:05] Player (Sgt.Mad, 76561198003552490)(<11874.084961, 140.044266, 12447.125977>) quick accessed a lock!
[21:24:59] Player (Sgt.Mad, 76561198003552490)(<11874.084961, 140.044266, 12447.125977>) quick accessed a lock!
[21:58:11] Player (Ragnar Odinsson, 76561198120496196)(<11874.084961, 140.044266, 12447.125977>) quick accessed a lock!
[21:58:23] Player (Ragnar Odinsson, 76561198120496196)(<11874.084961, 140.044266, 12447.125977>) quick accessed a lock!
[22:07:37] Player (Ragnar Odinsson, 76561198120496196)(<11848.901367, 140.081055, 12423.490234>) set a new passcode on lock!
[22:07:37] Player (Ragnar Odinsson, 76561198120496196)(<11848.901367, 140.081055, 12423.490234>) claimed ownership of a lock!
[22:14:13] Player (Ragnar Odinsson, 76561198120496196)(<11890.299805, 140.024658, 12443.185547>) set a new passcode on lock!
[22:14:13] Player (Ragnar Odinsson, 76561198120496196)(<11890.299805, 140.024658, 12443.185547>) claimed ownership of a lock!
[22:22:55] Player (Ragnar Odinsson, 76561198120496196)(<11874.084961, 140.044266, 12447.125977>) quick accessed a lock!
[22:32:45] Player (Ragnar Odinsson, 76561198120496196)(<11875.234375, 142.940567, 12475.112305>) set a new passcode on lock!
[22:32:45] Player (Ragnar Odinsson, 76561198120496196)(<11875.234375, 142.940567, 12475.112305>) claimed ownership of a lock!
[22:33:07] Player (Ragnar Odinsson, 76561198120496196)(<11891.621094, 140.000000, 12490.179688>) set a new passcode on lock!
[22:33:07] Player (Ragnar Odinsson, 76561198120496196)(<11891.621094, 140.000000, 12490.179688>) claimed ownership of a lock!
[22:33:09] Player (Ragnar Odinsson, 76561198120496196)(<11891.621094, 140.000000, 12490.179688>) quick accessed a lock!
