[06-02-2021][12.36.51] New Access Log File Created!
[12:54:37] Player (M. FireStorm, 76561198153058532)(<5730.156738, 474.598480, 15231.959961>) quick accessed a lock!
[12:54:54] Player (M. FireStorm, 76561198153058532)(<5730.156738, 474.598480, 15231.959961>) quick accessed a lock!
[12:57:42] Player (M. FireStorm, 76561198153058532)(<5730.156738, 474.598480, 15231.959961>) quick accessed a lock!
[12:58:48] Player (M. FireStorm, 76561198153058532)(<5730.156738, 474.598480, 15231.959961>) quick accessed a lock!
[13:05:11] Player (M. FireStorm, 76561198153058532)(<5738.168945, 474.598480, 15236.828125>) set a new passcode on lock!
[13:05:11] Player (M. FireStorm, 76561198153058532)(<5738.168945, 474.598480, 15236.828125>) claimed ownership of a lock!
[13:05:12] Player (M. FireStorm, 76561198153058532)(<5738.168945, 474.598480, 15236.828125>) quick accessed a lock!
[13:08:41] Player (M. FireStorm, 76561198153058532)(<5730.156738, 474.598480, 15231.959961>) quick accessed a lock!
[13:09:35] Player (M. FireStorm, 76561198153058532)(<5730.156738, 474.598480, 15231.959961>) quick accessed a lock!
[13:09:45] Player (M. FireStorm, 76561198153058532)(<5730.156738, 474.598480, 15231.959961>) quick accessed a lock!
[13:10:37] Player (M. FireStorm, 76561198153058532)(<5730.156738, 474.598480, 15231.959961>) quick accessed a lock!
[13:11:08] Player (M. FireStorm, 76561198153058532)(<5730.156738, 474.598480, 15231.959961>) quick accessed a lock!
[13:12:45] Player (M. FireStorm, 76561198153058532)(<5730.156738, 474.598480, 15231.959961>) quick accessed a lock!
[13:17:46] Player (M. FireStorm, 76561198153058532)(<5730.156738, 474.598480, 15231.959961>) quick accessed a lock!
[13:20:40] Player (M. FireStorm, 76561198153058532)(<5744.417480, 474.616058, 15222.993164>) set a new passcode on lock!
[13:20:40] Player (M. FireStorm, 76561198153058532)(<5744.417480, 474.616058, 15222.993164>) claimed ownership of a lock!
[13:21:22] Player (M. FireStorm, 76561198153058532)(<5737.804199, 474.615631, 15212.274414>) set a new passcode on lock!
[13:21:22] Player (M. FireStorm, 76561198153058532)(<5737.804199, 474.615631, 15212.274414>) claimed ownership of a lock!
[13:22:19] Player (M. FireStorm, 76561198153058532)(<5737.804199, 474.615631, 15212.274414>) quick accessed a lock!
[13:27:06] Player (M. FireStorm, 76561198153058532)(<5738.168945, 474.598480, 15236.828125>) quick accessed a lock!
[13:28:28] Player (M. FireStorm, 76561198153058532)(<5735.729004, 477.538849, 15225.748047>) set a new passcode on lock!
[13:28:28] Player (M. FireStorm, 76561198153058532)(<5735.729004, 477.538849, 15225.748047>) claimed ownership of a lock!
[13:28:30] Player (M. FireStorm, 76561198153058532)(<5735.729004, 477.538849, 15225.748047>) quick accessed a lock!
[13:28:38] Player (M. FireStorm, 76561198153058532)(<5737.804199, 474.615631, 15212.274414>) quick accessed a lock!
[13:32:00] Player (M. FireStorm, 76561198153058532)(<5735.729004, 477.538849, 15225.748047>) quick accessed a lock!
[13:33:53] Player (M. FireStorm, 76561198153058532)(<5735.729004, 477.538849, 15225.748047>) quick accessed a lock!
[13:40:43] Player (M. FireStorm, 76561198153058532)(<5737.804199, 474.615631, 15212.274414>) quick accessed a lock!
[15:49:36] Player (M. FireStorm, 76561198153058532)(<5737.804199, 474.615631, 15212.274414>) quick accessed a lock!
[15:49:51] Player (M. FireStorm, 76561198153058532)(<5730.156738, 474.598480, 15231.959961>) quick accessed a lock!
[15:52:28] Player (M. FireStorm, 76561198153058532)(<5730.156738, 474.598480, 15231.959961>) quick accessed a lock!
[15:52:51] Player (M. FireStorm, 76561198153058532)(<5730.156738, 474.598480, 15231.959961>) quick accessed a lock!
[15:53:35] Player (M. FireStorm, 76561198153058532)(<5738.168945, 474.598480, 15236.828125>) quick accessed a lock!
[15:54:06] Player (M. FireStorm, 76561198153058532)(<5738.168945, 474.598480, 15236.828125>) quick accessed a lock!
[15:54:10] Player (M. FireStorm, 76561198153058532)(<5730.156738, 474.598480, 15231.959961>) quick accessed a lock!
[15:59:11] Player (M. FireStorm, 76561198153058532)(<5730.156738, 474.598480, 15231.959961>) quick accessed a lock!
[15:59:20] Player (M. FireStorm, 76561198153058532)(<5744.417480, 474.616058, 15222.993164>) quick accessed a lock!
[16:04:32] Player (M. FireStorm, 76561198153058532)(<5738.168945, 474.598480, 15236.828125>) quick accessed a lock!
[16:04:35] Player (M. FireStorm, 76561198153058532)(<5730.156738, 474.598480, 15231.959961>) quick accessed a lock!
[16:08:27] Player (M. FireStorm, 76561198153058532)(<5730.156738, 474.598480, 15231.959961>) quick accessed a lock!
[16:08:49] Player (M. FireStorm, 76561198153058532)(<5730.156738, 474.598480, 15231.959961>) quick accessed a lock!
[16:11:18] Player (M. FireStorm, 76561198153058532)(<5730.156738, 474.598480, 15231.959961>) quick accessed a lock!
[16:11:25] Player (M. FireStorm, 76561198153058532)(<5744.417480, 474.616058, 15222.993164>) quick accessed a lock!
[16:13:29] Player (M. FireStorm, 76561198153058532)(<5744.417480, 474.616058, 15222.993164>) quick accessed a lock!
[16:13:33] Player (M. FireStorm, 76561198153058532)(<5730.156738, 474.598480, 15231.959961>) quick accessed a lock!
[16:14:27] Player (M. FireStorm, 76561198153058532)(<5730.156738, 474.598480, 15231.959961>) quick accessed a lock!
[16:14:30] Player (M. FireStorm, 76561198153058532)(<5744.417480, 474.616058, 15222.993164>) quick accessed a lock!
[16:15:17] Player (M. FireStorm, 76561198153058532)(<5744.417480, 474.616058, 15222.993164>) quick accessed a lock!
[16:15:21] Player (M. FireStorm, 76561198153058532)(<5730.156738, 474.598480, 15231.959961>) quick accessed a lock!
[16:15:28] Player (M. FireStorm, 76561198153058532)(<5730.156738, 474.598480, 15231.959961>) quick accessed a lock!
[16:15:37] Player (M. FireStorm, 76561198153058532)(<5735.729004, 477.538849, 15225.748047>) quick accessed a lock!
[16:15:39] Player (M. FireStorm, 76561198153058532)(<5735.729004, 477.538849, 15225.748047>) quick accessed a lock!
[16:15:58] Player (M. FireStorm, 76561198153058532)(<5735.729004, 477.538849, 15225.748047>) quick accessed a lock!
[16:17:01] Player (M. FireStorm, 76561198153058532)(<5730.156738, 474.598480, 15231.959961>) quick accessed a lock!
[16:17:28] Player (M. FireStorm, 76561198153058532)(<5735.729004, 477.538849, 15225.748047>) quick accessed a lock!
[16:23:11] Player (M. FireStorm, 76561198153058532)(<5730.156738, 474.598480, 15231.959961>) quick accessed a lock!
[16:23:18] Player (M. FireStorm, 76561198153058532)(<5730.156738, 474.598480, 15231.959961>) quick accessed a lock!
[17:52:02] Player (M. FireStorm, 76561198153058532)(<5730.156738, 474.598480, 15231.959961>) quick accessed a lock!
[17:52:09] Player (M. FireStorm, 76561198153058532)(<5735.729004, 477.538849, 15225.748047>) quick accessed a lock!
[18:01:35] Player (M. FireStorm, 76561198153058532)(<5737.804199, 474.615631, 15212.274414>) quick accessed a lock!
[18:01:43] Player (M. FireStorm, 76561198153058532)(<5730.156738, 474.598480, 15231.959961>) quick accessed a lock!
[18:04:39] Player (M. FireStorm, 76561198153058532)(<5730.156738, 474.598480, 15231.959961>) set a new passcode on lock!
[18:04:39] Player (M. FireStorm, 76561198153058532)(<5730.156738, 474.598480, 15231.959961>) claimed ownership of a lock!
[18:07:10] Player (M. FireStorm, 76561198153058532)(<5730.156738, 474.598480, 15231.959961>) quick accessed a lock!
[18:07:20] Player (M. FireStorm, 76561198153058532)(<5735.729004, 477.538849, 15225.748047>) quick accessed a lock!
[18:10:20] Player (M. FireStorm, 76561198153058532)(<5738.168945, 474.598480, 15236.828125>) quick accessed a lock!
[18:12:50] Player (M. FireStorm, 76561198153058532)(<5730.156738, 474.598480, 15231.959961>) quick accessed a lock!
[18:16:10] Player (M. FireStorm, 76561198153058532)(<5738.168945, 474.598480, 15236.828125>) quick accessed a lock!
[18:16:31] Player (M. FireStorm, 76561198153058532)(<5738.168945, 474.598480, 15236.828125>) quick accessed a lock!
[18:17:22] Player (M. FireStorm, 76561198153058532)(<5737.804199, 474.615631, 15212.274414>) quick accessed a lock!
[18:21:17] Player (M. FireStorm, 76561198153058532)(<5738.168945, 474.598480, 15236.828125>) quick accessed a lock!
[18:21:24] Player (M. FireStorm, 76561198153058532)(<5730.156738, 474.598480, 15231.959961>) quick accessed a lock!
[18:24:23] Player (M. FireStorm, 76561198153058532)(<5730.156738, 474.598480, 15231.959961>) quick accessed a lock!
[18:25:10] Player (M. FireStorm, 76561198153058532)(<5738.168945, 474.598480, 15236.828125>) removed a lock!
[18:26:38] Player (M. FireStorm, 76561198153058532)(<5738.168457, 474.616486, 15236.831055>) set a new passcode on lock!
[18:26:38] Player (M. FireStorm, 76561198153058532)(<5738.168457, 474.616486, 15236.831055>) claimed ownership of a lock!
[18:26:46] Player (M. FireStorm, 76561198153058532)(<5738.168457, 474.616486, 15236.831055>) quick accessed a lock!
[18:26:56] Player (M. FireStorm, 76561198153058532)(<5738.168457, 474.616486, 15236.831055>) quick accessed a lock!
[18:27:08] Player (M. FireStorm, 76561198153058532)(<5738.168457, 474.616486, 15236.831055>) quick accessed a lock!
[18:27:33] Player (M. FireStorm, 76561198153058532)(<5738.168457, 474.616486, 15236.831055>) quick accessed a lock!
[18:28:54] Player (M. FireStorm, 76561198153058532)(<5737.804199, 474.615631, 15212.274414>) quick accessed a lock!
[18:37:43] Player (M. FireStorm, 76561198153058532)(<5735.729004, 477.538849, 15225.748047>) quick accessed a lock!
[18:37:57] Player (M. FireStorm, 76561198153058532)(<5735.729004, 477.538849, 15225.748047>) quick accessed a lock!
[18:39:06] Player (M. FireStorm, 76561198153058532)(<5737.805176, 474.633850, 15212.271484>) set a new passcode on lock!
[18:39:06] Player (M. FireStorm, 76561198153058532)(<5737.805176, 474.633850, 15212.271484>) claimed ownership of a lock!
[18:40:58] Player (M. FireStorm, 76561198153058532)(<5737.805176, 474.633850, 15212.271484>) quick accessed a lock!
[18:41:04] Player (M. FireStorm, 76561198153058532)(<5737.805176, 474.633850, 15212.271484>) quick accessed a lock!
[18:41:54] Player (M. FireStorm, 76561198153058532)(<5730.156738, 474.598480, 15231.959961>) quick accessed a lock!
[18:44:37] Player (M. FireStorm, 76561198153058532)(<5744.417480, 474.616058, 15222.993164>) quick accessed a lock!
[18:47:16] Player (M. FireStorm, 76561198153058532)(<5730.156738, 474.598480, 15231.959961>) quick accessed a lock!
[18:55:19] Player (M. FireStorm, 76561198153058532)(<5737.805176, 474.633850, 15212.271484>) quick accessed a lock!
[18:55:50] Player (M. FireStorm, 76561198153058532)(<5735.729004, 477.538849, 15225.748047>) quick accessed a lock!
[18:58:36] Player (M. FireStorm, 76561198153058532)(<5737.805176, 474.633850, 15212.271484>) quick accessed a lock!
[19:11:34] Player (M. FireStorm, 76561198153058532)(<5735.729004, 477.538849, 15225.748047>) quick accessed a lock!
[22:11:35] Player (M. FireStorm, 76561198153058532)(<5737.805176, 474.633850, 15212.271484>) quick accessed a lock!
[22:11:53] Player (M. FireStorm, 76561198153058532)(<5730.156738, 474.598480, 15231.959961>) quick accessed a lock!
[22:16:37] Player (M. FireStorm, 76561198153058532)(<5735.729004, 477.538849, 15225.748047>) quick accessed a lock!
[06-02-2021][23.35.19] Log file reloaded ( Server Restart )
[08:55:13] Player (M. FireStorm, 76561198153058532)(<5730.156738, 474.598480, 15231.959961>) quick accessed a lock!
[08:55:18] Player (M. FireStorm, 76561198153058532)(<5735.729004, 477.538849, 15225.748047>) quick accessed a lock!
[09:03:50] Player (M. FireStorm, 76561198153058532)(<5738.168457, 474.616486, 15236.831055>) quick accessed a lock!
[09:06:55] Player (M. FireStorm, 76561198153058532)(<5730.156738, 474.598480, 15231.959961>) quick accessed a lock!
[09:11:22] Player (M. FireStorm, 76561198153058532)(<5735.729004, 477.538849, 15225.748047>) quick accessed a lock!
[09:11:52] Player (M. FireStorm, 76561198153058532)(<5735.729004, 477.538849, 15225.748047>) quick accessed a lock!
[09:22:15] Player (M. FireStorm, 76561198153058532)(<5735.729004, 477.538849, 15225.748047>) quick accessed a lock!
[09:33:41] Player (M. FireStorm, 76561198153058532)(<5735.728027, 480.547211, 15225.750977>) set a new passcode on lock!
[09:33:41] Player (M. FireStorm, 76561198153058532)(<5735.728027, 480.547211, 15225.750977>) claimed ownership of a lock!
[09:34:10] Player (M. FireStorm, 76561198153058532)(<5733.660156, 480.615234, 15229.815430>) set a new passcode on lock!
[09:34:10] Player (M. FireStorm, 76561198153058532)(<5733.660156, 480.615234, 15229.815430>) claimed ownership of a lock!
[09:34:15] Player (M. FireStorm, 76561198153058532)(<5733.660156, 480.615234, 15229.815430>) quick accessed a lock!
[09:34:16] Player (M. FireStorm, 76561198153058532)(<5735.728027, 480.547211, 15225.750977>) quick accessed a lock!
[09:53:14] Player (M. FireStorm, 76561198153058532)(<5730.156738, 474.598480, 15231.959961>) quick accessed a lock!
[10:01:54] Player (M. FireStorm, 76561198153058532)(<5735.728027, 480.547211, 15225.750977>) quick accessed a lock!
[10:02:14] Player (M. FireStorm, 76561198153058532)(<5737.805176, 474.633850, 15212.271484>) quick accessed a lock!
[10:04:49] Player (M. FireStorm, 76561198153058532)(<5737.805176, 474.633850, 15212.271484>) quick accessed a lock!
[10:04:53] Player (M. FireStorm, 76561198153058532)(<5737.805176, 474.633850, 15212.271484>) quick accessed a lock!
[10:05:35] Player (M. FireStorm, 76561198153058532)(<5735.728027, 480.547211, 15225.750977>) quick accessed a lock!
[10:05:37] Player (M. FireStorm, 76561198153058532)(<5733.660156, 480.615234, 15229.815430>) quick accessed a lock!
[10:07:57] Player (M. FireStorm, 76561198153058532)(<5735.729004, 477.538849, 15225.748047>) quick accessed a lock!
[10:08:25] Player (M. FireStorm, 76561198153058532)(<5738.168457, 474.616486, 15236.831055>) quick accessed a lock!
