[06-17-2021][05.06.55] New Access Log File Created!
[06-17-2021][07.34.04] Log file reloaded ( Server Restart )
[10:42:45] Player (M. FireStorm, 76561198153058532)(<5732.001465, 482.252106, 15209.359375>) quick accessed a lock!
[10:43:05] Player (M. FireStorm, 76561198153058532)(<5743.325195, 480.564178, 15209.271484>) quick accessed a lock!
[10:43:13] Player (M. FireStorm, 76561198153058532)(<5739.960449, 477.623993, 15215.760742>) quick accessed a lock!
[10:43:19] Player (M. FireStorm, 76561198153058532)(<5745.802246, 477.624207, 15217.144531>) quick accessed a lock!
[10:46:49] Player (M. FireStorm, 76561198153058532)(<5744.417480, 474.616058, 15222.993164>) quick accessed a lock!
[10:48:03] Player (M. FireStorm, 76561198153058532)(<5744.417480, 474.616058, 15222.993164>) quick accessed a lock!
[10:51:14] Player (M. FireStorm, 76561198153058532)(<5744.417480, 474.616058, 15222.993164>) quick accessed a lock!
[10:55:59] Player (M. FireStorm, 76561198153058532)(<5737.805176, 474.633850, 15212.271484>) quick accessed a lock!
[10:56:08] Player (M. FireStorm, 76561198153058532)(<5744.417480, 474.616058, 15222.993164>) quick accessed a lock!
[11:00:58] Player (M. FireStorm, 76561198153058532)(<5736.681641, 474.201874, 15197.967773>) quick accessed a lock!
[11:11:22] Player (M. FireStorm, 76561198153058532)(<5735.729004, 477.538849, 15225.748047>) quick accessed a lock!
[11:11:26] Player (M. FireStorm, 76561198153058532)(<5735.728027, 480.547211, 15225.750977>) quick accessed a lock!
[11:11:31] Player (M. FireStorm, 76561198153058532)(<5733.660156, 480.615234, 15229.815430>) quick accessed a lock!
[15:12:04] Player (Ragnar Odinsson, 76561198120496196)(<6484.237305, 292.937195, 7394.447266>) quick accessed a lock!
[15:12:07] Player (Ragnar Odinsson, 76561198120496196)(<6494.417480, 292.869812, 7391.889160>) quick accessed a lock!
[06-17-2021][16.00.24] Log file reloaded ( Server Restart )
[16:43:08] Player (Ragnar Odinsson, 76561198120496196)(<6494.417480, 292.869812, 7391.889160>) quick accessed a lock!
[16:43:14] Player (Ragnar Odinsson, 76561198120496196)(<6484.237305, 292.937195, 7394.447266>) quick accessed a lock!
[16:50:47] Player (Ragnar Odinsson, 76561198120496196)(<6484.237305, 292.937195, 7394.447266>) quick accessed a lock!
[17:00:26] Player (Ragnar Odinsson, 76561198120496196)(<6484.237305, 292.937195, 7394.447266>) quick accessed a lock!
[17:01:50] Player (Ragnar Odinsson, 76561198120496196)(<6494.417480, 292.869812, 7391.889160>) quick accessed a lock!
[17:23:07] Player (Ragnar Odinsson, 76561198120496196)(<6494.417480, 292.869812, 7391.889160>) quick accessed a lock!
[17:23:09] Player (Ragnar Odinsson, 76561198120496196)(<6484.237305, 292.937195, 7394.447266>) quick accessed a lock!
[17:24:26] Player (Ragnar Odinsson, 76561198120496196)(<6494.417480, 292.869812, 7391.889160>) quick accessed a lock!
[17:24:31] Player (Ragnar Odinsson, 76561198120496196)(<6484.237305, 292.937195, 7394.447266>) quick accessed a lock!
[17:36:19] Player (Capwell, 76561198079984427)(<6494.417480, 292.869812, 7391.889160>) quick accessed a lock!
[17:36:33] Player (Capwell, 76561198079984427)(<6482.183594, 292.937836, 7388.810547>) quick accessed a lock!
[17:36:39] Player (Capwell, 76561198079984427)(<6494.417480, 292.869812, 7391.889160>) quick accessed a lock!
[17:37:08] Player (Capwell, 76561198079984427)(<6494.417480, 292.869812, 7391.889160>) quick accessed a lock!
[17:37:29] Player (Capwell, 76561198079984427)(<6486.703125, 295.878174, 7388.309082>) accessed a lock!
[17:37:29] Player (Capwell, 76561198079984427)(<6486.703125, 295.878174, 7388.309082>) was added as a guest of a lock!
[06-17-2021][18.27.54] Log file reloaded ( Server Restart )
[22:49:16] Player (Ragnar Odinsson, 76561198120496196)(<6484.237305, 292.937195, 7394.447266>) quick accessed a lock!
[22:50:16] Player (Ragnar Odinsson, 76561198120496196)(<6494.417480, 292.869812, 7391.889160>) quick accessed a lock!
[22:52:44] Player (Ragnar Odinsson, 76561198120496196)(<6494.417480, 292.869812, 7391.889160>) quick accessed a lock!
[22:52:46] Player (Ragnar Odinsson, 76561198120496196)(<6484.237305, 292.937195, 7394.447266>) quick accessed a lock!
[22:55:31] Player (Ragnar Odinsson, 76561198120496196)(<6486.703125, 295.878174, 7388.309082>) quick accessed a lock!
[22:55:37] Player (Ragnar Odinsson, 76561198120496196)(<6494.417480, 292.869812, 7391.889160>) quick accessed a lock!
[23:11:32] Player (Ragnar Odinsson, 76561198120496196)(<6486.703125, 295.878174, 7388.309082>) quick accessed a lock!
[23:23:51] Player (Ragnar Odinsson, 76561198120496196)(<6484.237305, 292.937195, 7394.447266>) quick accessed a lock!
[23:49:35] Player (Ragnar Odinsson, 76561198120496196)(<6494.417480, 292.869812, 7391.889160>) quick accessed a lock!
[23:49:41] Player (Ragnar Odinsson, 76561198120496196)(<6484.237305, 292.937195, 7394.447266>) quick accessed a lock!
[23:55:36] Player (Ragnar Odinsson, 76561198120496196)(<6484.237305, 292.937195, 7394.447266>) quick accessed a lock!
[00:00:20] Player (Ragnar Odinsson, 76561198120496196)(<6484.237305, 292.937195, 7394.447266>) quick accessed a lock!
[00:00:52] Player (Ragnar Odinsson, 76561198120496196)(<6478.791992, 292.937164, 7396.429199>) set a new passcode on lock!
[00:00:52] Player (Ragnar Odinsson, 76561198120496196)(<6478.791992, 292.937164, 7396.429199>) claimed ownership of a lock!
[00:01:06] Player (Ragnar Odinsson, 76561198120496196)(<6478.791992, 292.937164, 7396.429199>) quick accessed a lock!
[00:01:41] Player (Ragnar Odinsson, 76561198120496196)(<6478.791992, 292.937164, 7396.429199>) quick accessed a lock!
[00:01:44] Player (Ragnar Odinsson, 76561198120496196)(<6484.237305, 292.937195, 7394.447266>) quick accessed a lock!
[00:01:53] Player (Ragnar Odinsson, 76561198120496196)(<6486.703125, 295.878174, 7388.309082>) quick accessed a lock!
[00:04:44] Player (Ragnar Odinsson, 76561198120496196)(<6486.703125, 295.878174, 7388.309082>) quick accessed a lock!
[00:04:51] Player (Ragnar Odinsson, 76561198120496196)(<6484.237305, 292.937195, 7394.447266>) quick accessed a lock!
[00:04:53] Player (Ragnar Odinsson, 76561198120496196)(<6478.791992, 292.937164, 7396.429199>) quick accessed a lock!
[00:06:28] Player (Ragnar Odinsson, 76561198120496196)(<6478.791992, 292.937164, 7396.429199>) quick accessed a lock!
[00:06:41] Player (Ragnar Odinsson, 76561198120496196)(<6494.417480, 292.869812, 7391.889160>) quick accessed a lock!
[00:08:19] Player (Ragnar Odinsson, 76561198120496196)(<6494.417480, 292.869812, 7391.889160>) quick accessed a lock!
[00:08:42] Player (Capwell, 76561198079984427)(<6486.703125, 295.878174, 7388.309082>) quick accessed a lock!
[00:09:03] Player (Ragnar Odinsson, 76561198120496196)(<6494.417480, 292.869812, 7391.889160>) quick accessed a lock!
[00:11:27] Player (Ragnar Odinsson, 76561198120496196)(<6494.417480, 292.869812, 7391.889160>) quick accessed a lock!
[00:11:29] Player (Ragnar Odinsson, 76561198120496196)(<6484.237305, 292.937195, 7394.447266>) quick accessed a lock!
[00:11:34] Player (Ragnar Odinsson, 76561198120496196)(<6478.791992, 292.937164, 7396.429199>) quick accessed a lock!
[00:11:48] Player (Capwell, 76561198079984427)(<6482.183594, 292.937836, 7388.810547>) quick accessed a lock!
[00:13:05] Player (Capwell, 76561198079984427)(<6482.183594, 292.937836, 7388.810547>) quick accessed a lock!
[00:13:36] Player (Ragnar Odinsson, 76561198120496196)(<6478.791992, 292.937164, 7396.429199>) quick accessed a lock!
[00:13:40] Player (Ragnar Odinsson, 76561198120496196)(<6484.237305, 292.937195, 7394.447266>) quick accessed a lock!
[00:13:47] Player (Ragnar Odinsson, 76561198120496196)(<6494.417480, 292.869812, 7391.889160>) quick accessed a lock!
[01:01:08] Player (Capwell, 76561198079984427)(<6494.417480, 292.869812, 7391.889160>) quick accessed a lock!
[01:01:16] Player (Capwell, 76561198079984427)(<6486.703125, 295.878174, 7388.309082>) quick accessed a lock!
[01:06:05] Player (Ragnar Odinsson, 76561198120496196)(<6494.417480, 292.869812, 7391.889160>) quick accessed a lock!
[01:06:11] Player (Ragnar Odinsson, 76561198120496196)(<6484.237305, 292.937195, 7394.447266>) quick accessed a lock!
[01:09:08] Player (Ragnar Odinsson, 76561198120496196)(<6467.832520, 287.828979, 7408.062012>) quick accessed a lock!
[01:10:23] Player (Ragnar Odinsson, 76561198120496196)(<6484.237305, 292.937195, 7394.447266>) quick accessed a lock!
[01:15:40] Player (Ragnar Odinsson, 76561198120496196)(<6494.417480, 292.869812, 7391.889160>) quick accessed a lock!
[01:15:47] Player (Ragnar Odinsson, 76561198120496196)(<6486.703125, 295.878174, 7388.309082>) quick accessed a lock!
[01:17:14] Player (Ragnar Odinsson, 76561198120496196)(<6494.417480, 292.869812, 7391.889160>) quick accessed a lock!
[01:17:20] Player (Ragnar Odinsson, 76561198120496196)(<6484.237305, 292.937195, 7394.447266>) quick accessed a lock!
[01:17:24] Player (Ragnar Odinsson, 76561198120496196)(<6478.791992, 292.937164, 7396.429199>) quick accessed a lock!
[01:21:36] Player (Ragnar Odinsson, 76561198120496196)(<3713.461670, 305.016235, 8274.750000>) set a new passcode on lock!
[01:21:36] Player (Ragnar Odinsson, 76561198120496196)(<3713.461670, 305.016235, 8274.750000>) claimed ownership of a lock!
[01:22:01] Player (Ragnar Odinsson, 76561198120496196)(<3713.461670, 305.016235, 8274.750000>) quick accessed a lock!
[01:22:51] Player (Ragnar Odinsson, 76561198120496196)(<3713.461670, 305.016235, 8274.750000>) quick accessed a lock!
[02:37:41] Player (Ragnar Odinsson, 76561198120496196)(<6462.303223, 288.009430, 7408.134277>) quick accessed a lock!
[02:39:43] Player (Ragnar Odinsson, 76561198120496196)(<6462.303223, 288.009430, 7408.134277>) quick accessed a lock!
[03:13:25] Player (Ragnar Odinsson, 76561198120496196)(<6467.832520, 287.828979, 7408.062012>) quick accessed a lock!
[03:14:03] Player (Ragnar Odinsson, 76561198120496196)(<6484.237305, 292.937195, 7394.447266>) quick accessed a lock!
[03:16:37] Player (Ragnar Odinsson, 76561198120496196)(<3713.461670, 305.016235, 8274.750000>) quick accessed a lock!
[03:18:43] Player (Ragnar Odinsson, 76561198120496196)(<6467.832520, 287.828979, 7408.062012>) quick accessed a lock!
