[06-21-2021][14.40.27] New Access Log File Created!
[17:12:23] Player (Sgt.Mad, 76561198003552490)(<6494.417480, 292.869812, 7391.889160>) quick accessed a lock!
[17:13:11] Player (Ragnar Odinsson, 76561198120496196)(<6494.417480, 292.869812, 7391.889160>) quick accessed a lock!
[17:13:21] Player (Sgt.Mad, 76561198003552490)(<6494.417480, 292.869812, 7391.889160>) quick accessed a lock!
[17:14:04] Player (Sgt.Mad, 76561198003552490)(<6482.180664, 295.946198, 7388.812012>) quick accessed a lock!
[17:14:05] Player (Ragnar Odinsson, 76561198120496196)(<6494.417480, 292.869812, 7391.889160>) quick accessed a lock!
[17:15:25] Player (Ragnar Odinsson, 76561198120496196)(<6484.237305, 292.937195, 7394.447266>) quick accessed a lock!
[17:16:13] Player (Sgt.Mad, 76561198003552490)(<6494.417480, 292.869812, 7391.889160>) quick accessed a lock!
[17:17:31] Player (Sgt.Mad, 76561198003552490)(<6482.180664, 295.946198, 7388.812012>) quick accessed a lock!
[17:18:33] Player (Sgt.Mad, 76561198003552490)(<6482.180664, 295.946198, 7388.812012>) quick accessed a lock!
[17:18:50] Player (Sgt.Mad, 76561198003552490)(<6486.703125, 295.878174, 7388.309082>) quick accessed a lock!
[17:20:39] Player (Sgt.Mad, 76561198003552490)(<6494.417480, 292.869812, 7391.889160>) quick accessed a lock!
[17:20:48] Player (Sgt.Mad, 76561198003552490)(<6486.703125, 295.878174, 7388.309082>) quick accessed a lock!
[17:20:52] Player (Sgt.Mad, 76561198003552490)(<6482.180664, 295.946198, 7388.812012>) quick accessed a lock!
[17:21:38] Player (Sgt.Mad, 76561198003552490)(<6482.180664, 295.946198, 7388.812012>) quick accessed a lock!
[17:21:41] Player (Sgt.Mad, 76561198003552490)(<6486.703125, 295.878174, 7388.309082>) quick accessed a lock!
[17:21:48] Player (Sgt.Mad, 76561198003552490)(<6494.417480, 292.869812, 7391.889160>) quick accessed a lock!
[17:29:26] Player (Sgt.Mad, 76561198003552490)(<3697.813232, 305.022583, 8241.600586>) quick accessed a lock!
[17:30:25] Player (Sgt.Mad, 76561198003552490)(<3697.813232, 305.022583, 8241.600586>) quick accessed a lock!
[17:31:21] Player (Sgt.Mad, 76561198003552490)(<3697.813232, 305.022583, 8241.600586>) quick accessed a lock!
[17:32:06] Player (Sgt.Mad, 76561198003552490)(<3707.171143, 305.019745, 8255.572266>) quick accessed a lock!
[18:02:05] Player (Sgt.Mad, 76561198003552490)(<3707.171143, 305.019745, 8255.572266>) removed a lock!
[18:03:00] Player (Sgt.Mad, 76561198003552490)(<3707.171143, 305.019745, 8255.572266>) set a new passcode on lock!
[18:03:00] Player (Sgt.Mad, 76561198003552490)(<3707.171143, 305.019745, 8255.572266>) claimed ownership of a lock!
[18:04:10] Player (Sgt.Mad, 76561198003552490)(<3707.171143, 305.019745, 8255.572266>) quick accessed a lock!
[20:06:11] Player (Sgt.Mad, 76561198003552490)(<3707.171143, 305.019745, 8255.572266>) quick accessed a lock!
[20:09:22] Player (Sgt.Mad, 76561198003552490)(<3707.171143, 305.019745, 8255.572266>) quick accessed a lock!
[20:18:40] Player (Sgt.Mad, 76561198003552490)(<3707.171143, 305.019745, 8255.572266>) quick accessed a lock!
[20:19:53] Player (Sgt.Mad, 76561198003552490)(<3707.171143, 305.019745, 8255.572266>) quick accessed a lock!
[21:24:07] Player (Ragnar Odinsson, 76561198120496196)(<6484.237305, 292.937195, 7394.447266>) quick accessed a lock!
[21:24:45] Player (Capwell, 76561198079984427)(<6494.417480, 292.869812, 7391.889160>) quick accessed a lock!
[21:24:51] Player (Capwell, 76561198079984427)(<6486.703125, 295.878174, 7388.309082>) quick accessed a lock!
[21:24:54] Player (Ragnar Odinsson, 76561198120496196)(<6467.832520, 287.828979, 7408.062012>) quick accessed a lock!
[21:25:09] Player (Capwell, 76561198079984427)(<6486.703125, 295.878174, 7388.309082>) quick accessed a lock!
[21:25:36] Player (Ragnar Odinsson, 76561198120496196)(<6486.703125, 295.878174, 7388.309082>) quick accessed a lock!
[21:36:01] Player (Capwell, 76561198079984427)(<6482.183594, 292.937836, 7388.810547>) quick accessed a lock!
[21:36:53] Player (Ragnar Odinsson, 76561198120496196)(<6467.832520, 287.828979, 7408.062012>) quick accessed a lock!
[21:37:14] Player (Capwell, 76561198079984427)(<6482.183594, 292.937836, 7388.810547>) quick accessed a lock!
[21:45:15] Player (Ragnar Odinsson, 76561198120496196)(<6484.237305, 292.937195, 7394.447266>) quick accessed a lock!
[21:47:06] Player (Ragnar Odinsson, 76561198120496196)(<6484.237305, 292.937195, 7394.447266>) quick accessed a lock!
[21:48:46] Player (Ragnar Odinsson, 76561198120496196)(<6478.791992, 292.937164, 7396.429199>) quick accessed a lock!
[21:49:10] Player (Ragnar Odinsson, 76561198120496196)(<6484.237305, 292.937195, 7394.447266>) quick accessed a lock!
[21:58:03] Player (Capwell, 76561198079984427)(<6486.703125, 295.878174, 7388.309082>) quick accessed a lock!
[22:08:54] Player (Ragnar Odinsson, 76561198120496196)(<6467.832520, 287.828979, 7408.062012>) quick accessed a lock!
[22:21:16] Player (Ragnar Odinsson, 76561198120496196)(<6494.417480, 292.869812, 7391.889160>) quick accessed a lock!
[22:21:18] Player (Ragnar Odinsson, 76561198120496196)(<6484.237305, 292.937195, 7394.447266>) quick accessed a lock!
[22:24:21] Player (Ragnar Odinsson, 76561198120496196)(<6478.791992, 292.937164, 7396.429199>) quick accessed a lock!
[22:24:44] Player (Ragnar Odinsson, 76561198120496196)(<6484.237305, 292.937195, 7394.447266>) quick accessed a lock!
[22:28:14] Player (Ragnar Odinsson, 76561198120496196)(<6484.237305, 292.937195, 7394.447266>) quick accessed a lock!
[22:43:58] Player (Ragnar Odinsson, 76561198120496196)(<6462.303223, 288.009430, 7408.134277>) quick accessed a lock!
