[06-14-2021][02.37.39] New Access Log File Created!
[07:23:15] Player (M. FireStorm, 76561198153058532)(<5737.805176, 474.633850, 15212.271484>) quick accessed a lock!
[07:23:42] Player (M. FireStorm, 76561198153058532)(<5735.729004, 477.538849, 15225.748047>) quick accessed a lock!
[07:23:47] Player (M. FireStorm, 76561198153058532)(<5735.728027, 480.547211, 15225.750977>) quick accessed a lock!
[07:23:51] Player (M. FireStorm, 76561198153058532)(<5735.728027, 480.547211, 15225.750977>) quick accessed a lock!
[07:23:52] Player (M. FireStorm, 76561198153058532)(<5733.660156, 480.615234, 15229.815430>) quick accessed a lock!
[07:24:16] Player (M. FireStorm, 76561198153058532)(<5735.729004, 477.538849, 15225.748047>) quick accessed a lock!
[07:24:19] Player (M. FireStorm, 76561198153058532)(<5735.729004, 477.538849, 15225.748047>) quick accessed a lock!
[07:24:42] Player (M. FireStorm, 76561198153058532)(<5737.805176, 474.633850, 15212.271484>) quick accessed a lock!
[07:27:53] Player (M. FireStorm, 76561198153058532)(<5746.302246, 474.358978, 15190.466797>) quick accessed a lock!
[08:11:12] Player (M. FireStorm, 76561198153058532)(<5746.302246, 474.358978, 15190.466797>) quick accessed a lock!
[08:11:37] Player (M. FireStorm, 76561198153058532)(<5736.681641, 474.201874, 15197.967773>) set a new passcode on lock!
[08:11:37] Player (M. FireStorm, 76561198153058532)(<5736.681641, 474.201874, 15197.967773>) claimed ownership of a lock!
[08:11:51] Player (M. FireStorm, 76561198153058532)(<5737.805176, 474.633850, 15212.271484>) quick accessed a lock!
[08:11:58] Player (M. FireStorm, 76561198153058532)(<5735.729004, 477.538849, 15225.748047>) quick accessed a lock!
[08:12:19] Player (M. FireStorm, 76561198153058532)(<5745.802246, 477.624207, 15217.144531>) set a new passcode on lock!
[08:12:19] Player (M. FireStorm, 76561198153058532)(<5745.802246, 477.624207, 15217.144531>) claimed ownership of a lock!
[08:12:34] Player (M. FireStorm, 76561198153058532)(<5739.960449, 477.623993, 15215.760742>) set a new passcode on lock!
[08:12:34] Player (M. FireStorm, 76561198153058532)(<5739.960449, 477.623993, 15215.760742>) claimed ownership of a lock!
[08:12:36] Player (M. FireStorm, 76561198153058532)(<5739.960449, 477.623993, 15215.760742>) quick accessed a lock!
[08:12:49] Player (M. FireStorm, 76561198153058532)(<5737.401855, 477.624664, 15227.500977>) set a new passcode on lock!
[08:12:49] Player (M. FireStorm, 76561198153058532)(<5737.401855, 477.624664, 15227.500977>) claimed ownership of a lock!
[08:13:01] Player (M. FireStorm, 76561198153058532)(<5737.805176, 474.633850, 15212.271484>) quick accessed a lock!
[08:13:05] Player (M. FireStorm, 76561198153058532)(<5736.681641, 474.201874, 15197.967773>) quick accessed a lock!
[08:13:25] Player (M. FireStorm, 76561198153058532)(<5709.220215, 474.097504, 15211.759766>) set a new passcode on lock!
[08:13:25] Player (M. FireStorm, 76561198153058532)(<5709.220215, 474.097504, 15211.759766>) claimed ownership of a lock!
[08:16:13] Player (M. FireStorm, 76561198153058532)(<5737.805176, 474.633850, 15212.271484>) quick accessed a lock!
[08:16:20] Player (M. FireStorm, 76561198153058532)(<5730.156738, 474.598480, 15231.959961>) quick accessed a lock!
[08:16:32] Player (M. FireStorm, 76561198153058532)(<5735.728027, 480.547211, 15225.750977>) quick accessed a lock!
[08:16:34] Player (M. FireStorm, 76561198153058532)(<5737.401855, 477.624664, 15227.500977>) quick accessed a lock!
[08:16:38] Player (M. FireStorm, 76561198153058532)(<5739.960449, 477.623993, 15215.760742>) quick accessed a lock!
[08:18:03] Player (M. FireStorm, 76561198153058532)(<5732.001465, 482.252106, 15209.359375>) set a new passcode on lock!
[08:18:03] Player (M. FireStorm, 76561198153058532)(<5732.001465, 482.252106, 15209.359375>) claimed ownership of a lock!
[08:18:12] Player (M. FireStorm, 76561198153058532)(<5739.960449, 477.623993, 15215.760742>) quick accessed a lock!
[08:18:16] Player (M. FireStorm, 76561198153058532)(<5737.401855, 477.624664, 15227.500977>) quick accessed a lock!
[08:21:54] Player (M. FireStorm, 76561198153058532)(<5746.302246, 474.358978, 15190.466797>) quick accessed a lock!
[11:49:34] Player (M. FireStorm, 76561198153058532)(<5746.302246, 474.358978, 15190.466797>) quick accessed a lock!
[11:50:51] Player (M. FireStorm, 76561198153058532)(<5736.681641, 474.201874, 15197.967773>) quick accessed a lock!
[11:52:33] Player (M. FireStorm, 76561198153058532)(<5737.805176, 474.633850, 15212.271484>) quick accessed a lock!
[11:56:33] Player (M. FireStorm, 76561198153058532)(<5736.681641, 474.201874, 15197.967773>) quick accessed a lock!
[12:15:44] Player (M. FireStorm, 76561198153058532)(<5737.401855, 477.624664, 15227.500977>) quick accessed a lock!
[12:15:49] Player (M. FireStorm, 76561198153058532)(<5739.960449, 477.623993, 15215.760742>) quick accessed a lock!
[12:17:31] Player (M. FireStorm, 76561198153058532)(<5735.728027, 480.547211, 15225.750977>) quick accessed a lock!
[12:20:30] Player (M. FireStorm, 76561198153058532)(<5732.001465, 482.252106, 15209.359375>) quick accessed a lock!
[12:21:39] Player (M. FireStorm, 76561198153058532)(<5746.302246, 474.358978, 15190.466797>) quick accessed a lock!
[12:23:30] Player (M. FireStorm, 76561198153058532)(<5746.302246, 474.358978, 15190.466797>) quick accessed a lock!
[12:25:13] Player (M. FireStorm, 76561198153058532)(<5746.302246, 474.358978, 15190.466797>) quick accessed a lock!
[12:27:05] Player (M. FireStorm, 76561198153058532)(<5736.681641, 474.201874, 15197.967773>) quick accessed a lock!
[12:27:39] Player (M. FireStorm, 76561198153058532)(<5709.220215, 474.097504, 15211.759766>) quick accessed a lock!
[12:29:53] Player (M. FireStorm, 76561198153058532)(<5746.302246, 474.358978, 15190.466797>) quick accessed a lock!
[12:36:34] Player (M. FireStorm, 76561198153058532)(<5735.728027, 480.547211, 15225.750977>) quick accessed a lock!
[12:36:39] Player (M. FireStorm, 76561198153058532)(<5733.660156, 480.615234, 15229.815430>) quick accessed a lock!
[12:45:39] Player (M. FireStorm, 76561198153058532)(<5746.302246, 474.358978, 15190.466797>) quick accessed a lock!
[13:08:28] Player (M. FireStorm, 76561198153058532)(<5733.660156, 480.615234, 15229.815430>) quick accessed a lock!
[06-14-2021][13.30.48] Log file reloaded ( Server Restart )
[13:34:49] Player (M. FireStorm, 76561198153058532)(<5732.001465, 482.252106, 15209.359375>) quick accessed a lock!
[13:35:20] Player (M. FireStorm, 76561198153058532)(<5730.156738, 474.598480, 15231.959961>) quick accessed a lock!
[13:40:49] Player (M. FireStorm, 76561198153058532)(<5732.001465, 482.252106, 15209.359375>) quick accessed a lock!
[13:41:03] Player (M. FireStorm, 76561198153058532)(<5736.403809, 480.615234, 15218.120117>) set a new passcode on lock!
[13:41:03] Player (M. FireStorm, 76561198153058532)(<5736.403809, 480.615234, 15218.120117>) claimed ownership of a lock!
[13:41:16] Player (M. FireStorm, 76561198153058532)(<5743.325195, 480.564178, 15209.271484>) set a new passcode on lock!
[13:41:16] Player (M. FireStorm, 76561198153058532)(<5743.325195, 480.564178, 15209.271484>) claimed ownership of a lock!
[13:41:17] Player (M. FireStorm, 76561198153058532)(<5743.325195, 480.564178, 15209.271484>) quick accessed a lock!
[13:41:53] Player (M. FireStorm, 76561198153058532)(<5733.660156, 480.615234, 15229.815430>) quick accessed a lock!
[13:43:06] Player (M. FireStorm, 76561198153058532)(<5743.325195, 480.564178, 15209.271484>) quick accessed a lock!
[13:43:10] Player (M. FireStorm, 76561198153058532)(<5732.001465, 482.252106, 15209.359375>) quick accessed a lock!
[13:47:33] Player (M. FireStorm, 76561198153058532)(<5732.001465, 482.252106, 15209.359375>) quick accessed a lock!
[13:47:39] Player (M. FireStorm, 76561198153058532)(<5743.325195, 480.564178, 15209.271484>) quick accessed a lock!
[13:47:48] Player (M. FireStorm, 76561198153058532)(<5733.660156, 480.615234, 15229.815430>) quick accessed a lock!
[14:04:15] Player (M. FireStorm, 76561198153058532)(<5745.802246, 477.624207, 15217.144531>) quick accessed a lock!
[14:04:37] Player (M. FireStorm, 76561198153058532)(<5746.302246, 474.358978, 15190.466797>) quick accessed a lock!
[14:06:09] Player (M. FireStorm, 76561198153058532)(<5732.001465, 482.252106, 15209.359375>) quick accessed a lock!
[14:10:42] Player (M. FireStorm, 76561198153058532)(<5746.302246, 474.358978, 15190.466797>) quick accessed a lock!
[14:13:13] Player (M. FireStorm, 76561198153058532)(<5744.417480, 474.616058, 15222.993164>) quick accessed a lock!
[14:15:06] Player (M. FireStorm, 76561198153058532)(<5746.302246, 474.358978, 15190.466797>) quick accessed a lock!
[14:17:11] Player (M. FireStorm, 76561198153058532)(<5709.220215, 474.097504, 15211.759766>) quick accessed a lock!
[14:17:50] Player (M. FireStorm, 76561198153058532)(<5736.681641, 474.201874, 15197.967773>) quick accessed a lock!
[14:20:51] Player (M. FireStorm, 76561198153058532)(<5736.681641, 474.201874, 15197.967773>) quick accessed a lock!
[14:28:52] Player (M. FireStorm, 76561198153058532)(<5733.660156, 480.615234, 15229.815430>) quick accessed a lock!
[14:31:03] Player (M. FireStorm, 76561198153058532)(<5736.403809, 480.615234, 15218.120117>) quick accessed a lock!
[14:37:09] Player (M. FireStorm, 76561198153058532)(<5746.302246, 474.358978, 15190.466797>) quick accessed a lock!
[14:40:18] Player (M. FireStorm, 76561198153058532)(<5709.220215, 474.097504, 15211.759766>) quick accessed a lock!
[14:40:36] Player (M. FireStorm, 76561198153058532)(<5730.156738, 474.598480, 15231.959961>) quick accessed a lock!
[14:42:30] Player (M. FireStorm, 76561198153058532)(<5745.802246, 477.624207, 15217.144531>) quick accessed a lock!
[14:42:48] Player (M. FireStorm, 76561198153058532)(<5746.302246, 474.358978, 15190.466797>) quick accessed a lock!
[14:48:31] Player (M. FireStorm, 76561198153058532)(<5736.681641, 474.201874, 15197.967773>) quick accessed a lock!
[14:51:27] Player (M. FireStorm, 76561198153058532)(<5737.805176, 474.633850, 15212.271484>) quick accessed a lock!
[14:51:52] Player (M. FireStorm, 76561198153058532)(<5730.156738, 474.598480, 15231.959961>) quick accessed a lock!
[14:53:39] Player (M. FireStorm, 76561198153058532)(<5743.325195, 480.564178, 15209.271484>) quick accessed a lock!
[15:08:49] Player (Sgt.Mad, 76561198003552490)(<5746.302246, 474.358978, 15190.466797>) accessed a lock!
[15:08:49] Player (Sgt.Mad, 76561198003552490)(<5746.302246, 474.358978, 15190.466797>) was added as a guest of a lock!
[15:19:47] Player (M. FireStorm, 76561198153058532)(<5735.728027, 480.547211, 15225.750977>) quick accessed a lock!
[15:19:49] Player (M. FireStorm, 76561198153058532)(<5735.728027, 480.547211, 15225.750977>) quick accessed a lock!
[15:19:50] Player (M. FireStorm, 76561198153058532)(<5733.660156, 480.615234, 15229.815430>) quick accessed a lock!
[15:22:00] Player (M. FireStorm, 76561198153058532)(<5735.728027, 480.547211, 15225.750977>) quick accessed a lock!
[15:22:13] Player (M. FireStorm, 76561198153058532)(<5735.729004, 477.538849, 15225.748047>) quick accessed a lock!
[15:22:49] Player (M. FireStorm, 76561198153058532)(<5736.681641, 474.201874, 15197.967773>) quick accessed a lock!
[15:23:54] Player (M. FireStorm, 76561198153058532)(<5736.681641, 474.201874, 15197.967773>) quick accessed a lock!
[15:24:47] Player (M. FireStorm, 76561198153058532)(<5736.681641, 474.201874, 15197.967773>) quick accessed a lock!
[15:25:03] Player (M. FireStorm, 76561198153058532)(<5746.302246, 474.358978, 15190.466797>) quick accessed a lock!
[15:26:36] Player (M. FireStorm, 76561198153058532)(<5746.302246, 474.358978, 15190.466797>) quick accessed a lock!
[15:49:22] Player (M. FireStorm, 76561198153058532)(<5746.302246, 474.358978, 15190.466797>) quick accessed a lock!
[15:49:48] Player (M. FireStorm, 76561198153058532)(<5737.805176, 474.633850, 15212.271484>) quick accessed a lock!
[15:51:32] Player (M. FireStorm, 76561198153058532)(<5737.805176, 474.633850, 15212.271484>) quick accessed a lock!
[15:51:59] Player (M. FireStorm, 76561198153058532)(<5735.729004, 477.538849, 15225.748047>) quick accessed a lock!
[15:52:05] Player (M. FireStorm, 76561198153058532)(<5735.728027, 480.547211, 15225.750977>) quick accessed a lock!
[15:52:10] Player (M. FireStorm, 76561198153058532)(<5737.401855, 477.624664, 15227.500977>) quick accessed a lock!
[15:52:15] Player (M. FireStorm, 76561198153058532)(<5739.960449, 477.623993, 15215.760742>) quick accessed a lock!
[06-14-2021][17.24.54] Log file reloaded ( Server Restart )
[17:39:41] Player (M. FireStorm, 76561198153058532)(<5743.325195, 480.564178, 15209.271484>) quick accessed a lock!
[17:39:44] Player (M. FireStorm, 76561198153058532)(<5743.325195, 480.564178, 15209.271484>) quick accessed a lock!
[17:39:53] Player (M. FireStorm, 76561198153058532)(<5739.960449, 477.623993, 15215.760742>) quick accessed a lock!
[17:39:58] Player (M. FireStorm, 76561198153058532)(<5737.401855, 477.624664, 15227.500977>) quick accessed a lock!
[17:40:03] Player (M. FireStorm, 76561198153058532)(<5735.728027, 480.547211, 15225.750977>) quick accessed a lock!
[17:40:21] Player (M. FireStorm, 76561198153058532)(<5733.660156, 480.615234, 15229.815430>) quick accessed a lock!
[17:41:44] Player (Ragnar Odinsson, 76561198120496196)(<6467.832520, 287.828979, 7408.062012>) set a new passcode on lock!
[17:41:44] Player (Ragnar Odinsson, 76561198120496196)(<6467.832520, 287.828979, 7408.062012>) claimed ownership of a lock!
[17:42:04] Player (Ragnar Odinsson, 76561198120496196)(<6467.832520, 287.828979, 7408.062012>) accessed a lock!
[17:42:04] Player (Ragnar Odinsson, 76561198120496196)(<6467.832520, 287.828979, 7408.062012>) was added as a guest of a lock!
[17:42:09] Player (Ragnar Odinsson, 76561198120496196)(<6467.832520, 287.828979, 7408.062012>) quick accessed a lock!
[17:42:23] Player (Ragnar Odinsson, 76561198120496196)(<6467.832520, 287.828979, 7408.062012>) quick accessed a lock!
[17:42:40] Player (M. FireStorm, 76561198153058532)(<5733.660156, 480.615234, 15229.815430>) quick accessed a lock!
[17:42:45] Player (M. FireStorm, 76561198153058532)(<5735.728027, 480.547211, 15225.750977>) quick accessed a lock!
[17:42:49] Player (M. FireStorm, 76561198153058532)(<5735.729004, 477.538849, 15225.748047>) quick accessed a lock!
[17:42:55] Player (M. FireStorm, 76561198153058532)(<5730.156738, 474.598480, 15231.959961>) quick accessed a lock!
[17:42:56] Player (Ragnar Odinsson, 76561198120496196)(<6467.832520, 287.828979, 7408.062012>) quick accessed a lock!
[17:43:21] Player (M. FireStorm, 76561198153058532)(<5735.729004, 477.538849, 15225.748047>) quick accessed a lock!
[17:43:29] Player (M. FireStorm, 76561198153058532)(<5737.401855, 477.624664, 15227.500977>) quick accessed a lock!
[17:43:32] Player (M. FireStorm, 76561198153058532)(<5739.960449, 477.623993, 15215.760742>) quick accessed a lock!
[17:43:35] Player (M. FireStorm, 76561198153058532)(<5739.960449, 477.623993, 15215.760742>) quick accessed a lock!
[17:43:38] Player (Ragnar Odinsson, 76561198120496196)(<6467.832520, 287.828979, 7408.062012>) removed a lock!
[17:43:45] Player (M. FireStorm, 76561198153058532)(<5743.325195, 480.564178, 15209.271484>) quick accessed a lock!
[17:44:01] Player (Ragnar Odinsson, 76561198120496196)(<6462.303223, 288.009430, 7408.134277>) set a new passcode on lock!
[17:44:01] Player (Ragnar Odinsson, 76561198120496196)(<6462.303223, 288.009430, 7408.134277>) claimed ownership of a lock!
[17:44:16] Player (M. FireStorm, 76561198153058532)(<5732.001465, 482.252106, 15209.359375>) quick accessed a lock!
[17:45:49] Player (M. FireStorm, 76561198153058532)(<5743.325195, 480.564178, 15209.271484>) quick accessed a lock!
[17:46:00] Player (M. FireStorm, 76561198153058532)(<5737.401855, 477.624664, 15227.500977>) quick accessed a lock!
[17:46:19] Player (Ragnar Odinsson, 76561198120496196)(<6462.303223, 288.009430, 7408.134277>) quick accessed a lock!
[17:46:23] Player (M. FireStorm, 76561198153058532)(<5737.805176, 474.633850, 15212.271484>) quick accessed a lock!
[17:46:26] Player (M. FireStorm, 76561198153058532)(<5737.805176, 474.633850, 15212.271484>) quick accessed a lock!
[17:46:36] Player (M. FireStorm, 76561198153058532)(<5736.681641, 474.201874, 15197.967773>) quick accessed a lock!
[17:47:35] Player (M. FireStorm, 76561198153058532)(<5736.681641, 474.201874, 15197.967773>) quick accessed a lock!
[17:47:38] Player (M. FireStorm, 76561198153058532)(<5737.805176, 474.633850, 15212.271484>) quick accessed a lock!
[17:48:04] Player (M. FireStorm, 76561198153058532)(<5735.728027, 480.547211, 15225.750977>) quick accessed a lock!
[17:48:06] Player (M. FireStorm, 76561198153058532)(<5737.401855, 477.624664, 15227.500977>) quick accessed a lock!
[17:48:09] Player (M. FireStorm, 76561198153058532)(<5739.960449, 477.623993, 15215.760742>) quick accessed a lock!
[17:48:16] Player (M. FireStorm, 76561198153058532)(<5743.325195, 480.564178, 15209.271484>) quick accessed a lock!
[17:48:21] Player (M. FireStorm, 76561198153058532)(<5732.001465, 482.252106, 15209.359375>) quick accessed a lock!
[17:48:36] Player (M. FireStorm, 76561198153058532)(<5732.001465, 482.252106, 15209.359375>) quick accessed a lock!
[17:48:48] Player (M. FireStorm, 76561198153058532)(<5736.681641, 474.201874, 15197.967773>) quick accessed a lock!
[17:50:25] Player (M. FireStorm, 76561198153058532)(<5736.681641, 474.201874, 15197.967773>) quick accessed a lock!
[17:50:34] Player (M. FireStorm, 76561198153058532)(<5737.805176, 474.633850, 15212.271484>) quick accessed a lock!
[17:50:49] Player (M. FireStorm, 76561198153058532)(<5737.401855, 477.624664, 15227.500977>) quick accessed a lock!
[17:50:53] Player (M. FireStorm, 76561198153058532)(<5739.960449, 477.623993, 15215.760742>) quick accessed a lock!
[17:50:59] Player (M. FireStorm, 76561198153058532)(<5743.325195, 480.564178, 15209.271484>) quick accessed a lock!
[17:52:02] Player (M. FireStorm, 76561198153058532)(<5743.325195, 480.564178, 15209.271484>) quick accessed a lock!
[17:52:09] Player (M. FireStorm, 76561198153058532)(<5739.960449, 477.623993, 15215.760742>) quick accessed a lock!
[17:52:13] Player (M. FireStorm, 76561198153058532)(<5737.401855, 477.624664, 15227.500977>) quick accessed a lock!
[17:52:18] Player (M. FireStorm, 76561198153058532)(<5730.156738, 474.598480, 15231.959961>) quick accessed a lock!
[17:55:21] Player (M. FireStorm, 76561198153058532)(<5737.805176, 474.633850, 15212.271484>) quick accessed a lock!
[17:55:44] Player (M. FireStorm, 76561198153058532)(<5737.401855, 477.624664, 15227.500977>) quick accessed a lock!
[17:55:47] Player (M. FireStorm, 76561198153058532)(<5739.960449, 477.623993, 15215.760742>) quick accessed a lock!
[17:55:53] Player (M. FireStorm, 76561198153058532)(<5743.325195, 480.564178, 15209.271484>) quick accessed a lock!
[17:56:15] Player (M. FireStorm, 76561198153058532)(<5743.325195, 480.564178, 15209.271484>) quick accessed a lock!
[17:56:23] Player (M. FireStorm, 76561198153058532)(<5739.960449, 477.623993, 15215.760742>) quick accessed a lock!
[17:56:27] Player (M. FireStorm, 76561198153058532)(<5737.401855, 477.624664, 15227.500977>) quick accessed a lock!
[18:00:40] Player (M. FireStorm, 76561198153058532)(<5730.156738, 474.598480, 15231.959961>) quick accessed a lock!
[18:01:30] Player (M. FireStorm, 76561198153058532)(<5746.302246, 474.358978, 15190.466797>) quick accessed a lock!
[18:06:56] Player (M. FireStorm, 76561198153058532)(<5746.302246, 474.358978, 15190.466797>) quick accessed a lock!
[18:14:15] Player (M. FireStorm, 76561198153058532)(<5744.417480, 474.616058, 15222.993164>) quick accessed a lock!
[18:21:43] Player (M. FireStorm, 76561198153058532)(<5746.302246, 474.358978, 15190.466797>) quick accessed a lock!
[18:22:31] Player (M. FireStorm, 76561198153058532)(<5746.302246, 474.358978, 15190.466797>) quick accessed a lock!
[18:27:52] Player (M. FireStorm, 76561198153058532)(<5746.302246, 474.358978, 15190.466797>) quick accessed a lock!
[18:30:29] Player (M. FireStorm, 76561198153058532)(<5794.265625, 473.792511, 15225.167969>) set a new passcode on lock!
[18:30:29] Player (M. FireStorm, 76561198153058532)(<5794.265625, 473.792511, 15225.167969>) claimed ownership of a lock!
[18:30:49] Player (M. FireStorm, 76561198153058532)(<5746.630859, 474.770782, 15166.892578>) set a new passcode on lock!
[18:30:49] Player (M. FireStorm, 76561198153058532)(<5746.630859, 474.770782, 15166.892578>) claimed ownership of a lock!
[18:31:05] Player (M. FireStorm, 76561198153058532)(<5746.302246, 474.358978, 15190.466797>) quick accessed a lock!
[18:31:22] Player (M. FireStorm, 76561198153058532)(<5737.805176, 474.633850, 15212.271484>) quick accessed a lock!
[18:32:00] Player (M. FireStorm, 76561198153058532)(<5735.729004, 477.538849, 15225.748047>) quick accessed a lock!
[18:32:02] Player (M. FireStorm, 76561198153058532)(<5735.728027, 480.547211, 15225.750977>) quick accessed a lock!
[18:32:03] Player (M. FireStorm, 76561198153058532)(<5733.660156, 480.615234, 15229.815430>) quick accessed a lock!
[18:32:30] Player (M. FireStorm, 76561198153058532)(<5746.302246, 474.358978, 15190.466797>) quick accessed a lock!
[18:40:45] Player (M. FireStorm, 76561198153058532)(<5745.802246, 477.624207, 15217.144531>) quick accessed a lock!
[18:40:47] Player (M. FireStorm, 76561198153058532)(<5739.960449, 477.623993, 15215.760742>) quick accessed a lock!
[18:40:52] Player (M. FireStorm, 76561198153058532)(<5743.325195, 480.564178, 15209.271484>) quick accessed a lock!
[18:42:09] Player (M. FireStorm, 76561198153058532)(<5732.001465, 482.252106, 15209.359375>) quick accessed a lock!
[18:43:12] Player (M. FireStorm, 76561198153058532)(<5732.001465, 482.252106, 15209.359375>) quick accessed a lock!
[18:43:22] Player (M. FireStorm, 76561198153058532)(<5737.401855, 477.624664, 15227.500977>) quick accessed a lock!
[18:43:23] Player (M. FireStorm, 76561198153058532)(<5735.729004, 477.538849, 15225.748047>) quick accessed a lock!
[18:43:27] Player (M. FireStorm, 76561198153058532)(<5733.660156, 480.615234, 15229.815430>) quick accessed a lock!
[18:45:04] Player (M. FireStorm, 76561198153058532)(<5732.001465, 482.252106, 15209.359375>) quick accessed a lock!
[18:45:44] Player (M. FireStorm, 76561198153058532)(<5730.156738, 474.598480, 15231.959961>) quick accessed a lock!
[18:48:22] Player (M. FireStorm, 76561198153058532)(<5746.302246, 474.358978, 15190.466797>) quick accessed a lock!
[19:01:47] Player (M. FireStorm, 76561198153058532)(<5744.417480, 474.616058, 15222.993164>) quick accessed a lock!
[19:01:51] Player (M. FireStorm, 76561198153058532)(<5730.156738, 474.598480, 15231.959961>) quick accessed a lock!
[19:06:05] Player (M. FireStorm, 76561198153058532)(<5746.630859, 474.770782, 15166.892578>) quick accessed a lock!
[19:09:50] Player (M. FireStorm, 76561198153058532)(<5774.948730, 474.356842, 15211.653320>) set a new passcode on lock!
[19:09:50] Player (M. FireStorm, 76561198153058532)(<5774.948730, 474.356842, 15211.653320>) claimed ownership of a lock!
[19:10:35] Player (M. FireStorm, 76561198153058532)(<5745.802246, 477.624207, 15217.144531>) quick accessed a lock!
[19:10:44] Player (M. FireStorm, 76561198153058532)(<5735.728027, 480.547211, 15225.750977>) quick accessed a lock!
[19:10:46] Player (M. FireStorm, 76561198153058532)(<5733.660156, 480.615234, 15229.815430>) quick accessed a lock!
[19:12:43] Player (M. FireStorm, 76561198153058532)(<5735.728027, 480.547211, 15225.750977>) quick accessed a lock!
[19:13:29] Player (M. FireStorm, 76561198153058532)(<5739.960449, 477.623993, 15215.760742>) quick accessed a lock!
[19:16:26] Player (M. FireStorm, 76561198153058532)(<5732.001465, 482.252106, 15209.359375>) quick accessed a lock!
[19:26:32] Player (M. FireStorm, 76561198153058532)(<5745.802246, 477.624207, 15217.144531>) quick accessed a lock!
[19:28:21] Player (M. FireStorm, 76561198153058532)(<5794.265625, 473.792511, 15225.167969>) quick accessed a lock!
[19:28:39] Player (M. FireStorm, 76561198153058532)(<5737.401855, 477.624664, 15227.500977>) quick accessed a lock!
[19:29:01] Player (M. FireStorm, 76561198153058532)(<5737.401855, 477.624664, 15227.500977>) quick accessed a lock!
[19:29:42] Player (M. FireStorm, 76561198153058532)(<5735.728027, 480.547211, 15225.750977>) quick accessed a lock!
[19:29:48] Player (M. FireStorm, 76561198153058532)(<5733.660156, 480.615234, 15229.815430>) quick accessed a lock!
[19:30:31] Player (M. FireStorm, 76561198153058532)(<5737.401855, 477.624664, 15227.500977>) quick accessed a lock!
[19:32:53] Player (M. FireStorm, 76561198153058532)(<5774.948730, 474.356842, 15211.653320>) quick accessed a lock!
[19:35:39] Player (Ragnar Odinsson, 76561198120496196)(<6462.303223, 288.009430, 7408.134277>) quick accessed a lock!
[19:39:25] Player (Ragnar Odinsson, 76561198120496196)(<6467.832520, 287.828979, 7408.062012>) set a new passcode on lock!
[19:39:25] Player (Ragnar Odinsson, 76561198120496196)(<6467.832520, 287.828979, 7408.062012>) claimed ownership of a lock!
[19:44:02] Player (M. FireStorm, 76561198153058532)(<5746.630859, 474.770782, 15166.892578>) quick accessed a lock!
[19:46:24] Player (M. FireStorm, 76561198153058532)(<5794.265625, 473.792511, 15225.167969>) quick accessed a lock!
[19:47:06] Player (M. FireStorm, 76561198153058532)(<5794.265625, 473.792511, 15225.167969>) quick accessed a lock!
[19:52:55] Player (M. FireStorm, 76561198153058532)(<5746.302246, 474.358978, 15190.466797>) quick accessed a lock!
[19:55:29] Player (M. FireStorm, 76561198153058532)(<5746.630859, 474.770782, 15166.892578>) quick accessed a lock!
[19:59:25] Player (M. FireStorm, 76561198153058532)(<5736.681641, 474.201874, 15197.967773>) quick accessed a lock!
[20:02:18] Player (M. FireStorm, 76561198153058532)(<5709.220215, 474.097504, 15211.759766>) quick accessed a lock!
[20:02:49] Player (M. FireStorm, 76561198153058532)(<5709.220215, 474.097504, 15211.759766>) quick accessed a lock!
[20:02:57] Player (M. FireStorm, 76561198153058532)(<5736.681641, 474.201874, 15197.967773>) quick accessed a lock!
[20:08:20] Player (M. FireStorm, 76561198153058532)(<5736.681641, 474.201874, 15197.967773>) quick accessed a lock!
[20:08:28] Player (M. FireStorm, 76561198153058532)(<5709.220215, 474.097504, 15211.759766>) quick accessed a lock!
[20:09:11] Player (M. FireStorm, 76561198153058532)(<5709.220215, 474.097504, 15211.759766>) quick accessed a lock!
[20:09:28] Player (M. FireStorm, 76561198153058532)(<5736.681641, 474.201874, 15197.967773>) quick accessed a lock!
[20:09:31] Player (M. FireStorm, 76561198153058532)(<5746.302246, 474.358978, 15190.466797>) quick accessed a lock!
[20:12:37] Player (M. FireStorm, 76561198153058532)(<5746.302246, 474.358978, 15190.466797>) quick accessed a lock!
[20:12:41] Player (M. FireStorm, 76561198153058532)(<5736.681641, 474.201874, 15197.967773>) quick accessed a lock!
[20:12:47] Player (M. FireStorm, 76561198153058532)(<5709.220215, 474.097504, 15211.759766>) quick accessed a lock!
[20:24:02] Player (M. FireStorm, 76561198153058532)(<5709.220215, 474.097504, 15211.759766>) quick accessed a lock!
[20:38:06] Player (M. FireStorm, 76561198153058532)(<5709.220215, 474.097504, 15211.759766>) quick accessed a lock!
[20:38:30] Player (M. FireStorm, 76561198153058532)(<5746.302246, 474.358978, 15190.466797>) quick accessed a lock!
[20:49:34] Player (Ragnar Odinsson, 76561198120496196)(<6467.832520, 287.828979, 7408.062012>) quick accessed a lock!
[20:51:26] Player (M. FireStorm, 76561198153058532)(<5738.168457, 474.616486, 15236.831055>) quick accessed a lock!
[20:51:47] Player (M. FireStorm, 76561198153058532)(<5736.681641, 474.201874, 15197.967773>) quick accessed a lock!
[20:51:53] Player (M. FireStorm, 76561198153058532)(<5736.681641, 474.201874, 15197.967773>) quick accessed a lock!
[20:52:02] Player (M. FireStorm, 76561198153058532)(<5735.729004, 477.538849, 15225.748047>) quick accessed a lock!
[20:52:09] Player (M. FireStorm, 76561198153058532)(<5737.401855, 477.624664, 15227.500977>) quick accessed a lock!
[20:52:14] Player (M. FireStorm, 76561198153058532)(<5739.960449, 477.623993, 15215.760742>) quick accessed a lock!
[20:52:22] Player (M. FireStorm, 76561198153058532)(<5732.001465, 482.252106, 15209.359375>) quick accessed a lock!
[20:53:49] Player (Ragnar Odinsson, 76561198120496196)(<6467.832520, 287.828979, 7408.062012>) quick accessed a lock!
[21:01:32] Player (Ragnar Odinsson, 76561198120496196)(<6467.832520, 287.828979, 7408.062012>) quick accessed a lock!
[21:02:18] Player (Ragnar Odinsson, 76561198120496196)(<6467.832520, 287.828979, 7408.062012>) quick accessed a lock!
[21:05:50] Player (Ragnar Odinsson, 76561198120496196)(<6467.832520, 287.828979, 7408.062012>) quick accessed a lock!
[21:07:33] Player (Ragnar Odinsson, 76561198120496196)(<6467.832520, 287.828979, 7408.062012>) quick accessed a lock!
[21:13:59] Player (Ragnar Odinsson, 76561198120496196)(<6467.832520, 287.828979, 7408.062012>) quick accessed a lock!
[21:19:10] Player (Ragnar Odinsson, 76561198120496196)(<6467.832520, 287.828979, 7408.062012>) quick accessed a lock!
[21:34:11] Player (Ragnar Odinsson, 76561198120496196)(<6467.832520, 287.828979, 7408.062012>) quick accessed a lock!
[23:05:54] Player (Ragnar Odinsson, 76561198120496196)(<6491.006348, 292.870026, 7390.836914>) set a new passcode on lock!
[23:05:54] Player (Ragnar Odinsson, 76561198120496196)(<6491.006348, 292.870026, 7390.836914>) claimed ownership of a lock!
[23:06:55] Player (Capwell, 76561198079984427)(<6491.006348, 292.870026, 7390.836914>) accessed a lock!
[23:06:55] Player (Capwell, 76561198079984427)(<6491.006348, 292.870026, 7390.836914>) was added as a guest of a lock!
[23:07:18] Player (Ragnar Odinsson, 76561198120496196)(<6491.006348, 292.870026, 7390.836914>) quick accessed a lock!
[23:08:42] Player (Ragnar Odinsson, 76561198120496196)(<6491.006348, 292.870026, 7390.836914>) quick accessed a lock!
[23:11:19] Player (Ragnar Odinsson, 76561198120496196)(<6491.006348, 292.870026, 7390.836914>) quick accessed a lock!
[23:12:08] Player (Capwell, 76561198079984427)(<6491.006348, 292.870026, 7390.836914>) quick accessed a lock!
[23:13:35] Player (Capwell, 76561198079984427)(<6491.006348, 292.870026, 7390.836914>) quick accessed a lock!
[23:14:05] Player (Capwell, 76561198079984427)(<6491.006348, 292.870026, 7390.836914>) quick accessed a lock!
[23:14:50] Player (Ragnar Odinsson, 76561198120496196)(<6491.006348, 292.870026, 7390.836914>) quick accessed a lock!
[23:14:54] Player (Ragnar Odinsson, 76561198120496196)(<6491.006348, 292.870026, 7390.836914>) quick accessed a lock!
[23:24:54] Player (Ragnar Odinsson, 76561198120496196)(<6491.006348, 292.870026, 7390.836914>) quick accessed a lock!
[23:25:04] Player (Ragnar Odinsson, 76561198120496196)(<6491.006348, 292.870026, 7390.836914>) quick accessed a lock!
[23:30:55] Player (Capwell, 76561198079984427)(<6491.006348, 292.870026, 7390.836914>) quick accessed a lock!
[23:37:50] Player (Ragnar Odinsson, 76561198120496196)(<6491.006348, 292.870026, 7390.836914>) quick accessed a lock!
[23:49:40] Player (Capwell, 76561198079984427)(<6491.006348, 292.870026, 7390.836914>) quick accessed a lock!
[00:13:13] Player (Ragnar Odinsson, 76561198120496196)(<6494.417480, 292.869812, 7391.889160>) set a new passcode on lock!
[00:13:13] Player (Ragnar Odinsson, 76561198120496196)(<6494.417480, 292.869812, 7391.889160>) claimed ownership of a lock!
[00:17:34] Player (Ragnar Odinsson, 76561198120496196)(<6494.417480, 292.869812, 7391.889160>) quick accessed a lock!
[00:49:08] Player (Ragnar Odinsson, 76561198120496196)(<6494.417480, 292.869812, 7391.889160>) quick accessed a lock!
[00:49:55] Player (Ragnar Odinsson, 76561198120496196)(<6494.417480, 292.869812, 7391.889160>) quick accessed a lock!
[00:52:34] Player (Ragnar Odinsson, 76561198120496196)(<6494.417480, 292.869812, 7391.889160>) quick accessed a lock!
[00:52:35] Player (Ragnar Odinsson, 76561198120496196)(<6494.417480, 292.869812, 7391.889160>) quick accessed a lock!
[01:12:46] Player (Ragnar Odinsson, 76561198120496196)(<6494.417480, 292.869812, 7391.889160>) quick accessed a lock!
[01:21:13] Player (Ragnar Odinsson, 76561198120496196)(<6484.237305, 292.937195, 7394.447266>) set a new passcode on lock!
[01:21:13] Player (Ragnar Odinsson, 76561198120496196)(<6484.237305, 292.937195, 7394.447266>) claimed ownership of a lock!
[01:27:28] Player (Ragnar Odinsson, 76561198120496196)(<6484.237305, 292.937195, 7394.447266>) quick accessed a lock!
[01:46:13] Player (Ragnar Odinsson, 76561198120496196)(<6484.237305, 292.937195, 7394.447266>) quick accessed a lock!
[01:57:21] Player (Ragnar Odinsson, 76561198120496196)(<6494.417480, 292.869812, 7391.889160>) quick accessed a lock!
[01:57:29] Player (Ragnar Odinsson, 76561198120496196)(<6484.237305, 292.937195, 7394.447266>) quick accessed a lock!
[01:59:31] Player (Ragnar Odinsson, 76561198120496196)(<6484.237305, 292.937195, 7394.447266>) quick accessed a lock!
[02:01:12] Player (Ragnar Odinsson, 76561198120496196)(<6467.832520, 287.828979, 7408.062012>) quick accessed a lock!
[02:02:15] Player (Ragnar Odinsson, 76561198120496196)(<6494.417480, 292.869812, 7391.889160>) quick accessed a lock!
[02:02:18] Player (Ragnar Odinsson, 76561198120496196)(<6484.237305, 292.937195, 7394.447266>) quick accessed a lock!
[02:03:49] Player (Ragnar Odinsson, 76561198120496196)(<6467.832520, 287.828979, 7408.062012>) quick accessed a lock!
[03:06:34] Player (Ragnar Odinsson, 76561198120496196)(<6484.237305, 292.937195, 7394.447266>) quick accessed a lock!
[03:16:27] Player (Ragnar Odinsson, 76561198120496196)(<6486.699219, 295.878174, 7388.308105>) set a new passcode on lock!
[03:16:27] Player (Ragnar Odinsson, 76561198120496196)(<6486.699219, 295.878174, 7388.308105>) claimed ownership of a lock!
[03:24:07] Player (Ragnar Odinsson, 76561198120496196)(<6486.703125, 295.878174, 7388.309082>) set a new passcode on lock!
[03:24:07] Player (Ragnar Odinsson, 76561198120496196)(<6486.703125, 295.878174, 7388.309082>) claimed ownership of a lock!
[03:24:10] Player (Ragnar Odinsson, 76561198120496196)(<6486.703125, 295.878174, 7388.309082>) quick accessed a lock!
[03:25:15] Player (Ragnar Odinsson, 76561198120496196)(<6486.703125, 295.878174, 7388.309082>) quick accessed a lock!
[03:26:05] Player (Ragnar Odinsson, 76561198120496196)(<6486.703125, 295.878174, 7388.309082>) quick accessed a lock!
[03:31:45] Player (Ragnar Odinsson, 76561198120496196)(<6484.237305, 292.937195, 7394.447266>) quick accessed a lock!
[03:31:54] Player (Ragnar Odinsson, 76561198120496196)(<6486.703125, 295.878174, 7388.309082>) quick accessed a lock!
[03:33:02] Player (Ragnar Odinsson, 76561198120496196)(<6486.703125, 295.878174, 7388.309082>) quick accessed a lock!
[03:33:12] Player (Ragnar Odinsson, 76561198120496196)(<6494.417480, 292.869812, 7391.889160>) quick accessed a lock!
[03:34:00] Player (Ragnar Odinsson, 76561198120496196)(<6494.417480, 292.869812, 7391.889160>) quick accessed a lock!
[03:34:03] Player (Ragnar Odinsson, 76561198120496196)(<6484.237305, 292.937195, 7394.447266>) quick accessed a lock!
[03:34:13] Player (Ragnar Odinsson, 76561198120496196)(<6486.703125, 295.878174, 7388.309082>) quick accessed a lock!
[03:36:08] Player (Ragnar Odinsson, 76561198120496196)(<6494.417480, 292.869812, 7391.889160>) quick accessed a lock!
[03:36:23] Player (Ragnar Odinsson, 76561198120496196)(<6486.703125, 295.878174, 7388.309082>) quick accessed a lock!
[03:57:22] Player (Ragnar Odinsson, 76561198120496196)(<6494.417480, 292.869812, 7391.889160>) quick accessed a lock!
[03:57:29] Player (Ragnar Odinsson, 76561198120496196)(<6484.237305, 292.937195, 7394.447266>) quick accessed a lock!
