[06-15-2021][04.18.07] New Access Log File Created!
[14:03:55] Player (Ragnar Odinsson, 76561198120496196)(<6484.237305, 292.937195, 7394.447266>) quick accessed a lock!
[14:04:02] Player (Ragnar Odinsson, 76561198120496196)(<6494.417480, 292.869812, 7391.889160>) quick accessed a lock!
[14:09:19] Player (Ragnar Odinsson, 76561198120496196)(<6494.417480, 292.869812, 7391.889160>) quick accessed a lock!
[14:09:26] Player (Ragnar Odinsson, 76561198120496196)(<6486.703125, 295.878174, 7388.309082>) quick accessed a lock!
[14:17:45] Player (Ragnar Odinsson, 76561198120496196)(<6486.703125, 295.878174, 7388.309082>) quick accessed a lock!
[14:21:44] Player (Ragnar Odinsson, 76561198120496196)(<6486.703125, 295.878174, 7388.309082>) quick accessed a lock!
[14:40:29] Player (Ragnar Odinsson, 76561198120496196)(<6494.417480, 292.869812, 7391.889160>) quick accessed a lock!
[14:40:32] Player (Ragnar Odinsson, 76561198120496196)(<6484.237305, 292.937195, 7394.447266>) quick accessed a lock!
[14:44:46] Player (Ragnar Odinsson, 76561198120496196)(<6467.832520, 287.828979, 7408.062012>) quick accessed a lock!
[14:44:47] Player (Ragnar Odinsson, 76561198120496196)(<6467.832520, 287.828979, 7408.062012>) quick accessed a lock!
[14:44:49] Player (Ragnar Odinsson, 76561198120496196)(<6467.832520, 287.828979, 7408.062012>) quick accessed a lock!
[14:54:46] Player (Ragnar Odinsson, 76561198120496196)(<6484.237305, 292.937195, 7394.447266>) quick accessed a lock!
[14:56:56] Player (Ragnar Odinsson, 76561198120496196)(<6484.237305, 292.937195, 7394.447266>) quick accessed a lock!
[14:57:07] Player (Ragnar Odinsson, 76561198120496196)(<6486.703125, 295.878174, 7388.309082>) quick accessed a lock!
[15:03:11] Player (Ragnar Odinsson, 76561198120496196)(<6486.703125, 295.878174, 7388.309082>) quick accessed a lock!
[15:03:17] Player (Ragnar Odinsson, 76561198120496196)(<6494.417480, 292.869812, 7391.889160>) quick accessed a lock!
[15:03:22] Player (Ragnar Odinsson, 76561198120496196)(<6494.417480, 292.869812, 7391.889160>) quick accessed a lock!
[15:05:38] Player (Ragnar Odinsson, 76561198120496196)(<6494.417480, 292.869812, 7391.889160>) quick accessed a lock!
[15:05:45] Player (Ragnar Odinsson, 76561198120496196)(<6486.703125, 295.878174, 7388.309082>) quick accessed a lock!
[15:09:02] Player (Ragnar Odinsson, 76561198120496196)(<6486.703125, 295.878174, 7388.309082>) quick accessed a lock!
[15:09:06] Player (Ragnar Odinsson, 76561198120496196)(<6484.237305, 292.937195, 7394.447266>) quick accessed a lock!
[06-15-2021][15.11.33] Log file reloaded ( Server Restart )
[15:14:08] Player (Ragnar Odinsson, 76561198120496196)(<6486.703125, 295.878174, 7388.309082>) quick accessed a lock!
[15:14:41] Player (Ragnar Odinsson, 76561198120496196)(<6494.417480, 292.869812, 7391.889160>) quick accessed a lock!
[15:15:50] Player (Ragnar Odinsson, 76561198120496196)(<6494.417480, 292.869812, 7391.889160>) quick accessed a lock!
[15:16:04] Player (Ragnar Odinsson, 76561198120496196)(<6484.237305, 292.937195, 7394.447266>) quick accessed a lock!
[15:16:11] Player (Ragnar Odinsson, 76561198120496196)(<6484.237305, 292.937195, 7394.447266>) quick accessed a lock!
[15:18:53] Player (Capwell, 76561198079984427)(<6482.183594, 292.937836, 7388.810547>) set a new passcode on lock!
[15:18:53] Player (Capwell, 76561198079984427)(<6482.183594, 292.937836, 7388.810547>) claimed ownership of a lock!
[15:18:59] Player (Capwell, 76561198079984427)(<6482.183594, 292.937836, 7388.810547>) quick accessed a lock!
[15:19:02] Player (Capwell, 76561198079984427)(<6482.183594, 292.937836, 7388.810547>) quick accessed a lock!
[15:19:11] Player (Ragnar Odinsson, 76561198120496196)(<6486.703125, 295.878174, 7388.309082>) quick accessed a lock!
[15:20:34] Player (Capwell, 76561198079984427)(<6494.417480, 292.869812, 7391.889160>) accessed a lock!
[15:20:34] Player (Capwell, 76561198079984427)(<6494.417480, 292.869812, 7391.889160>) was added as a guest of a lock!
[15:24:50] Player (Capwell, 76561198079984427)(<6494.417480, 292.869812, 7391.889160>) quick accessed a lock!
[15:24:54] Player (Capwell, 76561198079984427)(<6494.417480, 292.869812, 7391.889160>) quick accessed a lock!
[15:27:12] Player (Ragnar Odinsson, 76561198120496196)(<6486.703125, 295.878174, 7388.309082>) quick accessed a lock!
[15:27:19] Player (Ragnar Odinsson, 76561198120496196)(<6484.237305, 292.937195, 7394.447266>) quick accessed a lock!
[15:28:06] Player (Ragnar Odinsson, 76561198120496196)(<6484.237305, 292.937195, 7394.447266>) quick accessed a lock!
[15:29:14] Player (Ragnar Odinsson, 76561198120496196)(<6494.417480, 292.869812, 7391.889160>) quick accessed a lock!
[15:31:23] Player (Ragnar Odinsson, 76561198120496196)(<6494.417480, 292.869812, 7391.889160>) quick accessed a lock!
[15:31:43] Player (Ragnar Odinsson, 76561198120496196)(<6484.237305, 292.937195, 7394.447266>) quick accessed a lock!
[15:32:01] Player (Ragnar Odinsson, 76561198120496196)(<6494.417480, 292.869812, 7391.889160>) quick accessed a lock!
[15:33:21] Player (Capwell, 76561198079984427)(<6494.417480, 292.869812, 7391.889160>) quick accessed a lock!
[15:35:33] Player (Ragnar Odinsson, 76561198120496196)(<6486.703125, 295.878174, 7388.309082>) quick accessed a lock!
[15:46:40] Player (Ragnar Odinsson, 76561198120496196)(<6484.237305, 292.937195, 7394.447266>) quick accessed a lock!
[15:49:42] Player (Ragnar Odinsson, 76561198120496196)(<6494.417480, 292.869812, 7391.889160>) quick accessed a lock!
[15:51:07] Player (Ragnar Odinsson, 76561198120496196)(<6494.417480, 292.869812, 7391.889160>) quick accessed a lock!
[15:52:29] Player (Ragnar Odinsson, 76561198120496196)(<6494.417480, 292.869812, 7391.889160>) quick accessed a lock!
[15:52:46] Player (Capwell, 76561198079984427)(<6494.417480, 292.869812, 7391.889160>) quick accessed a lock!
[15:53:01] Player (Capwell, 76561198079984427)(<6494.417480, 292.869812, 7391.889160>) quick accessed a lock!
[15:53:20] Player (Capwell, 76561198079984427)(<6482.183594, 292.937836, 7388.810547>) quick accessed a lock!
[15:53:51] Player (Ragnar Odinsson, 76561198120496196)(<6494.417480, 292.869812, 7391.889160>) quick accessed a lock!
[15:54:16] Player (Ragnar Odinsson, 76561198120496196)(<6494.417480, 292.869812, 7391.889160>) quick accessed a lock!
[15:54:28] Player (Capwell, 76561198079984427)(<6494.417480, 292.869812, 7391.889160>) quick accessed a lock!
[15:55:05] Player (Ragnar Odinsson, 76561198120496196)(<6484.237305, 292.937195, 7394.447266>) quick accessed a lock!
[15:56:09] Player (Ragnar Odinsson, 76561198120496196)(<6484.237305, 292.937195, 7394.447266>) quick accessed a lock!
[15:57:25] Player (Ragnar Odinsson, 76561198120496196)(<6484.237305, 292.937195, 7394.447266>) quick accessed a lock!
[15:57:41] Player (Ragnar Odinsson, 76561198120496196)(<6484.237305, 292.937195, 7394.447266>) quick accessed a lock!
[16:21:48] Player (Ragnar Odinsson, 76561198120496196)(<6484.237305, 292.937195, 7394.447266>) quick accessed a lock!
[16:24:48] Player (Capwell, 76561198079984427)(<6482.183594, 292.937836, 7388.810547>) quick accessed a lock!
[16:25:20] Player (Ragnar Odinsson, 76561198120496196)(<6484.237305, 292.937195, 7394.447266>) quick accessed a lock!
[16:26:01] Player (Ragnar Odinsson, 76561198120496196)(<6484.237305, 292.937195, 7394.447266>) quick accessed a lock!
[16:28:36] Player (Ragnar Odinsson, 76561198120496196)(<6494.417480, 292.869812, 7391.889160>) quick accessed a lock!
[16:28:58] Player (Capwell, 76561198079984427)(<6494.417480, 292.869812, 7391.889160>) quick accessed a lock!
[16:31:26] Player (Capwell, 76561198079984427)(<6482.183594, 292.937836, 7388.810547>) quick accessed a lock!
[16:35:25] Player (Ragnar Odinsson, 76561198120496196)(<6486.703125, 295.878174, 7388.309082>) quick accessed a lock!
[16:35:29] Player (Ragnar Odinsson, 76561198120496196)(<6484.237305, 292.937195, 7394.447266>) quick accessed a lock!
[16:36:45] Player (Ragnar Odinsson, 76561198120496196)(<6494.417480, 292.869812, 7391.889160>) quick accessed a lock!
[16:37:05] Player (Ragnar Odinsson, 76561198120496196)(<6494.417480, 292.869812, 7391.889160>) quick accessed a lock!
[16:38:10] Player (Ragnar Odinsson, 76561198120496196)(<6494.417480, 292.869812, 7391.889160>) quick accessed a lock!
[16:39:06] Player (Ragnar Odinsson, 76561198120496196)(<6462.303223, 288.009430, 7408.134277>) quick accessed a lock!
[16:40:48] Player (Capwell, 76561198079984427)(<6482.183594, 292.937836, 7388.810547>) quick accessed a lock!
[16:44:50] Player (Ragnar Odinsson, 76561198120496196)(<6484.237305, 292.937195, 7394.447266>) quick accessed a lock!
[16:55:32] Player (Ragnar Odinsson, 76561198120496196)(<6484.237305, 292.937195, 7394.447266>) quick accessed a lock!
[17:03:16] Player (Ragnar Odinsson, 76561198120496196)(<6494.417480, 292.869812, 7391.889160>) quick accessed a lock!
[17:03:48] Player (Capwell, 76561198079984427)(<6494.417480, 292.869812, 7391.889160>) quick accessed a lock!
[17:04:44] Player (Sgt.Mad, 76561198003552490)(<5746.302246, 474.358978, 15190.466797>) quick accessed a lock!
[17:07:00] Player (Sgt.Mad, 76561198003552490)(<5746.630859, 474.770782, 15166.892578>) accessed a lock!
[17:07:00] Player (Sgt.Mad, 76561198003552490)(<5746.630859, 474.770782, 15166.892578>) was added as a guest of a lock!
[17:11:18] Player (Ragnar Odinsson, 76561198120496196)(<6484.237305, 292.937195, 7394.447266>) quick accessed a lock!
[17:12:20] Player (Ragnar Odinsson, 76561198120496196)(<6484.237305, 292.937195, 7394.447266>) quick accessed a lock!
[17:13:29] Player (Ragnar Odinsson, 76561198120496196)(<6484.237305, 292.937195, 7394.447266>) quick accessed a lock!
[17:15:49] Player (Ragnar Odinsson, 76561198120496196)(<6484.237305, 292.937195, 7394.447266>) quick accessed a lock!
[17:35:25] Player (Ragnar Odinsson, 76561198120496196)(<6494.417480, 292.869812, 7391.889160>) quick accessed a lock!
[17:39:56] Player (Ragnar Odinsson, 76561198120496196)(<6494.417480, 292.869812, 7391.889160>) quick accessed a lock!
[18:17:36] Player (Ragnar Odinsson, 76561198120496196)(<6494.417480, 292.869812, 7391.889160>) quick accessed a lock!
[18:17:48] Player (Ragnar Odinsson, 76561198120496196)(<6484.237305, 292.937195, 7394.447266>) quick accessed a lock!
[18:18:03] Player (Sgt.Mad, 76561198003552490)(<6494.417480, 292.869812, 7391.889160>) accessed a lock!
[18:18:03] Player (Sgt.Mad, 76561198003552490)(<6494.417480, 292.869812, 7391.889160>) was added as a guest of a lock!
[18:18:27] Player (Ragnar Odinsson, 76561198120496196)(<6484.237305, 292.937195, 7394.447266>) quick accessed a lock!
[18:18:44] Player (Ragnar Odinsson, 76561198120496196)(<6484.237305, 292.937195, 7394.447266>) quick accessed a lock!
[19:34:36] Player (M. FireStorm, 76561198153058532)(<5732.001465, 482.252106, 15209.359375>) quick accessed a lock!
[19:34:41] Player (M. FireStorm, 76561198153058532)(<5743.325195, 480.564178, 15209.271484>) quick accessed a lock!
[19:34:48] Player (M. FireStorm, 76561198153058532)(<5739.960449, 477.623993, 15215.760742>) quick accessed a lock!
[19:34:53] Player (M. FireStorm, 76561198153058532)(<5737.401855, 477.624664, 15227.500977>) quick accessed a lock!
[19:34:58] Player (M. FireStorm, 76561198153058532)(<5735.728027, 480.547211, 15225.750977>) quick accessed a lock!
[19:35:03] Player (M. FireStorm, 76561198153058532)(<5733.660156, 480.615234, 15229.815430>) quick accessed a lock!
[19:35:46] Player (M. FireStorm, 76561198153058532)(<5733.660156, 480.615234, 15229.815430>) quick accessed a lock!
[19:35:50] Player (M. FireStorm, 76561198153058532)(<5735.729004, 477.538849, 15225.748047>) quick accessed a lock!
[19:35:59] Player (M. FireStorm, 76561198153058532)(<5737.805176, 474.633850, 15212.271484>) quick accessed a lock!
[19:36:07] Player (M. FireStorm, 76561198153058532)(<5746.302246, 474.358978, 15190.466797>) quick accessed a lock!
[19:37:27] Player (M. FireStorm, 76561198153058532)(<5746.302246, 474.358978, 15190.466797>) quick accessed a lock!
[19:37:32] Player (M. FireStorm, 76561198153058532)(<5736.681641, 474.201874, 15197.967773>) quick accessed a lock!
[19:38:07] Player (M. FireStorm, 76561198153058532)(<5737.805176, 474.633850, 15212.271484>) quick accessed a lock!
[19:38:12] Player (M. FireStorm, 76561198153058532)(<5730.156738, 474.598480, 15231.959961>) quick accessed a lock!
[19:38:14] Player (M. FireStorm, 76561198153058532)(<5730.156738, 474.598480, 15231.959961>) quick accessed a lock!
[19:38:16] Player (M. FireStorm, 76561198153058532)(<5730.156738, 474.598480, 15231.959961>) quick accessed a lock!
[19:40:04] Player (M. FireStorm, 76561198153058532)(<5737.805176, 474.633850, 15212.271484>) quick accessed a lock!
[19:40:07] Player (M. FireStorm, 76561198153058532)(<5736.681641, 474.201874, 15197.967773>) quick accessed a lock!
[19:40:14] Player (M. FireStorm, 76561198153058532)(<5709.220215, 474.097504, 15211.759766>) quick accessed a lock!
[19:40:44] Player (M. FireStorm, 76561198153058532)(<5709.220215, 474.097504, 15211.759766>) quick accessed a lock!
[19:40:54] Player (M. FireStorm, 76561198153058532)(<5737.805176, 474.633850, 15212.271484>) quick accessed a lock!
[19:41:16] Player (M. FireStorm, 76561198153058532)(<5709.220215, 474.097504, 15211.759766>) quick accessed a lock!
[19:51:04] Player (M. FireStorm, 76561198153058532)(<5709.220215, 474.097504, 15211.759766>) quick accessed a lock!
[19:56:48] Player (M. FireStorm, 76561198153058532)(<5709.220215, 474.097504, 15211.759766>) quick accessed a lock!
[20:24:41] Player (M. FireStorm, 76561198153058532)(<5709.220215, 474.097504, 15211.759766>) quick accessed a lock!
[20:25:59] Player (M. FireStorm, 76561198153058532)(<5735.729004, 477.538849, 15225.748047>) quick accessed a lock!
[20:26:02] Player (M. FireStorm, 76561198153058532)(<5735.728027, 480.547211, 15225.750977>) quick accessed a lock!
[20:26:05] Player (M. FireStorm, 76561198153058532)(<5733.660156, 480.615234, 15229.815430>) quick accessed a lock!
[20:27:32] Player (M. FireStorm, 76561198153058532)(<5733.660156, 480.615234, 15229.815430>) quick accessed a lock!
[20:27:34] Player (M. FireStorm, 76561198153058532)(<5735.728027, 480.547211, 15225.750977>) quick accessed a lock!
[20:27:36] Player (M. FireStorm, 76561198153058532)(<5735.728027, 480.547211, 15225.750977>) quick accessed a lock!
[20:27:39] Player (M. FireStorm, 76561198153058532)(<5737.401855, 477.624664, 15227.500977>) quick accessed a lock!
[20:27:43] Player (M. FireStorm, 76561198153058532)(<5739.960449, 477.623993, 15215.760742>) quick accessed a lock!
[20:27:46] Player (M. FireStorm, 76561198153058532)(<5743.325195, 480.564178, 15209.271484>) quick accessed a lock!
[20:28:12] Player (M. FireStorm, 76561198153058532)(<5732.001465, 482.252106, 15209.359375>) quick accessed a lock!
[20:47:39] Player (Ragnar Odinsson, 76561198120496196)(<6486.703125, 295.878174, 7388.309082>) quick accessed a lock!
[20:48:28] Player (Ragnar Odinsson, 76561198120496196)(<6486.703125, 295.878174, 7388.309082>) quick accessed a lock!
[20:48:39] Player (Ragnar Odinsson, 76561198120496196)(<6486.703125, 295.878174, 7388.309082>) quick accessed a lock!
[20:48:53] Player (Ragnar Odinsson, 76561198120496196)(<6484.237305, 292.937195, 7394.447266>) quick accessed a lock!
[20:49:04] Player (Sgt.Mad, 76561198003552490)(<6494.417480, 292.869812, 7391.889160>) quick accessed a lock!
[20:49:06] Player (Sgt.Mad, 76561198003552490)(<6494.417480, 292.869812, 7391.889160>) quick accessed a lock!
[20:49:29] Player (Ragnar Odinsson, 76561198120496196)(<6484.237305, 292.937195, 7394.447266>) quick accessed a lock!
[20:49:37] Player (Ragnar Odinsson, 76561198120496196)(<6494.417480, 292.869812, 7391.889160>) quick accessed a lock!
[21:16:21] Player (Ragnar Odinsson, 76561198120496196)(<6494.417480, 292.869812, 7391.889160>) quick accessed a lock!
[21:16:26] Player (Ragnar Odinsson, 76561198120496196)(<6486.703125, 295.878174, 7388.309082>) quick accessed a lock!
[21:25:58] Player (Ragnar Odinsson, 76561198120496196)(<6494.417480, 292.869812, 7391.889160>) quick accessed a lock!
[21:26:02] Player (Ragnar Odinsson, 76561198120496196)(<6486.703125, 295.878174, 7388.309082>) quick accessed a lock!
[21:26:26] Player (Ragnar Odinsson, 76561198120496196)(<6484.237305, 292.937195, 7394.447266>) quick accessed a lock!
[21:27:07] Player (Ragnar Odinsson, 76561198120496196)(<6484.237305, 292.937195, 7394.447266>) quick accessed a lock!
[21:28:53] Player (Ragnar Odinsson, 76561198120496196)(<6494.417480, 292.869812, 7391.889160>) quick accessed a lock!
[21:33:05] Player (Ragnar Odinsson, 76561198120496196)(<6494.417480, 292.869812, 7391.889160>) quick accessed a lock!
[21:33:08] Player (Ragnar Odinsson, 76561198120496196)(<6484.237305, 292.937195, 7394.447266>) quick accessed a lock!
[22:17:07] Player (Sgt.Mad, 76561198003552490)(<3707.171143, 305.019745, 8255.572266>) set a new passcode on lock!
[22:17:07] Player (Sgt.Mad, 76561198003552490)(<3707.171143, 305.019745, 8255.572266>) claimed ownership of a lock!
[22:17:10] Player (Sgt.Mad, 76561198003552490)(<3707.171143, 305.019745, 8255.572266>) quick accessed a lock!
[22:28:56] Player (Sgt.Mad, 76561198003552490)(<3707.171143, 305.019745, 8255.572266>) quick accessed a lock!
[22:33:02] Player (Sgt.Mad, 76561198003552490)(<3707.171143, 305.019745, 8255.572266>) quick accessed a lock!
[22:33:39] Player (Sgt.Mad, 76561198003552490)(<3707.171143, 305.019745, 8255.572266>) quick accessed a lock!
[22:34:09] Player (Sgt.Mad, 76561198003552490)(<3707.171143, 305.019745, 8255.572266>) quick accessed a lock!
[22:34:09] Player (Sgt.Mad, 76561198003552490)(<3707.171143, 305.019745, 8255.572266>) quick accessed a lock!
[22:34:10] Player (Sgt.Mad, 76561198003552490)(<3707.171143, 305.019745, 8255.572266>) quick accessed a lock!
[06-15-2021][22.42.12] Log file reloaded ( Server Restart )
[06-15-2021][22.51.07] Log file reloaded ( Server Restart )
[06-15-2021][22.53.38] Log file reloaded ( Server Restart )
