[06-29-2021][04.08.06] New Access Log File Created!
[14:51:07] Player (Sgt.Mad, 76561198003552490)(<11891.621094, 140.000000, 12490.179688>) quick accessed a lock!
[06-29-2021][15.16.13] Log file reloaded ( Server Restart )
[15:20:05] Player (Ragnar Odinsson, 76561198120496196)(<11891.621094, 140.000000, 12490.179688>) quick accessed a lock!
[15:25:55] Player (Ragnar Odinsson, 76561198120496196)(<11871.750977, 140.000000, 12461.352539>) quick accessed a lock!
[16:02:59] Player (Ragnar Odinsson, 76561198120496196)(<11887.051758, 140.094803, 12438.903320>) quick accessed a lock!
[16:04:07] Player (Ragnar Odinsson, 76561198120496196)(<11887.051758, 140.094803, 12438.903320>) quick accessed a lock!
[16:12:17] Player (Ragnar Odinsson, 76561198120496196)(<11887.051758, 140.094803, 12438.903320>) quick accessed a lock!
[16:12:29] Player (Ragnar Odinsson, 76561198120496196)(<11871.750977, 140.000000, 12461.352539>) quick accessed a lock!
[16:36:45] Player (Ragnar Odinsson, 76561198120496196)(<11890.299805, 140.024658, 12443.185547>) quick accessed a lock!
[16:37:08] Player (Ragnar Odinsson, 76561198120496196)(<11890.299805, 140.024658, 12443.185547>) quick accessed a lock!
[16:38:04] Player (Ragnar Odinsson, 76561198120496196)(<11891.621094, 140.000000, 12490.179688>) quick accessed a lock!
[16:38:10] Player (Ragnar Odinsson, 76561198120496196)(<11871.750977, 140.000000, 12461.352539>) quick accessed a lock!
[16:39:11] Player (Ragnar Odinsson, 76561198120496196)(<11887.051758, 140.094803, 12438.903320>) quick accessed a lock!
[16:39:35] Player (Ragnar Odinsson, 76561198120496196)(<11887.051758, 140.094803, 12438.903320>) quick accessed a lock!
[16:39:58] Player (Ragnar Odinsson, 76561198120496196)(<11887.051758, 140.094803, 12438.903320>) quick accessed a lock!
[16:41:03] Player (Ragnar Odinsson, 76561198120496196)(<11891.621094, 140.000000, 12490.179688>) quick accessed a lock!
[16:41:16] Player (Ragnar Odinsson, 76561198120496196)(<11891.621094, 140.000000, 12490.179688>) quick accessed a lock!
[16:42:47] Player (Sgt.Mad, 76561198003552490)(<11868.218750, 140.000000, 12456.052734>) set a new passcode on lock!
[16:42:47] Player (Sgt.Mad, 76561198003552490)(<11868.218750, 140.000000, 12456.052734>) claimed ownership of a lock!
[16:42:48] Player (Sgt.Mad, 76561198003552490)(<11868.218750, 140.000000, 12456.052734>) quick accessed a lock!
[16:43:01] Player (Sgt.Mad, 76561198003552490)(<11868.218750, 140.000000, 12456.052734>) quick accessed a lock!
[16:43:30] Player (Sgt.Mad, 76561198003552490)(<11868.218750, 140.000000, 12456.052734>) changed the passcode on a lock! Clearing all guests...
[16:43:55] Player (Sgt.Mad, 76561198003552490)(<11868.218750, 140.000000, 12456.052734>) quick accessed a lock!
[16:44:15] Player (Ragnar Odinsson, 76561198120496196)(<11868.218750, 140.000000, 12456.052734>) accessed a lock!
[16:44:15] Player (Ragnar Odinsson, 76561198120496196)(<11868.218750, 140.000000, 12456.052734>) was added as a guest of a lock!
[16:44:27] Player (Sgt.Mad, 76561198003552490)(<11891.621094, 140.000000, 12490.179688>) quick accessed a lock!
[16:45:14] Player (Ragnar Odinsson, 76561198120496196)(<6462.303223, 288.009430, 7408.134277>) quick accessed a lock!
[16:51:53] Player (Ragnar Odinsson, 76561198120496196)(<11871.750977, 140.000000, 12461.352539>) quick accessed a lock!
[19:00:17] Player (Ragnar Odinsson, 76561198120496196)(<11871.750977, 140.000000, 12461.352539>) quick accessed a lock!
[20:16:38] Player (Ragnar Odinsson, 76561198120496196)(<11848.901367, 140.081055, 12423.490234>) quick accessed a lock!
[20:39:30] Player (Ragnar Odinsson, 76561198120496196)(<11871.750977, 140.000000, 12461.352539>) quick accessed a lock!
[20:40:15] Player (Ragnar Odinsson, 76561198120496196)(<11868.218750, 140.000000, 12456.052734>) quick accessed a lock!
[20:43:10] Player (Ragnar Odinsson, 76561198120496196)(<11871.750977, 140.000000, 12461.352539>) quick accessed a lock!
[20:44:35] Player (Ragnar Odinsson, 76561198120496196)(<11871.750977, 140.000000, 12461.352539>) quick accessed a lock!
[20:47:40] Player (Ragnar Odinsson, 76561198120496196)(<11887.051758, 140.094803, 12438.903320>) quick accessed a lock!
[20:49:07] Player (Ragnar Odinsson, 76561198120496196)(<11887.051758, 140.094803, 12438.903320>) quick accessed a lock!
[20:50:33] Player (Ragnar Odinsson, 76561198120496196)(<11887.051758, 140.094803, 12438.903320>) removed a lock!
[20:50:56] Player (Ragnar Odinsson, 76561198120496196)(<11886.837891, 140.094803, 12438.333984>) set a new passcode on lock!
[20:50:56] Player (Ragnar Odinsson, 76561198120496196)(<11886.837891, 140.094803, 12438.333984>) claimed ownership of a lock!
[20:51:53] Player (Ragnar Odinsson, 76561198120496196)(<11886.837891, 140.094803, 12438.333984>) quick accessed a lock!
[21:33:28] Player (Ragnar Odinsson, 76561198120496196)(<11891.621094, 140.000000, 12490.179688>) quick accessed a lock!
[21:35:37] Player (Ragnar Odinsson, 76561198120496196)(<11891.621094, 140.000000, 12490.179688>) quick accessed a lock!
[21:35:46] Player (Ragnar Odinsson, 76561198120496196)(<11874.084961, 140.044266, 12447.125977>) quick accessed a lock!
[06-29-2021][21.41.07] Log file reloaded ( Server Restart )
[21:55:29] Player (Ragnar Odinsson, 76561198120496196)(<11871.750977, 140.000000, 12461.352539>) quick accessed a lock!
[21:56:09] Player (Ragnar Odinsson, 76561198120496196)(<11886.837891, 140.094803, 12438.333984>) quick accessed a lock!
[21:59:11] Player (Ragnar Odinsson, 76561198120496196)(<11886.837891, 140.094803, 12438.333984>) quick accessed a lock!
[22:02:23] Player (Ragnar Odinsson, 76561198120496196)(<11871.750977, 140.000000, 12461.352539>) quick accessed a lock!
[22:18:12] Player (Ragnar Odinsson, 76561198120496196)(<11868.218750, 140.000000, 12456.052734>) quick accessed a lock!
[22:30:05] Player (Ragnar Odinsson, 76561198120496196)(<11891.621094, 140.000000, 12490.179688>) quick accessed a lock!
[22:34:07] Player (Ragnar Odinsson, 76561198120496196)(<11891.621094, 140.000000, 12490.179688>) quick accessed a lock!
[22:36:11] Player (Sgt.Mad, 76561198003552490)(<11891.621094, 140.000000, 12490.179688>) quick accessed a lock!
[22:36:21] Player (Sgt.Mad, 76561198003552490)(<11874.084961, 140.044266, 12447.125977>) quick accessed a lock!
[22:37:51] Player (Sgt.Mad, 76561198003552490)(<11868.218750, 140.000000, 12456.052734>) quick accessed a lock!
[22:40:31] Player (Ragnar Odinsson, 76561198120496196)(<11891.621094, 140.000000, 12490.179688>) quick accessed a lock!
[22:49:18] Player (Ragnar Odinsson, 76561198120496196)(<11891.621094, 140.000000, 12490.179688>) quick accessed a lock!
[22:49:48] Player (Ragnar Odinsson, 76561198120496196)(<11890.299805, 140.024658, 12443.185547>) quick accessed a lock!
[22:53:20] Player (Ragnar Odinsson, 76561198120496196)(<11890.299805, 140.024658, 12443.185547>) quick accessed a lock!
[22:56:05] Player (Ragnar Odinsson, 76561198120496196)(<11848.901367, 140.081055, 12423.490234>) quick accessed a lock!
[22:57:32] Player (Ragnar Odinsson, 76561198120496196)(<11848.901367, 140.081055, 12423.490234>) quick accessed a lock!
[23:06:05] Player (Ragnar Odinsson, 76561198120496196)(<11848.901367, 140.081055, 12423.490234>) quick accessed a lock!
[23:11:57] Player (Ragnar Odinsson, 76561198120496196)(<11848.901367, 140.081055, 12423.490234>) quick accessed a lock!
[23:12:07] Player (Ragnar Odinsson, 76561198120496196)(<11848.901367, 140.081055, 12423.490234>) quick accessed a lock!
[23:12:50] Player (Ragnar Odinsson, 76561198120496196)(<11886.837891, 140.094803, 12438.333984>) quick accessed a lock!
[23:13:12] Player (Ragnar Odinsson, 76561198120496196)(<11848.901367, 140.081055, 12423.490234>) quick accessed a lock!
[23:15:19] Player (Ragnar Odinsson, 76561198120496196)(<11848.901367, 140.081055, 12423.490234>) quick accessed a lock!
[23:16:17] Player (Ragnar Odinsson, 76561198120496196)(<6494.417480, 292.869812, 7391.889160>) quick accessed a lock!
[23:29:51] Player (Ragnar Odinsson, 76561198120496196)(<11848.901367, 140.081055, 12423.490234>) quick accessed a lock!
[23:37:14] Player (Ragnar Odinsson, 76561198120496196)(<11848.901367, 140.081055, 12423.490234>) quick accessed a lock!
[23:37:18] Player (Ragnar Odinsson, 76561198120496196)(<11848.901367, 140.081055, 12423.490234>) quick accessed a lock!
[23:38:41] Player (Ragnar Odinsson, 76561198120496196)(<11848.901367, 140.081055, 12423.490234>) quick accessed a lock!
[23:55:19] Player (Ragnar Odinsson, 76561198120496196)(<11891.621094, 140.000000, 12490.179688>) quick accessed a lock!
[23:56:12] Player (Sgt.Mad, 76561198003552490)(<11891.621094, 140.000000, 12490.179688>) quick accessed a lock!
[23:59:39] Player (Sgt.Mad, 76561198003552490)(<11868.218750, 140.000000, 12456.052734>) quick accessed a lock!
[00:53:38] Player (Ragnar Odinsson, 76561198120496196)(<11871.750977, 140.000000, 12461.352539>) quick accessed a lock!
[00:56:45] Player (Ragnar Odinsson, 76561198120496196)(<11891.621094, 140.000000, 12490.179688>) quick accessed a lock!
[00:56:53] Player (Ragnar Odinsson, 76561198120496196)(<11891.621094, 140.000000, 12490.179688>) quick accessed a lock!
[00:59:57] Player (Ragnar Odinsson, 76561198120496196)(<11891.621094, 140.000000, 12490.179688>) quick accessed a lock!
[02:09:33] Player (Sgt.Mad, 76561198003552490)(<3697.813232, 305.022583, 8241.600586>) quick accessed a lock!
[02:10:35] Player (Sgt.Mad, 76561198003552490)(<3697.813232, 305.022583, 8241.600586>) quick accessed a lock!
[02:22:41] Player (Sgt.Mad, 76561198003552490)(<3713.406982, 305.016174, 8274.994141>) quick accessed a lock!
[02:49:10] Player (Sgt.Mad, 76561198003552490)(<3697.813232, 305.022583, 8241.600586>) quick accessed a lock!
[02:54:56] Player (Sgt.Mad, 76561198003552490)(<3709.645264, 305.018188, 8264.167969>) set a new passcode on lock!
[02:54:56] Player (Sgt.Mad, 76561198003552490)(<3709.645264, 305.018188, 8264.167969>) claimed ownership of a lock!
[02:54:57] Player (Sgt.Mad, 76561198003552490)(<3709.645264, 305.018188, 8264.167969>) quick accessed a lock!
[02:55:03] Player (Sgt.Mad, 76561198003552490)(<3709.645264, 305.018188, 8264.167969>) quick accessed a lock!
[03:28:17] Player (Sgt.Mad, 76561198003552490)(<3709.645264, 305.018188, 8264.167969>) quick accessed a lock!
[03:58:34] Player (Sgt.Mad, 76561198003552490)(<3713.406982, 305.016174, 8274.994141>) quick accessed a lock!
[04:57:35] Player (Sgt.Mad, 76561198003552490)(<3709.645264, 305.018188, 8264.167969>) quick accessed a lock!
[05:09:50] Player (Sgt.Mad, 76561198003552490)(<3709.645264, 305.018188, 8264.167969>) quick accessed a lock!
[05:12:51] Player (Sgt.Mad, 76561198003552490)(<3697.813232, 305.022583, 8241.600586>) quick accessed a lock!
[05:14:48] Player (Sgt.Mad, 76561198003552490)(<3697.813232, 305.022583, 8241.600586>) quick accessed a lock!
[05:17:33] Player (Sgt.Mad, 76561198003552490)(<3697.813232, 305.022583, 8241.600586>) quick accessed a lock!
