[06-23-2021][05.25.02] New Access Log File Created!
[06-23-2021][14.15.02] Log file reloaded ( Server Restart )
[06-23-2021][15.04.49] Log file reloaded ( Server Restart )
[15:17:11] Player (Sgt.Mad, 76561198003552490)(<3697.813232, 305.022583, 8241.600586>) quick accessed a lock!
[15:49:53] Player (Ragnar Odinsson, 76561198120496196)(<11891.621094, 140.000000, 12490.179688>) quick accessed a lock!
[15:50:03] Player (Ragnar Odinsson, 76561198120496196)(<11875.234375, 142.940567, 12475.112305>) quick accessed a lock!
[15:50:31] Player (Ragnar Odinsson, 76561198120496196)(<11875.234375, 142.940567, 12475.112305>) quick accessed a lock!
[15:50:36] Player (Ragnar Odinsson, 76561198120496196)(<11875.234375, 142.940567, 12475.112305>) quick accessed a lock!
[15:50:37] Player (Sgt.Mad, 76561198003552490)(<3707.171143, 305.019745, 8255.572266>) quick accessed a lock!
[15:50:45] Player (Ragnar Odinsson, 76561198120496196)(<11891.621094, 140.000000, 12490.179688>) quick accessed a lock!
[15:51:59] Player (Ragnar Odinsson, 76561198120496196)(<11874.084961, 140.044266, 12447.125977>) quick accessed a lock!
[15:57:21] Player (Ragnar Odinsson, 76561198120496196)(<11874.084961, 140.044266, 12447.125977>) quick accessed a lock!
[15:57:56] Player (Ragnar Odinsson, 76561198120496196)(<11891.621094, 140.000000, 12490.179688>) quick accessed a lock!
[15:58:32] Player (Ragnar Odinsson, 76561198120496196)(<11907.678711, 139.999939, 12466.875000>) quick accessed a lock!
[16:10:18] Player (Ragnar Odinsson, 76561198120496196)(<11907.678711, 139.999939, 12466.875000>) quick accessed a lock!
[16:16:05] Player (Ragnar Odinsson, 76561198120496196)(<6467.832520, 287.828979, 7408.062012>) quick accessed a lock!
[16:22:27] Player (Ragnar Odinsson, 76561198120496196)(<6494.417480, 292.869812, 7391.889160>) quick accessed a lock!
[16:42:17] Player (Ragnar Odinsson, 76561198120496196)(<11848.901367, 140.081055, 12423.490234>) quick accessed a lock!
[16:48:34] Player (Ragnar Odinsson, 76561198120496196)(<11891.621094, 140.000000, 12490.179688>) quick accessed a lock!
[16:48:40] Player (Ragnar Odinsson, 76561198120496196)(<11875.234375, 142.940567, 12475.112305>) quick accessed a lock!
[16:50:09] Player (Ragnar Odinsson, 76561198120496196)(<11875.234375, 142.940567, 12475.112305>) quick accessed a lock!
[16:53:12] Player (Ragnar Odinsson, 76561198120496196)(<11890.299805, 140.024658, 12443.185547>) quick accessed a lock!
[16:55:49] Player (Ragnar Odinsson, 76561198120496196)(<11848.901367, 140.081055, 12423.490234>) quick accessed a lock!
[16:59:39] Player (Ragnar Odinsson, 76561198120496196)(<11907.678711, 139.999939, 12466.875000>) quick accessed a lock!
[17:00:24] Player (Ragnar Odinsson, 76561198120496196)(<11907.678711, 139.999939, 12466.875000>) quick accessed a lock!
[18:09:37] Player (Sgt.Mad, 76561198003552490)(<3707.171143, 305.019745, 8255.572266>) quick accessed a lock!
[18:09:55] Player (Sgt.Mad, 76561198003552490)(<3707.171143, 305.019745, 8255.572266>) removed a lock!
[18:12:14] Player (Sgt.Mad, 76561198003552490)(<3713.406982, 305.016174, 8274.994141>) set a new passcode on lock!
[18:12:14] Player (Sgt.Mad, 76561198003552490)(<3713.406982, 305.016174, 8274.994141>) claimed ownership of a lock!
[18:12:21] Player (Sgt.Mad, 76561198003552490)(<3713.406982, 305.016174, 8274.994141>) quick accessed a lock!
[18:13:14] Player (Sgt.Mad, 76561198003552490)(<3697.813232, 305.022583, 8241.600586>) quick accessed a lock!
[00:23:33] Player (Ragnar Odinsson, 76561198120496196)(<11875.234375, 142.940567, 12475.112305>) quick accessed a lock!
[00:27:34] Player (Ragnar Odinsson, 76561198120496196)(<11875.234375, 142.940567, 12475.112305>) quick accessed a lock!
[00:27:53] Player (Ragnar Odinsson, 76561198120496196)(<11875.234375, 142.940567, 12475.112305>) removed a lock!
[00:28:32] Player (Ragnar Odinsson, 76561198120496196)(<11890.299805, 140.024658, 12443.185547>) quick accessed a lock!
[00:28:55] Player (Ragnar Odinsson, 76561198120496196)(<11848.901367, 140.081055, 12423.490234>) quick accessed a lock!
[00:40:50] Player (Ragnar Odinsson, 76561198120496196)(<11848.901367, 140.081055, 12423.490234>) quick accessed a lock!
[00:44:24] Player (Ragnar Odinsson, 76561198120496196)(<11907.678711, 139.999939, 12466.875000>) quick accessed a lock!
[00:50:04] Player (Sgt.Mad, 76561198003552490)(<3713.406982, 305.016174, 8274.994141>) quick accessed a lock!
[00:51:35] Player (Sgt.Mad, 76561198003552490)(<3697.813232, 305.022583, 8241.600586>) quick accessed a lock!
[01:00:44] Player (Ragnar Odinsson, 76561198120496196)(<11848.901367, 140.081055, 12423.490234>) quick accessed a lock!
[01:12:36] Player (Ragnar Odinsson, 76561198120496196)(<11890.299805, 140.024658, 12443.185547>) quick accessed a lock!
[01:13:06] Player (Ragnar Odinsson, 76561198120496196)(<11891.621094, 140.000000, 12490.179688>) quick accessed a lock!
[01:29:15] Player (Ragnar Odinsson, 76561198120496196)(<11891.621094, 140.000000, 12490.179688>) quick accessed a lock!
[01:34:32] Player (Ragnar Odinsson, 76561198120496196)(<11891.621094, 140.000000, 12490.179688>) quick accessed a lock!
