[06-19-2021][00.45.48] New Access Log File Created!
[00:47:57] Player (Ragnar Odinsson, 76561198120496196)(<6494.417480, 292.869812, 7391.889160>) quick accessed a lock!
[00:50:20] Player (Ragnar Odinsson, 76561198120496196)(<6486.703125, 295.878174, 7388.309082>) quick accessed a lock!
[00:50:28] Player (Ragnar Odinsson, 76561198120496196)(<6486.703125, 295.878174, 7388.309082>) quick accessed a lock!
[01:10:43] Player (Ragnar Odinsson, 76561198120496196)(<6494.417480, 292.869812, 7391.889160>) quick accessed a lock!
[01:12:52] Player (Ragnar Odinsson, 76561198120496196)(<6484.237305, 292.937195, 7394.447266>) quick accessed a lock!
[01:40:09] Player (Ragnar Odinsson, 76561198120496196)(<6467.832520, 287.828979, 7408.062012>) quick accessed a lock!
[01:40:16] Player (Ragnar Odinsson, 76561198120496196)(<6462.303223, 288.009430, 7408.134277>) quick accessed a lock!
[02:00:28] Player (Ragnar Odinsson, 76561198120496196)(<6494.417480, 292.869812, 7391.889160>) quick accessed a lock!
[06-19-2021][11.39.07] Log file reloaded ( Server Restart )
[06-19-2021][14.58.02] Log file reloaded ( Server Restart )
[15:32:32] Player (Ragnar Odinsson, 76561198120496196)(<6494.417480, 292.869812, 7391.889160>) quick accessed a lock!
[15:47:53] Player (Ragnar Odinsson, 76561198120496196)(<6494.417480, 292.869812, 7391.889160>) quick accessed a lock!
[15:48:50] Player (Ragnar Odinsson, 76561198120496196)(<6494.417480, 292.869812, 7391.889160>) quick accessed a lock!
[16:00:25] Player (A_Hostile_Noob, 76561198362910441)(<6494.417480, 292.869812, 7391.889160>) accessed a lock!
[16:00:25] Player (A_Hostile_Noob, 76561198362910441)(<6494.417480, 292.869812, 7391.889160>) was added as a guest of a lock!
[16:00:42] Player (A_Hostile_Noob, 76561198362910441)(<6486.703125, 295.878174, 7388.309082>) accessed a lock!
[16:00:42] Player (A_Hostile_Noob, 76561198362910441)(<6486.703125, 295.878174, 7388.309082>) was added as a guest of a lock!
[16:00:46] Player (Ragnar Odinsson, 76561198120496196)(<6494.417480, 292.869812, 7391.889160>) quick accessed a lock!
[16:01:39] Player (A_Hostile_Noob, 76561198362910441)(<6484.234375, 295.945557, 7394.448730>) set a new passcode on lock!
[16:01:39] Player (A_Hostile_Noob, 76561198362910441)(<6484.234375, 295.945557, 7394.448730>) claimed ownership of a lock!
[16:01:42] Player (A_Hostile_Noob, 76561198362910441)(<6484.234375, 295.945557, 7394.448730>) quick accessed a lock!
[16:01:48] Player (A_Hostile_Noob, 76561198362910441)(<6484.234375, 295.945557, 7394.448730>) quick accessed a lock!
[16:02:37] Player (A_Hostile_Noob, 76561198362910441)(<6486.703125, 295.878174, 7388.309082>) quick accessed a lock!
[16:02:45] Player (Ragnar Odinsson, 76561198120496196)(<6484.237305, 292.937195, 7394.447266>) quick accessed a lock!
[16:04:24] Player (A_Hostile_Noob, 76561198362910441)(<6494.417480, 292.869812, 7391.889160>) quick accessed a lock!
[16:15:31] Player (Ragnar Odinsson, 76561198120496196)(<6486.703125, 295.878174, 7388.309082>) quick accessed a lock!
[16:15:53] Player (A_Hostile_Noob, 76561198362910441)(<6484.234375, 295.945557, 7394.448730>) quick accessed a lock!
[16:15:58] Player (Ragnar Odinsson, 76561198120496196)(<6484.237305, 292.937195, 7394.447266>) quick accessed a lock!
[16:16:04] Player (A_Hostile_Noob, 76561198362910441)(<6484.234375, 295.945557, 7394.448730>) quick accessed a lock!
[16:16:11] Player (Ragnar Odinsson, 76561198120496196)(<6484.237305, 292.937195, 7394.447266>) quick accessed a lock!
[16:16:13] Player (A_Hostile_Noob, 76561198362910441)(<6494.417480, 292.869812, 7391.889160>) quick accessed a lock!
[16:16:48] Player (A_Hostile_Noob, 76561198362910441)(<6486.703125, 295.878174, 7388.309082>) quick accessed a lock!
[16:16:59] Player (A_Hostile_Noob, 76561198362910441)(<6494.417480, 292.869812, 7391.889160>) quick accessed a lock!
[16:17:05] Player (Ragnar Odinsson, 76561198120496196)(<6494.417480, 292.869812, 7391.889160>) quick accessed a lock!
[16:18:17] Player (A_Hostile_Noob, 76561198362910441)(<6494.417480, 292.869812, 7391.889160>) quick accessed a lock!
[16:18:21] Player (A_Hostile_Noob, 76561198362910441)(<6486.703125, 295.878174, 7388.309082>) quick accessed a lock!
[16:22:27] Player (A_Hostile_Noob, 76561198362910441)(<6494.417480, 292.869812, 7391.889160>) quick accessed a lock!
[16:22:33] Player (A_Hostile_Noob, 76561198362910441)(<6486.703125, 295.878174, 7388.309082>) quick accessed a lock!
[16:25:15] Player (A_Hostile_Noob, 76561198362910441)(<6494.417480, 292.869812, 7391.889160>) quick accessed a lock!
[16:25:27] Player (A_Hostile_Noob, 76561198362910441)(<6486.703125, 295.878174, 7388.309082>) quick accessed a lock!
[16:25:40] Player (A_Hostile_Noob, 76561198362910441)(<6484.234375, 295.945557, 7394.448730>) quick accessed a lock!
[16:26:57] Player (Ragnar Odinsson, 76561198120496196)(<6494.417480, 292.869812, 7391.889160>) quick accessed a lock!
[16:27:03] Player (Ragnar Odinsson, 76561198120496196)(<6484.237305, 292.937195, 7394.447266>) quick accessed a lock!
[16:27:12] Player (Ragnar Odinsson, 76561198120496196)(<6478.791992, 292.937164, 7396.429199>) quick accessed a lock!
[16:29:48] Player (Ragnar Odinsson, 76561198120496196)(<6484.237305, 292.937195, 7394.447266>) quick accessed a lock!
[16:29:54] Player (Ragnar Odinsson, 76561198120496196)(<6494.417480, 292.869812, 7391.889160>) quick accessed a lock!
[16:31:46] Player (Ragnar Odinsson, 76561198120496196)(<6494.417480, 292.869812, 7391.889160>) quick accessed a lock!
[16:31:49] Player (Ragnar Odinsson, 76561198120496196)(<6484.237305, 292.937195, 7394.447266>) quick accessed a lock!
[16:41:57] Player (Ragnar Odinsson, 76561198120496196)(<6484.237305, 292.937195, 7394.447266>) quick accessed a lock!
[23:55:11] Player (Ragnar Odinsson, 76561198120496196)(<6484.237305, 292.937195, 7394.447266>) quick accessed a lock!
