[06-13-2021][14.51.57] New Access Log File Created!
[06-13-2021][14.52.40] Log file reloaded ( Server Restart )
[06-13-2021][14.53.44] Log file reloaded ( Server Restart )
[06-13-2021][15.23.19] Log file reloaded ( Server Restart )
[15:27:05] Player (M. FireStorm, 76561198153058532)(<5733.660156, 480.615234, 15229.815430>) quick accessed a lock!
[15:27:10] Player (M. FireStorm, 76561198153058532)(<5735.728027, 480.547211, 15225.750977>) quick accessed a lock!
[15:34:45] Player (M. FireStorm, 76561198153058532)(<5737.805176, 474.633850, 15212.271484>) quick accessed a lock!
[15:34:50] Player (M. FireStorm, 76561198153058532)(<5730.156738, 474.598480, 15231.959961>) quick accessed a lock!
[15:42:08] Player (M. FireStorm, 76561198153058532)(<5737.805176, 474.633850, 15212.271484>) quick accessed a lock!
[15:42:15] Player (M. FireStorm, 76561198153058532)(<5735.729004, 477.538849, 15225.748047>) quick accessed a lock!
[15:42:19] Player (M. FireStorm, 76561198153058532)(<5735.728027, 480.547211, 15225.750977>) quick accessed a lock!
[15:42:20] Player (M. FireStorm, 76561198153058532)(<5733.660156, 480.615234, 15229.815430>) quick accessed a lock!
[15:43:46] Player (M. FireStorm, 76561198153058532)(<5735.729004, 477.538849, 15225.748047>) quick accessed a lock!
[15:43:56] Player (M. FireStorm, 76561198153058532)(<5737.805176, 474.633850, 15212.271484>) quick accessed a lock!
[06-13-2021][15.44.25] Log file reloaded ( Server Restart )
[16:49:45] Player (M. FireStorm, 76561198153058532)(<5746.302246, 474.358978, 15190.466797>) set a new passcode on lock!
[16:49:45] Player (M. FireStorm, 76561198153058532)(<5746.302246, 474.358978, 15190.466797>) claimed ownership of a lock!
[16:51:20] Player (M. FireStorm, 76561198153058532)(<5737.805176, 474.633850, 15212.271484>) quick accessed a lock!
[16:51:25] Player (M. FireStorm, 76561198153058532)(<5730.156738, 474.598480, 15231.959961>) quick accessed a lock!
[16:51:28] Player (M. FireStorm, 76561198153058532)(<5730.156738, 474.598480, 15231.959961>) quick accessed a lock!
[16:53:11] Player (M. FireStorm, 76561198153058532)(<5735.729004, 477.538849, 15225.748047>) quick accessed a lock!
[17:01:07] Player (M. FireStorm, 76561198153058532)(<5735.729004, 477.538849, 15225.748047>) quick accessed a lock!
[17:01:13] Player (M. FireStorm, 76561198153058532)(<5735.728027, 480.547211, 15225.750977>) quick accessed a lock!
[17:01:18] Player (M. FireStorm, 76561198153058532)(<5733.660156, 480.615234, 15229.815430>) quick accessed a lock!
[17:01:52] Player (M. FireStorm, 76561198153058532)(<5733.660156, 480.615234, 15229.815430>) quick accessed a lock!
[17:01:54] Player (M. FireStorm, 76561198153058532)(<5735.728027, 480.547211, 15225.750977>) quick accessed a lock!
[17:01:55] Player (M. FireStorm, 76561198153058532)(<5735.728027, 480.547211, 15225.750977>) quick accessed a lock!
[17:04:36] Player (M. FireStorm, 76561198153058532)(<5735.729004, 477.538849, 15225.748047>) quick accessed a lock!
[17:06:02] Player (M. FireStorm, 76561198153058532)(<5735.729004, 477.538849, 15225.748047>) quick accessed a lock!
[17:14:29] Player (M. FireStorm, 76561198153058532)(<5746.302246, 474.358978, 15190.466797>) quick accessed a lock!
[17:24:29] Player (M. FireStorm, 76561198153058532)(<5733.660156, 480.615234, 15229.815430>) quick accessed a lock!
[18:36:12] Player (M. FireStorm, 76561198153058532)(<5733.660156, 480.615234, 15229.815430>) quick accessed a lock!
[18:36:28] Player (M. FireStorm, 76561198153058532)(<5735.728027, 480.547211, 15225.750977>) quick accessed a lock!
[18:36:36] Player (M. FireStorm, 76561198153058532)(<5735.729004, 477.538849, 15225.748047>) quick accessed a lock!
[18:36:45] Player (M. FireStorm, 76561198153058532)(<5737.805176, 474.633850, 15212.271484>) quick accessed a lock!
[18:37:11] Player (M. FireStorm, 76561198153058532)(<5737.805176, 474.633850, 15212.271484>) quick accessed a lock!
[18:37:17] Player (M. FireStorm, 76561198153058532)(<5730.156738, 474.598480, 15231.959961>) quick accessed a lock!
[18:38:45] Player (M. FireStorm, 76561198153058532)(<5746.302246, 474.358978, 15190.466797>) quick accessed a lock!
[18:39:32] Player (M. FireStorm, 76561198153058532)(<5746.302246, 474.358978, 15190.466797>) quick accessed a lock!
[18:47:02] Player (M. FireStorm, 76561198153058532)(<5737.805176, 474.633850, 15212.271484>) quick accessed a lock!
[18:47:47] Player (M. FireStorm, 76561198153058532)(<5735.729004, 477.538849, 15225.748047>) quick accessed a lock!
[18:47:50] Player (M. FireStorm, 76561198153058532)(<5735.728027, 480.547211, 15225.750977>) quick accessed a lock!
[18:47:51] Player (M. FireStorm, 76561198153058532)(<5733.660156, 480.615234, 15229.815430>) quick accessed a lock!
[18:48:19] Player (M. FireStorm, 76561198153058532)(<5737.805176, 474.633850, 15212.271484>) quick accessed a lock!
[19:02:12] Player (M. FireStorm, 76561198153058532)(<5746.302246, 474.358978, 15190.466797>) quick accessed a lock!
[19:26:40] Player (M. FireStorm, 76561198153058532)(<5746.302246, 474.358978, 15190.466797>) quick accessed a lock!
[19:42:02] Player (M. FireStorm, 76561198153058532)(<5746.302246, 474.358978, 15190.466797>) quick accessed a lock!
[19:47:05] Player (M. FireStorm, 76561198153058532)(<5737.805176, 474.633850, 15212.271484>) quick accessed a lock!
[19:51:07] Player (M. FireStorm, 76561198153058532)(<5737.805176, 474.633850, 15212.271484>) quick accessed a lock!
[19:52:43] Player (M. FireStorm, 76561198153058532)(<5737.805176, 474.633850, 15212.271484>) quick accessed a lock!
[20:19:01] Player (M. FireStorm, 76561198153058532)(<5735.728027, 480.547211, 15225.750977>) quick accessed a lock!
[20:19:06] Player (M. FireStorm, 76561198153058532)(<5733.660156, 480.615234, 15229.815430>) quick accessed a lock!
[20:28:02] Player (M. FireStorm, 76561198153058532)(<5735.728027, 480.547211, 15225.750977>) quick accessed a lock!
[20:28:59] Player (M. FireStorm, 76561198153058532)(<5735.729004, 477.538849, 15225.748047>) quick accessed a lock!
[20:29:04] Player (M. FireStorm, 76561198153058532)(<5735.728027, 480.547211, 15225.750977>) quick accessed a lock!
[20:32:07] Player (M. FireStorm, 76561198153058532)(<5735.728027, 480.547211, 15225.750977>) quick accessed a lock!
[20:32:12] Player (M. FireStorm, 76561198153058532)(<5735.729004, 477.538849, 15225.748047>) quick accessed a lock!
[20:32:27] Player (M. FireStorm, 76561198153058532)(<5730.156738, 474.598480, 15231.959961>) quick accessed a lock!
[20:32:43] Player (M. FireStorm, 76561198153058532)(<5737.805176, 474.633850, 15212.271484>) quick accessed a lock!
