[06-25-2021][09.43.55] New Access Log File Created!
[06-25-2021][15.37.30] Log file reloaded ( Server Restart )
[15:41:05] Player (Ragnar Odinsson, 76561198120496196)(<11907.678711, 139.999939, 12466.875000>) quick accessed a lock!
[15:53:28] Player (Ragnar Odinsson, 76561198120496196)(<11890.299805, 140.024658, 12443.185547>) quick accessed a lock!
[15:53:47] Player (Ragnar Odinsson, 76561198120496196)(<11848.901367, 140.081055, 12423.490234>) quick accessed a lock!
[15:56:50] Player (Ragnar Odinsson, 76561198120496196)(<11848.901367, 140.081055, 12423.490234>) quick accessed a lock!
[16:00:04] Player (Ragnar Odinsson, 76561198120496196)(<11848.901367, 140.081055, 12423.490234>) quick accessed a lock!
[16:08:22] Player (Ragnar Odinsson, 76561198120496196)(<11864.590820, 140.094803, 12450.238281>) set a new passcode on lock!
[16:08:22] Player (Ragnar Odinsson, 76561198120496196)(<11864.590820, 140.094803, 12450.238281>) claimed ownership of a lock!
[16:09:48] Player (Ragnar Odinsson, 76561198120496196)(<11864.590820, 140.094803, 12450.238281>) quick accessed a lock!
[16:11:50] Player (Ragnar Odinsson, 76561198120496196)(<11864.590820, 140.094803, 12450.238281>) quick accessed a lock!
[16:20:08] Player (Sgt.Mad, 76561198003552490)(<3713.406982, 305.016174, 8274.994141>) quick accessed a lock!
[16:21:28] Player (Sgt.Mad, 76561198003552490)(<3697.813232, 305.022583, 8241.600586>) quick accessed a lock!
[16:25:58] Player (Ragnar Odinsson, 76561198120496196)(<11891.621094, 140.000000, 12490.179688>) quick accessed a lock!
[16:34:09] Player (Ragnar Odinsson, 76561198120496196)(<11907.678711, 139.999939, 12466.875000>) quick accessed a lock!
[16:35:10] Player (Ragnar Odinsson, 76561198120496196)(<6467.832520, 287.828979, 7408.062012>) quick accessed a lock!
[16:39:06] Player (Ragnar Odinsson, 76561198120496196)(<6467.832520, 287.828979, 7408.062012>) quick accessed a lock!
[16:43:32] Player (Ragnar Odinsson, 76561198120496196)(<11907.678711, 139.999939, 12466.875000>) quick accessed a lock!
[06-25-2021][18.40.59] Log file reloaded ( Server Restart )
[18:47:47] Player (Sgt.Mad, 76561198003552490)(<3697.813232, 305.022583, 8241.600586>) quick accessed a lock!
[18:47:58] Player (Sgt.Mad, 76561198003552490)(<3713.406982, 305.016174, 8274.994141>) quick accessed a lock!
[18:48:42] Player (Sgt.Mad, 76561198003552490)(<3697.813232, 305.022583, 8241.600586>) quick accessed a lock!
[18:48:57] Player (Sgt.Mad, 76561198003552490)(<3697.813232, 305.022583, 8241.600586>) quick accessed a lock!
[18:49:57] Player (Sgt.Mad, 76561198003552490)(<3713.406982, 305.016174, 8274.994141>) quick accessed a lock!
[18:50:39] Player (Sgt.Mad, 76561198003552490)(<3713.406982, 305.016174, 8274.994141>) quick accessed a lock!
[19:00:45] Player (Sgt.Mad, 76561198003552490)(<3697.813232, 305.022583, 8241.600586>) quick accessed a lock!
[19:04:43] Player (Sgt.Mad, 76561198003552490)(<3713.406982, 305.016174, 8274.994141>) quick accessed a lock!
[19:05:36] Player (Sgt.Mad, 76561198003552490)(<3697.813232, 305.022583, 8241.600586>) quick accessed a lock!
[06-25-2021][21.00.34] Log file reloaded ( Server Restart )
[23:51:28] Player (Capwell, 76561198079984427)(<11891.621094, 140.000000, 12490.179688>) quick accessed a lock!
[06-25-2021][23.57.59] Log file reloaded ( Server Restart )
[00:00:01] Player (Ragnar Odinsson, 76561198120496196)(<11907.678711, 139.999939, 12466.875000>) quick accessed a lock!
