[06-30-2021][08.47.36] New Access Log File Created!
[14:38:54] Player (Sgt.Mad, 76561198003552490)(<3709.645264, 305.018188, 8264.167969>) quick accessed a lock!
[15:17:03] Player (Sgt.Mad, 76561198003552490)(<3713.406982, 305.016174, 8274.994141>) quick accessed a lock!
[16:15:34] Player (Sgt.Mad, 76561198003552490)(<3697.813232, 305.022583, 8241.600586>) quick accessed a lock!
[16:20:42] Player (Sgt.Mad, 76561198003552490)(<3709.645264, 305.018188, 8264.167969>) quick accessed a lock!
[16:23:00] Player (Sgt.Mad, 76561198003552490)(<3713.406982, 305.016174, 8274.994141>) quick accessed a lock!
[16:49:21] Player (Ragnar Odinsson, 76561198120496196)(<11891.621094, 140.000000, 12490.179688>) quick accessed a lock!
[17:05:32] Player (Ragnar Odinsson, 76561198120496196)(<11871.750977, 140.000000, 12461.352539>) quick accessed a lock!
[17:14:43] Player (Ragnar Odinsson, 76561198120496196)(<11871.750977, 140.000000, 12461.352539>) quick accessed a lock!
[17:15:38] Player (Ragnar Odinsson, 76561198120496196)(<11848.901367, 140.081055, 12423.490234>) quick accessed a lock!
[17:16:20] Player (Ragnar Odinsson, 76561198120496196)(<11848.901367, 140.081055, 12423.490234>) quick accessed a lock!
[17:19:12] Player (Ragnar Odinsson, 76561198120496196)(<11848.901367, 140.081055, 12423.490234>) quick accessed a lock!
[17:27:15] Player (Sgt.Mad, 76561198003552490)(<3713.406982, 305.016174, 8274.994141>) quick accessed a lock!
[17:27:48] Player (Sgt.Mad, 76561198003552490)(<3713.406982, 305.016174, 8274.994141>) quick accessed a lock!
[17:43:48] Player (Sgt.Mad, 76561198003552490)(<3697.813232, 305.022583, 8241.600586>) quick accessed a lock!
[17:44:10] Player (Sgt.Mad, 76561198003552490)(<3697.813232, 305.022583, 8241.600586>) removed a lock!
[17:45:02] Player (Sgt.Mad, 76561198003552490)(<3697.813232, 305.022583, 8241.600586>) set a new passcode on lock!
[17:45:02] Player (Sgt.Mad, 76561198003552490)(<3697.813232, 305.022583, 8241.600586>) claimed ownership of a lock!
[17:50:44] Player (Sgt.Mad, 76561198003552490)(<3697.813232, 305.022583, 8241.600586>) quick accessed a lock!
[17:59:36] Player (Sgt.Mad, 76561198003552490)(<3697.813232, 305.022583, 8241.600586>) quick accessed a lock!
[18:01:26] Player (Sgt.Mad, 76561198003552490)(<3697.813232, 305.022583, 8241.600586>) quick accessed a lock!
[06-30-2021][19.46.40] Log file reloaded ( Server Restart )
[00:37:12] Player (Ragnar Odinsson, 76561198120496196)(<11871.750977, 140.000000, 12461.352539>) quick accessed a lock!
[01:23:16] Player (Ragnar Odinsson, 76561198120496196)(<6462.303223, 288.009430, 7408.134277>) quick accessed a lock!
[01:32:41] Player (Ragnar Odinsson, 76561198120496196)(<11871.750977, 140.000000, 12461.352539>) quick accessed a lock!
[01:36:02] Player (Ragnar Odinsson, 76561198120496196)(<11886.837891, 140.094803, 12438.333984>) quick accessed a lock!
[01:41:00] Player (Ragnar Odinsson, 76561198120496196)(<11891.621094, 140.000000, 12490.179688>) quick accessed a lock!
[01:42:14] Player (Capwell, 76561198079984427)(<11874.084961, 140.044266, 12447.125977>) quick accessed a lock!
[01:43:36] Player (Ragnar Odinsson, 76561198120496196)(<11874.084961, 140.044266, 12447.125977>) quick accessed a lock!
[01:43:43] Player (Ragnar Odinsson, 76561198120496196)(<11886.837891, 140.094803, 12438.333984>) quick accessed a lock!
[01:43:50] Player (Capwell, 76561198079984427)(<11891.621094, 140.000000, 12490.179688>) quick accessed a lock!
[01:44:23] Player (Capwell, 76561198079984427)(<11874.084961, 140.044266, 12447.125977>) quick accessed a lock!
[01:46:44] Player (Ragnar Odinsson, 76561198120496196)(<11848.901367, 140.081055, 12423.490234>) quick accessed a lock!
[01:47:25] Player (Capwell, 76561198079984427)(<11848.901367, 140.081055, 12423.490234>) quick accessed a lock!
[01:47:39] Player (Ragnar Odinsson, 76561198120496196)(<11848.901367, 140.081055, 12423.490234>) quick accessed a lock!
