[06-20-2021][01.51.22] New Access Log File Created!
[02:09:25] Player (Ragnar Odinsson, 76561198120496196)(<6484.237305, 292.937195, 7394.447266>) quick accessed a lock!
[02:15:41] Player (Ragnar Odinsson, 76561198120496196)(<6486.703125, 295.878174, 7388.309082>) quick accessed a lock!
[02:16:11] Player (Ragnar Odinsson, 76561198120496196)(<6484.237305, 292.937195, 7394.447266>) quick accessed a lock!
[02:20:51] Player (Ragnar Odinsson, 76561198120496196)(<6462.303223, 288.009430, 7408.134277>) quick accessed a lock!
[02:38:52] Player (Ragnar Odinsson, 76561198120496196)(<3713.461670, 305.016235, 8274.750000>) quick accessed a lock!
[02:40:22] Player (Ragnar Odinsson, 76561198120496196)(<6486.703125, 295.878174, 7388.309082>) quick accessed a lock!
[06-20-2021][12.44.41] Log file reloaded ( Server Restart )
[15:53:52] Player (Ragnar Odinsson, 76561198120496196)(<6462.303223, 288.009430, 7408.134277>) quick accessed a lock!
[15:57:25] Player (Ragnar Odinsson, 76561198120496196)(<6467.832520, 287.828979, 7408.062012>) quick accessed a lock!
[16:19:22] Player (Ragnar Odinsson, 76561198120496196)(<6484.237305, 292.937195, 7394.447266>) quick accessed a lock!
[16:20:46] Player (Ragnar Odinsson, 76561198120496196)(<6484.237305, 292.937195, 7394.447266>) quick accessed a lock!
[16:20:48] Player (Ragnar Odinsson, 76561198120496196)(<6478.791992, 292.937164, 7396.429199>) quick accessed a lock!
[16:25:39] Player (Ragnar Odinsson, 76561198120496196)(<6494.417480, 292.869812, 7391.889160>) quick accessed a lock!
[20:04:57] Player (A_Hostile_Noob, 76561198362910441)(<6484.234375, 295.945557, 7394.448730>) quick accessed a lock!
[20:39:52] Player (M. FireStorm, 76561198153058532)(<5733.660156, 480.615234, 15229.815430>) quick accessed a lock!
[20:39:58] Player (M. FireStorm, 76561198153058532)(<5735.728027, 480.547211, 15225.750977>) quick accessed a lock!
[20:40:08] Player (M. FireStorm, 76561198153058532)(<5737.401855, 477.624664, 15227.500977>) quick accessed a lock!
[20:40:14] Player (M. FireStorm, 76561198153058532)(<5739.960449, 477.623993, 15215.760742>) quick accessed a lock!
[20:40:19] Player (M. FireStorm, 76561198153058532)(<5743.325195, 480.564178, 15209.271484>) quick accessed a lock!
[20:41:13] Player (M. FireStorm, 76561198153058532)(<5743.325195, 480.564178, 15209.271484>) quick accessed a lock!
[20:41:24] Player (M. FireStorm, 76561198153058532)(<5739.960449, 477.623993, 15215.760742>) quick accessed a lock!
[20:41:30] Player (M. FireStorm, 76561198153058532)(<5745.802246, 477.624207, 15217.144531>) quick accessed a lock!
[20:42:24] Player (M. FireStorm, 76561198153058532)(<5746.630859, 474.770782, 15166.892578>) quick accessed a lock!
[20:44:07] Player (Sgt.Mad, 76561198003552490)(<3707.171143, 305.019745, 8255.572266>) quick accessed a lock!
[20:45:21] Player (M. FireStorm, 76561198153058532)(<5746.302246, 474.358978, 15190.466797>) quick accessed a lock!
[20:45:26] Player (M. FireStorm, 76561198153058532)(<5736.681641, 474.201874, 15197.967773>) quick accessed a lock!
[20:49:42] Player (M. FireStorm, 76561198153058532)(<5774.948730, 474.356842, 15211.653320>) quick accessed a lock!
[20:50:01] Player (M. FireStorm, 76561198153058532)(<5744.417480, 474.616058, 15222.993164>) quick accessed a lock!
[20:50:07] Player (M. FireStorm, 76561198153058532)(<5737.805176, 474.633850, 15212.271484>) quick accessed a lock!
[20:51:29] Player (M. FireStorm, 76561198153058532)(<5735.729004, 477.538849, 15225.748047>) quick accessed a lock!
[20:51:34] Player (M. FireStorm, 76561198153058532)(<5739.960449, 477.623993, 15215.760742>) quick accessed a lock!
[20:51:41] Player (M. FireStorm, 76561198153058532)(<5743.325195, 480.564178, 15209.271484>) quick accessed a lock!
[20:52:32] Player (M. FireStorm, 76561198153058532)(<5739.960449, 477.623993, 15215.760742>) quick accessed a lock!
[20:52:36] Player (M. FireStorm, 76561198153058532)(<5735.729004, 477.538849, 15225.748047>) quick accessed a lock!
[20:54:19] Player (M. FireStorm, 76561198153058532)(<5730.156738, 474.598480, 15231.959961>) quick accessed a lock!
[20:54:26] Player (M. FireStorm, 76561198153058532)(<5730.156738, 474.598480, 15231.959961>) quick accessed a lock!
[21:00:27] Player (M. FireStorm, 76561198153058532)(<5709.220215, 474.097504, 15211.759766>) quick accessed a lock!
[21:01:26] Player (M. FireStorm, 76561198153058532)(<5732.001465, 482.252106, 15209.359375>) quick accessed a lock!
[21:01:44] Player (Sgt.Mad, 76561198003552490)(<3707.171143, 305.019745, 8255.572266>) quick accessed a lock!
[21:04:46] Player (M. FireStorm, 76561198153058532)(<5746.630859, 474.770782, 15166.892578>) quick accessed a lock!
[21:04:53] Player (M. FireStorm, 76561198153058532)(<5746.302246, 474.358978, 15190.466797>) quick accessed a lock!
[21:05:14] Player (M. FireStorm, 76561198153058532)(<5735.728027, 480.547211, 15225.750977>) quick accessed a lock!
[21:05:31] Player (M. FireStorm, 76561198153058532)(<5732.001465, 482.252106, 15209.359375>) quick accessed a lock!
[21:05:32] Player (Sgt.Mad, 76561198003552490)(<3707.171143, 305.019745, 8255.572266>) quick accessed a lock!
[21:06:58] Player (Sgt.Mad, 76561198003552490)(<3707.171143, 305.019745, 8255.572266>) quick accessed a lock!
[21:08:13] Player (Sgt.Mad, 76561198003552490)(<3707.171143, 305.019745, 8255.572266>) quick accessed a lock!
[21:25:45] Player (Sgt.Mad, 76561198003552490)(<3697.813232, 305.022583, 8241.600586>) set a new passcode on lock!
[21:25:45] Player (Sgt.Mad, 76561198003552490)(<3697.813232, 305.022583, 8241.600586>) claimed ownership of a lock!
[21:25:47] Player (Sgt.Mad, 76561198003552490)(<3697.813232, 305.022583, 8241.600586>) quick accessed a lock!
[21:26:16] Player (Sgt.Mad, 76561198003552490)(<3697.813232, 305.022583, 8241.600586>) removed a lock!
[21:26:31] Player (Sgt.Mad, 76561198003552490)(<3697.813232, 305.022583, 8241.600586>) set a new passcode on lock!
[21:26:31] Player (Sgt.Mad, 76561198003552490)(<3697.813232, 305.022583, 8241.600586>) claimed ownership of a lock!
[21:26:38] Player (Sgt.Mad, 76561198003552490)(<3697.813232, 305.022583, 8241.600586>) quick accessed a lock!
[21:54:43] Player (Sgt.Mad, 76561198003552490)(<3697.813232, 305.022583, 8241.600586>) quick accessed a lock!
[22:01:24] Player (Sgt.Mad, 76561198003552490)(<3697.813232, 305.022583, 8241.600586>) quick accessed a lock!
[22:21:12] Player (Sgt.Mad, 76561198003552490)(<3707.171143, 305.019745, 8255.572266>) quick accessed a lock!
[23:33:18] Player (Sgt.Mad, 76561198003552490)(<3697.813232, 305.022583, 8241.600586>) quick accessed a lock!
[06-20-2021][23.38.02] Log file reloaded ( Server Restart )
[00:15:49] Player (Ragnar Odinsson, 76561198120496196)(<6467.832520, 287.828979, 7408.062012>) quick accessed a lock!
[00:18:22] Player (Ragnar Odinsson, 76561198120496196)(<3697.813232, 305.022583, 8241.600586>) accessed a lock!
[00:18:22] Player (Ragnar Odinsson, 76561198120496196)(<3697.813232, 305.022583, 8241.600586>) was added as a guest of a lock!
[00:18:36] Player (Sgt.Mad, 76561198003552490)(<3697.813232, 305.022583, 8241.600586>) quick accessed a lock!
[00:19:20] Player (Sgt.Mad, 76561198003552490)(<3707.171143, 305.019745, 8255.572266>) quick accessed a lock!
[00:19:26] Player (Sgt.Mad, 76561198003552490)(<3707.171143, 305.019745, 8255.572266>) quick accessed a lock!
[00:19:59] Player (Ragnar Odinsson, 76561198120496196)(<3713.461670, 305.016235, 8274.750000>) quick accessed a lock!
[00:32:02] Player (Ragnar Odinsson, 76561198120496196)(<3713.461670, 305.016235, 8274.750000>) quick accessed a lock!
[00:32:18] Player (Ragnar Odinsson, 76561198120496196)(<3713.461670, 305.016235, 8274.750000>) removed a lock!
[00:37:49] Player (Ragnar Odinsson, 76561198120496196)(<3710.877686, 305.017548, 8267.669922>) set a new passcode on lock!
[00:37:49] Player (Ragnar Odinsson, 76561198120496196)(<3710.877686, 305.017548, 8267.669922>) claimed ownership of a lock!
[00:43:34] Player (Sgt.Mad, 76561198003552490)(<3697.813232, 305.022583, 8241.600586>) quick accessed a lock!
[00:52:44] Player (Ragnar Odinsson, 76561198120496196)(<6467.832520, 287.828979, 7408.062012>) quick accessed a lock!
[00:54:16] Player (Ragnar Odinsson, 76561198120496196)(<6462.303223, 288.009430, 7408.134277>) quick accessed a lock!
[00:57:06] Player (Ragnar Odinsson, 76561198120496196)(<6494.417480, 292.869812, 7391.889160>) quick accessed a lock!
[00:58:39] Player (Ragnar Odinsson, 76561198120496196)(<6484.237305, 292.937195, 7394.447266>) quick accessed a lock!
[00:58:50] Player (Sgt.Mad, 76561198003552490)(<6486.703125, 295.878174, 7388.309082>) accessed a lock!
[00:58:50] Player (Sgt.Mad, 76561198003552490)(<6486.703125, 295.878174, 7388.309082>) was added as a guest of a lock!
[00:58:57] Player (Sgt.Mad, 76561198003552490)(<6494.417480, 292.869812, 7391.889160>) quick accessed a lock!
[00:59:26] Player (Sgt.Mad, 76561198003552490)(<6486.703125, 295.878174, 7388.309082>) quick accessed a lock!
[00:59:50] Player (Ragnar Odinsson, 76561198120496196)(<6478.791992, 292.937164, 7396.429199>) quick accessed a lock!
[00:59:56] Player (Ragnar Odinsson, 76561198120496196)(<6478.791992, 292.937164, 7396.429199>) quick accessed a lock!
[01:00:08] Player (Sgt.Mad, 76561198003552490)(<6486.703125, 295.878174, 7388.309082>) quick accessed a lock!
[01:00:56] Player (Ragnar Odinsson, 76561198120496196)(<6494.417480, 292.869812, 7391.889160>) quick accessed a lock!
[01:01:50] Player (Ragnar Odinsson, 76561198120496196)(<6494.417480, 292.869812, 7391.889160>) quick accessed a lock!
[01:04:36] Player (Ragnar Odinsson, 76561198120496196)(<6467.832520, 287.828979, 7408.062012>) quick accessed a lock!
[01:06:39] Player (Ragnar Odinsson, 76561198120496196)(<6484.237305, 292.937195, 7394.447266>) quick accessed a lock!
[01:06:54] Player (Sgt.Mad, 76561198003552490)(<6494.417480, 292.869812, 7391.889160>) quick accessed a lock!
[01:08:05] Player (Sgt.Mad, 76561198003552490)(<6482.180664, 295.946198, 7388.812012>) set a new passcode on lock!
[01:08:05] Player (Sgt.Mad, 76561198003552490)(<6482.180664, 295.946198, 7388.812012>) claimed ownership of a lock!
[01:08:09] Player (Sgt.Mad, 76561198003552490)(<6482.180664, 295.946198, 7388.812012>) quick accessed a lock!
[03:29:59] Player (Ragnar Odinsson, 76561198120496196)(<6462.303223, 288.009430, 7408.134277>) quick accessed a lock!
[03:39:30] Player (Sgt.Mad, 76561198003552490)(<6494.417480, 292.869812, 7391.889160>) quick accessed a lock!
[03:39:39] Player (Sgt.Mad, 76561198003552490)(<6494.417480, 292.869812, 7391.889160>) quick accessed a lock!
[03:39:42] Player (Sgt.Mad, 76561198003552490)(<6494.417480, 292.869812, 7391.889160>) quick accessed a lock!
[03:40:09] Player (Ragnar Odinsson, 76561198120496196)(<6494.417480, 292.869812, 7391.889160>) quick accessed a lock!
[03:43:03] Player (Ragnar Odinsson, 76561198120496196)(<6484.237305, 292.937195, 7394.447266>) quick accessed a lock!
[03:43:10] Player (Ragnar Odinsson, 76561198120496196)(<6478.791992, 292.937164, 7396.429199>) quick accessed a lock!
[03:43:22] Player (Ragnar Odinsson, 76561198120496196)(<6484.237305, 292.937195, 7394.447266>) quick accessed a lock!
[03:53:42] Player (Ragnar Odinsson, 76561198120496196)(<6484.237305, 292.937195, 7394.447266>) quick accessed a lock!
[03:54:31] Player (Ragnar Odinsson, 76561198120496196)(<6484.237305, 292.937195, 7394.447266>) quick accessed a lock!
