[06-26-2021][00.03.01] New Access Log File Created!
[00:14:35] Player (Ragnar Odinsson, 76561198120496196)(<11891.621094, 140.000000, 12490.179688>) quick accessed a lock!
[00:17:55] Player (Ragnar Odinsson, 76561198120496196)(<11907.678711, 139.999939, 12466.875000>) quick accessed a lock!
[01:08:54] Player (Ragnar Odinsson, 76561198120496196)(<11864.590820, 140.094803, 12450.238281>) quick accessed a lock!
[01:09:17] Player (Ragnar Odinsson, 76561198120496196)(<11864.590820, 140.094803, 12450.238281>) quick accessed a lock!
[01:42:22] Player (Ragnar Odinsson, 76561198120496196)(<3710.877686, 305.017548, 8267.669922>) accessed a lock!
[01:42:22] Player (Ragnar Odinsson, 76561198120496196)(<3710.877686, 305.017548, 8267.669922>) was added as a guest of a lock!
[01:42:36] Player (Ragnar Odinsson, 76561198120496196)(<3710.877686, 305.017548, 8267.669922>) removed a lock!
[01:44:52] Player (Ragnar Odinsson, 76561198120496196)(<3697.813232, 305.022583, 8241.600586>) quick accessed a lock!
[01:48:07] Player (Sgt.Mad, 76561198003552490)(<3713.406982, 305.016174, 8274.994141>) quick accessed a lock!
[01:48:13] Player (Ragnar Odinsson, 76561198120496196)(<3711.443604, 305.017242, 8269.167969>) set a new passcode on lock!
[01:48:13] Player (Ragnar Odinsson, 76561198120496196)(<3711.443604, 305.017242, 8269.167969>) claimed ownership of a lock!
[01:48:19] Player (Ragnar Odinsson, 76561198120496196)(<3711.443604, 305.017242, 8269.167969>) quick accessed a lock!
[02:01:02] Player (Sgt.Mad, 76561198003552490)(<3697.813232, 305.022583, 8241.600586>) quick accessed a lock!
[02:07:03] Player (Ragnar Odinsson, 76561198120496196)(<11864.590820, 140.094803, 12450.238281>) quick accessed a lock!
[02:08:02] Player (Ragnar Odinsson, 76561198120496196)(<11848.901367, 140.081055, 12423.490234>) quick accessed a lock!
[02:12:18] Player (Ragnar Odinsson, 76561198120496196)(<11864.590820, 140.094803, 12450.238281>) changed the passcode on a lock! Clearing all guests...
[02:12:20] Player (Sgt.Mad, 76561198003552490)(<3713.406982, 305.016174, 8274.994141>) quick accessed a lock!
[02:12:27] Player (Ragnar Odinsson, 76561198120496196)(<11848.901367, 140.081055, 12423.490234>) quick accessed a lock!
[02:18:20] Player (Ragnar Odinsson, 76561198120496196)(<11848.901367, 140.081055, 12423.490234>) quick accessed a lock!
[02:20:12] Player (Ragnar Odinsson, 76561198120496196)(<3697.813232, 305.022583, 8241.600586>) quick accessed a lock!
[02:21:08] Player (Ragnar Odinsson, 76561198120496196)(<3697.813232, 305.022583, 8241.600586>) quick accessed a lock!
[02:22:13] Player (Ragnar Odinsson, 76561198120496196)(<3697.813232, 305.022583, 8241.600586>) quick accessed a lock!
[02:24:26] Player (Ragnar Odinsson, 76561198120496196)(<3711.443604, 305.017242, 8269.167969>) quick accessed a lock!
[02:24:43] Player (Ragnar Odinsson, 76561198120496196)(<3711.443604, 305.017242, 8269.167969>) quick accessed a lock!
[02:25:32] Player (Sgt.Mad, 76561198003552490)(<3713.406982, 305.016174, 8274.994141>) quick accessed a lock!
[02:25:41] Player (Sgt.Mad, 76561198003552490)(<3713.406982, 305.016174, 8274.994141>) quick accessed a lock!
[02:26:36] Player (Ragnar Odinsson, 76561198120496196)(<11864.590820, 140.094803, 12450.238281>) quick accessed a lock!
[02:32:06] Player (Sgt.Mad, 76561198003552490)(<3713.406982, 305.016174, 8274.994141>) quick accessed a lock!
[02:32:14] Player (Ragnar Odinsson, 76561198120496196)(<11864.590820, 140.094803, 12450.238281>) quick accessed a lock!
[02:32:52] Player (Ragnar Odinsson, 76561198120496196)(<11848.901367, 140.081055, 12423.490234>) quick accessed a lock!
[02:33:59] Player (Sgt.Mad, 76561198003552490)(<3713.406982, 305.016174, 8274.994141>) quick accessed a lock!
[02:35:08] Player (Ragnar Odinsson, 76561198120496196)(<11864.590820, 140.094803, 12450.238281>) quick accessed a lock!
[02:37:01] Player (Ragnar Odinsson, 76561198120496196)(<11864.590820, 140.094803, 12450.238281>) quick accessed a lock!
[02:38:57] Player (Ragnar Odinsson, 76561198120496196)(<11864.590820, 140.094803, 12450.238281>) quick accessed a lock!
[02:38:59] Player (Ragnar Odinsson, 76561198120496196)(<11864.590820, 140.094803, 12450.238281>) quick accessed a lock!
[02:40:31] Player (Ragnar Odinsson, 76561198120496196)(<11891.621094, 140.000000, 12490.179688>) quick accessed a lock!
[07:45:58] Player (M. FireStorm, 76561198153058532)(<5743.325195, 480.564178, 15209.271484>) quick accessed a lock!
[07:46:03] Player (M. FireStorm, 76561198153058532)(<5739.960449, 477.623993, 15215.760742>) quick accessed a lock!
[07:46:13] Player (M. FireStorm, 76561198153058532)(<5737.401855, 477.624664, 15227.500977>) quick accessed a lock!
[07:46:18] Player (M. FireStorm, 76561198153058532)(<5735.729004, 477.538849, 15225.748047>) quick accessed a lock!
[07:46:29] Player (M. FireStorm, 76561198153058532)(<5735.728027, 480.547211, 15225.750977>) quick accessed a lock!
[07:46:34] Player (M. FireStorm, 76561198153058532)(<5733.660156, 480.615234, 15229.815430>) quick accessed a lock!
[07:49:22] Player (M. FireStorm, 76561198153058532)(<5735.728027, 480.547211, 15225.750977>) quick accessed a lock!
[07:49:24] Player (M. FireStorm, 76561198153058532)(<5735.729004, 477.538849, 15225.748047>) quick accessed a lock!
[07:49:31] Player (M. FireStorm, 76561198153058532)(<5737.805176, 474.633850, 15212.271484>) quick accessed a lock!
[07:49:36] Player (M. FireStorm, 76561198153058532)(<5736.681641, 474.201874, 15197.967773>) quick accessed a lock!
[07:54:08] Player (M. FireStorm, 76561198153058532)(<5735.728027, 480.547211, 15225.750977>) quick accessed a lock!
[07:57:16] Player (M. FireStorm, 76561198153058532)(<5736.681641, 474.201874, 15197.967773>) quick accessed a lock!
[07:58:23] Player (M. FireStorm, 76561198153058532)(<5746.302246, 474.358978, 15190.466797>) quick accessed a lock!
[07:59:11] Player (M. FireStorm, 76561198153058532)(<5794.265625, 473.792511, 15225.167969>) quick accessed a lock!
[08:48:29] Player (M. FireStorm, 76561198153058532)(<5738.168457, 474.616486, 15236.831055>) quick accessed a lock!
[08:49:12] Player (M. FireStorm, 76561198153058532)(<5737.805176, 474.633850, 15212.271484>) quick accessed a lock!
[08:49:41] Player (M. FireStorm, 76561198153058532)(<5736.681641, 474.201874, 15197.967773>) quick accessed a lock!
[06-26-2021][11.17.21] Log file reloaded ( Server Restart )
[18:25:34] Player (Sgt.Mad, 76561198003552490)(<3713.406982, 305.016174, 8274.994141>) quick accessed a lock!
[21:08:19] Player (Capwell, 76561198079984427)(<11891.621094, 140.000000, 12490.179688>) quick accessed a lock!
[06-26-2021][21.12.49] Log file reloaded ( Server Restart )
[23:53:13] Player (Capwell, 76561198079984427)(<11891.621094, 140.000000, 12490.179688>) quick accessed a lock!
[23:54:28] Player (Capwell, 76561198079984427)(<11891.621094, 140.000000, 12490.179688>) quick accessed a lock!
[00:40:07] Player (Capwell, 76561198079984427)(<11891.621094, 140.000000, 12490.179688>) quick accessed a lock!
[00:40:46] Player (Capwell, 76561198079984427)(<11891.621094, 140.000000, 12490.179688>) quick accessed a lock!
[00:48:19] Player (Ragnar Odinsson, 76561198120496196)(<11907.678711, 139.999939, 12466.875000>) quick accessed a lock!
[00:51:39] Player (Capwell, 76561198079984427)(<11848.901367, 140.081055, 12423.490234>) accessed a lock!
[00:51:39] Player (Capwell, 76561198079984427)(<11848.901367, 140.081055, 12423.490234>) was added as a guest of a lock!
[00:52:20] Player (Capwell, 76561198079984427)(<11848.901367, 140.081055, 12423.490234>) quick accessed a lock!
[00:57:02] Player (Ragnar Odinsson, 76561198120496196)(<11907.678711, 139.999939, 12466.875000>) quick accessed a lock!
[00:57:13] Player (Ragnar Odinsson, 76561198120496196)(<11907.678711, 139.999939, 12466.875000>) removed a lock!
[00:57:37] Player (Ragnar Odinsson, 76561198120496196)(<11871.750977, 140.000000, 12461.352539>) set a new passcode on lock!
[00:57:37] Player (Ragnar Odinsson, 76561198120496196)(<11871.750977, 140.000000, 12461.352539>) claimed ownership of a lock!
[00:59:37] Player (Ragnar Odinsson, 76561198120496196)(<11871.750977, 140.000000, 12461.352539>) quick accessed a lock!
[01:00:25] Player (Ragnar Odinsson, 76561198120496196)(<11871.750977, 140.000000, 12461.352539>) quick accessed a lock!
[01:02:35] Player (Ragnar Odinsson, 76561198120496196)(<11871.750977, 140.000000, 12461.352539>) quick accessed a lock!
[01:09:31] Player (Capwell, 76561198079984427)(<11891.621094, 140.000000, 12490.179688>) quick accessed a lock!
[01:09:59] Player (Ragnar Odinsson, 76561198120496196)(<11891.621094, 140.000000, 12490.179688>) quick accessed a lock!
[01:10:19] Player (Capwell, 76561198079984427)(<11891.621094, 140.000000, 12490.179688>) quick accessed a lock!
[01:11:48] Player (Capwell, 76561198079984427)(<11891.621094, 140.000000, 12490.179688>) quick accessed a lock!
[01:13:23] Player (Ragnar Odinsson, 76561198120496196)(<11891.621094, 140.000000, 12490.179688>) quick accessed a lock!
[01:23:44] Player (Ragnar Odinsson, 76561198120496196)(<11891.621094, 140.000000, 12490.179688>) quick accessed a lock!
[01:24:51] Player (Ragnar Odinsson, 76561198120496196)(<11871.750977, 140.000000, 12461.352539>) quick accessed a lock!
[01:26:24] Player (Ragnar Odinsson, 76561198120496196)(<11864.590820, 140.094803, 12450.238281>) quick accessed a lock!
[01:28:55] Player (Ragnar Odinsson, 76561198120496196)(<11891.621094, 140.000000, 12490.179688>) quick accessed a lock!
[01:38:30] Player (Ragnar Odinsson, 76561198120496196)(<11891.621094, 140.000000, 12490.179688>) quick accessed a lock!
[01:41:26] Player (Ragnar Odinsson, 76561198120496196)(<11871.750977, 140.000000, 12461.352539>) quick accessed a lock!
[01:42:42] Player (Ragnar Odinsson, 76561198120496196)(<11871.750977, 140.000000, 12461.352539>) quick accessed a lock!
[01:44:41] Player (Ragnar Odinsson, 76561198120496196)(<11874.084961, 140.044266, 12447.125977>) quick accessed a lock!
[01:53:01] Player (Ragnar Odinsson, 76561198120496196)(<11891.621094, 140.000000, 12490.179688>) quick accessed a lock!
[01:57:51] Player (Ragnar Odinsson, 76561198120496196)(<11891.621094, 140.000000, 12490.179688>) quick accessed a lock!
[02:00:22] Player (Ragnar Odinsson, 76561198120496196)(<11890.299805, 140.024658, 12443.185547>) quick accessed a lock!
[02:00:46] Player (Ragnar Odinsson, 76561198120496196)(<11848.901367, 140.081055, 12423.490234>) quick accessed a lock!
[02:04:59] Player (Ragnar Odinsson, 76561198120496196)(<11890.299805, 140.024658, 12443.185547>) quick accessed a lock!
[02:07:27] Player (Ragnar Odinsson, 76561198120496196)(<11891.621094, 140.000000, 12490.179688>) quick accessed a lock!
[02:21:42] Player (Ragnar Odinsson, 76561198120496196)(<11891.621094, 140.000000, 12490.179688>) quick accessed a lock!
[02:28:40] Player (Sgt.Mad, 76561198003552490)(<11891.621094, 140.000000, 12490.179688>) accessed a lock!
[02:28:40] Player (Sgt.Mad, 76561198003552490)(<11891.621094, 140.000000, 12490.179688>) was added as a guest of a lock!
[02:28:44] Player (Ragnar Odinsson, 76561198120496196)(<11891.621094, 140.000000, 12490.179688>) quick accessed a lock!
[02:30:41] Player (Sgt.Mad, 76561198003552490)(<11848.901367, 140.081055, 12423.490234>) accessed a lock!
[02:30:41] Player (Sgt.Mad, 76561198003552490)(<11848.901367, 140.081055, 12423.490234>) was added as a guest of a lock!
[02:30:59] Player (Sgt.Mad, 76561198003552490)(<11890.299805, 140.024658, 12443.185547>) accessed a lock!
[02:30:59] Player (Sgt.Mad, 76561198003552490)(<11890.299805, 140.024658, 12443.185547>) was added as a guest of a lock!
[02:32:31] Player (Ragnar Odinsson, 76561198120496196)(<11891.621094, 140.000000, 12490.179688>) quick accessed a lock!
[02:34:28] Player (Ragnar Odinsson, 76561198120496196)(<3711.443604, 305.017242, 8269.167969>) quick accessed a lock!
[02:34:30] Player (Sgt.Mad, 76561198003552490)(<3713.406982, 305.016174, 8274.994141>) quick accessed a lock!
[02:34:55] Player (Ragnar Odinsson, 76561198120496196)(<3711.443604, 305.017242, 8269.167969>) quick accessed a lock!
[02:39:37] Player (Ragnar Odinsson, 76561198120496196)(<3697.813232, 305.022583, 8241.600586>) quick accessed a lock!
[02:40:12] Player (Ragnar Odinsson, 76561198120496196)(<3697.813232, 305.022583, 8241.600586>) quick accessed a lock!
[03:53:48] Player (Ragnar Odinsson, 76561198120496196)(<11864.590820, 140.094803, 12450.238281>) quick accessed a lock!
