[07-04-2021][01.35.53] New Access Log File Created!
[01:42:09] Player (Capwell, 76561198079984427)(<11874.080078, 140.008255, 12447.407227>) quick accessed a lock!
[01:42:56] Player (Capwell, 76561198079984427)(<11874.080078, 140.008255, 12447.407227>) quick accessed a lock!
[01:43:12] Player (Capwell, 76561198079984427)(<11891.621094, 140.000000, 12490.179688>) quick accessed a lock!
[01:44:10] Player (Capwell, 76561198079984427)(<11891.621094, 140.000000, 12490.179688>) quick accessed a lock!
[01:44:57] Player (Capwell, 76561198079984427)(<11874.080078, 140.008255, 12447.407227>) quick accessed a lock!
[01:54:43] Player (Capwell, 76561198079984427)(<11874.080078, 140.008255, 12447.407227>) quick accessed a lock!
[01:55:09] Player (Capwell, 76561198079984427)(<11874.080078, 140.008255, 12447.407227>) quick accessed a lock!
[01:55:40] Player (Capwell, 76561198079984427)(<11874.080078, 140.008255, 12447.407227>) quick accessed a lock!
[03:19:08] Player (Ragnar Odinsson, 76561198120496196)(<11886.705078, 140.094803, 12440.722656>) quick accessed a lock!
[03:21:47] Player (Ragnar Odinsson, 76561198120496196)(<11871.750977, 140.000000, 12461.352539>) quick accessed a lock!
[03:29:41] Player (Ragnar Odinsson, 76561198120496196)(<11874.180664, 140.014786, 12447.197266>) set a new passcode on lock!
[03:29:41] Player (Ragnar Odinsson, 76561198120496196)(<11874.180664, 140.014786, 12447.197266>) claimed ownership of a lock!
[03:29:45] Player (Ragnar Odinsson, 76561198120496196)(<11874.180664, 140.014786, 12447.197266>) quick accessed a lock!
[07-04-2021][11.38.47] Log file reloaded ( Server Restart )
[12:39:21] Player (A_Hostile_Noob, 76561198362910441)(<11891.621094, 140.000000, 12490.179688>) quick accessed a lock!
[12:45:40] Player (A_Hostile_Noob, 76561198362910441)(<11891.621094, 140.000000, 12490.179688>) quick accessed a lock!
[12:54:25] Player (Sgt.Mad, 76561198003552490)(<3697.813232, 305.022583, 8241.600586>) quick accessed a lock!
[12:54:56] Player (Sgt.Mad, 76561198003552490)(<3697.813232, 305.022583, 8241.600586>) quick accessed a lock!
[12:58:27] Player (Sgt.Mad, 76561198003552490)(<3697.813232, 305.022583, 8241.600586>) quick accessed a lock!
[13:02:37] Player (Sgt.Mad, 76561198003552490)(<3697.813232, 305.022583, 8241.600586>) quick accessed a lock!
[13:06:12] Player (Sgt.Mad, 76561198003552490)(<3697.813232, 305.022583, 8241.600586>) quick accessed a lock!
[13:06:20] Player (A_Hostile_Noob, 76561198362910441)(<11891.621094, 140.000000, 12490.179688>) quick accessed a lock!
[13:17:03] Player (Sgt.Mad, 76561198003552490)(<3697.813232, 305.022583, 8241.600586>) quick accessed a lock!
[13:20:26] Player (Sgt.Mad, 76561198003552490)(<3697.813232, 305.022583, 8241.600586>) quick accessed a lock!
[13:21:07] Player (Sgt.Mad, 76561198003552490)(<3697.813232, 305.022583, 8241.600586>) quick accessed a lock!
[13:21:13] Player (Sgt.Mad, 76561198003552490)(<3697.813232, 305.022583, 8241.600586>) quick accessed a lock!
[13:24:32] Player (Sgt.Mad, 76561198003552490)(<3697.813232, 305.022583, 8241.600586>) quick accessed a lock!
[13:24:40] Player (Sgt.Mad, 76561198003552490)(<3713.406982, 305.016174, 8274.994141>) quick accessed a lock!
[13:24:51] Player (Sgt.Mad, 76561198003552490)(<3709.645264, 305.018188, 8264.167969>) quick accessed a lock!
[13:25:07] Player (Sgt.Mad, 76561198003552490)(<3697.813232, 305.022583, 8241.600586>) quick accessed a lock!
[13:26:17] Player (Sgt.Mad, 76561198003552490)(<3697.813232, 305.022583, 8241.600586>) quick accessed a lock!
[13:26:27] Player (Sgt.Mad, 76561198003552490)(<3697.813232, 305.022583, 8241.600586>) quick accessed a lock!
[13:36:58] Player (Sgt.Mad, 76561198003552490)(<3697.813232, 305.022583, 8241.600586>) quick accessed a lock!
[13:40:01] Player (Sgt.Mad, 76561198003552490)(<3697.813232, 305.022583, 8241.600586>) quick accessed a lock!
[13:40:06] Player (Sgt.Mad, 76561198003552490)(<3697.813232, 305.022583, 8241.600586>) quick accessed a lock!
[13:40:30] Player (Sgt.Mad, 76561198003552490)(<3697.813232, 305.022583, 8241.600586>) quick accessed a lock!
[13:43:23] Player (Sgt.Mad, 76561198003552490)(<3697.813232, 305.022583, 8241.600586>) quick accessed a lock!
[13:44:17] Player (Sgt.Mad, 76561198003552490)(<3697.813232, 305.022583, 8241.600586>) quick accessed a lock!
[13:44:21] Player (Sgt.Mad, 76561198003552490)(<3697.813232, 305.022583, 8241.600586>) quick accessed a lock!
[13:45:24] Player (A_Hostile_Noob, 76561198362910441)(<3697.813232, 305.022583, 8241.600586>) accessed a lock!
[13:45:24] Player (A_Hostile_Noob, 76561198362910441)(<3697.813232, 305.022583, 8241.600586>) was added as a guest of a lock!
[13:45:59] Player (Sgt.Mad, 76561198003552490)(<3709.645264, 305.018188, 8264.167969>) quick accessed a lock!
[13:47:26] Player (A_Hostile_Noob, 76561198362910441)(<3697.813232, 305.022583, 8241.600586>) quick accessed a lock!
[13:47:27] Player (Sgt.Mad, 76561198003552490)(<3713.406982, 305.016174, 8274.994141>) quick accessed a lock!
[13:48:06] Player (A_Hostile_Noob, 76561198362910441)(<3697.813232, 305.022583, 8241.600586>) quick accessed a lock!
[13:50:50] Player (Sgt.Mad, 76561198003552490)(<3713.406982, 305.016174, 8274.994141>) quick accessed a lock!
[13:51:10] Player (Sgt.Mad, 76561198003552490)(<3697.813232, 305.022583, 8241.600586>) quick accessed a lock!
[13:52:14] Player (Sgt.Mad, 76561198003552490)(<3697.813232, 305.022583, 8241.600586>) quick accessed a lock!
[13:52:21] Player (Sgt.Mad, 76561198003552490)(<3713.406982, 305.016174, 8274.994141>) quick accessed a lock!
[13:54:35] Player (Sgt.Mad, 76561198003552490)(<3713.406982, 305.016174, 8274.994141>) quick accessed a lock!
[14:00:38] Player (Sgt.Mad, 76561198003552490)(<3709.645264, 305.018188, 8264.167969>) quick accessed a lock!
[14:00:49] Player (Sgt.Mad, 76561198003552490)(<3713.406982, 305.016174, 8274.994141>) quick accessed a lock!
[14:01:11] Player (Sgt.Mad, 76561198003552490)(<3709.645264, 305.018188, 8264.167969>) quick accessed a lock!
[14:01:50] Player (Sgt.Mad, 76561198003552490)(<3713.406982, 305.016174, 8274.994141>) quick accessed a lock!
[14:10:41] Player (Survivor, 76561198992055420)(<3697.813232, 305.022583, 8241.600586>) accessed a lock!
[14:10:41] Player (Survivor, 76561198992055420)(<3697.813232, 305.022583, 8241.600586>) was added as a guest of a lock!
[14:10:48] Player (Survivor, 76561198992055420)(<3697.813232, 305.022583, 8241.600586>) quick accessed a lock!
[14:10:59] Player (Sgt.Mad, 76561198003552490)(<3713.406982, 305.016174, 8274.994141>) quick accessed a lock!
[14:11:05] Player (Sgt.Mad, 76561198003552490)(<3713.406982, 305.016174, 8274.994141>) quick accessed a lock!
[14:11:15] Player (Sgt.Mad, 76561198003552490)(<3713.406982, 305.016174, 8274.994141>) quick accessed a lock!
[14:11:20] Player (Sgt.Mad, 76561198003552490)(<3709.645264, 305.018188, 8264.167969>) quick accessed a lock!
[14:11:29] Player (Sgt.Mad, 76561198003552490)(<3709.645264, 305.018188, 8264.167969>) quick accessed a lock!
[14:11:32] Player (Sgt.Mad, 76561198003552490)(<3713.406982, 305.016174, 8274.994141>) quick accessed a lock!
