[07-01-2021][06.45.41] New Access Log File Created!
[16:09:09] Player (Ragnar Odinsson, 76561198120496196)(<11848.901367, 140.081055, 12423.490234>) quick accessed a lock!
[07-01-2021][17.44.42] Log file reloaded ( Server Restart )
[18:10:14] Player (Sgt.Mad, 76561198003552490)(<3697.813232, 305.022583, 8241.600586>) quick accessed a lock!
[18:18:08] Player (A_Hostile_Noob, 76561198362910441)(<6494.417480, 292.869812, 7391.889160>) quick accessed a lock!
[18:22:19] Player (M. FireStorm, 76561198153058532)(<5735.729004, 477.538849, 15225.748047>) quick accessed a lock!
[18:22:25] Player (M. FireStorm, 76561198153058532)(<5737.401855, 477.624664, 15227.500977>) quick accessed a lock!
[18:22:31] Player (M. FireStorm, 76561198153058532)(<5739.960449, 477.623993, 15215.760742>) quick accessed a lock!
[18:22:36] Player (M. FireStorm, 76561198153058532)(<5743.325195, 480.564178, 15209.271484>) quick accessed a lock!
[18:22:42] Player (M. FireStorm, 76561198153058532)(<5732.001465, 482.252106, 15209.359375>) quick accessed a lock!
[18:23:30] Player (M. FireStorm, 76561198153058532)(<5736.681641, 474.201874, 15197.967773>) quick accessed a lock!
[18:23:35] Player (M. FireStorm, 76561198153058532)(<5746.302246, 474.358978, 15190.466797>) quick accessed a lock!
[18:24:52] Player (M. FireStorm, 76561198153058532)(<5746.302246, 474.358978, 15190.466797>) quick accessed a lock!
[18:24:55] Player (M. FireStorm, 76561198153058532)(<5736.681641, 474.201874, 15197.967773>) quick accessed a lock!
[18:26:41] Player (M. FireStorm, 76561198153058532)(<5743.325195, 480.564178, 15209.271484>) quick accessed a lock!
[18:26:46] Player (M. FireStorm, 76561198153058532)(<5739.960449, 477.623993, 15215.760742>) quick accessed a lock!
[18:26:50] Player (M. FireStorm, 76561198153058532)(<5737.401855, 477.624664, 15227.500977>) quick accessed a lock!
[18:26:52] Player (M. FireStorm, 76561198153058532)(<5735.728027, 480.547211, 15225.750977>) quick accessed a lock!
[18:26:57] Player (M. FireStorm, 76561198153058532)(<5733.660156, 480.615234, 15229.815430>) quick accessed a lock!
[18:38:17] Player (M. FireStorm, 76561198153058532)(<5735.728027, 480.547211, 15225.750977>) quick accessed a lock!
[18:38:20] Player (M. FireStorm, 76561198153058532)(<5733.660156, 480.615234, 15229.815430>) quick accessed a lock!
[18:41:22] Player (M. FireStorm, 76561198153058532)(<5735.728027, 480.547211, 15225.750977>) quick accessed a lock!
[18:41:25] Player (M. FireStorm, 76561198153058532)(<5737.401855, 477.624664, 15227.500977>) quick accessed a lock!
[18:42:17] Player (M. FireStorm, 76561198153058532)(<5732.001465, 482.252106, 15209.359375>) quick accessed a lock!
[18:42:19] Player (M. FireStorm, 76561198153058532)(<5732.001465, 482.252106, 15209.359375>) quick accessed a lock!
[18:43:30] Player (M. FireStorm, 76561198153058532)(<5732.001465, 482.252106, 15209.359375>) quick accessed a lock!
[18:43:33] Player (M. FireStorm, 76561198153058532)(<5743.325195, 480.564178, 15209.271484>) quick accessed a lock!
[18:43:37] Player (M. FireStorm, 76561198153058532)(<5743.325195, 480.564178, 15209.271484>) quick accessed a lock!
[18:43:43] Player (M. FireStorm, 76561198153058532)(<5739.960449, 477.623993, 15215.760742>) quick accessed a lock!
[18:43:47] Player (M. FireStorm, 76561198153058532)(<5737.401855, 477.624664, 15227.500977>) quick accessed a lock!
[18:43:50] Player (M. FireStorm, 76561198153058532)(<5735.728027, 480.547211, 15225.750977>) quick accessed a lock!
[18:43:53] Player (M. FireStorm, 76561198153058532)(<5733.660156, 480.615234, 15229.815430>) quick accessed a lock!
[18:45:35] Player (M. FireStorm, 76561198153058532)(<5733.660156, 480.615234, 15229.815430>) quick accessed a lock!
[18:45:37] Player (M. FireStorm, 76561198153058532)(<5735.728027, 480.547211, 15225.750977>) quick accessed a lock!
[18:45:40] Player (M. FireStorm, 76561198153058532)(<5737.401855, 477.624664, 15227.500977>) quick accessed a lock!
[18:45:43] Player (M. FireStorm, 76561198153058532)(<5739.960449, 477.623993, 15215.760742>) quick accessed a lock!
[18:45:49] Player (M. FireStorm, 76561198153058532)(<5743.325195, 480.564178, 15209.271484>) quick accessed a lock!
[18:45:58] Player (M. FireStorm, 76561198153058532)(<5732.001465, 482.252106, 15209.359375>) quick accessed a lock!
[18:46:33] Player (Sgt.Mad, 76561198003552490)(<3697.813232, 305.022583, 8241.600586>) quick accessed a lock!
[18:46:42] Player (Sgt.Mad, 76561198003552490)(<3697.813232, 305.022583, 8241.600586>) quick accessed a lock!
[18:47:20] Player (Sgt.Mad, 76561198003552490)(<3697.813232, 305.022583, 8241.600586>) quick accessed a lock!
[18:47:30] Player (Sgt.Mad, 76561198003552490)(<3697.813232, 305.022583, 8241.600586>) quick accessed a lock!
[18:49:42] Player (Sgt.Mad, 76561198003552490)(<3709.645264, 305.018188, 8264.167969>) quick accessed a lock!
[18:50:25] Player (M. FireStorm, 76561198153058532)(<5732.001465, 482.252106, 15209.359375>) quick accessed a lock!
[18:50:39] Player (M. FireStorm, 76561198153058532)(<5743.325195, 480.564178, 15209.271484>) quick accessed a lock!
[18:50:45] Player (M. FireStorm, 76561198153058532)(<5739.960449, 477.623993, 15215.760742>) quick accessed a lock!
[18:50:49] Player (M. FireStorm, 76561198153058532)(<5737.401855, 477.624664, 15227.500977>) quick accessed a lock!
[18:50:52] Player (M. FireStorm, 76561198153058532)(<5735.728027, 480.547211, 15225.750977>) quick accessed a lock!
[18:50:54] Player (M. FireStorm, 76561198153058532)(<5733.660156, 480.615234, 15229.815430>) quick accessed a lock!
[18:51:59] Player (M. FireStorm, 76561198153058532)(<5735.728027, 480.547211, 15225.750977>) quick accessed a lock!
[18:52:02] Player (M. FireStorm, 76561198153058532)(<5737.401855, 477.624664, 15227.500977>) quick accessed a lock!
[18:52:06] Player (M. FireStorm, 76561198153058532)(<5739.960449, 477.623993, 15215.760742>) quick accessed a lock!
[18:52:12] Player (M. FireStorm, 76561198153058532)(<5743.325195, 480.564178, 15209.271484>) quick accessed a lock!
[18:52:16] Player (M. FireStorm, 76561198153058532)(<5732.001465, 482.252106, 15209.359375>) quick accessed a lock!
[18:53:45] Player (M. FireStorm, 76561198153058532)(<5736.681641, 474.201874, 15197.967773>) quick accessed a lock!
[18:53:47] Player (M. FireStorm, 76561198153058532)(<5746.302246, 474.358978, 15190.466797>) quick accessed a lock!
[18:53:51] Player (Sgt.Mad, 76561198003552490)(<3713.406982, 305.016174, 8274.994141>) quick accessed a lock!
[18:54:39] Player (M. FireStorm, 76561198153058532)(<5746.630859, 474.770782, 15166.892578>) quick accessed a lock!
[18:55:54] Player (M. FireStorm, 76561198153058532)(<5746.630859, 474.770782, 15166.892578>) quick accessed a lock!
[18:56:47] Player (Sgt.Mad, 76561198003552490)(<3709.645264, 305.018188, 8264.167969>) quick accessed a lock!
[18:56:58] Player (M. FireStorm, 76561198153058532)(<5746.630859, 474.770782, 15166.892578>) quick accessed a lock!
[18:57:36] Player (Sgt.Mad, 76561198003552490)(<3707.690918, 305.086304, 8264.069336>) set a new passcode on lock!
[18:57:36] Player (Sgt.Mad, 76561198003552490)(<3707.690918, 305.086304, 8264.069336>) claimed ownership of a lock!
[18:57:50] Player (M. FireStorm, 76561198153058532)(<5745.802246, 477.624207, 15217.144531>) quick accessed a lock!
[18:57:54] Player (M. FireStorm, 76561198153058532)(<5737.401855, 477.624664, 15227.500977>) quick accessed a lock!
[18:57:56] Player (M. FireStorm, 76561198153058532)(<5735.728027, 480.547211, 15225.750977>) quick accessed a lock!
[18:57:58] Player (M. FireStorm, 76561198153058532)(<5733.660156, 480.615234, 15229.815430>) quick accessed a lock!
[18:59:16] Player (M. FireStorm, 76561198153058532)(<5735.728027, 480.547211, 15225.750977>) quick accessed a lock!
[18:59:22] Player (M. FireStorm, 76561198153058532)(<5737.401855, 477.624664, 15227.500977>) quick accessed a lock!
[18:59:26] Player (M. FireStorm, 76561198153058532)(<5739.960449, 477.623993, 15215.760742>) quick accessed a lock!
[18:59:31] Player (M. FireStorm, 76561198153058532)(<5743.325195, 480.564178, 15209.271484>) quick accessed a lock!
[18:59:34] Player (M. FireStorm, 76561198153058532)(<5743.325195, 480.564178, 15209.271484>) quick accessed a lock!
[18:59:41] Player (M. FireStorm, 76561198153058532)(<5739.960449, 477.623993, 15215.760742>) quick accessed a lock!
[18:59:43] Player (M. FireStorm, 76561198153058532)(<5745.802246, 477.624207, 15217.144531>) quick accessed a lock!
[19:00:02] Player (M. FireStorm, 76561198153058532)(<5794.265625, 473.792511, 15225.167969>) quick accessed a lock!
[19:01:31] Player (Sgt.Mad, 76561198003552490)(<3713.406982, 305.016174, 8274.994141>) quick accessed a lock!
[19:01:50] Player (M. FireStorm, 76561198153058532)(<5794.265625, 473.792511, 15225.167969>) quick accessed a lock!
[19:02:05] Player (M. FireStorm, 76561198153058532)(<5745.802246, 477.624207, 15217.144531>) quick accessed a lock!
[19:02:10] Player (M. FireStorm, 76561198153058532)(<5737.401855, 477.624664, 15227.500977>) quick accessed a lock!
[19:02:12] Player (M. FireStorm, 76561198153058532)(<5735.728027, 480.547211, 15225.750977>) quick accessed a lock!
[19:02:14] Player (M. FireStorm, 76561198153058532)(<5733.660156, 480.615234, 15229.815430>) quick accessed a lock!
[19:03:14] Player (M. FireStorm, 76561198153058532)(<5735.728027, 480.547211, 15225.750977>) quick accessed a lock!
[19:03:16] Player (M. FireStorm, 76561198153058532)(<5735.728027, 480.547211, 15225.750977>) quick accessed a lock!
[19:03:19] Player (M. FireStorm, 76561198153058532)(<5737.401855, 477.624664, 15227.500977>) quick accessed a lock!
[19:03:26] Player (M. FireStorm, 76561198153058532)(<5739.960449, 477.623993, 15215.760742>) quick accessed a lock!
[19:03:34] Player (M. FireStorm, 76561198153058532)(<5743.325195, 480.564178, 15209.271484>) quick accessed a lock!
[19:03:49] Player (M. FireStorm, 76561198153058532)(<5736.403809, 480.615234, 15218.120117>) quick accessed a lock!
[19:03:52] Player (M. FireStorm, 76561198153058532)(<5743.325195, 480.564178, 15209.271484>) quick accessed a lock!
[19:03:56] Player (M. FireStorm, 76561198153058532)(<5739.960449, 477.623993, 15215.760742>) quick accessed a lock!
[19:03:59] Player (M. FireStorm, 76561198153058532)(<5737.401855, 477.624664, 15227.500977>) quick accessed a lock!
[19:04:00] Player (M. FireStorm, 76561198153058532)(<5735.729004, 477.538849, 15225.748047>) quick accessed a lock!
[19:04:05] Player (M. FireStorm, 76561198153058532)(<5730.156738, 474.598480, 15231.959961>) quick accessed a lock!
[19:05:43] Player (M. FireStorm, 76561198153058532)(<5745.802246, 477.624207, 15217.144531>) quick accessed a lock!
[19:05:52] Player (M. FireStorm, 76561198153058532)(<5794.265625, 473.792511, 15225.167969>) quick accessed a lock!
[19:07:35] Player (M. FireStorm, 76561198153058532)(<5745.802246, 477.624207, 15217.144531>) quick accessed a lock!
[19:08:32] Player (Sgt.Mad, 76561198003552490)(<3713.406982, 305.016174, 8274.994141>) quick accessed a lock!
[19:09:00] Player (M. FireStorm, 76561198153058532)(<5739.960449, 477.623993, 15215.760742>) quick accessed a lock!
[19:09:14] Player (M. FireStorm, 76561198153058532)(<5735.728027, 480.547211, 15225.750977>) quick accessed a lock!
[19:09:17] Player (M. FireStorm, 76561198153058532)(<5733.660156, 480.615234, 15229.815430>) quick accessed a lock!
[19:09:55] Player (Capwell, 76561198079984427)(<6494.417480, 292.869812, 7391.889160>) quick accessed a lock!
[19:10:07] Player (Capwell, 76561198079984427)(<6482.183594, 292.937836, 7388.810547>) quick accessed a lock!
[19:10:21] Player (Sgt.Mad, 76561198003552490)(<3709.645264, 305.018188, 8264.167969>) quick accessed a lock!
[19:11:23] Player (Capwell, 76561198079984427)(<6482.183594, 292.937836, 7388.810547>) quick accessed a lock!
[19:11:28] Player (Capwell, 76561198079984427)(<6486.703125, 295.878174, 7388.309082>) quick accessed a lock!
[19:13:42] Player (Capwell, 76561198079984427)(<6486.703125, 295.878174, 7388.309082>) quick accessed a lock!
[19:13:47] Player (Capwell, 76561198079984427)(<6494.417480, 292.869812, 7391.889160>) quick accessed a lock!
[19:25:20] Player (Sgt.Mad, 76561198003552490)(<3697.813232, 305.022583, 8241.600586>) quick accessed a lock!
[19:35:46] Player (M. FireStorm, 76561198153058532)(<5733.660156, 480.615234, 15229.815430>) quick accessed a lock!
[19:35:48] Player (M. FireStorm, 76561198153058532)(<5735.728027, 480.547211, 15225.750977>) quick accessed a lock!
[19:35:52] Player (M. FireStorm, 76561198153058532)(<5735.729004, 477.538849, 15225.748047>) quick accessed a lock!
[19:35:54] Player (M. FireStorm, 76561198153058532)(<5735.729004, 477.538849, 15225.748047>) quick accessed a lock!
[19:36:04] Player (M. FireStorm, 76561198153058532)(<5738.168457, 474.616486, 15236.831055>) quick accessed a lock!
[20:15:40] Player (A_Hostile_Noob, 76561198362910441)(<6494.417480, 292.869812, 7391.889160>) quick accessed a lock!
[20:15:53] Player (A_Hostile_Noob, 76561198362910441)(<6486.703125, 295.878174, 7388.309082>) quick accessed a lock!
[20:16:05] Player (A_Hostile_Noob, 76561198362910441)(<6484.234375, 295.945557, 7394.448730>) accessed a lock!
[20:16:05] Player (A_Hostile_Noob, 76561198362910441)(<6484.234375, 295.945557, 7394.448730>) was added as a guest of a lock!
[20:16:12] Player (A_Hostile_Noob, 76561198362910441)(<6484.234375, 295.945557, 7394.448730>) quick accessed a lock!
[20:16:28] Player (A_Hostile_Noob, 76561198362910441)(<6484.234375, 295.945557, 7394.448730>) accessed a lock!
[20:16:28] Player (A_Hostile_Noob, 76561198362910441)(<6484.234375, 295.945557, 7394.448730>) was added as a guest of a lock!
[20:16:36] Player (A_Hostile_Noob, 76561198362910441)(<6486.703125, 295.878174, 7388.309082>) quick accessed a lock!
[20:16:41] Player (A_Hostile_Noob, 76561198362910441)(<6494.417480, 292.869812, 7391.889160>) quick accessed a lock!
[20:26:45] Player (M. FireStorm, 76561198153058532)(<5794.265625, 473.792511, 15225.167969>) quick accessed a lock!
[20:27:48] Player (M. FireStorm, 76561198153058532)(<5746.302246, 474.358978, 15190.466797>) quick accessed a lock!
[20:27:55] Player (M. FireStorm, 76561198153058532)(<5736.681641, 474.201874, 15197.967773>) quick accessed a lock!
[20:28:34] Player (M. FireStorm, 76561198153058532)(<5736.681641, 474.201874, 15197.967773>) quick accessed a lock!
[20:28:38] Player (M. FireStorm, 76561198153058532)(<5737.805176, 474.633850, 15212.271484>) quick accessed a lock!
[20:28:46] Player (M. FireStorm, 76561198153058532)(<5735.729004, 477.538849, 15225.748047>) quick accessed a lock!
[20:28:52] Player (M. FireStorm, 76561198153058532)(<5735.728027, 480.547211, 15225.750977>) quick accessed a lock!
[20:28:57] Player (M. FireStorm, 76561198153058532)(<5733.660156, 480.615234, 15229.815430>) quick accessed a lock!
[20:34:11] Player (M. FireStorm, 76561198153058532)(<5737.401855, 477.624664, 15227.500977>) quick accessed a lock!
[20:46:50] Player (M. FireStorm, 76561198153058532)(<5739.960449, 477.623993, 15215.760742>) quick accessed a lock!
[20:46:55] Player (M. FireStorm, 76561198153058532)(<5743.325195, 480.564178, 15209.271484>) quick accessed a lock!
[20:47:17] Player (M. FireStorm, 76561198153058532)(<5732.001465, 482.252106, 15209.359375>) quick accessed a lock!
[20:48:19] Player (M. FireStorm, 76561198153058532)(<5732.001465, 482.252106, 15209.359375>) quick accessed a lock!
[20:48:39] Player (M. FireStorm, 76561198153058532)(<5745.802246, 477.624207, 15217.144531>) quick accessed a lock!
[20:48:51] Player (M. FireStorm, 76561198153058532)(<5746.302246, 474.358978, 15190.466797>) quick accessed a lock!
[20:48:56] Player (M. FireStorm, 76561198153058532)(<5736.681641, 474.201874, 15197.967773>) quick accessed a lock!
[20:50:14] Player (M. FireStorm, 76561198153058532)(<5709.220215, 474.097504, 15211.759766>) quick accessed a lock!
[20:52:22] Player (M. FireStorm, 76561198153058532)(<5736.681641, 474.201874, 15197.967773>) quick accessed a lock!
[20:52:26] Player (M. FireStorm, 76561198153058532)(<5737.805176, 474.633850, 15212.271484>) quick accessed a lock!
[20:52:28] Player (M. FireStorm, 76561198153058532)(<5736.681641, 474.201874, 15197.967773>) quick accessed a lock!
[20:52:37] Player (M. FireStorm, 76561198153058532)(<5735.729004, 477.538849, 15225.748047>) quick accessed a lock!
[20:53:00] Player (M. FireStorm, 76561198153058532)(<5745.802246, 477.624207, 15217.144531>) removed a lock!
[20:53:12] Player (M. FireStorm, 76561198153058532)(<5746.302246, 474.358978, 15190.466797>) quick accessed a lock!
[20:54:56] Player (M. FireStorm, 76561198153058532)(<5730.156738, 474.598480, 15231.959961>) quick accessed a lock!
[20:56:08] Player (M. FireStorm, 76561198153058532)(<5735.729004, 477.538849, 15225.748047>) quick accessed a lock!
[20:56:31] Player (A_Hostile_Noob, 76561198362910441)(<5739.500488, 477.606873, 15231.192383>) set a new passcode on lock!
[20:56:31] Player (A_Hostile_Noob, 76561198362910441)(<5739.500488, 477.606873, 15231.192383>) claimed ownership of a lock!
[20:56:32] Player (A_Hostile_Noob, 76561198362910441)(<5739.500488, 477.606873, 15231.192383>) quick accessed a lock!
[20:56:41] Player (A_Hostile_Noob, 76561198362910441)(<5739.500488, 477.606873, 15231.192383>) accessed a lock!
[20:56:41] Player (A_Hostile_Noob, 76561198362910441)(<5739.500488, 477.606873, 15231.192383>) was added as a guest of a lock!
[20:57:11] Player (M. FireStorm, 76561198153058532)(<5739.500488, 477.606873, 15231.192383>) attempted to change the passcode to a lock they do not own!
[20:57:17] Player (A_Hostile_Noob, 76561198362910441)(<5739.500488, 477.606873, 15231.192383>) quick accessed a lock!
[20:57:21] Player (M. FireStorm, 76561198153058532)(<5739.500488, 477.606873, 15231.192383>) accessed a lock!
[20:57:21] Player (M. FireStorm, 76561198153058532)(<5739.500488, 477.606873, 15231.192383>) was added as a guest of a lock!
[20:57:40] Player (M. FireStorm, 76561198153058532)(<5745.802246, 477.624207, 15217.144531>) set a new passcode on lock!
[20:57:40] Player (M. FireStorm, 76561198153058532)(<5745.802246, 477.624207, 15217.144531>) claimed ownership of a lock!
[20:58:03] Player (A_Hostile_Noob, 76561198362910441)(<5745.802246, 477.624207, 15217.144531>) accessed a lock!
[20:58:03] Player (A_Hostile_Noob, 76561198362910441)(<5745.802246, 477.624207, 15217.144531>) was added as a guest of a lock!
[20:58:38] Player (M. FireStorm, 76561198153058532)(<5774.948730, 474.356842, 15211.653320>) quick accessed a lock!
[21:01:13] Player (M. FireStorm, 76561198153058532)(<5794.265625, 473.792511, 15225.167969>) quick accessed a lock!
[21:05:45] Player (M. FireStorm, 76561198153058532)(<5794.265625, 473.792511, 15225.167969>) quick accessed a lock!
[21:06:17] Player (M. FireStorm, 76561198153058532)(<5794.265625, 473.792511, 15225.167969>) quick accessed a lock!
[21:08:49] Player (M. FireStorm, 76561198153058532)(<5794.265625, 473.792511, 15225.167969>) quick accessed a lock!
[21:10:43] Player (M. FireStorm, 76561198153058532)(<5774.948730, 474.356842, 15211.653320>) quick accessed a lock!
[21:10:59] Player (M. FireStorm, 76561198153058532)(<5746.302246, 474.358978, 15190.466797>) quick accessed a lock!
[21:15:37] Player (M. FireStorm, 76561198153058532)(<5794.265625, 473.792511, 15225.167969>) quick accessed a lock!
[21:17:38] Player (Sgt.Mad, 76561198003552490)(<3697.813232, 305.022583, 8241.600586>) quick accessed a lock!
[21:18:45] Player (M. FireStorm, 76561198153058532)(<5745.802246, 477.624207, 15217.144531>) quick accessed a lock!
[21:18:59] Player (Sgt.Mad, 76561198003552490)(<3713.406982, 305.016174, 8274.994141>) quick accessed a lock!
[21:19:06] Player (M. FireStorm, 76561198153058532)(<5739.960449, 477.623993, 15215.760742>) quick accessed a lock!
[21:19:26] Player (M. FireStorm, 76561198153058532)(<5732.001465, 482.252106, 15209.359375>) quick accessed a lock!
[21:20:26] Player (Sgt.Mad, 76561198003552490)(<3709.645264, 305.018188, 8264.167969>) quick accessed a lock!
[21:20:49] Player (Sgt.Mad, 76561198003552490)(<3709.645264, 305.018188, 8264.167969>) quick accessed a lock!
[21:21:40] Player (M. FireStorm, 76561198153058532)(<5736.403809, 480.615234, 15218.120117>) quick accessed a lock!
[21:22:19] Player (M. FireStorm, 76561198153058532)(<5739.960449, 477.623993, 15215.760742>) quick accessed a lock!
[21:22:23] Player (M. FireStorm, 76561198153058532)(<5737.401855, 477.624664, 15227.500977>) quick accessed a lock!
[21:22:29] Player (M. FireStorm, 76561198153058532)(<5744.417480, 474.616058, 15222.993164>) quick accessed a lock!
[21:22:34] Player (Sgt.Mad, 76561198003552490)(<3713.406982, 305.016174, 8274.994141>) quick accessed a lock!
[21:22:51] Player (Sgt.Mad, 76561198003552490)(<3713.406982, 305.016174, 8274.994141>) quick accessed a lock!
[21:25:21] Player (M. FireStorm, 76561198153058532)(<5745.802246, 477.624207, 15217.144531>) quick accessed a lock!
[21:25:26] Player (M. FireStorm, 76561198153058532)(<5735.728027, 480.547211, 15225.750977>) quick accessed a lock!
[21:27:28] Player (Sgt.Mad, 76561198003552490)(<3709.645264, 305.018188, 8264.167969>) quick accessed a lock!
[21:28:37] Player (M. FireStorm, 76561198153058532)(<5743.325195, 480.564178, 15209.271484>) quick accessed a lock!
[21:33:22] Player (M. FireStorm, 76561198153058532)(<5746.302246, 474.358978, 15190.466797>) quick accessed a lock!
[21:33:25] Player (M. FireStorm, 76561198153058532)(<5736.681641, 474.201874, 15197.967773>) quick accessed a lock!
[21:34:45] Player (M. FireStorm, 76561198153058532)(<5735.728027, 480.547211, 15225.750977>) quick accessed a lock!
[00:19:37] Player (A_Hostile_Noob, 76561198362910441)(<5745.802246, 477.624207, 15217.144531>) quick accessed a lock!
[00:20:49] Player (A_Hostile_Noob, 76561198362910441)(<5739.500488, 477.606873, 15231.192383>) quick accessed a lock!
[00:21:17] Player (A_Hostile_Noob, 76561198362910441)(<5745.802246, 477.624207, 15217.144531>) quick accessed a lock!
[00:21:33] Player (A_Hostile_Noob, 76561198362910441)(<5744.417480, 474.616058, 15222.993164>) accessed a lock!
[00:21:33] Player (A_Hostile_Noob, 76561198362910441)(<5744.417480, 474.616058, 15222.993164>) was added as a guest of a lock!
[00:22:20] Player (A_Hostile_Noob, 76561198362910441)(<5730.156738, 474.598480, 15231.959961>) accessed a lock!
[00:22:20] Player (A_Hostile_Noob, 76561198362910441)(<5730.156738, 474.598480, 15231.959961>) was added as a guest of a lock!
[00:22:22] Player (A_Hostile_Noob, 76561198362910441)(<5730.156738, 474.598480, 15231.959961>) quick accessed a lock!
[00:22:32] Player (A_Hostile_Noob, 76561198362910441)(<5730.156738, 474.598480, 15231.959961>) quick accessed a lock!
[00:22:55] Player (A_Hostile_Noob, 76561198362910441)(<5730.156738, 474.598480, 15231.959961>) quick accessed a lock!
[00:22:58] Player (A_Hostile_Noob, 76561198362910441)(<5730.156738, 474.598480, 15231.959961>) quick accessed a lock!
[00:23:05] Player (A_Hostile_Noob, 76561198362910441)(<5730.156738, 474.598480, 15231.959961>) quick accessed a lock!
[00:23:09] Player (A_Hostile_Noob, 76561198362910441)(<5730.156738, 474.598480, 15231.959961>) quick accessed a lock!
[00:23:14] Player (A_Hostile_Noob, 76561198362910441)(<5730.156738, 474.598480, 15231.959961>) quick accessed a lock!
[00:23:21] Player (A_Hostile_Noob, 76561198362910441)(<5730.156738, 474.598480, 15231.959961>) quick accessed a lock!
[00:25:28] Player (A_Hostile_Noob, 76561198362910441)(<5730.156738, 474.598480, 15231.959961>) quick accessed a lock!
[00:25:38] Player (A_Hostile_Noob, 76561198362910441)(<5744.417480, 474.616058, 15222.993164>) quick accessed a lock!
[00:26:29] Player (Ragnar Odinsson, 76561198120496196)(<6494.417480, 292.869812, 7391.889160>) quick accessed a lock!
[00:27:34] Player (Ragnar Odinsson, 76561198120496196)(<6462.303223, 288.009430, 7408.134277>) quick accessed a lock!
[00:30:26] Player (A_Hostile_Noob, 76561198362910441)(<5794.265625, 473.792511, 15225.167969>) accessed a lock!
[00:30:26] Player (A_Hostile_Noob, 76561198362910441)(<5794.265625, 473.792511, 15225.167969>) was added as a guest of a lock!
[00:34:15] Player (Capwell, 76561198079984427)(<11891.621094, 140.000000, 12490.179688>) quick accessed a lock!
[00:37:42] Player (Ragnar Odinsson, 76561198120496196)(<11886.837891, 140.094803, 12438.333984>) quick accessed a lock!
[00:38:17] Player (A_Hostile_Noob, 76561198362910441)(<5744.417480, 474.616058, 15222.993164>) quick accessed a lock!
[00:38:25] Player (A_Hostile_Noob, 76561198362910441)(<5730.156738, 474.598480, 15231.959961>) quick accessed a lock!
[00:40:22] Player (Ragnar Odinsson, 76561198120496196)(<11886.837891, 140.094803, 12438.333984>) quick accessed a lock!
[00:40:56] Player (A_Hostile_Noob, 76561198362910441)(<5730.156738, 474.598480, 15231.959961>) quick accessed a lock!
[00:41:03] Player (A_Hostile_Noob, 76561198362910441)(<5744.417480, 474.616058, 15222.993164>) quick accessed a lock!
[00:49:15] Player (A_Hostile_Noob, 76561198362910441)(<5744.417480, 474.616058, 15222.993164>) quick accessed a lock!
[00:49:25] Player (A_Hostile_Noob, 76561198362910441)(<5730.156738, 474.598480, 15231.959961>) quick accessed a lock!
[00:49:28] Player (A_Hostile_Noob, 76561198362910441)(<5730.156738, 474.598480, 15231.959961>) quick accessed a lock!
[00:50:46] Player (Ragnar Odinsson, 76561198120496196)(<6467.832520, 287.828979, 7408.062012>) quick accessed a lock!
[01:03:04] Player (Ragnar Odinsson, 76561198120496196)(<11886.837891, 140.094803, 12438.333984>) quick accessed a lock!
[01:06:00] Player (Ragnar Odinsson, 76561198120496196)(<11871.750977, 140.000000, 12461.352539>) quick accessed a lock!
[01:07:39] Player (Ragnar Odinsson, 76561198120496196)(<11871.750977, 140.000000, 12461.352539>) quick accessed a lock!
[01:08:42] Player (Ragnar Odinsson, 76561198120496196)(<11868.218750, 140.000000, 12456.052734>) quick accessed a lock!
[01:10:21] Player (Ragnar Odinsson, 76561198120496196)(<11890.299805, 140.024658, 12443.185547>) quick accessed a lock!
[01:11:20] Player (Ragnar Odinsson, 76561198120496196)(<11891.621094, 140.000000, 12490.179688>) quick accessed a lock!
[01:14:46] Player (Ragnar Odinsson, 76561198120496196)(<11891.621094, 140.000000, 12490.179688>) quick accessed a lock!
[01:17:02] Player (Ragnar Odinsson, 76561198120496196)(<11891.621094, 140.000000, 12490.179688>) quick accessed a lock!
[01:38:03] Player (Ragnar Odinsson, 76561198120496196)(<11874.084961, 140.044266, 12447.125977>) quick accessed a lock!
[01:38:13] Player (Ragnar Odinsson, 76561198120496196)(<11891.621094, 140.000000, 12490.179688>) quick accessed a lock!
[02:10:01] Player (Ragnar Odinsson, 76561198120496196)(<11874.084961, 140.044266, 12447.125977>) quick accessed a lock!
[02:50:18] Player (Ragnar Odinsson, 76561198120496196)(<11874.080078, 140.008255, 12447.407227>) set a new passcode on lock!
[02:50:18] Player (Ragnar Odinsson, 76561198120496196)(<11874.080078, 140.008255, 12447.407227>) claimed ownership of a lock!
[02:50:20] Player (Ragnar Odinsson, 76561198120496196)(<11874.080078, 140.008255, 12447.407227>) quick accessed a lock!
[02:50:31] Player (Ragnar Odinsson, 76561198120496196)(<11891.621094, 140.000000, 12490.179688>) quick accessed a lock!
[02:55:55] Player (Ragnar Odinsson, 76561198120496196)(<11891.621094, 140.000000, 12490.179688>) quick accessed a lock!
[03:00:50] Player (Ragnar Odinsson, 76561198120496196)(<11874.080078, 140.008255, 12447.407227>) quick accessed a lock!
[03:01:49] Player (Ragnar Odinsson, 76561198120496196)(<11848.901367, 140.081055, 12423.490234>) quick accessed a lock!
[03:14:29] Player (Ragnar Odinsson, 76561198120496196)(<11848.901367, 140.081055, 12423.490234>) quick accessed a lock!
[03:28:16] Player (Ragnar Odinsson, 76561198120496196)(<11890.299805, 140.024658, 12443.185547>) quick accessed a lock!
