[07-02-2021][04.44.01] New Access Log File Created!
[12:25:12] Player (A_Hostile_Noob, 76561198362910441)(<5730.156738, 474.598480, 15231.959961>) quick accessed a lock!
[12:25:21] Player (A_Hostile_Noob, 76561198362910441)(<5744.417480, 474.616058, 15222.993164>) quick accessed a lock!
[12:30:41] Player (A_Hostile_Noob, 76561198362910441)(<5794.265625, 473.792511, 15225.167969>) quick accessed a lock!
[12:35:52] Player (A_Hostile_Noob, 76561198362910441)(<5794.265625, 473.792511, 15225.167969>) quick accessed a lock!
[12:36:09] Player (A_Hostile_Noob, 76561198362910441)(<5744.417480, 474.616058, 15222.993164>) quick accessed a lock!
[12:36:18] Player (A_Hostile_Noob, 76561198362910441)(<5730.156738, 474.598480, 15231.959961>) quick accessed a lock!
[12:36:19] Player (A_Hostile_Noob, 76561198362910441)(<5730.156738, 474.598480, 15231.959961>) quick accessed a lock!
[12:37:26] Player (A_Hostile_Noob, 76561198362910441)(<5730.156738, 474.598480, 15231.959961>) quick accessed a lock!
[12:37:34] Player (A_Hostile_Noob, 76561198362910441)(<5744.417480, 474.616058, 15222.993164>) quick accessed a lock!
[12:42:23] Player (A_Hostile_Noob, 76561198362910441)(<5794.265625, 473.792511, 15225.167969>) quick accessed a lock!
[12:43:26] Player (M. FireStorm, 76561198153058532)(<5736.403809, 480.615234, 15218.120117>) quick accessed a lock!
[12:43:31] Player (M. FireStorm, 76561198153058532)(<5743.325195, 480.564178, 15209.271484>) quick accessed a lock!
[12:43:38] Player (M. FireStorm, 76561198153058532)(<5739.960449, 477.623993, 15215.760742>) quick accessed a lock!
[12:43:43] Player (M. FireStorm, 76561198153058532)(<5745.802246, 477.624207, 15217.144531>) quick accessed a lock!
[12:44:09] Player (M. FireStorm, 76561198153058532)(<5794.265625, 473.792511, 15225.167969>) quick accessed a lock!
[12:44:25] Player (M. FireStorm, 76561198153058532)(<5794.265625, 473.792511, 15225.167969>) quick accessed a lock!
[12:44:26] Player (A_Hostile_Noob, 76561198362910441)(<5794.265625, 473.792511, 15225.167969>) quick accessed a lock!
[12:45:23] Player (M. FireStorm, 76561198153058532)(<5746.302246, 474.358978, 15190.466797>) quick accessed a lock!
[12:45:28] Player (M. FireStorm, 76561198153058532)(<5736.681641, 474.201874, 15197.967773>) quick accessed a lock!
[12:45:56] Player (M. FireStorm, 76561198153058532)(<5736.681641, 474.201874, 15197.967773>) quick accessed a lock!
[12:46:06] Player (M. FireStorm, 76561198153058532)(<5737.805176, 474.633850, 15212.271484>) quick accessed a lock!
[12:46:12] Player (M. FireStorm, 76561198153058532)(<5735.729004, 477.538849, 15225.748047>) quick accessed a lock!
[12:46:17] Player (M. FireStorm, 76561198153058532)(<5737.401855, 477.624664, 15227.500977>) quick accessed a lock!
[12:46:21] Player (A_Hostile_Noob, 76561198362910441)(<5739.500488, 477.606873, 15231.192383>) quick accessed a lock!
[12:46:25] Player (M. FireStorm, 76561198153058532)(<5735.728027, 480.547211, 15225.750977>) quick accessed a lock!
[12:46:30] Player (M. FireStorm, 76561198153058532)(<5733.660156, 480.615234, 15229.815430>) quick accessed a lock!
[12:47:01] Player (A_Hostile_Noob, 76561198362910441)(<5739.500488, 477.606873, 15231.192383>) quick accessed a lock!
[12:50:35] Player (A_Hostile_Noob, 76561198362910441)(<5730.156738, 474.598480, 15231.959961>) quick accessed a lock!
[12:50:45] Player (M. FireStorm, 76561198153058532)(<5737.805176, 474.633850, 15212.271484>) quick accessed a lock!
[12:50:48] Player (M. FireStorm, 76561198153058532)(<5736.681641, 474.201874, 15197.967773>) quick accessed a lock!
[12:51:43] Player (M. FireStorm, 76561198153058532)(<5746.302246, 474.358978, 15190.466797>) quick accessed a lock!
[12:52:42] Player (A_Hostile_Noob, 76561198362910441)(<5746.630859, 474.770782, 15166.892578>) accessed a lock!
[12:52:42] Player (A_Hostile_Noob, 76561198362910441)(<5746.630859, 474.770782, 15166.892578>) was added as a guest of a lock!
[12:53:37] Player (A_Hostile_Noob, 76561198362910441)(<5794.265625, 473.792511, 15225.167969>) quick accessed a lock!
[12:53:39] Player (A_Hostile_Noob, 76561198362910441)(<5794.265625, 473.792511, 15225.167969>) quick accessed a lock!
[14:13:16] Player (M. FireStorm, 76561198153058532)(<5794.265625, 473.792511, 15225.167969>) quick accessed a lock!
[14:14:51] Player (M. FireStorm, 76561198153058532)(<5746.302246, 474.358978, 15190.466797>) quick accessed a lock!
[14:14:57] Player (M. FireStorm, 76561198153058532)(<5736.681641, 474.201874, 15197.967773>) quick accessed a lock!
[14:17:15] Player (M. FireStorm, 76561198153058532)(<5736.681641, 474.201874, 15197.967773>) removed a lock!
[14:17:41] Player (M. FireStorm, 76561198153058532)(<5736.681641, 474.201874, 15197.967773>) set a new passcode on lock!
[14:17:41] Player (M. FireStorm, 76561198153058532)(<5736.681641, 474.201874, 15197.967773>) claimed ownership of a lock!
[14:17:42] Player (M. FireStorm, 76561198153058532)(<5736.681641, 474.201874, 15197.967773>) quick accessed a lock!
[14:19:07] Player (M. FireStorm, 76561198153058532)(<5746.302246, 474.358978, 15190.466797>) quick accessed a lock!
[14:20:19] Player (M. FireStorm, 76561198153058532)(<5737.805176, 474.633850, 15212.271484>) quick accessed a lock!
[14:20:25] Player (M. FireStorm, 76561198153058532)(<5730.156738, 474.598480, 15231.959961>) quick accessed a lock!
[14:39:18] Player (M. FireStorm, 76561198153058532)(<5735.729004, 477.538849, 15225.748047>) quick accessed a lock!
[14:39:23] Player (M. FireStorm, 76561198153058532)(<5735.728027, 480.547211, 15225.750977>) quick accessed a lock!
[14:39:28] Player (M. FireStorm, 76561198153058532)(<5733.660156, 480.615234, 15229.815430>) quick accessed a lock!
[14:41:22] Player (M. FireStorm, 76561198153058532)(<5735.729004, 477.538849, 15225.748047>) quick accessed a lock!
[14:47:53] Player (M. FireStorm, 76561198153058532)(<5794.265625, 473.792511, 15225.167969>) quick accessed a lock!
[14:57:47] Player (M. FireStorm, 76561198153058532)(<5709.220215, 474.097504, 15211.759766>) quick accessed a lock!
[14:57:49] Player (M. FireStorm, 76561198153058532)(<5709.220215, 474.097504, 15211.759766>) quick accessed a lock!
[14:58:00] Player (M. FireStorm, 76561198153058532)(<5736.681641, 474.201874, 15197.967773>) quick accessed a lock!
[14:58:05] Player (M. FireStorm, 76561198153058532)(<5737.805176, 474.633850, 15212.271484>) quick accessed a lock!
[14:58:10] Player (M. FireStorm, 76561198153058532)(<5735.729004, 477.538849, 15225.748047>) quick accessed a lock!
[14:58:16] Player (M. FireStorm, 76561198153058532)(<5735.728027, 480.547211, 15225.750977>) quick accessed a lock!
[14:58:20] Player (M. FireStorm, 76561198153058532)(<5733.660156, 480.615234, 15229.815430>) quick accessed a lock!
[14:59:43] Player (M. FireStorm, 76561198153058532)(<5746.302246, 474.358978, 15190.466797>) quick accessed a lock!
[14:59:52] Player (M. FireStorm, 76561198153058532)(<5746.302246, 474.358978, 15190.466797>) quick accessed a lock!
[15:01:22] Player (M. FireStorm, 76561198153058532)(<5709.220215, 474.097504, 15211.759766>) quick accessed a lock!
[15:32:05] Player (Ragnar Odinsson, 76561198120496196)(<11891.621094, 140.000000, 12490.179688>) quick accessed a lock!
[07-02-2021][15.43.10] Log file reloaded ( Server Restart )
[16:45:44] Player (A_Hostile_Noob, 76561198362910441)(<5794.265625, 473.792511, 15225.167969>) quick accessed a lock!
[16:49:28] Player (M. FireStorm, 76561198153058532)(<5744.417480, 474.616058, 15222.993164>) quick accessed a lock!
[16:50:25] Player (M. FireStorm, 76561198153058532)(<5730.156738, 474.598480, 15231.959961>) quick accessed a lock!
[16:51:18] Player (M. FireStorm, 76561198153058532)(<5735.729004, 477.538849, 15225.748047>) quick accessed a lock!
[16:51:24] Player (M. FireStorm, 76561198153058532)(<5735.728027, 480.547211, 15225.750977>) quick accessed a lock!
[16:51:29] Player (M. FireStorm, 76561198153058532)(<5733.660156, 480.615234, 15229.815430>) quick accessed a lock!
[17:08:05] Player (M. FireStorm, 76561198153058532)(<5709.220215, 474.097504, 15211.759766>) quick accessed a lock!
[17:10:17] Player (M. FireStorm, 76561198153058532)(<5744.417480, 474.616058, 15222.993164>) quick accessed a lock!
