[07-03-2021][00.19.16] New Access Log File Created!
[01:00:59] Player (Ragnar Odinsson, 76561198120496196)(<11886.837891, 140.094803, 12438.333984>) quick accessed a lock!
[01:01:05] Player (Ragnar Odinsson, 76561198120496196)(<11886.837891, 140.094803, 12438.333984>) quick accessed a lock!
[01:03:09] Player (Ragnar Odinsson, 76561198120496196)(<11874.080078, 140.008255, 12447.407227>) quick accessed a lock!
[01:03:13] Player (Capwell, 76561198079984427)(<11874.080078, 140.008255, 12447.407227>) accessed a lock!
[01:03:13] Player (Capwell, 76561198079984427)(<11874.080078, 140.008255, 12447.407227>) was added as a guest of a lock!
[01:03:16] Player (Capwell, 76561198079984427)(<11874.080078, 140.008255, 12447.407227>) quick accessed a lock!
[01:03:29] Player (Capwell, 76561198079984427)(<11891.621094, 140.000000, 12490.179688>) quick accessed a lock!
[01:06:36] Player (Ragnar Odinsson, 76561198120496196)(<11871.750977, 140.000000, 12461.352539>) quick accessed a lock!
[01:11:05] Player (Ragnar Odinsson, 76561198120496196)(<11871.750977, 140.000000, 12461.352539>) quick accessed a lock!
[01:20:40] Player (Capwell, 76561198079984427)(<11874.080078, 140.008255, 12447.407227>) quick accessed a lock!
[01:21:29] Player (Ragnar Odinsson, 76561198120496196)(<11874.080078, 140.008255, 12447.407227>) quick accessed a lock!
[01:21:44] Player (Ragnar Odinsson, 76561198120496196)(<11886.837891, 140.094803, 12438.333984>) quick accessed a lock!
[01:28:15] Player (Ragnar Odinsson, 76561198120496196)(<11871.750977, 140.000000, 12461.352539>) quick accessed a lock!
[01:35:57] Player (Ragnar Odinsson, 76561198120496196)(<11891.621094, 140.000000, 12490.179688>) quick accessed a lock!
[01:51:41] Player (Ragnar Odinsson, 76561198120496196)(<11874.080078, 140.008255, 12447.407227>) quick accessed a lock!
[01:54:12] Player (Ragnar Odinsson, 76561198120496196)(<11891.621094, 140.000000, 12490.179688>) quick accessed a lock!
[01:56:25] Player (Ragnar Odinsson, 76561198120496196)(<11891.621094, 140.000000, 12490.179688>) quick accessed a lock!
[01:59:53] Player (Ragnar Odinsson, 76561198120496196)(<11891.621094, 140.000000, 12490.179688>) quick accessed a lock!
[02:02:42] Player (Capwell, 76561198079984427)(<11891.621094, 140.000000, 12490.179688>) quick accessed a lock!
[02:05:08] Player (Ragnar Odinsson, 76561198120496196)(<11886.837891, 140.094803, 12438.333984>) quick accessed a lock!
[07-03-2021][11.33.41] Log file reloaded ( Server Restart )
[12:12:21] Player (A_Hostile_Noob, 76561198362910441)(<5794.265625, 473.792511, 15225.167969>) quick accessed a lock!
[12:28:34] Player (A_Hostile_Noob, 76561198362910441)(<5794.265625, 473.792511, 15225.167969>) quick accessed a lock!
[15:57:11] Player (Ragnar Odinsson, 76561198120496196)(<11891.621094, 140.000000, 12490.179688>) quick accessed a lock!
[16:00:04] Player (Ragnar Odinsson, 76561198120496196)(<11886.837891, 140.094803, 12438.333984>) quick accessed a lock!
[16:07:25] Player (Ragnar Odinsson, 76561198120496196)(<11871.750977, 140.000000, 12461.352539>) quick accessed a lock!
[16:08:03] Player (Ragnar Odinsson, 76561198120496196)(<11886.837891, 140.094803, 12438.333984>) quick accessed a lock!
[16:10:08] Player (A_Hostile_Noob, 76561198362910441)(<11874.080078, 140.008255, 12447.407227>) accessed a lock!
[16:10:08] Player (A_Hostile_Noob, 76561198362910441)(<11874.080078, 140.008255, 12447.407227>) was added as a guest of a lock!
[16:11:01] Player (Ragnar Odinsson, 76561198120496196)(<11891.621094, 140.000000, 12490.179688>) quick accessed a lock!
[16:12:30] Player (Ragnar Odinsson, 76561198120496196)(<11848.901367, 140.081055, 12423.490234>) quick accessed a lock!
[16:13:34] Player (Ragnar Odinsson, 76561198120496196)(<11848.901367, 140.081055, 12423.490234>) quick accessed a lock!
[16:13:46] Player (Ragnar Odinsson, 76561198120496196)(<11874.080078, 140.008255, 12447.407227>) quick accessed a lock!
[16:15:33] Player (Ragnar Odinsson, 76561198120496196)(<11886.705078, 140.094803, 12440.722656>) set a new passcode on lock!
[16:15:33] Player (Ragnar Odinsson, 76561198120496196)(<11886.705078, 140.094803, 12440.722656>) claimed ownership of a lock!
[16:17:11] Player (Ragnar Odinsson, 76561198120496196)(<11871.750977, 140.000000, 12461.352539>) quick accessed a lock!
[16:18:12] Player (A_Hostile_Noob, 76561198362910441)(<11891.621094, 140.000000, 12490.179688>) accessed a lock!
[16:18:12] Player (A_Hostile_Noob, 76561198362910441)(<11891.621094, 140.000000, 12490.179688>) was added as a guest of a lock!
[16:21:40] Player (Ragnar Odinsson, 76561198120496196)(<11848.901367, 140.081055, 12423.490234>) quick accessed a lock!
[16:25:16] Player (Ragnar Odinsson, 76561198120496196)(<11871.750977, 140.000000, 12461.352539>) quick accessed a lock!
[16:34:09] Player (Ragnar Odinsson, 76561198120496196)(<11891.621094, 140.000000, 12490.179688>) quick accessed a lock!
[16:42:24] Player (Ragnar Odinsson, 76561198120496196)(<11871.750977, 140.000000, 12461.352539>) quick accessed a lock!
[16:59:36] Player (A_Hostile_Noob, 76561198362910441)(<11891.621094, 140.000000, 12490.179688>) quick accessed a lock!
[17:08:32] Player (A_Hostile_Noob, 76561198362910441)(<11891.621094, 140.000000, 12490.179688>) quick accessed a lock!
[17:14:33] Player (A_Hostile_Noob, 76561198362910441)(<11891.621094, 140.000000, 12490.179688>) quick accessed a lock!
[17:15:36] Player (A_Hostile_Noob, 76561198362910441)(<11891.621094, 140.000000, 12490.179688>) quick accessed a lock!
[17:17:08] Player (A_Hostile_Noob, 76561198362910441)(<11891.621094, 140.000000, 12490.179688>) quick accessed a lock!
[17:17:38] Player (A_Hostile_Noob, 76561198362910441)(<11891.621094, 140.000000, 12490.179688>) quick accessed a lock!
[17:30:24] Player (A_Hostile_Noob, 76561198362910441)(<11891.621094, 140.000000, 12490.179688>) quick accessed a lock!
[17:38:11] Player (A_Hostile_Noob, 76561198362910441)(<11891.621094, 140.000000, 12490.179688>) quick accessed a lock!
[17:38:39] Player (A_Hostile_Noob, 76561198362910441)(<11891.621094, 140.000000, 12490.179688>) quick accessed a lock!
[17:39:00] Player (A_Hostile_Noob, 76561198362910441)(<11891.621094, 140.000000, 12490.179688>) quick accessed a lock!
[17:53:27] Player (Sgt.Mad, 76561198003552490)(<3713.406982, 305.016174, 8274.994141>) quick accessed a lock!
[17:53:31] Player (Sgt.Mad, 76561198003552490)(<3713.406982, 305.016174, 8274.994141>) quick accessed a lock!
[17:54:10] Player (Sgt.Mad, 76561198003552490)(<3709.645264, 305.018188, 8264.167969>) quick accessed a lock!
[17:54:17] Player (Sgt.Mad, 76561198003552490)(<3707.690918, 305.086304, 8264.069336>) quick accessed a lock!
[17:57:47] Player (Sgt.Mad, 76561198003552490)(<3713.406982, 305.016174, 8274.994141>) quick accessed a lock!
[17:57:52] Player (Sgt.Mad, 76561198003552490)(<3709.645264, 305.018188, 8264.167969>) quick accessed a lock!
[17:57:55] Player (Sgt.Mad, 76561198003552490)(<3709.645264, 305.018188, 8264.167969>) quick accessed a lock!
[17:57:59] Player (Sgt.Mad, 76561198003552490)(<3713.406982, 305.016174, 8274.994141>) quick accessed a lock!
[17:58:34] Player (Sgt.Mad, 76561198003552490)(<3709.645264, 305.018188, 8264.167969>) quick accessed a lock!
[18:16:37] Player (Sgt.Mad, 76561198003552490)(<3697.813232, 305.022583, 8241.600586>) quick accessed a lock!
[18:16:50] Player (Sgt.Mad, 76561198003552490)(<3697.813232, 305.022583, 8241.600586>) quick accessed a lock!
[18:17:44] Player (Sgt.Mad, 76561198003552490)(<3713.406982, 305.016174, 8274.994141>) quick accessed a lock!
[18:18:00] Player (Sgt.Mad, 76561198003552490)(<3709.645264, 305.018188, 8264.167969>) quick accessed a lock!
[18:19:47] Player (Sgt.Mad, 76561198003552490)(<3713.406982, 305.016174, 8274.994141>) quick accessed a lock!
[18:21:58] Player (A_Hostile_Noob, 76561198362910441)(<11874.080078, 140.008255, 12447.407227>) quick accessed a lock!
[18:24:54] Player (A_Hostile_Noob, 76561198362910441)(<11874.080078, 140.008255, 12447.407227>) quick accessed a lock!
[18:24:59] Player (A_Hostile_Noob, 76561198362910441)(<11874.080078, 140.008255, 12447.407227>) quick accessed a lock!
[18:25:41] Player (Sgt.Mad, 76561198003552490)(<3709.645264, 305.018188, 8264.167969>) quick accessed a lock!
[18:29:11] Player (Capwell, 76561198079984427)(<11874.080078, 140.008255, 12447.407227>) quick accessed a lock!
[18:29:37] Player (Sgt.Mad, 76561198003552490)(<3709.645264, 305.018188, 8264.167969>) quick accessed a lock!
[18:32:11] Player (A_Hostile_Noob, 76561198362910441)(<11874.080078, 140.008255, 12447.407227>) quick accessed a lock!
[18:32:35] Player (Capwell, 76561198079984427)(<11874.080078, 140.008255, 12447.407227>) quick accessed a lock!
[18:33:42] Player (Capwell, 76561198079984427)(<11874.080078, 140.008255, 12447.407227>) quick accessed a lock!
[18:34:03] Player (A_Hostile_Noob, 76561198362910441)(<11874.080078, 140.008255, 12447.407227>) quick accessed a lock!
[18:34:52] Player (Capwell, 76561198079984427)(<11891.621094, 140.000000, 12490.179688>) quick accessed a lock!
[18:35:19] Player (A_Hostile_Noob, 76561198362910441)(<11874.080078, 140.008255, 12447.407227>) quick accessed a lock!
[18:35:36] Player (Capwell, 76561198079984427)(<11891.621094, 140.000000, 12490.179688>) quick accessed a lock!
[18:35:41] Player (Sgt.Mad, 76561198003552490)(<3709.645264, 305.018188, 8264.167969>) quick accessed a lock!
[18:36:44] Player (Sgt.Mad, 76561198003552490)(<3707.690918, 305.086304, 8264.069336>) quick accessed a lock!
[18:38:47] Player (Capwell, 76561198079984427)(<11891.621094, 140.000000, 12490.179688>) quick accessed a lock!
[18:42:18] Player (Sgt.Mad, 76561198003552490)(<3709.645264, 305.018188, 8264.167969>) quick accessed a lock!
[18:42:23] Player (Capwell, 76561198079984427)(<11891.621094, 140.000000, 12490.179688>) quick accessed a lock!
[18:42:48] Player (Capwell, 76561198079984427)(<11874.080078, 140.008255, 12447.407227>) quick accessed a lock!
[18:42:49] Player (Sgt.Mad, 76561198003552490)(<3697.813232, 305.022583, 8241.600586>) quick accessed a lock!
[18:42:59] Player (Capwell, 76561198079984427)(<11890.299805, 140.024658, 12443.185547>) accessed a lock!
[18:42:59] Player (Capwell, 76561198079984427)(<11890.299805, 140.024658, 12443.185547>) was added as a guest of a lock!
[18:43:28] Player (Capwell, 76561198079984427)(<11848.901367, 140.081055, 12423.490234>) quick accessed a lock!
[18:44:03] Player (Capwell, 76561198079984427)(<11890.299805, 140.024658, 12443.185547>) quick accessed a lock!
[18:44:30] Player (Capwell, 76561198079984427)(<11874.080078, 140.008255, 12447.407227>) quick accessed a lock!
[18:49:26] Player (Sgt.Mad, 76561198003552490)(<3697.813232, 305.022583, 8241.600586>) quick accessed a lock!
[19:01:38] Player (M. FireStorm, 76561198153058532)(<5746.302246, 474.358978, 15190.466797>) quick accessed a lock!
[19:01:45] Player (M. FireStorm, 76561198153058532)(<5737.805176, 474.633850, 15212.271484>) quick accessed a lock!
[19:01:50] Player (M. FireStorm, 76561198153058532)(<5736.681641, 474.201874, 15197.967773>) quick accessed a lock!
[19:03:07] Player (Sgt.Mad, 76561198003552490)(<3709.645264, 305.018188, 8264.167969>) quick accessed a lock!
[19:03:16] Player (Sgt.Mad, 76561198003552490)(<3713.406982, 305.016174, 8274.994141>) quick accessed a lock!
[19:03:42] Player (Sgt.Mad, 76561198003552490)(<3709.645264, 305.018188, 8264.167969>) quick accessed a lock!
[19:06:10] Player (M. FireStorm, 76561198153058532)(<5737.805176, 474.633850, 15212.271484>) quick accessed a lock!
[19:08:11] Player (Sgt.Mad, 76561198003552490)(<3697.813232, 305.022583, 8241.600586>) quick accessed a lock!
[19:10:24] Player (M. FireStorm, 76561198153058532)(<5730.156738, 474.598480, 15231.959961>) quick accessed a lock!
[19:10:27] Player (M. FireStorm, 76561198153058532)(<5730.156738, 474.598480, 15231.959961>) quick accessed a lock!
[19:11:10] Player (M. FireStorm, 76561198153058532)(<5737.805176, 474.633850, 15212.271484>) quick accessed a lock!
[19:11:14] Player (Sgt.Mad, 76561198003552490)(<3697.813232, 305.022583, 8241.600586>) quick accessed a lock!
[19:11:46] Player (Sgt.Mad, 76561198003552490)(<3697.813232, 305.022583, 8241.600586>) quick accessed a lock!
[19:12:06] Player (M. FireStorm, 76561198153058532)(<5737.805176, 474.633850, 15212.271484>) quick accessed a lock!
[19:12:14] Player (M. FireStorm, 76561198153058532)(<5735.729004, 477.538849, 15225.748047>) quick accessed a lock!
[19:12:19] Player (M. FireStorm, 76561198153058532)(<5735.728027, 480.547211, 15225.750977>) quick accessed a lock!
[19:12:24] Player (M. FireStorm, 76561198153058532)(<5733.660156, 480.615234, 15229.815430>) quick accessed a lock!
[19:13:20] Player (Sgt.Mad, 76561198003552490)(<3697.813232, 305.022583, 8241.600586>) quick accessed a lock!
[19:13:26] Player (Sgt.Mad, 76561198003552490)(<3697.813232, 305.022583, 8241.600586>) quick accessed a lock!
[19:14:30] Player (M. FireStorm, 76561198153058532)(<5733.660156, 480.615234, 15229.815430>) quick accessed a lock!
[19:14:32] Player (M. FireStorm, 76561198153058532)(<5735.728027, 480.547211, 15225.750977>) quick accessed a lock!
[19:14:40] Player (M. FireStorm, 76561198153058532)(<5737.401855, 477.624664, 15227.500977>) quick accessed a lock!
[19:14:45] Player (M. FireStorm, 76561198153058532)(<5739.960449, 477.623993, 15215.760742>) quick accessed a lock!
[19:14:50] Player (M. FireStorm, 76561198153058532)(<5743.325195, 480.564178, 15209.271484>) quick accessed a lock!
[19:14:55] Player (M. FireStorm, 76561198153058532)(<5732.001465, 482.252106, 15209.359375>) quick accessed a lock!
[19:15:34] Player (M. FireStorm, 76561198153058532)(<5743.325195, 480.564178, 15209.271484>) quick accessed a lock!
[19:15:43] Player (M. FireStorm, 76561198153058532)(<5739.960449, 477.623993, 15215.760742>) quick accessed a lock!
[19:15:47] Player (M. FireStorm, 76561198153058532)(<5745.802246, 477.624207, 15217.144531>) quick accessed a lock!
[19:16:27] Player (M. FireStorm, 76561198153058532)(<5746.302246, 474.358978, 15190.466797>) quick accessed a lock!
[19:16:40] Player (M. FireStorm, 76561198153058532)(<5736.681641, 474.201874, 15197.967773>) quick accessed a lock!
[19:18:20] Player (M. FireStorm, 76561198153058532)(<5736.681641, 474.201874, 15197.967773>) quick accessed a lock!
[19:18:32] Player (M. FireStorm, 76561198153058532)(<5737.805176, 474.633850, 15212.271484>) quick accessed a lock!
[19:18:41] Player (M. FireStorm, 76561198153058532)(<5735.729004, 477.538849, 15225.748047>) quick accessed a lock!
[19:18:43] Player (M. FireStorm, 76561198153058532)(<5737.401855, 477.624664, 15227.500977>) quick accessed a lock!
[19:18:46] Player (M. FireStorm, 76561198153058532)(<5739.500488, 477.606873, 15231.192383>) quick accessed a lock!
[19:19:01] Player (M. FireStorm, 76561198153058532)(<5745.802246, 477.624207, 15217.144531>) quick accessed a lock!
[19:19:21] Player (M. FireStorm, 76561198153058532)(<5746.630859, 474.770782, 15166.892578>) quick accessed a lock!
[19:31:46] Player (Sgt.Mad, 76561198003552490)(<3697.813232, 305.022583, 8241.600586>) quick accessed a lock!
[19:40:34] Player (Sgt.Mad, 76561198003552490)(<3697.813232, 305.022583, 8241.600586>) quick accessed a lock!
[19:43:45] Player (Sgt.Mad, 76561198003552490)(<3697.813232, 305.022583, 8241.600586>) quick accessed a lock!
[19:44:13] Player (Sgt.Mad, 76561198003552490)(<3697.813232, 305.022583, 8241.600586>) quick accessed a lock!
[19:44:18] Player (Sgt.Mad, 76561198003552490)(<3697.813232, 305.022583, 8241.600586>) quick accessed a lock!
[20:00:07] Player (Sgt.Mad, 76561198003552490)(<3697.813232, 305.022583, 8241.600586>) quick accessed a lock!
[20:00:43] Player (Sgt.Mad, 76561198003552490)(<3697.813232, 305.022583, 8241.600586>) quick accessed a lock!
[20:03:39] Player (Sgt.Mad, 76561198003552490)(<3697.813232, 305.022583, 8241.600586>) quick accessed a lock!
[20:10:33] Player (Sgt.Mad, 76561198003552490)(<3697.813232, 305.022583, 8241.600586>) quick accessed a lock!
[20:13:34] Player (Sgt.Mad, 76561198003552490)(<3697.813232, 305.022583, 8241.600586>) quick accessed a lock!
[20:13:54] Player (Sgt.Mad, 76561198003552490)(<3697.813232, 305.022583, 8241.600586>) quick accessed a lock!
[20:17:50] Player (Sgt.Mad, 76561198003552490)(<3697.813232, 305.022583, 8241.600586>) quick accessed a lock!
[20:18:33] Player (Sgt.Mad, 76561198003552490)(<3697.813232, 305.022583, 8241.600586>) quick accessed a lock!
[20:21:57] Player (Sgt.Mad, 76561198003552490)(<3709.645264, 305.018188, 8264.167969>) quick accessed a lock!
[20:24:31] Player (Sgt.Mad, 76561198003552490)(<3707.690918, 305.086304, 8264.069336>) quick accessed a lock!
[20:28:21] Player (Sgt.Mad, 76561198003552490)(<3713.406982, 305.016174, 8274.994141>) quick accessed a lock!
[20:29:30] Player (Sgt.Mad, 76561198003552490)(<3709.645264, 305.018188, 8264.167969>) quick accessed a lock!
[20:55:19] Player (Sgt.Mad, 76561198003552490)(<3697.813232, 305.022583, 8241.600586>) quick accessed a lock!
[20:56:56] Player (Sgt.Mad, 76561198003552490)(<3697.813232, 305.022583, 8241.600586>) quick accessed a lock!
[21:04:29] Player (Sgt.Mad, 76561198003552490)(<3697.813232, 305.022583, 8241.600586>) quick accessed a lock!
[21:04:33] Player (Sgt.Mad, 76561198003552490)(<3697.813232, 305.022583, 8241.600586>) quick accessed a lock!
[21:17:08] Player (Sgt.Mad, 76561198003552490)(<3713.406982, 305.016174, 8274.994141>) quick accessed a lock!
[21:17:30] Player (Sgt.Mad, 76561198003552490)(<3709.645264, 305.018188, 8264.167969>) quick accessed a lock!
[21:18:15] Player (Sgt.Mad, 76561198003552490)(<3709.645264, 305.018188, 8264.167969>) quick accessed a lock!
[21:19:57] Player (M. FireStorm, 76561198153058532)(<5794.265625, 473.792511, 15225.167969>) quick accessed a lock!
[21:20:27] Player (M. FireStorm, 76561198153058532)(<5746.302246, 474.358978, 15190.466797>) quick accessed a lock!
[21:21:03] Player (Sgt.Mad, 76561198003552490)(<3697.813232, 305.022583, 8241.600586>) quick accessed a lock!
[21:21:07] Player (M. FireStorm, 76561198153058532)(<5736.681641, 474.201874, 15197.967773>) quick accessed a lock!
[21:21:45] Player (Sgt.Mad, 76561198003552490)(<3713.406982, 305.016174, 8274.994141>) quick accessed a lock!
[21:22:50] Player (M. FireStorm, 76561198153058532)(<5737.805176, 474.633850, 15212.271484>) quick accessed a lock!
[21:23:06] Player (M. FireStorm, 76561198153058532)(<5730.156738, 474.598480, 15231.959961>) quick accessed a lock!
[21:23:07] Player (Sgt.Mad, 76561198003552490)(<3697.813232, 305.022583, 8241.600586>) quick accessed a lock!
[21:23:12] Player (A_Hostile_Noob, 76561198362910441)(<5746.302246, 474.358978, 15190.466797>) accessed a lock!
[21:23:12] Player (A_Hostile_Noob, 76561198362910441)(<5746.302246, 474.358978, 15190.466797>) was added as a guest of a lock!
[21:23:34] Player (M. FireStorm, 76561198153058532)(<5735.729004, 477.538849, 15225.748047>) quick accessed a lock!
[21:23:39] Player (M. FireStorm, 76561198153058532)(<5735.728027, 480.547211, 15225.750977>) quick accessed a lock!
[21:23:44] Player (M. FireStorm, 76561198153058532)(<5733.660156, 480.615234, 15229.815430>) quick accessed a lock!
[21:25:49] Player (Sgt.Mad, 76561198003552490)(<3697.813232, 305.022583, 8241.600586>) quick accessed a lock!
[21:27:13] Player (A_Hostile_Noob, 76561198362910441)(<5746.302246, 474.358978, 15190.466797>) quick accessed a lock!
[21:27:38] Player (Sgt.Mad, 76561198003552490)(<3697.813232, 305.022583, 8241.600586>) quick accessed a lock!
[21:28:17] Player (Sgt.Mad, 76561198003552490)(<3697.813232, 305.022583, 8241.600586>) quick accessed a lock!
[21:30:41] Player (M. FireStorm, 76561198153058532)(<5733.660156, 480.615234, 15229.815430>) quick accessed a lock!
[21:30:42] Player (M. FireStorm, 76561198153058532)(<5735.728027, 480.547211, 15225.750977>) quick accessed a lock!
[21:30:45] Player (M. FireStorm, 76561198153058532)(<5735.729004, 477.538849, 15225.748047>) quick accessed a lock!
[21:31:09] Player (Sgt.Mad, 76561198003552490)(<3697.813232, 305.022583, 8241.600586>) quick accessed a lock!
[21:31:49] Player (Sgt.Mad, 76561198003552490)(<3697.813232, 305.022583, 8241.600586>) quick accessed a lock!
[21:31:52] Player (Sgt.Mad, 76561198003552490)(<3697.813232, 305.022583, 8241.600586>) quick accessed a lock!
[21:36:33] Player (Sgt.Mad, 76561198003552490)(<3697.813232, 305.022583, 8241.600586>) quick accessed a lock!
[21:38:13] Player (M. FireStorm, 76561198153058532)(<5737.401855, 477.624664, 15227.500977>) quick accessed a lock!
[21:38:18] Player (M. FireStorm, 76561198153058532)(<5739.960449, 477.623993, 15215.760742>) quick accessed a lock!
[21:38:25] Player (M. FireStorm, 76561198153058532)(<5743.325195, 480.564178, 15209.271484>) quick accessed a lock!
[21:39:18] Player (M. FireStorm, 76561198153058532)(<5739.960449, 477.623993, 15215.760742>) quick accessed a lock!
[21:39:22] Player (M. FireStorm, 76561198153058532)(<5745.802246, 477.624207, 15217.144531>) quick accessed a lock!
[21:39:48] Player (A_Hostile_Noob, 76561198362910441)(<5739.500488, 477.606873, 15231.192383>) quick accessed a lock!
[21:40:02] Player (M. FireStorm, 76561198153058532)(<5746.302246, 474.358978, 15190.466797>) quick accessed a lock!
[21:40:47] Player (A_Hostile_Noob, 76561198362910441)(<5739.500488, 477.606873, 15231.192383>) quick accessed a lock!
[21:41:39] Player (A_Hostile_Noob, 76561198362910441)(<5739.500488, 477.606873, 15231.192383>) quick accessed a lock!
[21:41:41] Player (A_Hostile_Noob, 76561198362910441)(<5739.500488, 477.606873, 15231.192383>) quick accessed a lock!
[21:42:18] Player (A_Hostile_Noob, 76561198362910441)(<5739.500488, 477.606873, 15231.192383>) quick accessed a lock!
[21:42:21] Player (A_Hostile_Noob, 76561198362910441)(<5739.500488, 477.606873, 15231.192383>) quick accessed a lock!
[21:42:38] Player (A_Hostile_Noob, 76561198362910441)(<5739.500488, 477.606873, 15231.192383>) quick accessed a lock!
[21:43:02] Player (M. FireStorm, 76561198153058532)(<5737.401855, 477.624664, 15227.500977>) quick accessed a lock!
[21:43:58] Player (M. FireStorm, 76561198153058532)(<5746.302246, 474.358978, 15190.466797>) quick accessed a lock!
[07-03-2021][22.47.03] Log file reloaded ( Server Restart )
[00:46:18] Player (A_Hostile_Noob, 76561198362910441)(<5739.500488, 477.606873, 15231.192383>) quick accessed a lock!
[00:46:29] Player (A_Hostile_Noob, 76561198362910441)(<5745.802246, 477.624207, 15217.144531>) quick accessed a lock!
[00:46:45] Player (A_Hostile_Noob, 76561198362910441)(<5746.302246, 474.358978, 15190.466797>) quick accessed a lock!
[00:47:08] Player (A_Hostile_Noob, 76561198362910441)(<5746.302246, 474.358978, 15190.466797>) quick accessed a lock!
[00:47:46] Player (A_Hostile_Noob, 76561198362910441)(<5746.630859, 474.770782, 15166.892578>) quick accessed a lock!
[01:20:13] Player (A_Hostile_Noob, 76561198362910441)(<11891.621094, 140.000000, 12490.179688>) quick accessed a lock!
